31727996563
558747809
12352523
864526657694
91729843882
585197158
1628586765
922104954
8179034002
55032862871
1832814618
1719999173
57622639685
2418952903
118234180921
87152233480
403506301009
1458062157
139639462122
708763390
974312741
22160481283
541384937
113212700648
755479297
465075002
51201629
950537857
48242748558
491381230
1902132892
283480610
3182817829
1816272971
289638112
153444568636
25473400098
679430833
490663644
2002581954
473292367
5403657794
2913273734
28418970368
91333047030
109845297550
86676676039
403947899
322379716
165138227
309647838948
688062060
151471812429
2161530264
995793328
68857689196
227740173
51900785885
45316855251
12654426554
58520318823
30574847476
54856590176
157875017
217546483
2273415961
133425502
5924124273
817962619
45370433767
10561595603
24229599720
420564032
89953829456
128746444138
993618337
660396488855
66162590995
546910119
283480610
312266036
23411969598
1468238331
236005006
426685495
910496196
295379608
112489133771
75152867007
54535028946
680753278
1374767512
11954444044
2136641522
437432011
217692265
41240494920
3055645685
1379316317
1813202654
35776473725
869660815
31643429808
281381312
2269912758
6251685562
182672282
72141533411
1596901860
900467274
299590024986
463412715555
51480675602
1860532133
717821210
912680286
312964067885
1999814160
1442244445
1124669066
74019302716
180945815
1975762943
93885375
759168089
45706546011
430494996
360689344
15884647487
1074076902
360689344
15871516385
1093657583
2730522438
1571830256
257166189
195856916
80021466458
308020051288
103936138569
719375702
399788782
6308911500
65518169
362653811
1086643898
151249071427
919223226
724361877
1206891360
54310486806
2060214549
505212756
997578745
310995723
391107525
35519129465
423540797
1105057901
107207889708
2236772480
76910418
1145320137
429624531
264034646
76910418
804427902
481917526
126385137
969120668
81210915
592529303
584718376
28816557021
182672282
66871824452
80336631340
5676709053
2234736783
307005671
781101899
1313853752
7353901621
2173002702
974283773
3297975943
716295782
630631050
432086161
275020926
549914090
504042292
915893730
663495441
1181444715
127742977171
648734208
299804564
2223817201
64421684939
54189684416
1657254429
109526118627
77530295383
562564324
113443882547
858043428
197900627
159264712252
2403713694
1459051175
716863351
307931583
873407586
30654723776
97935891217
592529303
55107852148
1834173822
2913273734
46796977654
949491700
782886929
3721304760
1030067510
121774204714
31914964
417526467
1214824267
16392553
4245262738
3110011263
570766464
72435833868
388881364
875171118
1165254932
15294079628
884599664
56900215947
39686021427
1037969236
286776119
583643185
44843789
1423973304
48293429946
120347606
137561621
1571830256
345376960731
1369717862
2403713694
82990045528
12483214
791845762
950210057
1247352594
49162288411
1001126468
6293070645
21376337256
514073890
756735152
769161853
769050305
931420171
913552305
10345193485
6358574120
791460643
1401202564
879508421
19957305292
1512135863
2028815215
13339270412
1087583749
203529235658
170555107396
83101221741
20924112777
166233241
177168960770
16877570847
1439047485
55224995457
964399234
336081711
2071191339
5813134538
944654972
1782176907
120028328086
736146373
849706176
5273332363
398021270
30049249134
118190257885
1323243109
14061925773
1313750662
35733572003
403947899
473067037
242407158
10927112362
258460008
5899794063
71785159599
567780916
869660815
5286293685
52323663
83668753370
698196906
76346364664
849970551
80423226692
353875328
42004968857
4570825305
59846432
161163826248
11638570144
880266101548
1297512674
119918424529
346023819649
738576330
291165129
1087671573
58917465483
377411883
2837876433
866527263
348359934
272679267
14545514100
1448066980
88296622
2950766504
59846432
1764075476
31795985146
762232870
31547324616
52812271853
919223226
10428332745
11769748361
879508421
127835328094
304284623
73128747632
499548168
7355189074
875171118
2733930915
88893686652
1792506051
256873648
55078531221
1214021587
333455159
1095893233
1214102595
581249830
77729445963
831145930
798083581
47406546269
12020843799
969120668
1095893233
4311640029
18951825968
136980289469
24597772141
1492460383
151376054737
55463610270
33156281446
80349230960
407512523
3234935857
318157970
307634410
985657590
139846684
70170605
492348117
769050305
662907276
649730718
79990020389
208261743897
2106477958
195166841
615198540
31220385628
2913273734
6128776294
1044567575
1688226600
4541177526
90635093622
807403505
138962723046
922620479
170224633911
8339227556
1338879584
2112711006
163008162
291165129
291165129
13731732025
1041853443
84019665869
1074076902
245241686
305357876336
55217540484
281381312
1792506051
16955914418
769050305
1317524874
276602415
949491700
66276252
663495441
53585049385
705966795
16392553
112544155
12936792187
1695949042
465242836
1594040679
266930347170
19920074419
1442244445
1345556849
782886929
2404192413
117145791415
94068365556
2494711025
82708640
237131278195
1502289197
49686957983
584257359
18991886905
857359724
720467066
533836698
90789042127
67799975043
362592537
7355189074
540819956
318157970
39047435071
66165730867
163008162
153820656
16014426340
39945277855
657960013
9769619203
16800969
741503233
901692129
25518840367
1876172401
86103763892
539910458070
546801131
978971224
16029102
1213358654
895498588
975862446
118907089048
509757913
93885375
202571087198
6875180601
1249354220
730023441
21809538900
58733617176
2784539907
299804564
890951685
2103039165
436232213
28503970119
60739917691
40083695
31122399410
2389219595
130534472311
1257700756
24974036856
3699175761
242233134
40607604
353154455
20400100575
2454078506
740382232626
3016790018
24529987
260929894625
106044595
89585654396
1712878261
1655903624
95131485857
748911476
221858690
232597141
5677974132
583187871
3459808419
33648251
31978586
28547017836
1009450401
235555540517
29809642309
12483214
8232158778
80633158903
144529099272
8194078433
609846198
68991802524
327495782
599058031
318157970
99378946584
596134078
69376609
1260246843
44408891240
1180304781
839179808
112292369742
1870164932
183958988809
985861624
380128283
1261004447
1431470897
3737998670
1380076072
39769813078
144482699548
906526085
13186981315
113651902431
674421532
1105057901
148556321291
1504791063
126898879691
908314947
1141362579
45225487685
2392544674
188497641766
134953753
55676842598
1448066980
1141362579
4162292678
454780108
1477876296
953785745
948081045
492930321
1534122261
469767615
185000319935
73324671649
9790800047
624909376
776241856
509757913
69540042802
17961462949
45504160
685328729633
1870189795
887038330941
81210915
586937396
611146713
242190556
2413297763
678066639
19406642509
1206891360
20470048843
52323663
58398532291
703844634
578986015
178775328
592529303
1132607849
44662638044
79920963797
20265983391
186994419574
3910814061
730023441
325464988093
160941615
2237250083
422278608
1290327177
3289764645
57715988599
517892310
2403713694
147078893808
92136900715
632150226
16954082
3391259851
18844151584
35421753
47654976281
174647092
711202939
74953126
403421571
217418825
423518740
29706744
112544155
2492207656
21532522589
17672168926
584718376
921637684
167965851
45504160
37581055604
688338559
95359445325
24188608735
1403795222
1895622193
377411883
236766553
868597615
106044595
307634410
35596431629
211813874
868597615
132270026828
440340318
2805690689
135856477
29848138450
445297947
76214951687
508324743
29820253366
921637684
7432051639
937229357
62111285204
29706744
1320309194
858043428
558901368
23595773709
96829588615
3721469640
901692129
6193856374
596134078
232567268
71611711935
41668917
530110071
1262142946
102929278
1254117405
864650397
4633701380
1844535569
1201508627
86092614198
69271590359
2945788955
420310952
885286043
1402360572
4403137758
610705869
174628385902
323316406951
974970605
15290088155
127279800764
997578745
498415250
505212756
858726163
958355864
11753344640
23347528604
174507578030
4252439568
9313994828
283480610
22177259126
423518740
98336622561
93885375
213270820
8348554651
134953753
4096271576
20511417620
3374681807
190976469040
96748679
454780108
1383380148
940903375
69548226
5926715079
908314947
61230542085
248634054
1236201575
24114839448
184387849149
143895587446
429624531
5682511396
1093679609
139783554
791845762
223955471
25198408010
223955471
544410138
211813874
733100548
430494996
10667634327
1135005252
388881364
11941714874
1894891877
1393564573
1297512674
538241122
91061459772
22268380464
396727687
3289764645
1689851836
807890746
71948733356
58917465483
11461085528
53046420
773221627
559739212
430169559
716295782
1145320137
24529987
420564032
280985283735
2112711006
293326282125
1700973309
170495034457
605761245
46156780
41953767058
450950118
1534122261
759389980
1179118341
2088620936
661717394
417609457669
242407158
1030067510
917509833
112544155
5751797146
890197548
330111206
625977789
65816932
99535987
79127471596
2027779964
1548816387
22799213065
76399973193
100387987931
1297512674
291165129
167827401187
755479297
158137414010
655826782
779503922
523288082
115567385531
16806777
1988760536
831930242
867993269
140035876816
51359871535
256824598
31116021157
465790359
1769915651
1477876296
262705597
89215148187
18702535090
1401202564
1295965667
63040642848
51201629
211224935
2223817201
3048727
51394616280
958355864
1727124372
817234616
22850379564
23109968930
2182178
543864257
16954082
40083695
506460494
588248700
330688225677
612556965
1406475153
153966674382
26847833278
925092577
97423483766
443985092
126382608
15586401135
656111134
56469265010
675487774
194862820
607754679833
253159807540
469241384
10371874969
386447575
31641632481
145426001
559739212
820659645
42685548226
292143614800
236766553
665105313891
817962619
475913266
835736258
181131639691
38394775881
15390728619
19537871555
75423092069
78555755
3316922377
620646043
507539046
61759586814
1278012249
36327723359
101159217
432086161
13942689492
233698518479
475913266
892752992
343555654
1655903624
1044567575
22084742045
64335105786
1205199655
146127342449
2165190239
62247950336
1431470897
121387978900
16435279
116808259277
1827422732
3182817829
463772127
14782641250
13401452218
194853286484
1876172401
160915062928
460775956
100296660303
45846543456
759389980
195856916
11294619136
695500970
15112453705
7249144023
390882356
76910418
3224685603
404029899
166665664696
248634054
766556240
710270423
99535987
119498913124
99749052
61658834450
1290327177
8637416133
584718376
262705597
1504791063
243022436737
20004314481
101010740113
1782176907
674421532
107888360805
163115316
398021270
860860572
28952965397
4756920807
102463131419
10234253138
427811634
512110588
353875328
1061062584
36041883827
933063698
36165840584
1457749054
165377985507
508324743
2569655695
1380076072
947286789
19494780998
1041488562
2173002702
13120408645
12613297362
70442486743
212020772
42877736
848244885
99181243
71579317812
77443065831
53254063014
1105057901
177281836712
29748740283
6274073529
87890259097
12869316352
21012292535
742854570
925941013
956595031
485064262
336081711
72640257390
253698248573
46703196720
3132236753
231917642
80835475179
15358365960
317800771
1343875444
1301596349
922104954
501769296
441037944365
403947899
87322982929
406729582261
157154467141
1348390800
112979432086
51730038888
2354302344
769161853
688062060
1900745968
380128283
811693733
668301934
28435997039
893677021
273444400221
583643185
2205575621
6803654558
802727694
52482694959
41916472338
1688226600
120992172587
434162823
473292367
127160385663
15031614616
128257661
57197954908
32362863455
4236801332
994664975
96748679
15783214629
1919324729
107147574
64934899779
740565386
1326824755
16720087742
3519559203
1534122261
952256548
407512523
596134078
1317524874
91549203326
68056679139
8172037668
1113775867
12310868426
1445233881
48423442165
23668462
1346433184
2023616761
32730481412
60644946987
18652508070
340438258
16868382310
131056986206
377411883
81349936086
137856343
69180786049
32730481412
31978586
2060161033
53709739717
704348072
512110588
2182178
327563669
650079110
890951685
913552305
1147562202
402849427
986021124
1381017147
734300822
78873152886
62774478882
3352328328
51333578780
438012484
30167705257
1132607849
16435279
42254280754
473067037
33846959424
450950118
5350372526
7533009770
23404549806
21964595774
55509004865
128109139937
1214824267
465790359
23514678526
120347606
350566976045
1734301975
103335916629
107147574
3316922377
270008696
1873151371
649730718
742854570
98041962
12352523
1912819078
81006677753
658036927
20233693049
898658534
100349933543
808440985
492348117
47156081122
22481311203
58209198945
435848406
66554399415
25236811897
58221479309
252336149
2639204254
208464454452
2291499849
1448066980
1850801581
321527165
96748679
2208617609
469767615
108683950259
35891806911
141631328079
283480610
175514153906
546910119
195856916
2684003398
939850642
137321999
1939468686
126761846193
412203088
133425502
173749216227
13968062318
163008162
1934126712
1041488562
1471266801
24906814634
8732071979
25693361148
300088474128
239856619
1326304248
256824598
1351565327
243432601728
2211791321
146695467
726359012
94952485
27277747148
1447962636
208147291
23014760214
908728297
474644139
440340318
7560943727
13110808723
42968975006
900467274
17630349882
1448066980
925092577
3475365307
596686824
71909512
107587921590
1667628526
796754393
8228671192
1423973304
1254117405
146371396
197900627
1087583749
312266036
648734208
33989928891
126385137
32205696242
1139776956
1545094135
1628586765
46020191145
1294832158
13083595512
310995723
236348186
135856477
2926028966
45866095178
1093679609
94235217700
3322566116
596686824
60758965846
94400083
2168437789
26844283389
1266417895
67586961411
546801131
42536050982
1442244445
457241205
844709397315
680753278
107067860683
112544155
372659533
1502661693
413596103
557343404
276602415
17119366315
38205046085
1258197929
163179338942
1471743264
102929278
387198630
340432532633
523288082
420564032
25662878473
320792004
578986015
875171118
128735574357
33648251
45757830388
182167354797
25848469257
1248270556
85792067316
8382348416
275072021030
2743551867
258460008
465790359
250758292
804533622
50073821312
5684886864
207087585
2028815215
849970551
627251117
236508459
146371396
173088761786
70170605
32997294744
58361180397
474644139
150244708430
914751642
971063903
3241621816
96591733
708059669
1199873268
1900745968
126954167825
732832472
27733137394
2160460065
40083695
675468535
54986064154
44802272
873407586
131055107
48591537
33995429709
1413135761
1442244445
970066689
716684328
929001559
28381472246
14128839520
1798306560
2210092374
893677021
94489539342
20169101
329972274370
46762160720
74330493503
218137318521
105562952
491887761
600179800
2357056670
864650397
35039101348
974970605
1091937896
13666771763
299804564
292314083
2177610207
352368157043
583747831
594001815
101263897506
36284509
74194967484
1055631525
1463909126
89131697380
661527745
929001559
169903130123
34760366924
84288756294
8342335027
76716037736
30194909175
90493215022
1087583749
3604359238
781101899
4935411069
35318596479
368921447
7563182572
436232213
57576213629
65424205143
901837966
48111271686
11199430042
10825924493
42591297774
439428958
1351181228
93161014173
129136798814
12184598114
1770770802
501769296
372659533
6411891725
14390790471
1960687805
32433183835
9345687516
107147574
79138574290
710270423
708537151
11511511445
2586535922
1848616502
1731121532
263115506
438012484
1549850807
644258718
256824598
59341804846
38402831874
125327276661
212020772
1313750662
200167413344
35313995222
1147562202
291165129
20966542913
1842972470
1770770802
716863351
3863330057
443985092
225235887711
1477876296
40083695
38827378269
695500970
72889232012
432925208
7742011758
492348117
1374767512
88527046274
110637734334
528637354
126406043850
333455159
2389219595
779503922
14474181398
212997468161
432086161
400075322
530110071
820659645
22836786349
130425754770
763534064
73422347292
1113775867
463772127
197900627
10338971272
922104954
3023364063
6446368415
225689160
109883936928
12464576988
577348378
755479297
10223123755
901692129
135310464764
124001243728
318157970
760261669
420310952
156157682290
322379716
74099168278
109175683780
565406777
41506241391
568461091
521890466
207985010369
131057839
1174560021
971063903
1853397909
1625645499
919084312
1390891031
4004234060
473292367
72918809122
728244074
2925484567
99992756350
1614218395
18250047424
1144336757
50603263903
30722899243
25311568395
89129929435
70415209265
139199885568
949491700
63754445543
36365347988
12821347651
170402597111
457449693
927199527
69842236275
15444798584
475913266
66491310440
148659555874
34979366763
773221627
2892218801
792967663163
620672263
224911921441
128161541793
21124255222
896517024
1497946498
9636154863
189944925832
998426084
282503233
954482541
41083190538
406954359639
2560861914
1727124372
154280070086
58739461893
17669391703
81049697612
436627293920
1612678499
55321605168
434397455
964102124
57508057780
1625645499
2684003398
122218845733
126299335167
82477018912
885286043
27743842081
1380076072
1109425459
340438258
47069506357
33439082025
59908661
30619147101
760835111
950944766
404029899
150822473
949491700
1059540180
119184718782
61619252589
51834059982
898658534
61269051
9944361699
7948662246
831152386
908728297
3475534610
839936012
107147574
37521848759
1795248053
2438684803
339190815
301210779
168423066548
908728297
25935685777
128452509823
59920556456
796310425
413596103
583747831
52323663
2885006789
123154777875
431670030
996671027
112544155
182620821577
708059669
23142743237
96899769
114803070
249510134739
535638146
535928147
50585116965
998323710
688338559
27006584154
914751642
861467367
452127498
6072661198
47007841061
971454244
39046526993
1429443692
5084467362
1326304248
1498774392
368921447
142896854715
808440985
656111134
1329787740
726359012
353154455
42988322241
688338559
282074067587
691666801
913552305
137856343
3481099467
1700973309
2795604501
3898825129
71056526408
162436588255
1628586765
182016814066
21412662
336081711
14698982
365542626365
1061062584
1161272436
429624531
781322682
57889711604
423985357
1159956334
11912817986
239153889
229016150525
906526085
860800020
301210779
47174558770
6663614332
3816341098
454565655
79277102071
1826378177
1458189173
1999814160
2421417304
1405295726
150700814
57715988599
1860176907
33648251
2354302344
1503879879
1709452606
337883658
32778200997
2060161033
577884084
145755362346
154898052580
242233134
196385037555
15309306917
11804008100
28421036558
3631502185
2059195172
858726163
134813074
49794941797
493057634
1258308374
116518700430
126761846193
748633077
54641648084
558747809
914751642
1118297591
1075045845
507327063983
190642682347
56816401909
26019181508
1149639829
1644852305
38434967219
174647092
57267021437
26156515078
440105447
27045867457
458826020
31848577435
2882637320
1054967539
114258297709
3439772416
731141820
174868002059
8093854967
550681645
74802948498
1660840098
576286248
820659645
70146355345
1655903624
490663644
479390306937
735307525
705966795
25334207331
1355106608
314286117613
567752035
454780108
1245966419
24340872905
976592119
150700814
620672263
647904359
23668462
509757913
32575687619
120347606
354134593
129874114227
2077487733
596686824
436232213
21551861000
8228671192
135856477
59908661
697447170182
106988736857
12413358529
750992685
99181243
781101899
151867557642
16295457174
782886929
25811342879
14248783529
283092041200
365126652
2438684803
241268896869
426685495
111057240884
556165454
272679267
46156780
172225552
47744577
1735495636
2783116763
61419982428
2153698279
745992295
97942796246
373798187
307634410
1248270556
98041962
7632463650
957869693
1505240932
1615418861
1447962636
17936824658
73615271
4167960510
124283923254
3408796185
744688137
1048432859
3454660257
1534122261
845316803
1041488562
562564324
35730495997
20491850455
1117321022
330111206
438073936
52695811311
2655725175
514073890
991855947
621578390
102252253915
1254750018
92267298
4655760393
1199873268
631050926
336081711
23341246067
3574626631
464689175
798083581
615303564
31978586
40607604
500012295
339630363483
69548226
31287372121
104693845
1850801581
1164540556
61307600106
40083695
724641003
71155006748
12095825156
971765152
1339264839
3366634637
802507306
760835111
17189343941
70278053396
2173284862
6161411231
1832814618
122794206462
779503922
6269529920
25175028679
98009998394
33588895633
174647092
74912410752
1850886297
718361369
9199273492
3829521357
492930321
454780108
27736423618
6592266637
39199033892
4004234060
727126025
461471953
66127514215
106044595
89486088013
610705869
430169559
469241384
481917526
31939404849
61269051
88795627454
202411648
74974306017
88958557961
113374128
173561593062
92981107780
562564324
318157970
91185596
35734396709
926872711
180046072137
180738356545
41389912167
1124669066
14866030515
7005633725
450950118
250668418956
717821210
624909376
890197548
2908030477
1124669066
14404276648
655826782
1284760744
72470994807
402849427
800081828
173537062596
1284760744
1396036265
824024580
2263416211
18606202616
129420627439
1055631525
61984116485
22400830272
804603087
21320374715
346006728
975862446
26241631340
146695467
8337373838
661042328
21001950268
222068617040
556165454
114069342381
793681878
714476549
1086926245
868044839
39395326360
1657254429
47679588094
354622729
299804564
42596135595
658036927
354134593
837358606
31939404849
178486523117
1413135761
464615035881
115264009454
2294141453
14082173
247548345945
939094623
19969855668
210425826234
4663527318
2536972108
98651464552
137749477265
53631290062
390882356
340113091276
2352882773
481917526
657960013
88296622
856115705
24529987
241264844
100183490865
568461091
1380076072
73058601288
1860176907
353875328
2112711006
80088380
3978110122
423518740
128887220361
1700973309
1379316317
37410171
648734208
5514050203
460564980
6534246238
91813842033
9217679998
281577148367
1870164932
81640202934
875723214
118131418730
7013513459
259934827321
3498867229
290971248193
129853640178
610705869
32814243661
