1995 1000 418
528 972 1026
809 1000 1283
870 831 1000
692 674 1533
276 1111 1118
798 1262 1760
1775 1991 727
1277 270 1881
98 1968 56
1102 692 1414
464 1099 195
176 743 809
89 1182 1001
664 1182 722
158 1533 1888
1001 1533 674
989 1991 844
1309 1950 1672
708 1279 1220
674 409 105
1263 368 664
1149 1734 1437
779 19 979
1138 718 185
1000 1244 1543
1498 1891 608
178 646 1306
1533 1000 417
524 571 1400
875 563 1044
660 1870 917
1587 1953 368
1741 673 440
134 1802 293
1309 120 368
98 1859 1072
1000 1039 1055
1937 1569 1454
1587 1953 408
311 1540 1948
1000 1024 1763
1813 608 176
1047 1952 515
761 528 1024
977 917 1220
666 206 1000
1565 1000 1540
56 973 1111
1000 363 1757
1245 258 1482
1309 258 375
478 1048 755
1664 1595 1587
363 1813 185
650 1102 1152
1211 1528 134
1633 9 253
1808 1072 1636
1332 659 1000
1000 1630 1878
1282 1808 220
1717 1509 601
1470 1569 524
1179 1929 1996
1438 620 19
844 258 1144
917 755 1031
417 1835 478
1664 1400 1952
1262 1461 1551
1746 793 1000
1309 1898 1543
469 1000 831
277 1476 626
529 917 1600
1279 1585 990
722 1973 1263
1533 571 1111
955 1279 1282
955 1987 1104
512 570 1712
1480 547 478
680 674 1973
1712 178 1377
1118 105 1888
270 230 178
769 1999 1044
608 831 1000
440 1264 293
613 1659 1543
1125 1039 105
440 1296 335
359 1277 1000
1125 1783 1351
409 1147 1125
1400 1220 1000
761 1337 650
1898 1099 474
276 1203 969
270 1451 220
1695 54 680
1835 1700 570
1309 185 841
1881 586 9
674 1272 682
1000 973 1999
1434 1306 258
141 468 1775
606 1025 1132
1102 547 1968
902 849 311
1099 912 520
1000 973 740
253 373 114
1999 769 1443
178 515 1574
844 586 608
1000 368 1868
1808 1000 464
917 1417 83
1000 463 659
680 492 1808
293 841 1487
613 54 474
1182 1836 1540
688 1881 1296
1363 1306 414
1587 1712 639
1968 761 463
1540 444 1011
810 1332 1706
1203 1775 1053
1050 809 1000
1000 468 987
1377 674 1111
474 89 844
1706 1277 339
761 1789 1159
1202 1637 1203
613 860 253
468 1132 1891
1000 1048 1470
1102 145 1757
478 1528 408
1281 1451 1414
83 1775 205
474 547 1000
646 1217 1102
779 1000 1686
311 1055 1746
1585 1929 339
1417 1244 1000
1309 1470 1220
680 1888 183
1788 1706 809
1706 613 1276
1093 708 230
669 1783 769
1414 614 743
972 1296 695
1585 1377 1055
1147 1043 917
1282 1296 695
682 253 990
105 571 176
1845 1257 1775
1434 1377 1565
1461 1414 993
1700 778 1672
1783 1104 1263
917 428 1902
1110 1417 293
381 1000 1600
1000 1808 114
1636 743 1105
1104 1000 1202
1712 1585 1118
917 1482 1622
674 1242 114
1147 524 1745
1870 451 1469
1000 1000 630
434 451 1034
841 1105 1745
276 375 11
1272 1435 993
211 276 1048
1342 307 1775
659 1377 54
650 185 1000
970 1768 1011
1808 1245 220
1000 258 1752
674 89 105
158 1332 1461
1055 524 674
681 1227 56
311 1152 1783
1973 563 145
1001 969 1102
520 813 1706
501 1044 917
1000 1342 211
1053 1454 1000
311 1953 639
195 363 754
1585 222 89
298 1363 176
540 1332 1881
222 1132 1000
1898 608 754
1000 1281 27
230 1706 444
1000 1470 1835
1220 1948 1011
1093 258 1569
368 1569 1810
1296 596 1630
687 626 1000
1636 438 1000
158 114 1585
1309 979 1039
414 743 860
993 1000 722
681 89 1451
650 444 1775
1585 205 230
1147 408 1706
1309 779 1948
410 955 438
1745 409 557
586 769 1859
1470 1011 841
474 708 11
586 793 1434
674 114 1843
1000 1093 520
98 761 875
1000 1039 375
1377 1469 1093
1528 253 969
444 311 515
1434 990 359
176 754 1950
1524 810 512
1332 1778 1351
664 230 1952
909 1000 1159
664 1533 56
1986 973 917
1571 613 1978
1000 1377 1831
1329 512 650
1569 1118 1808
1138 183 152
1951 277 428
311 11 1001
1048 974 1451
1000 185 1991
1186 1138 1039
680 917 1296
669 1569 1377
1995 1053 1011
1996 176 755
178 1783 849
664 1585 258
1202 1001 1434
1127 1636 1282
1929 375 1778
1973 176 1358
1968 1072 1227
1000 1105 666
809 708 626
335 270 230
1105 1845 56
216 1072 1296
917 1227 681
1950 1011 1202
1622 1102 1417
1182 608 1220
1574 650 1813
512 917 528
277 440 205
870 1270 39
1783 1001 478
708 158 98
917 1802 515
1000 682 83
1111 1000 586
293 1779 452
1309 646 501
973 860 1000
120 1309 1332
50 547 1565
708 1357 990
674 1937 432
822 44 1469
1000 463 1695
1000 1301 1595
639 1888 974
211 1125 639
844 1757 11
1937 1775 1417
1332 56 1995
1996 9 990
253 1202 474
1000 881 381
183 1009 1245
909 1358 1026
529 673 1000
1277 727 1000
1309 220 690
1533 1182 1917
1342 1245 1528
1345 844 646
492 1636 1147
54 993 1377
870 1118 1585
860 570 955
890 571 520
681 293 230
414 1000 417
993 769 84
1262 260 216
1440 1587 1338
335 1556 1039
1824 1000 1244
1000 1440 740
844 205 1703
779 1917 1309
451 1134 1706
1000 1636 1757
608 1637 1498
1551 356 1000
89 1881 1995
1509 1132 1242
990 1245 1262
1585 1220 1001
974 917 128
368 809 276
917 87 1281
524 1000 1482
974 1835 1587
1000 1783 1281
902 1891 1995
1242 650 844
1788 119 769
681 844 98
1461 1055 1332
1039 1569 1179
1118 1888 540
1845 1595 492
1377 1824 1000
973 769 1147
870 1227 1461
469 1342 1000
9 178 451
761 1495 471
875 1000 1039
417 779 761
44 1622 761
69 1131 1270
831 1296 1000
1279 1636 674
626 1000 1824
681 1000 1301
1587 408 211
1999 1202 293
1498 1703 1325
1000 1281 1342
1134 1118 1000
1220 608 1309
1053 1434 770
626 974 1182
769 755 27
1414 1712 1000
258 917 810
1434 1047 176
1000 1808 1788
158 613 1282
955 1437 761
681 1509 1498
464 1574 1434
1047 1461 1277
1528 1000 1440
56 1712 1283
755 87 708
1185 1000 1277
311 1953 1664
1533 1281 1309
1272 1712 1585
1110 311 166
674 601 1279
769 432 1533
1695 1587 1039
708 860 1202
1332 1951 1102
1802 1132 571
1469 359 1937
451 1217 1813
359 1000 1440
512 1987 608
1810 902 1451
1937 1741 1351
902 1000 1768
870 360 452
1417 1000 1048
1000 665 1159
917 258 793
1999 145 19
1778 1203 258
176 1470 293
1585 1132 557
1414 1345 1000
83 1543 1000
44 844 1044
1099 1487 722
1752 428 253
1996 1630 1528
972 1104 27
1000 1540 1695
1752 758 492
432 1044 1000
1528 230 761
1987 11 1203
468 626 1099
1000 474 1937
1351 1775 1132
1476 844 718
849 1245 586
418 359 1000
1144 1340 1581
50 990 528
664 1000 1159
1411 727 1881
1487 761 1414
1543 478 83
1417 1498 1939
1498 1870 1775
1917 1011 98
311 1342 1276
1440 1952 875
1093 114 276
1745 339 1220
955 844 1528
1264 492 1342
247 1581 1316
875 409 1434
178 608 1636
277 230 1543
1281 408 1000
520 335 1186
1053 1745 1454
1227 19 1556
1093 19 626
1706 1636 1105
222 761 89
19 1950 1272
1881 1400 1332
974 1891 1636
1813 650 1447
335 83 608
1636 1757 1778
1636 1338 277
909 547 1245
1282 1093 1622
1952 25 515
105 1000 1622
613 185 1138
1125 89 1417
1528 917 381
1283 1987 1047
1093 1991 1000
1337 1211 722
613 1757 825
1283 186 650
1380 279 434
1055 571 1845
492 417 547
571 1495 1227
1476 1000 1283
114 1569 1843
120 1706 464
990 1242 1571
849 769 1043
1402 708 892
105 769 1835
1540 1891 659
1996 1540 860
646 1917 19
1440 1000 1152
1991 1434 1425
769 1118 120
1948 1000 650
1309 524 1001
831 1000 205
1706 529 211
1025 84 1000
1332 755 1282
979 1440 571
1000 1973 463
743 1262 1783
1306 1952 1581
1102 1220 1055
1973 1746 1309
1358 881 1746
1569 1836 547
1227 1569 356
1110 9 1011
258 1891 848
1482 1000 1159
895 860 1778
1789 1342 1775
501 463 1000
50 1664 993
92 1048 1706
1377 1482 1000
1264 1221 1630
666 1690 1000
512 1892 1047
276 809 1132
969 692 50
555 1509 1973
571 1533 809
1414 1888 1595
1118 881 1263
1000 1600 176
183 1633 917
917 1565 512
1331 1434 1835
1363 1242 414
1888 471 1868
1802 1898 277
1377 1850 1099
206 626 1011
359 1835 311
1565 639 1952
414 260 1878
908 990 19
932 414 674
528 152 1775
1277 1836 1891
11 1055 1000
1987 152 1878
708 1600 895
992 1880 870
176 222 1000
571 1700 1048
1543 722 825
89 1306 1434
1440 1843 1000
1892 1995 969
1447 220 1451
1000 1202 1281
563 613 1695
253 718 1400
1104 646 563
1476 1182 1377
50 680 979
1264 1434 973
89 492 1047
779 1000 373
1282 230 1917
145 444 247
761 727 409
451 743 1917
1339 69 1110
9 231 769
1264 512 1745
650 917 1152
841 1099 727
1186 1622 844
608 1783 1775
471 39 1843
1587 1937 1093
990 1281 1881
114 674 1978
778 1351 1411
1000 727 1244
1099 1276 1377
1227 1778 206
664 674 1039
1878 220 1000
373 1891 1039
515 1881 47
1775 902 1186
54 626 989
1351 1000 1636
908 220 1775
849 1881 464
1910 825 307
520 740 478
220 881 1000
1001 1272 825
743 1152 1991
87 769 373
1435 512 1001
1000 1377 1686
1000 105 1540
639 1000 1695
520 977 1952
650 166 1451
451 1139 1263
1434 1332 432
973 1104 1000
1099 1283 1454
1779 1309 440
1000 614 990
1263 1105 1636
1996 1332 727
743 464 1447
659 1050 1706
895 1571 359
1031 1000 1296
836 1000 529
1996 779 793
1878 276 1898
1132 1902 1996
1000 307 463
368 1111 311
769 1332 1078
1695 277 258
408 1425 56
732 1937 293
1996 1048 1543
1263 444 902
1533 1778 444
1345 844 997
1902 1540 1211
1048 192 1952
1744 307 1443
1220 740 1211
849 626 56
917 540 11
478 1757 779
761 152 1400
1929 674 1700
1043 577 1461
743 1476 1118
881 114 1775
608 54 1746
1706 1118 1111
417 1622 1125
1434 515 1995
1000 1630 1843
1242 114 277
277 614 798
258 1099 1447
974 230 492
722 875 1888
270 89 1102
1778 89 673
990 1690 1996
1783 571 1262
1099 722 1242
917 1048 1179
1227 1047 1775
972 680 1565
463 356 1434
1276 1044 1099
1528 1996 1332
363 664 1000
1565 1585 1746
1757 492 613
841 56 1789
761 105 258
1672 1325 1996
1543 743 1835
1878 1000 512
1498 440 438
557 241 992
216 1000 1600
1469 875 680
152 1203 1099
138 56 613
1898 692 884
56 1574 626
247 755 1053
1221 1272 1279
1470 1778 114
1227 1000 1868
1533 977 1309
743 1001 515
1778 690 779
969 1712 1072
1221 1337 955
1111 1263 524
524 881 1706
211 1159 761
1221 1950 613
1044 444 1000
176 1363 540
681 492 718
1102 1622 1264
1411 848 1000
1565 1000 1342
1939 809 1272
793 1783 1587
1845 492 1047
56 1878 1929
881 114 311
1476 1587 779
339 570 176
1434 408 474
1283 1451 1843
1451 1337 98
1434 1402 841
138 1952 1630
1585 1118 1695
1996 1746 1917
1000 973 1090
1836 492 547
1734 1843 1469
1746 1600 1182
195 841 1000
1338 19 1227
1712 98 293
1093 1039 1102
1316 1053 1569
1332 917 875
478 1048 1574
1461 1425 520
917 993 1227
1789 1282 1783
917 381 298
1451 145 870
50 1783 9
1000 1227 692
158 27 1916
1991 276 1480
1296 253 1746
1132 1217 563
740 1000 1991
1211 230 1296
1363 626 1757
841 492 1789
875 1000 414
917 1917 524
1948 89 844
89 977 1102
19 1332 681
1948 1636 1434
178 120 1783
1000 1342 375
614 1952 83
1296 220 1891
1469 1995 524
1132 1417 1000
1281 87 478
917 512 1351
484 650 1498
216 674 1179
881 1587 1788
414 1973 1637
1630 727 56
972 718 501
1778 1929 291
1047 1498 1363
848 276 1110
1664 1099 138
768 1664 276
368 917 690
1099 973 1487
718 1778 1104
608 277 89
547 1952 1978
1712 990 1000
1118 1182 979
1712 1571 613
277 1104 1746
1996 1296 1438
969 54 1104
50 881 220
1400 176 1000
1917 1587 520
1783 19 119
1845 705 844
98 1700 293
1948 408 1587
822 373 50
1202 54 1600
1808 1891 841
1263 1411 1476
230 1968 277
1986 520 1952
872 1026 166
1093 1585 1835
779 56 1476
1000 768 418
1000 381 1390
1929 890 1775
681 1540 1451
1105 1000 987
1000 464 1264
754 1044 1454
1783 1102 1417
1706 1470 547
1569 1533 740
1417 440 884
444 1099 1414
608 293 1132
755 586 1000
1000 793 463
1630 54 1351
206 1342 311
917 158 440
1778 1622 158
669 1440 1000
1950 1587 1746
222 1996 1044
1138 1202 1093
1752 688 972
1952 185 128
1245 722 468
1569 1540 793
769 1338 1551
1712 258 1888
769 520 1470
1630 1454 357
563 1540 664
1824 761 451
145 1587 1802
1000 1788 1712
1824 1026 570
1752 1048 917
1000 1937 1001
1744 1331 141
185 1533 1000
1276 414 56
540 363 1182
614 1000 1664
1270 1000 158
1414 1102 44
1186 1000 1244
520 1055 1434
293 1447 1039
601 1802 1587
1888 1664 1595
1569 1152 1118
972 1808 722
650 141 469
277 474 363
680 1111 1000
415 1138 138
54 298 722
1283 1706 528
94 1202 650
1991 528 1000
743 1845 681
501 1746 1000
1000 1227 1968
890 1000 463
270 1282 1929
613 335 875
1434 687 363
474 1099 650
1309 1712 779
1540 1263 359
515 1245 434
408 755 1000
723 1125 152
1435 875 414
222 84 1000
19 1093 613
1047 1000 1991
1024 1999 1000
1000 639 890
932 695 1778
260 867 669
902 813 1451
1242 1952 1277
1775 690 524
410 440 1824
1952 1277 339
1778 1417 1411
253 650 881
1891 520 870
464 1001 1000
1700 258 178
1745 722 1454
356 1000 381
1272 1125 1047
1600 276 688
1888 298 1746
1778 1377 1757
356 639 1000
1104 1000 520
178 1636 1995
178 1476 230
844 681 258
909 258 1072
258 674 813
1881 1048 1595
501 798 563
1264 895 1666
875 1245 217
1910 674 1331
1118 1695 1099
501 831 1000
917 1789 902
1000 1001 1533
25 1587 89
1279 1011 695
563 1377 1105
1220 1695 1745
1783 1282 1400
335 1400 1132
1587 586 1366
1600 892 279
1301 1482 1000
1125 813 1746
1622 1000 185
997 17 1733
258 1878 1102
681 89 1072
673 114 1000
1741 613 540
890 825 688
1587 614 1898
1342 1000 1752
1784 1264 1520
474 1636 1000
1090 87 1309
520 1000 1316
1227 1000 1836
463 1434 659
1031 25 650
19 626 1789
1695 917 515
1242 1881 1377
639 1952 993
870 1039 1072
83 1099 158
831 659 1000
1125 1400 895
1929 708 206
492 205 895
974 1263 680
1891 1746 875
1802 1110 1585
1556 258 917
1000 408 813
620 917 970
432 1132 1778
1835 664 54
680 1111 1211
1134 1000 1227
492 1929 912
1454 1125 98
1636 1242 19
1282 1332 1281
89 1686 1434
258 277 849
881 478 1118
1132 1741 1104
1018 1636 293
222 19 1636
1201 831 1000
524 974 674
381 1000 669
145 1712 708
11 444 277
1540 1470 19
601 1309 1978
1953 1414 56
1476 515 50
1047 1202 844
1587 1047 83
1953 844 1227
1752 1039 1072
363 1211 444
646 1263 1808
723 83 1000
1263 1757 1332
761 1047 418
1039 417 178
253 681 646
1399 1498 1995
912 972 1633
844 11 158
608 718 674
540 722 1282
1870 409 1000
469 276 1050
1000 44 1845
1203 1630 1309
1706 870 1277
357 680 1111
875 844 1929
1664 1400 1706
1952 468 89
1622 1950 769
1332 1245 848
1044 1000 1686
1881 727 220
474 1000 1044
417 1118 1000
270 1775 1048
743 760 258
608 1011 11
293 1878 1050
1357 1102 1118
665 311 1027
1587 221 639
1104 1706 220
1968 969 260
722 293 270
1272 860 1587
410 608 98
895 192 1745
258 417 1000
1892 1132 1417
84 105 571
659 1342 1000
270 674 1118
1377 50 809
1434 1337 646
474 1434 718
860 666 1245
673 1703 492
87 1018 1643
1835 1262 1358
57 664 1132
515 1952 682
98 1469 848
1712 1283 1000
1630 989 54
222 1132 1102
1543 1540 56
769 1878 128
1000 1487 1000
1000 1845 1139
890 1053 1569
1309 1843 1202
1636 270 1775
547 44 1245
1358 1929 1995
1622 743 760
1581 650 932
1118 1888 417
669 761 779
515 669 1000
408 1102 1595
613 1242 1000
1414 1000 1712
1878 779 1282
277 1039 1111
779 1000 1878
1664 1000 44
779 1712 1881
512 410 664
1891 92 1227
440 648 1686
1585 512 1351
1244 1000 673
409 993 357
260 1630 1001
368 1824 571
917 1337 83
1000 528 831
1202 1072 1850
659 1027 1775
217 1706 1757
760 176 410
1263 680 484
1664 1242 571
438 563 451
1000 363 1105
1203 258 1775
973 474 1000
1024 1000 1878
1309 1487 520
1881 1055 230
231 1221 1276
230 478 614
1358 727 1202
608 563 1929
1332 979 276
524 492 1470
141 844 468
902 890 311
630 1991 1000
1102 1824 902
1859 601 326
1047 1881 841
1272 247 993
1110 138 1778
732 990 957
875 570 409
1686 674 1132
722 844 1093
1039 1072 793
1363 1454 409
890 997 844
860 754 1044
1952 1574 1440
1850 1044 708
1201 1622 478
890 1309 555
84 1306 1000
1783 1565 19
25 902 1282
1891 1581 1950
1048 1000 810
884 1272 1995
1813 1134 152
1118 185 1125
50 970 1733
1987 1898 270
1202 540 1745
1272 1571 1712
1917 1272 1125
1995 1283 769
1282 1973 779
1001 1888 1277
1000 1808 363
1996 547 1595
646 357 681
363 1351 1881
1179 1411 478
1878 363 478
718 1011 474
1835 1752 674
1700 1309 1039
1978 1000 1991
1270 1402 1813
492 211 1845
1351 520 276
875 1000 1043
1870 277 114
1891 848 680
1898 682 1952
25 1835 1000
1105 1498 1469
665 258 1778
1995 1309 220
1111 902 743
1000 418 1281
1132 1105 1987
1888 809 83
1342 1276 1775
1845 178 1001
813 1414 1451
955 1179 1569
1881 977 1664
253 291 231
1270 186 1102
1700 176 1706
1487 722 1434
440 743 1686
1878 1540 1072
105 409 1000
1746 277 1600
1000 1105 646
56 368 1279
743 908 1277
1706 973 1574
512 809 674
848 1706 639
1338 1706 1227
195 1138 1898
98 1245 540
1881 886 1048
1220 1316 1211
571 997 1279
1775 727 1622
932 1000 464
277 258 1111
524 1000 1695
1072 681 1039
669 529 1706
1451 902 557
1813 1377 849
1000 1296 666
92 1461 128
1414 1968 1888
1000 1929 1789
1808 1888 779
1757 83 1891
1637 890 1031
646 444 972
1351 1282 89
681 769 1118
841 492 222
1672 1752 1363
917 755 1272
1048 1245 1447
375 1440 769
977 56 1118
432 1551 1000
1948 547 571
1461 608 11
1263 408 755
681 972 1533
359 178 141
524 44 1000
1706 434 973
19 1220 1104
1072 1636 417
646 1733 650
1434 258 192
1706 515 166
1585 1498 1995
98 1973 708
178 1402 1746
1836 1277 276
674 270 11
1991 1000 681
409 1296 492
1000 1991 755
1487 987 1000
1125 11 1543
1227 1072 682
205 11 1952
708 432 722
1001 1182 1498
547 1306 1099
1898 1358 1999
769 128 328
1878 1211 230
1272 664 276
1377 1111 743
1050 1339 25
1700 1706 141
1263 1179 1227
277 1700 1498
674 650 1487
216 492 1134
1000 1217 798
932 969 194
1138 1031 614
114 528 1000
1540 1775 1808
83 1000 979
718 681 825
1227 1245 1986
1482 1000 524
978 870 805
529 1245 298
1099 474 1044
1411 1569 1565
230 1011 1217
1929 1000 608
1999 1072 1227
664 357 1411
528 708 27
1551 917 1810
1000 298 613
1217 1000 1991
1891 432 646
972 1948 1533
1425 1952 520
1127 1952 89
1881 1664 1752
743 1039 1470
128 1000 1105
890 955 1000
1881 1377 444
1917 409 1363
1331 1138 1581
1569 1831 1929
732 1202 1341
1672 932 884
810 1775 114
1414 1001 478
210 1411 1859
1220 1951 1451
664 478 83
1451 520 1948
1000 1843 626
881 1706 220
743 555 1296
98 1808 1741
1332 1000 1047
1144 844 216
1891 520 69
277 524 375
755 547 1881
547 183 917
1000 1600 1053
185 335 1636
501 708 1220
1316 57 1630
409 1996 1337
665 1220 1000
1139 1110 1211
769 464 373
990 1072 1316
1414 1245 1948
1843 812 1026
1277 1000 1528
1000 1053 1454
25 1245 1734
1498 19 608
11 1182 183
1630 1706 307
89 492 1995
368 740 1891
1000 1025 987
276 902 1556
1487 1000 1788
1569 1581 557
1263 1540 1447
520 120 1587
1000 1244 372
844 779 1978
666 359 769
195 917 586
1556 917 381
860 743 718
512 614 884
141 277 1337
205 220 1745
1217 1952 973
769 639 886
1000 1159 185
680 1757 1138
27 1351 563
1881 220 1281
1000 1000 501
1543 492 524
1283 1104 1125
1574 1000 1048
761 432 831
1498 571 528
1102 1622 1810
1132 1706 1105
1011 524 974
875 83 335
909 415 50
114 1138 468
1000 669 1622
440 1139 1706
1000 908 84
1476 1585 1746
528 1342 50
217 1099 1789
917 1296 1024
674 114 1001
1585 409 1808
114 1745 138
1540 813 1587
1264 19 1227
1000 977 680
1000 211 1159
381 1587 881
1968 769 1283
1357 1000 666
432 27 1637
884 1898 1104
755 1783 1881
977 586 761
1808 1414 1451
1179 478 1272
1937 1138 1878
1712 428 1666
1808 1434 1277
1182 1973 451
708 626 1565
571 1202 444
39 1712 970
277 1039 356
1775 83 860
1357 27 194
1712 1630 1072
1929 1778 979
375 1000 626
1569 220 1152
666 917 1047
761 680 105
1001 220 1778
1888 1132 608
974 1159 1706
812 860 451
1480 19 368
1939 1264 867
1147 1461 1118
1011 1533 755
853 917 128
471 1528 1000
141 890 1309
1587 1581 375
1476 1540 50
990 1775 993
1454 57 695
230 54 1968
993 1363 414
1043 848 178
464 1587 813
69 1245 1929
1476 311 1991
1090 1309 1272
1099 997 860
674 1227 1802
1337 1009 972
1888 1574 902
83 1461 1700
1220 664 1309
1026 50 359
779 339 335
680 1569 909
1000 270 1845
178 1220 740
222 1533 1952
1881 408 356
1600 1000 1159
1093 83 769
222 217 769
1878 1211 1746
1435 1581 1695
970 192 1000
1358 798 1686
1700 1125 1377
276 1757 626
722 178 1001
1824 1000 1202
1937 1105 1000
1332 105 1778
1565 1132 1916
220 92 761
613 972 681
1808 1000 1024
1695 408 1000
373 695 1451
1996 779 1556
1000 270 258
1746 1351 19
1587 760 1898
363 848 917
680 410 1476
512 1543 357
1417 56 368
1072 892 468
1706 1301 587
646 1813 185
1540 1802 1451
1585 798 665
860 1272 563
1281 563 722
626 1309 1476
917 650 1203
692 1430 822
809 1220 1000
1296 293 1937
718 335 1025
1125 1377 1487
1881 1026 1917
57 1272 890
1105 917 1636
278 1434 1937
902 1000 1217
1813 1454 363
1263 368 1470
1377 1999 1000
626 708 1093
1917 844 512
1245 185 1277
547 105 1282
547 1775 291
626 501 1952
1898 1245 1242
743 1929 1487
1220 1888 444
681 1540 1000
515 979 1000
307 769 408
1276 1929 761
639 339 50
1595 1622 50
1000 1630 1902
1600 1377 972
809 1746 1775
1706 1111 258
1138 613 1147
769 875 722
408 1454 769
1996 1053 727
1093 11 825
1272 884 608
1996 659 1746
1110 708 44
626 1102 979
1000 1147 1000
718 1262 563
1414 886 50
1262 1272 1778
1881 979 1414
410 1203 722
993 1996 680
1282 231 1306
1778 1802 1026
1917 1434 1540
176 1870 1282
1978 1202 1745
1587 1047 1024
1973 1118 1745
664 844 89
1296 1892 867
1587 813 84
571 83 1351
1276 128 1000
363 474 1211
666 755 1000
1937 311 1104
1881 1533 793
1778 1283 755
1440 1000 1147
1000 1533 373
183 363 563
1937 1778 809
886 1706 1414
1099 524 681
258 50 1986
1111 1929 1469
1757 1746 277
1000 524 890
501 1211 1220
1948 520 1952
1000 630 1664
1775 639 681
1533 917 1417
409 1055 1125
158 1118 1000
81 1569 1540
997 743 205
1891 1898 298
690 11 1000
1309 1810 520
1868 666 1000
373 639 1000
1138 1995 1746
1338 50 547
89 1203 917
524 293 1487
608 761 128
1105 1102 220
451 1417 1363
19 993 258
809 666 917
1659 557 1438
1351 722 917
1706 1039 1425
613 608 1000
1417 1072 524
444 917 1440
1380 1337 19
217 1434 565
1220 1000 1470
769 1470 1301
664 650 492
1672 1309 860
1978 601 1881
769 474 11
1201 19 1414
1118 1952 1878
258 276 1487
1262 524 571
1351 1587 1277
1000 813 1664
185 57 613
1929 1888 417
932 955 335
841 1279 563
178 1789 1414
1125 1789 1220
1358 1270 1179
520 1262 1000
666 1528 1000
1282 1411 1763
1211 1843 363
722 1752 1891
626 1995 1888
87 1296 1099
557 1332 1881
1325 1000 27
293 1010 673
114 1813 1752
418 1000 682
708 892 1999
674 83 120
1775 613 1296
1125 220 1111
1637 222 722
1824 276 1377
1952 520 1055
56 547 1727
1306 626 1881
335 89 1757
1487 1991 1099
972 1281 451
185 1778 841
1281 970 1434
1044 917 1802
89 1263 1763
571 673 258
54 1824 414
444 722 276
98 1706 1968
1048 1461 1276
1999 798 595
258 373 1072
1746 1000 673
841 1125 681
894 1587 529
1745 1581 359
1813 1203 680
989 1469 1581
1358 1746 1917
1888 414 1968
1745 1281 134
1093 276 368
1986 639 1706
83 1454 1881
438 408 1706
1978 1461 650
1996 626 1055
183 277 1380
1102 650 1487
680 1263 1047
1000 1047 98
98 1813 1808
751 1438 25
1264 293 722
1342 1099 1968
89 335 1757
1050 432 1996
230 708 793
1011 176 298
293 1039 1487
1111 1585 1636
825 363 138
1000 1973 1301
1400 1813 1270
1746 185 1000
1105 1039 674
1000 680 1351
613 1813 158
769 1470 1244
492 809 1414
1636 1968 1775
1845 438 1000
1272 1179 1000
1277 195 761
743 1968 613
410 1835 1600
1540 1072 94
474 831 1000
276 779 682
356 761 1788
176 974 1778
680 1000 1105
1664 50 1789
892 108 1752
1345 1587 217
1111 1585 1377
89 849 1778
1585 770 722
841 979 1138
1746 989 1263
221 1009 767
614 414 1072
501 529 178
83 1434 620
368 1000 687
650 512 810
1039 1245 1712
409 1888 540
415 1752 1000
1277 1789 1000
547 1282 356
440 1695 674
1835 1870 247
768 529 50
1263 722 673
409 44 1011
217 614 1000
650 1072 1262
1024 1000 1995
1741 613 474
912 1888 409
844 1296 1835
217 1587 1276
408 664 1000
50 682 997
381 359 1706
1680 1712 247
311 1664 1595
1000 641 1048
220 1813 1802
1951 1533 1587
1282 1454 230
860 1987 798
1995 230 1182
1377 664 1138
1220 1999 1102
1090 89 277
1390 1991 1888
1277 1203 769
311 47 217
1690 754 1835
1000 1201 1043
311 1733 1622
1987 1686 98
1000 831 1543
463 614 1434
1281 917 650
1220 740 743
912 601 917
1810 1664 1706
990 1025 277
1451 860 368
989 917 722
1417 1775 258
440 1779 1585
972 993 230
1001 844 1929
1282 1147 1132
902 761 979
192 1411 570
1870 1451 11
1000 974 128
1836 1706 89
1000 650 557
1664 692 1775
408 1487 50
1706 1948 650
1630 1587 1695
19 356 220
1377 1587 1470
1115 1050 1400
1342 1000 890
1270 1279 1434
1281 152 1399
1072 1220 1055
1039 468 1587
158 512 1182
373 1000 1551
195 1929 19
1000 1217 1043
1778 1039 1417
1358 176 669
1283 1996 1495
1000 695 1351
298 718 50
1461 1533 659
1741 646 1808
368 1595 178
743 650 682
1245 464 339
1111 478 1991
114 19 92
128 1000 673
1451 469 145
50 881 1048
1891 639 1152
178 1929 444
673 1000 463
1995 1916 176
463 1127 761
1316 680 478
114 44 1587
375 311 798
844 1227 339
1802 1744 613
1000 1202 1917
1746 1888 690
1434 1186 529
1788 917 1111
1929 1127 674
1636 1434 1733
87 1000 1127
178 1417 895
1948 708 650
414 1916 755
972 895 1337
56 89 979
571 1043 1808
25 1000 418
1700 363 1000
1138 1345 1540
1637 176 1757
1227 1434 1351
231 1881 1690
1775 1201 547
1633 1950 812
902 185 19
463 1000 1953
56 695 1752
1778 902 1968
912 1000 464
1211 1540 1487
1270 19 1127
646 50 185
444 1636 1000
1929 293 1565
1279 1910 1282
1703 614 1585
512 1802 1741
1746 681 335
1104 650 56
428 1282 1973
311 669 1411
1824 89 492
1316 89 311
1000 626 432
917 895 659
1775 666 1789
1664 276 1105
1948 408 1891
718 1279 1072
705 1301 1000
540 1569 230
1159 673 1000
1498 708 1968
1011 1878 718
19 680 44
695 1000 298
1277 1727 1952
1746 1745 1565
359 688 1952
974 1929 1102
1000 463 1700
478 1147 626
1937 438 650
1309 1111 902
1044 1000 1757
1000 418 836
1434 1917 1414
1272 293 557
1047 1636 1309
1461 258 298
50 1296 779
841 432 277
1220 1973 1881
277 1636 1338
1125 1186 547
1001 258 1888
1182 89 1111
1000 138 529
1118 1950 1138
1000 1835 704
965 178 669
1891 727 1636
1585 512 1242
1245 1220 1454
50 83 849
1276 1461 83
1695 11 293
798 1745 1179
917 1470 1440
166 1440 1000
754 608 176
89 977 1891
311 1276 176
25 1000 1411
1700 917 1845
1000 1332 417
664 1309 1377
492 1227 1789
626 1001 1587
1950 54 1703
231 1434 1279
25 718 1125
83 909 1587
650 1282 1281
86 14 1132
1358 1746 1105
56 1757 666
1878 1000 1244
1987 1565 1202
253 849 1220
682 54 11
44 1132 1461
464 1134 571
464 1587 1186
1898 1706 270
692 1498 1000
1528 463 311
528 357 1498
722 277 690
1622 979 1952
1540 1600 1569
1001 1000 89
1543 1888 680
311 444 1664
1000 1345 512
1952 1695 1039
1125 44 83
687 718 1000
205 1000 831
520 56 1802
908 917 220
444 1000 11
56 195 1636
1434 1039 1968
769 1533 105
1227 890 1125
740 1039 1585
1556 1434 1622
452 587 412
1910 1569 468
1835 1476 276
932 216 957
881 89 1099
754 1898 1999
298 440 1000
1001 463 1706
195 969 410
1053 1000 25
1995 1540 1000
761 639 1337
1672 1125 432
1891 1898 186
1093 178 1622
1000 291 524
1000 664 1227
761 44 902
646 608 1813
1703 659 1211
1565 1377 1587
1585 11 307
178 1664 1104
779 1757 1891
1587 1132 359
1000 440 1047
571 1400 258
1337 769 1835
1533 253 432
1039 178 664
650 844 1757
630 917 1024
1000 1106 1440
1414 1836 1102
1202 417 253
1011 1139 555
727 1053 1585
1125 1279 1414
1870 1440 1434
84 1217 1000
120 666 56
418 1000 1831
305 452 870
166 563 1380
1118 664 1000
520 19 222
1476 639 1881
230 743 977
1587 1902 1132
1622 432 1881
529 1000 1686
768 917 666
890 674 220
1952 138 1283
1835 1211 809
1000 1700 1159
650 484 409
1630 293 1968
1047 1937 492
690 311 515
515 1296 1000
474 1509 990
1540 1836 1000
547 1102 1789
705 1159 769
722 1996 1995
813 1039 1952
547 1000 528
680 1757 571
665 1533 1569
580 895 86
185 674 520
867 1125 1528
1279 1000 1159
176 1345 1245
722 1000 664
1952 974 973
1186 217 917
1745 1973 1118
44 1414 1461
912 176 1358
1078 1211 324
1152 1301 761
979 1991 1000
646 54 1565
1000 1824 524
359 1000 428
158 1000 831
902 1587 528
247 1026 1262
56 1999 1053
844 114 1281
524 1000 813
1587 1757 1746
1055 1220 1891
722 1470 1000
1182 220 1968
277 1835 1351
1712 955 769
743 793 1277
