93 225 456
421 141 239
361 278 225
238 136 6
39 239 152
132 110 361
238 281 7
203 125 202
403 39 421
120 350 435
215 202 378
284 217 456
13 110 125
99 248 328
430 240 225
202 443 378
413 350 454
278 228 360
13 148 211
429 49 36
202 50 110
211 353 406
361 328 66
17 43 113
305 215 406
110 360 431
37 93 464
203 171 120
454 43 238
281 239 141
125 429 441
81 225 150
127 240 362
217 454 7
238 125 36
391 246 248
435 171 120
466 248 246
443 246 6
110 171 253
470 141 221
248 39 242
361 246 435
248 435 461
406 470 68
246 361 291
378 456 209
148 305 17
202 7 49
148 478 454
435 346 480
281 171 110
13 36 40
461 361 110
60 305 110
290 310 39
202 110 361
311 39 452
50 452 110
7 403 150
201 184 441
456 148 353
291 452 253
209 281 16
461 39 290
13 203 60
110 431 150
443 246 397
202 443 291
209 236 16
36 211 238
49 413 461
452 110 179
17 328 148
110 221 305
110 431 211
13 354 342
246 320 36
421 350 66
110 227 13
29 378 342
456 493 500
391 291 179
141 305 40
452 49 464
371 270 403
435 150 239
431 110 48
413 421 403
292 39 248
278 248 66
37 110 238
39 49 292
435 346 68
16 136 305
435 53 68
40 110 429
203 343 350
239 68 43
311 435 239
353 298 7
66 113 221
125 246 203
292 68 110
37 273 291
430 298 99
284 248 463
211 354 305
202 281 291
403 150 43
412 152 110
150 466 278
281 413 431
202 39 49
132 298 39
190 371 403
435 292 190
452 49 291
93 464 125
452 421 291
291 125 346
125 278 284
99 343 113
454 7 246
353 203 443
441 37 476
184 7 211
354 403 28
305 136 354
378 281 470
371 150 239
203 246 17
190 39 353
291 342 431
342 66 470
148 298 202
413 209 281
292 413 361
236 16 209
7 240 81
190 464 202
239 441 320
49 291 346
238 343 203
343 305 413
203 184 270
110 431 390
429 36 386
311 148 346
110 421 110
456 239 378
110 13 342
40 203 13
209 136 148
141 62 217
378 391 320
441 184 40
413 136 171
37 110 452
148 461 361
429 421 7
125 478 451
470 136 466
39 412 49
413 350 281
248 391 81
353 421 291
350 136 36
320 353 391
165 110 37
298 238 441
353 49 354
441 171 360
110 346 201
39 360 346
456 81 36
110 184 150
353 190 203
115 403 62
148 40 305
413 431 158
305 28 203
346 110 37
203 305 136
190 110 13
403 150 291
239 343 110
248 452 391
435 68 171
62 225 430
171 110 361
36 421 493
281 464 171
148 240 238
350 435 248
452 203 49
148 431 281
456 36 310
36 361 239
190 435 53
40 110 13
454 273 36
16 350 211
305 68 371
320 246 271
217 110 342
342 435 403
344 240 478
7 29 152
43 221 246
148 353 136
291 360 305
320 7 328
110 110 298
291 28 171
464 386 470
94 62 57
478 383 360
40 441 238
403 49 148
62 445 217
39 431 366
221 6 246
273 40 354
136 435 184
391 136 291
110 40 132
435 125 305
190 291 403
466 68 239
476 6 125
310 120 435
361 13 39
113 320 354
148 290 346
110 480 412
211 239 7
476 60 476
120 391 435
6 209 236
125 203 305
110 136 113
13 320 406
238 464 40
110 253 431
239 203 236
110 311 431
148 361 452
456 209 113
343 413 13
454 328 262
421 470 371
179 354 452
443 239 36
328 466 454
470 466 211
362 62 478
221 291 470
136 110 412
430 240 406
17 6 350
110 342 353
110 452 311
6 476 17
412 110 248
454 476 378
37 403 406
50 278 413
246 221 148
110 184 253
110 361 452
7 62 209
413 68 292
435 391 281
28 354 403
320 127 113
165 110 17
278 62 440
452 354 40
168 360 73
16 430 125
452 16 361
248 431 110
431 343 435
246 413 236
81 125 110
435 298 353
298 39 452
148 452 311
320 113 16
13 413 190
66 360 273
7 421 209
17 310 39
202 421 110
435 431 343
152 116 139
440 150 209
461 7 54
99 17 476
16 221 476
43 239 68
305 343 110
413 403 190
195 320 333
430 221 438
342 310 110
150 371 239
239 298 110
353 443 378
413 443 353
429 110 298
452 110 253
110 239 125
150 470 6
248 391 239
203 202 240
36 68 292
421 239 354
66 190 403
310 39 190
211 406 202
66 403 211
202 435 152
273 236 291
305 68 141
62 113 476
413 150 113
377 60 246
470 298 113
476 17 110
441 320 113
239 7 281
43 120 350
250 361 476
441 184 253
464 209 443
454 110 239
125 148 171
493 371 150
346 110 125
493 120 7
125 435 132
110 152 171
211 305 43
412 110 37
66 361 476
110 239 360
346 110 60
246 125 466
333 7 320
238 7 236
350 464 17
238 136 441
113 354 150
284 421 476
456 94 116
150 435 209
466 350 421
431 110 152
50 464 239
110 239 68
236 81 43
242 413 320
6 476 421
125 16 238
110 350 125
238 391 62
391 148 236
413 150 452
241 361 57
120 246 110
464 62 246
36 239 211
49 165 110
6 221 350
493 110 360
464 281 209
320 238 110
452 343 36
150 371 113
403 203 17
270 39 350
93 464 62
62 38 242
421 291 346
435 470 68
110 253 391
456 110 431
148 361 478
273 125 6
211 413 246
421 284 470
391 320 148
430 17 451
464 238 17
456 110 273
7 452 290
215 148 429
378 350 343
148 236 171
456 346 291
478 371 454
239 110 136
202 125 371
132 17 110
311 350 406
350 110 270
239 435 40
221 53 110
246 43 342
125 99 278
413 236 346
310 39 49
443 353 371
371 305 311
53 320 110
273 378 361
48 435 431
209 110 454
17 110 461
132 201 110
311 292 110
81 291 320
353 406 40
361 291 353
13 378 421
371 13 120
391 310 60
391 50 184
49 452 110
141 93 240
273 6 125
452 435 190
443 291 238
456 113 39
110 292 136
311 291 239
391 361 110
403 248 391
113 466 361
110 53 454
421 435 132
452 311 148
360 493 225
278 441 120
99 150 278
236 464 476
148 132 290
60 110 310
291 201 132
443 7 431
141 239 421
148 386 29
443 110 238
36 150 452
311 284 350
291 49 452
113 443 36
413 202 311
239 215 7
238 110 236
217 125 141
320 141 113
413 478 248
202 291 443
354 13 221
136 470 141
168 391 360
37 81 441
141 236 470
239 190 435
113 284 125
28 403 36
110 320 165
391 413 421
406 281 13
292 435 62
39 320 238
110 346 40
354 13 270
464 238 68
253 378 171
43 239 454
353 17 371
435 360 209
441 350 236
110 240 412
110 429 158
43 136 403
413 310 227
184 39 17
217 317 248
403 354 179
62 127 141
217 221 376
48 346 110
493 397 298
110 270 292
249 360 305
