39999000
39997000
39995000
39993000
39991000
39989000
39987000
39985000
39983000
39981000
39979000
39977000
39975000
39973000
39971000
39969000
39967000
39965000
39963000
39961000
39959000
39957000
39955000
39953000
39951000
39949000
39947000
39945000
39943000
39941000
39939000
39937000
39935000
39933000
39931000
39929000
39927000
39925000
39923000
39921000
39919000
39917000
39915000
39913000
39911000
39909000
39907000
39905000
39903000
39901000
39899000
39897000
39895000
39893000
39891000
39889000
39887000
39885000
39883000
39881000
39879000
39877000
39875000
39873000
39871000
39869000
39867000
39865000
39863000
39861000
39859000
39857000
39855000
39853000
39851000
39849000
39847000
39845000
39843000
39841000
39839000
39837000
39835000
39833000
39831000
39829000
39827000
39825000
39823000
39821000
39819000
39817000
39815000
39813000
39811000
39809000
39807000
39805000
39803000
39801000
39799000
39797000
39795000
39793000
39791000
39789000
39787000
39785000
39783000
39781000
39779000
39777000
39775000
39773000
39771000
39769000
39767000
39765000
39763000
39761000
39759000
39757000
39755000
39753000
39751000
39749000
39747000
39745000
39743000
39741000
39739000
39737000
39735000
39733000
39731000
39729000
39727000
39725000
39723000
39721000
39719000
39717000
39715000
39713000
39711000
39709000
39707000
39705000
39703000
39701000
39699000
39697000
39695000
39693000
39691000
39689000
39687000
39685000
39683000
39681000
39679000
39677000
39675000
39673000
39671000
39669000
39667000
39665000
39663000
39661000
39659000
39657000
39655000
39653000
39651000
39649000
39647000
39645000
39643000
39641000
39639000
39637000
39635000
39633000
39631000
39629000
39627000
39625000
39623000
39621000
39619000
39617000
39615000
39613000
39611000
39609000
39607000
39605000
39603000
39601000
39599000
39597000
39595000
39593000
39591000
39589000
39587000
39585000
39583000
39581000
39579000
39577000
39575000
39573000
39571000
39569000
39567000
39565000
39563000
39561000
39559000
39557000
39555000
39553000
39551000
39549000
39547000
39545000
39543000
39541000
39539000
39537000
39535000
39533000
39531000
39529000
39527000
39525000
39523000
39521000
39519000
39517000
39515000
39513000
39511000
39509000
39507000
39505000
39503000
39501000
39499000
39497000
39495000
39493000
39491000
39489000
39487000
39485000
39483000
39481000
39479000
39477000
39475000
39473000
39471000
39469000
39467000
39465000
39463000
39461000
39459000
39457000
39455000
39453000
39451000
39449000
39447000
39445000
39443000
39441000
39439000
39437000
39435000
39433000
39431000
39429000
39427000
39425000
39423000
39421000
39419000
39417000
39415000
39413000
39411000
39409000
39407000
39405000
39403000
39401000
39399000
39397000
39395000
39393000
39391000
39389000
39387000
39385000
39383000
39381000
39379000
39377000
39375000
39373000
39371000
39369000
39367000
39365000
39363000
39361000
39359000
39357000
39355000
39353000
39351000
39349000
39347000
39345000
39343000
39341000
39339000
39337000
39335000
39333000
39331000
39329000
39327000
39325000
39323000
39321000
39319000
39317000
39315000
39313000
39311000
39309000
39307000
39305000
39303000
39301000
39299000
39297000
39295000
39293000
39291000
39289000
39287000
39285000
39283000
39281000
39279000
39277000
39275000
39273000
39271000
39269000
39267000
39265000
39263000
39261000
39259000
39257000
39255000
39253000
39251000
39249000
39247000
39245000
39243000
39241000
39239000
39237000
39235000
39233000
39231000
39229000
39227000
39225000
39223000
39221000
39219000
39217000
39215000
39213000
39211000
39209000
39207000
39205000
39203000
39201000
39199000
39197000
39195000
39193000
39191000
39189000
39187000
39185000
39183000
39181000
39179000
39177000
39175000
39173000
39171000
39169000
39167000
39165000
39163000
39161000
39159000
39157000
39155000
39153000
39151000
39149000
39147000
39145000
39143000
39141000
39139000
39137000
39135000
39133000
39131000
39129000
39127000
39125000
39123000
39121000
39119000
39117000
39115000
39113000
39111000
39109000
39107000
39105000
39103000
39101000
39099000
39097000
39095000
39093000
39091000
39089000
39087000
39085000
39083000
39081000
39079000
39077000
39075000
39073000
39071000
39069000
39067000
39065000
39063000
39061000
39059000
39057000
39055000
39053000
39051000
39049000
39047000
39045000
39043000
39041000
39039000
39037000
39035000
39033000
39031000
39029000
39027000
39025000
39023000
39021000
39019000
39017000
39015000
39013000
39011000
39009000
39007000
39005000
39003000
39001000
38999000
38997000
38995000
38993000
38991000
38989000
38987000
38985000
38983000
38981000
38979000
38977000
38975000
38973000
38971000
38969000
38967000
38965000
38963000
38961000
38959000
38957000
38955000
38953000
38951000
38949000
38947000
38945000
38943000
38941000
38939000
38937000
38935000
38933000
38931000
38929000
38927000
38925000
38923000
38921000
38919000
38917000
38915000
38913000
38911000
38909000
38907000
38905000
38903000
38901000
38899000
38897000
38895000
38893000
38891000
38889000
38887000
38885000
38883000
38881000
38879000
38877000
38875000
38873000
38871000
38869000
38867000
38865000
38863000
38861000
38859000
38857000
38855000
38853000
38851000
38849000
38847000
38845000
38843000
38841000
38839000
38837000
38835000
38833000
38831000
38829000
38827000
38825000
38823000
38821000
38819000
38817000
38815000
38813000
38811000
38809000
38807000
38805000
38803000
38801000
38799000
38797000
38795000
38793000
38791000
38789000
38787000
38785000
38783000
38781000
38779000
38777000
38775000
38773000
38771000
38769000
38767000
38765000
38763000
38761000
38759000
38757000
38755000
38753000
38751000
38749000
38747000
38745000
38743000
38741000
38739000
38737000
38735000
38733000
38731000
38729000
38727000
38725000
38723000
38721000
38719000
38717000
38715000
38713000
38711000
38709000
38707000
38705000
38703000
38701000
38699000
38697000
38695000
38693000
38691000
38689000
38687000
38685000
38683000
38681000
38679000
38677000
38675000
38673000
38671000
38669000
38667000
38665000
38663000
38661000
38659000
38657000
38655000
38653000
38651000
38649000
38647000
38645000
38643000
38641000
38639000
38637000
38635000
38633000
38631000
38629000
38627000
38625000
38623000
38621000
38619000
38617000
38615000
38613000
38611000
38609000
38607000
38605000
38603000
38601000
38599000
38597000
38595000
38593000
38591000
38589000
38587000
38585000
38583000
38581000
38579000
38577000
38575000
38573000
38571000
38569000
38567000
38565000
38563000
38561000
38559000
38557000
38555000
38553000
38551000
38549000
38547000
38545000
38543000
38541000
38539000
38537000
38535000
38533000
38531000
38529000
38527000
38525000
38523000
38521000
38519000
38517000
38515000
38513000
38511000
38509000
38507000
38505000
38503000
38501000
38499000
38497000
38495000
38493000
38491000
38489000
38487000
38485000
38483000
38481000
38479000
38477000
38475000
38473000
38471000
38469000
38467000
38465000
38463000
38461000
38459000
38457000
38455000
38453000
38451000
38449000
38447000
38445000
38443000
38441000
38439000
38437000
38435000
38433000
38431000
38429000
38427000
38425000
38423000
38421000
38419000
38417000
38415000
38413000
38411000
38409000
38407000
38405000
38403000
38401000
38399000
38397000
38395000
38393000
38391000
38389000
38387000
38385000
38383000
38381000
38379000
38377000
38375000
38373000
38371000
38369000
38367000
38365000
38363000
38361000
38359000
38357000
38355000
38353000
38351000
38349000
38347000
38345000
38343000
38341000
38339000
38337000
38335000
38333000
38331000
38329000
38327000
38325000
38323000
38321000
38319000
38317000
38315000
38313000
38311000
38309000
38307000
38305000
38303000
38301000
38299000
38297000
38295000
38293000
38291000
38289000
38287000
38285000
38283000
38281000
38279000
38277000
38275000
38273000
38271000
38269000
38267000
38265000
38263000
38261000
38259000
38257000
38255000
38253000
38251000
38249000
38247000
38245000
38243000
38241000
38239000
38237000
38235000
38233000
38231000
38229000
38227000
38225000
38223000
38221000
38219000
38217000
38215000
38213000
38211000
38209000
38207000
38205000
38203000
38201000
38199000
38197000
38195000
38193000
38191000
38189000
38187000
38185000
38183000
38181000
38179000
38177000
38175000
38173000
38171000
38169000
38167000
38165000
38163000
38161000
38159000
38157000
38155000
38153000
38151000
38149000
38147000
38145000
38143000
38141000
38139000
38137000
38135000
38133000
38131000
38129000
38127000
38125000
38123000
38121000
38119000
38117000
38115000
38113000
38111000
38109000
38107000
38105000
38103000
38101000
38099000
38097000
38095000
38093000
38091000
38089000
38087000
38085000
38083000
38081000
38079000
38077000
38075000
38073000
38071000
38069000
38067000
38065000
38063000
38061000
38059000
38057000
38055000
38053000
38051000
38049000
38047000
38045000
38043000
38041000
38039000
38037000
38035000
38033000
38031000
38029000
38027000
38025000
38023000
38021000
38019000
38017000
38015000
38013000
38011000
38009000
38007000
38005000
38003000
38001000
37999000
37997000
37995000
37993000
37991000
37989000
37987000
37985000
37983000
37981000
37979000
37977000
37975000
37973000
37971000
37969000
37967000
37965000
37963000
37961000
37959000
37957000
37955000
37953000
37951000
37949000
37947000
37945000
37943000
37941000
37939000
37937000
37935000
37933000
37931000
37929000
37927000
37925000
37923000
37921000
37919000
37917000
37915000
37913000
37911000
37909000
37907000
37905000
37903000
37901000
37899000
37897000
37895000
37893000
37891000
37889000
37887000
37885000
37883000
37881000
37879000
37877000
37875000
37873000
37871000
37869000
37867000
37865000
37863000
37861000
37859000
37857000
37855000
37853000
37851000
37849000
37847000
37845000
37843000
37841000
37839000
37837000
37835000
37833000
37831000
37829000
37827000
37825000
37823000
37821000
37819000
37817000
37815000
37813000
37811000
37809000
37807000
37805000
37803000
37801000
37799000
37797000
37795000
37793000
37791000
37789000
37787000
37785000
37783000
37781000
37779000
37777000
37775000
37773000
37771000
37769000
37767000
37765000
37763000
37761000
37759000
37757000
37755000
37753000
37751000
37749000
37747000
37745000
37743000
37741000
37739000
37737000
37735000
37733000
37731000
37729000
37727000
37725000
37723000
37721000
37719000
37717000
37715000
37713000
37711000
37709000
37707000
37705000
37703000
37701000
37699000
37697000
37695000
37693000
37691000
37689000
37687000
37685000
37683000
37681000
37679000
37677000
37675000
37673000
37671000
37669000
37667000
37665000
37663000
37661000
37659000
37657000
37655000
37653000
37651000
37649000
37647000
37645000
37643000
37641000
37639000
37637000
37635000
37633000
37631000
37629000
37627000
37625000
37623000
37621000
37619000
37617000
37615000
37613000
37611000
37609000
37607000
37605000
37603000
37601000
37599000
37597000
37595000
37593000
37591000
37589000
37587000
37585000
37583000
37581000
37579000
37577000
37575000
37573000
37571000
37569000
37567000
37565000
37563000
37561000
37559000
37557000
37555000
37553000
37551000
37549000
37547000
37545000
37543000
37541000
37539000
37537000
37535000
37533000
37531000
37529000
37527000
37525000
37523000
37521000
37519000
37517000
37515000
37513000
37511000
37509000
37507000
37505000
37503000
37501000
37499000
37497000
37495000
37493000
37491000
37489000
37487000
37485000
37483000
37481000
37479000
37477000
37475000
37473000
37471000
37469000
37467000
37465000
37463000
37461000
37459000
37457000
37455000
37453000
37451000
37449000
37447000
37445000
37443000
37441000
37439000
37437000
37435000
37433000
37431000
37429000
37427000
37425000
37423000
37421000
37419000
37417000
37415000
37413000
37411000
37409000
37407000
37405000
37403000
37401000
37399000
37397000
37395000
37393000
37391000
37389000
37387000
37385000
37383000
37381000
37379000
37377000
37375000
37373000
37371000
37369000
37367000
37365000
37363000
37361000
37359000
37357000
37355000
37353000
37351000
37349000
37347000
37345000
37343000
37341000
37339000
37337000
37335000
37333000
37331000
37329000
37327000
37325000
37323000
37321000
37319000
37317000
37315000
37313000
37311000
37309000
37307000
37305000
37303000
37301000
37299000
37297000
37295000
37293000
37291000
37289000
37287000
37285000
37283000
37281000
37279000
37277000
37275000
37273000
37271000
37269000
37267000
37265000
37263000
37261000
37259000
37257000
37255000
37253000
37251000
37249000
37247000
37245000
37243000
37241000
37239000
37237000
37235000
37233000
37231000
37229000
37227000
37225000
37223000
37221000
37219000
37217000
37215000
37213000
37211000
37209000
37207000
37205000
37203000
37201000
37199000
37197000
37195000
37193000
37191000
37189000
37187000
37185000
37183000
37181000
37179000
37177000
37175000
37173000
37171000
37169000
37167000
37165000
37163000
37161000
37159000
37157000
37155000
37153000
37151000
37149000
37147000
37145000
37143000
37141000
37139000
37137000
37135000
37133000
37131000
37129000
37127000
37125000
37123000
37121000
37119000
37117000
37115000
37113000
37111000
37109000
37107000
37105000
37103000
37101000
37099000
37097000
37095000
37093000
37091000
37089000
37087000
37085000
37083000
37081000
37079000
37077000
37075000
37073000
37071000
37069000
37067000
37065000
37063000
37061000
37059000
37057000
37055000
37053000
37051000
37049000
37047000
37045000
37043000
37041000
37039000
37037000
37035000
37033000
37031000
37029000
37027000
37025000
37023000
37021000
37019000
37017000
37015000
37013000
37011000
37009000
37007000
37005000
37003000
37001000
36999000
36997000
36995000
36993000
36991000
36989000
36987000
36985000
36983000
36981000
36979000
36977000
36975000
36973000
36971000
36969000
36967000
36965000
36963000
36961000
36959000
36957000
36955000
36953000
36951000
36949000
36947000
36945000
36943000
36941000
36939000
36937000
36935000
36933000
36931000
36929000
36927000
36925000
36923000
36921000
36919000
36917000
36915000
36913000
36911000
36909000
36907000
36905000
36903000
36901000
36899000
36897000
36895000
36893000
36891000
36889000
36887000
36885000
36883000
36881000
36879000
36877000
36875000
36873000
36871000
36869000
36867000
36865000
36863000
36861000
36859000
36857000
36855000
36853000
36851000
36849000
36847000
36845000
36843000
36841000
36839000
36837000
36835000
36833000
36831000
36829000
36827000
36825000
36823000
36821000
36819000
36817000
36815000
36813000
36811000
36809000
36807000
36805000
36803000
36801000
36799000
36797000
36795000
36793000
36791000
36789000
36787000
36785000
36783000
36781000
36779000
36777000
36775000
36773000
36771000
36769000
36767000
36765000
36763000
36761000
36759000
36757000
36755000
36753000
36751000
36749000
36747000
36745000
36743000
36741000
36739000
36737000
36735000
36733000
36731000
36729000
36727000
36725000
36723000
36721000
36719000
36717000
36715000
36713000
36711000
36709000
36707000
36705000
36703000
36701000
36699000
36697000
36695000
36693000
36691000
36689000
36687000
36685000
36683000
36681000
36679000
36677000
36675000
36673000
36671000
36669000
36667000
36665000
36663000
36661000
36659000
36657000
36655000
36653000
36651000
36649000
36647000
36645000
36643000
36641000
36639000
36637000
36635000
36633000
36631000
36629000
36627000
36625000
36623000
36621000
36619000
36617000
36615000
36613000
36611000
36609000
36607000
36605000
36603000
36601000
36599000
36597000
36595000
36593000
36591000
36589000
36587000
36585000
36583000
36581000
36579000
36577000
36575000
36573000
36571000
36569000
36567000
36565000
36563000
36561000
36559000
36557000
36555000
36553000
36551000
36549000
36547000
36545000
36543000
36541000
36539000
36537000
36535000
36533000
36531000
36529000
36527000
36525000
36523000
36521000
36519000
36517000
36515000
36513000
36511000
36509000
36507000
36505000
36503000
36501000
36499000
36497000
36495000
36493000
36491000
36489000
36487000
36485000
36483000
36481000
36479000
36477000
36475000
36473000
36471000
36469000
36467000
36465000
36463000
36461000
36459000
36457000
36455000
36453000
36451000
36449000
36447000
36445000
36443000
36441000
36439000
36437000
36435000
36433000
36431000
36429000
36427000
36425000
36423000
36421000
36419000
36417000
36415000
36413000
36411000
36409000
36407000
36405000
36403000
36401000
36399000
36397000
36395000
36393000
36391000
36389000
36387000
36385000
36383000
36381000
36379000
36377000
36375000
36373000
36371000
36369000
36367000
36365000
36363000
36361000
36359000
36357000
36355000
36353000
36351000
36349000
36347000
36345000
36343000
36341000
36339000
36337000
36335000
36333000
36331000
36329000
36327000
36325000
36323000
36321000
36319000
36317000
36315000
36313000
36311000
36309000
36307000
36305000
36303000
36301000
36299000
36297000
36295000
36293000
36291000
36289000
36287000
36285000
36283000
36281000
36279000
36277000
36275000
36273000
36271000
36269000
36267000
36265000
36263000
36261000
36259000
36257000
36255000
36253000
36251000
36249000
36247000
36245000
36243000
36241000
36239000
36237000
36235000
36233000
36231000
36229000
36227000
36225000
36223000
36221000
36219000
36217000
36215000
36213000
36211000
36209000
36207000
36205000
36203000
36201000
36199000
36197000
36195000
36193000
36191000
36189000
36187000
36185000
36183000
36181000
36179000
36177000
36175000
36173000
36171000
36169000
36167000
36165000
36163000
36161000
36159000
36157000
36155000
36153000
36151000
36149000
36147000
36145000
36143000
36141000
36139000
36137000
36135000
36133000
36131000
36129000
36127000
36125000
36123000
36121000
36119000
36117000
36115000
36113000
36111000
36109000
36107000
36105000
36103000
36101000
36099000
36097000
36095000
36093000
36091000
36089000
36087000
36085000
36083000
36081000
36079000
36077000
36075000
36073000
36071000
36069000
36067000
36065000
36063000
36061000
36059000
36057000
36055000
36053000
36051000
36049000
36047000
36045000
36043000
36041000
36039000
36037000
36035000
36033000
36031000
36029000
36027000
36025000
36023000
36021000
36019000
36017000
36015000
36013000
36011000
36009000
36007000
36005000
36003000
36001000
35999000
35997000
35995000
35993000
35991000
35989000
35987000
35985000
35983000
35981000
35979000
35977000
35975000
35973000
35971000
35969000
35967000
35965000
35963000
35961000
35959000
35957000
35955000
35953000
35951000
35949000
35947000
35945000
35943000
35941000
35939000
35937000
35935000
35933000
35931000
35929000
35927000
35925000
35923000
35921000
35919000
35917000
35915000
35913000
35911000
35909000
35907000
35905000
35903000
35901000
35899000
35897000
35895000
35893000
35891000
35889000
35887000
35885000
35883000
35881000
35879000
35877000
35875000
35873000
35871000
35869000
35867000
35865000
35863000
35861000
35859000
35857000
35855000
35853000
35851000
35849000
35847000
35845000
35843000
35841000
35839000
35837000
35835000
35833000
35831000
35829000
35827000
35825000
35823000
35821000
35819000
35817000
35815000
35813000
35811000
35809000
35807000
35805000
35803000
35801000
35799000
35797000
35795000
35793000
35791000
35789000
35787000
35785000
35783000
35781000
35779000
35777000
35775000
35773000
35771000
35769000
35767000
35765000
35763000
35761000
35759000
35757000
35755000
35753000
35751000
35749000
35747000
35745000
35743000
35741000
35739000
35737000
35735000
35733000
35731000
35729000
35727000
35725000
35723000
35721000
35719000
35717000
35715000
35713000
35711000
35709000
35707000
35705000
35703000
35701000
35699000
35697000
35695000
35693000
35691000
35689000
35687000
35685000
35683000
35681000
35679000
35677000
35675000
35673000
35671000
35669000
35667000
35665000
35663000
35661000
35659000
35657000
35655000
35653000
35651000
35649000
35647000
35645000
35643000
35641000
35639000
35637000
35635000
35633000
35631000
35629000
35627000
35625000
35623000
35621000
35619000
35617000
35615000
35613000
35611000
35609000
35607000
35605000
35603000
35601000
35599000
35597000
35595000
35593000
35591000
35589000
35587000
35585000
35583000
35581000
35579000
35577000
35575000
35573000
35571000
35569000
35567000
35565000
35563000
35561000
35559000
35557000
35555000
35553000
35551000
35549000
35547000
35545000
35543000
35541000
35539000
35537000
35535000
35533000
35531000
35529000
35527000
35525000
35523000
35521000
35519000
35517000
35515000
35513000
35511000
35509000
35507000
35505000
35503000
35501000
35499000
35497000
35495000
35493000
35491000
35489000
35487000
35485000
35483000
35481000
35479000
35477000
35475000
35473000
35471000
35469000
35467000
35465000
35463000
35461000
35459000
35457000
35455000
35453000
35451000
35449000
35447000
35445000
35443000
35441000
35439000
35437000
35435000
35433000
35431000
35429000
35427000
35425000
35423000
35421000
35419000
35417000
35415000
35413000
35411000
35409000
35407000
35405000
35403000
35401000
35399000
35397000
35395000
35393000
35391000
35389000
35387000
35385000
35383000
35381000
35379000
35377000
35375000
35373000
35371000
35369000
35367000
35365000
35363000
35361000
35359000
35357000
35355000
35353000
35351000
35349000
35347000
35345000
35343000
35341000
35339000
35337000
35335000
35333000
35331000
35329000
35327000
35325000
35323000
35321000
35319000
35317000
35315000
35313000
35311000
35309000
35307000
35305000
35303000
35301000
35299000
35297000
35295000
35293000
35291000
35289000
35287000
35285000
35283000
35281000
35279000
35277000
35275000
35273000
35271000
35269000
35267000
35265000
35263000
35261000
35259000
35257000
35255000
35253000
35251000
35249000
35247000
35245000
35243000
35241000
35239000
35237000
35235000
35233000
35231000
35229000
35227000
35225000
35223000
35221000
35219000
35217000
35215000
35213000
35211000
35209000
35207000
35205000
35203000
35201000
35199000
35197000
35195000
35193000
35191000
35189000
35187000
35185000
35183000
35181000
35179000
35177000
35175000
35173000
35171000
35169000
35167000
35165000
35163000
35161000
35159000
35157000
35155000
35153000
35151000
35149000
35147000
35145000
35143000
35141000
35139000
35137000
35135000
35133000
35131000
35129000
35127000
35125000
35123000
35121000
35119000
35117000
35115000
35113000
35111000
35109000
35107000
35105000
35103000
35101000
35099000
35097000
35095000
35093000
35091000
35089000
35087000
35085000
35083000
35081000
35079000
35077000
35075000
35073000
35071000
35069000
35067000
35065000
35063000
35061000
35059000
35057000
35055000
35053000
35051000
35049000
35047000
35045000
35043000
35041000
35039000
35037000
35035000
35033000
35031000
35029000
35027000
35025000
35023000
35021000
35019000
35017000
35015000
35013000
35011000
35009000
35007000
35005000
35003000
35001000
34999000
34997000
34995000
34993000
34991000
34989000
34987000
34985000
34983000
34981000
34979000
34977000
34975000
34973000
34971000
34969000
34967000
34965000
34963000
34961000
34959000
34957000
34955000
34953000
34951000
34949000
34947000
34945000
34943000
34941000
34939000
34937000
34935000
34933000
34931000
34929000
34927000
34925000
34923000
34921000
34919000
34917000
34915000
34913000
34911000
34909000
34907000
34905000
34903000
34901000
34899000
34897000
34895000
34893000
34891000
34889000
34887000
34885000
34883000
34881000
34879000
34877000
34875000
34873000
34871000
34869000
34867000
34865000
34863000
34861000
34859000
34857000
34855000
34853000
34851000
34849000
34847000
34845000
34843000
34841000
34839000
34837000
34835000
34833000
34831000
34829000
34827000
34825000
34823000
34821000
34819000
34817000
34815000
34813000
34811000
34809000
34807000
34805000
34803000
34801000
34799000
34797000
34795000
34793000
34791000
34789000
34787000
34785000
34783000
34781000
34779000
34777000
34775000
34773000
34771000
34769000
34767000
34765000
34763000
34761000
34759000
34757000
34755000
34753000
34751000
34749000
34747000
34745000
34743000
34741000
34739000
34737000
34735000
34733000
34731000
34729000
34727000
34725000
34723000
34721000
34719000
34717000
34715000
34713000
34711000
34709000
34707000
34705000
34703000
34701000
34699000
34697000
34695000
34693000
34691000
34689000
34687000
34685000
34683000
34681000
34679000
34677000
34675000
34673000
34671000
34669000
34667000
34665000
34663000
34661000
34659000
34657000
34655000
34653000
34651000
34649000
34647000
34645000
34643000
34641000
34639000
34637000
34635000
34633000
34631000
34629000
34627000
34625000
34623000
34621000
34619000
34617000
34615000
34613000
34611000
34609000
34607000
34605000
34603000
34601000
34599000
34597000
34595000
34593000
34591000
34589000
34587000
34585000
34583000
34581000
34579000
34577000
34575000
34573000
34571000
34569000
34567000
34565000
34563000
34561000
34559000
34557000
34555000
34553000
34551000
34549000
34547000
34545000
34543000
34541000
34539000
34537000
34535000
34533000
34531000
34529000
34527000
34525000
34523000
34521000
34519000
34517000
34515000
34513000
34511000
34509000
34507000
34505000
34503000
34501000
34499000
34497000
34495000
34493000
34491000
34489000
34487000
34485000
34483000
34481000
34479000
34477000
34475000
34473000
34471000
34469000
34467000
34465000
34463000
34461000
34459000
34457000
34455000
34453000
34451000
34449000
34447000
34445000
34443000
34441000
34439000
34437000
34435000
34433000
34431000
34429000
34427000
34425000
34423000
34421000
34419000
34417000
34415000
34413000
34411000
34409000
34407000
34405000
34403000
34401000
34399000
34397000
34395000
34393000
34391000
34389000
34387000
34385000
34383000
34381000
34379000
34377000
34375000
34373000
34371000
34369000
34367000
34365000
34363000
34361000
34359000
34357000
34355000
34353000
34351000
34349000
34347000
34345000
34343000
34341000
34339000
34337000
34335000
34333000
34331000
34329000
34327000
34325000
34323000
34321000
34319000
34317000
34315000
34313000
34311000
34309000
34307000
34305000
34303000
34301000
34299000
34297000
34295000
34293000
34291000
34289000
34287000
34285000
34283000
34281000
34279000
34277000
34275000
34273000
34271000
34269000
34267000
34265000
34263000
34261000
34259000
34257000
34255000
34253000
34251000
34249000
34247000
34245000
34243000
34241000
34239000
34237000
34235000
34233000
34231000
34229000
34227000
34225000
34223000
34221000
34219000
34217000
34215000
34213000
34211000
34209000
34207000
34205000
34203000
34201000
34199000
34197000
34195000
34193000
34191000
34189000
34187000
34185000
34183000
34181000
34179000
34177000
34175000
34173000
34171000
34169000
34167000
34165000
34163000
34161000
34159000
34157000
34155000
34153000
34151000
34149000
34147000
34145000
34143000
34141000
34139000
34137000
34135000
34133000
34131000
34129000
34127000
34125000
34123000
34121000
34119000
34117000
34115000
34113000
34111000
34109000
34107000
34105000
34103000
34101000
34099000
34097000
34095000
34093000
34091000
34089000
34087000
34085000
34083000
34081000
34079000
34077000
34075000
34073000
34071000
34069000
34067000
34065000
34063000
34061000
34059000
34057000
34055000
34053000
34051000
34049000
34047000
34045000
34043000
34041000
34039000
34037000
34035000
34033000
34031000
34029000
34027000
34025000
34023000
34021000
34019000
34017000
34015000
34013000
34011000
34009000
34007000
34005000
34003000
34001000
33999000
33997000
33995000
33993000
33991000
33989000
33987000
33985000
33983000
33981000
33979000
33977000
33975000
33973000
33971000
33969000
33967000
33965000
33963000
33961000
33959000
33957000
33955000
33953000
33951000
33949000
33947000
33945000
33943000
33941000
33939000
33937000
33935000
33933000
33931000
33929000
33927000
33925000
33923000
33921000
33919000
33917000
33915000
33913000
33911000
33909000
33907000
33905000
33903000
33901000
33899000
33897000
33895000
33893000
33891000
33889000
33887000
33885000
33883000
33881000
33879000
33877000
33875000
33873000
33871000
33869000
33867000
33865000
33863000
33861000
33859000
33857000
33855000
33853000
33851000
33849000
33847000
33845000
33843000
33841000
33839000
33837000
33835000
33833000
33831000
33829000
33827000
33825000
33823000
33821000
33819000
33817000
33815000
33813000
33811000
33809000
33807000
33805000
33803000
33801000
33799000
33797000
33795000
33793000
33791000
33789000
33787000
33785000
33783000
33781000
33779000
33777000
33775000
33773000
33771000
33769000
33767000
33765000
33763000
33761000
33759000
33757000
33755000
33753000
33751000
33749000
33747000
33745000
33743000
33741000
33739000
33737000
33735000
33733000
33731000
33729000
33727000
33725000
33723000
33721000
33719000
33717000
33715000
33713000
33711000
33709000
33707000
33705000
33703000
33701000
33699000
33697000
33695000
33693000
33691000
33689000
33687000
33685000
33683000
33681000
33679000
33677000
33675000
33673000
33671000
33669000
33667000
33665000
33663000
33661000
33659000
33657000
33655000
33653000
33651000
33649000
33647000
33645000
33643000
33641000
33639000
33637000
33635000
33633000
33631000
33629000
33627000
33625000
33623000
33621000
33619000
33617000
33615000
33613000
33611000
33609000
33607000
33605000
33603000
33601000
33599000
33597000
33595000
33593000
33591000
33589000
33587000
33585000
33583000
33581000
33579000
33577000
33575000
33573000
33571000
33569000
33567000
33565000
33563000
33561000
33559000
33557000
33555000
33553000
33551000
33549000
33547000
33545000
33543000
33541000
33539000
33537000
33535000
33533000
33531000
33529000
33527000
33525000
33523000
33521000
33519000
33517000
33515000
33513000
33511000
33509000
33507000
33505000
33503000
33501000
33499000
33497000
33495000
33493000
33491000
33489000
33487000
33485000
33483000
33481000
33479000
33477000
33475000
33473000
33471000
33469000
33467000
33465000
33463000
33461000
33459000
33457000
33455000
33453000
33451000
33449000
33447000
33445000
33443000
33441000
33439000
33437000
33435000
33433000
33431000
33429000
33427000
33425000
33423000
33421000
33419000
33417000
33415000
33413000
33411000
33409000
33407000
33405000
33403000
33401000
33399000
33397000
33395000
33393000
33391000
33389000
33387000
33385000
33383000
33381000
33379000
33377000
33375000
33373000
33371000
33369000
33367000
33365000
33363000
33361000
33359000
33357000
33355000
33353000
33351000
33349000
33347000
33345000
33343000
33341000
33339000
33337000
33335000
33333000
33331000
33329000
33327000
33325000
33323000
33321000
33319000
33317000
33315000
33313000
33311000
33309000
33307000
33305000
33303000
33301000
33299000
33297000
33295000
33293000
33291000
33289000
33287000
33285000
33283000
33281000
33279000
33277000
33275000
33273000
33271000
33269000
33267000
33265000
33263000
33261000
33259000
33257000
33255000
33253000
33251000
33249000
33247000
33245000
33243000
33241000
33239000
33237000
33235000
33233000
33231000
33229000
33227000
33225000
33223000
33221000
33219000
33217000
33215000
33213000
33211000
33209000
33207000
33205000
33203000
33201000
33199000
33197000
33195000
33193000
33191000
33189000
33187000
33185000
33183000
33181000
33179000
33177000
33175000
33173000
33171000
33169000
33167000
33165000
33163000
33161000
33159000
33157000
33155000
33153000
33151000
33149000
33147000
33145000
33143000
33141000
33139000
33137000
33135000
33133000
33131000
33129000
33127000
33125000
33123000
33121000
33119000
33117000
33115000
33113000
33111000
33109000
33107000
33105000
33103000
33101000
33099000
33097000
33095000
33093000
33091000
33089000
33087000
33085000
33083000
33081000
33079000
33077000
33075000
33073000
33071000
33069000
33067000
33065000
33063000
33061000
33059000
33057000
33055000
33053000
33051000
33049000
33047000
33045000
33043000
33041000
33039000
33037000
33035000
33033000
33031000
33029000
33027000
33025000
33023000
33021000
33019000
33017000
33015000
33013000
33011000
33009000
33007000
33005000
33003000
33001000
32999000
32997000
32995000
32993000
32991000
32989000
32987000
32985000
32983000
32981000
32979000
32977000
32975000
32973000
32971000
32969000
32967000
32965000
32963000
32961000
32959000
32957000
32955000
32953000
32951000
32949000
32947000
32945000
32943000
32941000
32939000
32937000
32935000
32933000
32931000
32929000
32927000
32925000
32923000
32921000
32919000
32917000
32915000
32913000
32911000
32909000
32907000
32905000
32903000
32901000
32899000
32897000
32895000
32893000
32891000
32889000
32887000
32885000
32883000
32881000
32879000
32877000
32875000
32873000
32871000
32869000
32867000
32865000
32863000
32861000
32859000
32857000
32855000
32853000
32851000
32849000
32847000
32845000
32843000
32841000
32839000
32837000
32835000
32833000
32831000
32829000
32827000
32825000
32823000
32821000
32819000
32817000
32815000
32813000
32811000
32809000
32807000
32805000
32803000
32801000
32799000
32797000
32795000
32793000
32791000
32789000
32787000
32785000
32783000
32781000
32779000
32777000
32775000
32773000
32771000
32769000
32767000
32765000
32763000
32761000
32759000
32757000
32755000
32753000
32751000
32749000
32747000
32745000
32743000
32741000
32739000
32737000
32735000
32733000
32731000
32729000
32727000
32725000
32723000
32721000
32719000
32717000
32715000
32713000
32711000
32709000
32707000
32705000
32703000
32701000
32699000
32697000
32695000
32693000
32691000
32689000
32687000
32685000
32683000
32681000
32679000
32677000
32675000
32673000
32671000
32669000
32667000
32665000
32663000
32661000
32659000
32657000
32655000
32653000
32651000
32649000
32647000
32645000
32643000
32641000
32639000
32637000
32635000
32633000
32631000
32629000
32627000
32625000
32623000
32621000
32619000
32617000
32615000
32613000
32611000
32609000
32607000
32605000
32603000
32601000
32599000
32597000
32595000
32593000
32591000
32589000
32587000
32585000
32583000
32581000
32579000
32577000
32575000
32573000
32571000
32569000
32567000
32565000
32563000
32561000
32559000
32557000
32555000
32553000
32551000
32549000
32547000
32545000
32543000
32541000
32539000
32537000
32535000
32533000
32531000
32529000
32527000
32525000
32523000
32521000
32519000
32517000
32515000
32513000
32511000
32509000
32507000
32505000
32503000
32501000
32499000
32497000
32495000
32493000
32491000
32489000
32487000
32485000
32483000
32481000
32479000
32477000
32475000
32473000
32471000
32469000
32467000
32465000
32463000
32461000
32459000
32457000
32455000
32453000
32451000
32449000
32447000
32445000
32443000
32441000
32439000
32437000
32435000
32433000
32431000
32429000
32427000
32425000
32423000
32421000
32419000
32417000
32415000
32413000
32411000
32409000
32407000
32405000
32403000
32401000
32399000
32397000
32395000
32393000
32391000
32389000
32387000
32385000
32383000
32381000
32379000
32377000
32375000
32373000
32371000
32369000
32367000
32365000
32363000
32361000
32359000
32357000
32355000
32353000
32351000
32349000
32347000
32345000
32343000
32341000
32339000
32337000
32335000
32333000
32331000
32329000
32327000
32325000
32323000
32321000
32319000
32317000
32315000
32313000
32311000
32309000
32307000
32305000
32303000
32301000
32299000
32297000
32295000
32293000
32291000
32289000
32287000
32285000
32283000
32281000
32279000
32277000
32275000
32273000
32271000
32269000
32267000
32265000
32263000
32261000
32259000
32257000
32255000
32253000
32251000
32249000
32247000
32245000
32243000
32241000
32239000
32237000
32235000
32233000
32231000
32229000
32227000
32225000
32223000
32221000
32219000
32217000
32215000
32213000
32211000
32209000
32207000
32205000
32203000
32201000
32199000
32197000
32195000
32193000
32191000
32189000
32187000
32185000
32183000
32181000
32179000
32177000
32175000
32173000
32171000
32169000
32167000
32165000
32163000
32161000
32159000
32157000
32155000
32153000
32151000
32149000
32147000
32145000
32143000
32141000
32139000
32137000
32135000
32133000
32131000
32129000
32127000
32125000
32123000
32121000
32119000
32117000
32115000
32113000
32111000
32109000
32107000
32105000
32103000
32101000
32099000
32097000
32095000
32093000
32091000
32089000
32087000
32085000
32083000
32081000
32079000
32077000
32075000
32073000
32071000
32069000
32067000
32065000
32063000
32061000
32059000
32057000
32055000
32053000
32051000
32049000
32047000
32045000
32043000
32041000
32039000
32037000
32035000
32033000
32031000
32029000
32027000
32025000
32023000
32021000
32019000
32017000
32015000
32013000
32011000
32009000
32007000
32005000
32003000
32001000
31999000
31997000
31995000
31993000
31991000
31989000
31987000
31985000
31983000
31981000
31979000
31977000
31975000
31973000
31971000
31969000
31967000
31965000
31963000
31961000
31959000
31957000
31955000
31953000
31951000
31949000
31947000
31945000
31943000
31941000
31939000
31937000
31935000
31933000
31931000
31929000
31927000
31925000
31923000
31921000
31919000
31917000
31915000
31913000
31911000
31909000
31907000
31905000
31903000
31901000
31899000
31897000
31895000
31893000
31891000
31889000
31887000
31885000
31883000
31881000
31879000
31877000
31875000
31873000
31871000
31869000
31867000
31865000
31863000
31861000
31859000
31857000
31855000
31853000
31851000
31849000
31847000
31845000
31843000
31841000
31839000
31837000
31835000
31833000
31831000
31829000
31827000
31825000
31823000
31821000
31819000
31817000
31815000
31813000
31811000
31809000
31807000
31805000
31803000
31801000
31799000
31797000
31795000
31793000
31791000
31789000
31787000
31785000
31783000
31781000
31779000
31777000
31775000
31773000
31771000
31769000
31767000
31765000
31763000
31761000
31759000
31757000
31755000
31753000
31751000
31749000
31747000
31745000
31743000
31741000
31739000
31737000
31735000
31733000
31731000
31729000
31727000
31725000
31723000
31721000
31719000
31717000
31715000
31713000
31711000
31709000
31707000
31705000
31703000
31701000
31699000
31697000
31695000
31693000
31691000
31689000
31687000
31685000
31683000
31681000
31679000
31677000
31675000
31673000
31671000
31669000
31667000
31665000
31663000
31661000
31659000
31657000
31655000
31653000
31651000
31649000
31647000
31645000
31643000
31641000
31639000
31637000
31635000
31633000
31631000
31629000
31627000
31625000
31623000
31621000
31619000
31617000
31615000
31613000
31611000
31609000
31607000
31605000
31603000
31601000
31599000
31597000
31595000
31593000
31591000
31589000
31587000
31585000
31583000
31581000
31579000
31577000
31575000
31573000
31571000
31569000
31567000
31565000
31563000
31561000
31559000
31557000
31555000
31553000
31551000
31549000
31547000
31545000
31543000
31541000
31539000
31537000
31535000
31533000
31531000
31529000
31527000
31525000
31523000
31521000
31519000
31517000
31515000
31513000
31511000
31509000
31507000
31505000
31503000
31501000
31499000
31497000
31495000
31493000
31491000
31489000
31487000
31485000
31483000
31481000
31479000
31477000
31475000
31473000
31471000
31469000
31467000
31465000
31463000
31461000
31459000
31457000
31455000
31453000
31451000
31449000
31447000
31445000
31443000
31441000
31439000
31437000
31435000
31433000
31431000
31429000
31427000
31425000
31423000
31421000
31419000
31417000
31415000
31413000
31411000
31409000
31407000
31405000
31403000
31401000
31399000
31397000
31395000
31393000
31391000
31389000
31387000
31385000
31383000
31381000
31379000
31377000
31375000
31373000
31371000
31369000
31367000
31365000
31363000
31361000
31359000
31357000
31355000
31353000
31351000
31349000
31347000
31345000
31343000
31341000
31339000
31337000
31335000
31333000
31331000
31329000
31327000
31325000
31323000
31321000
31319000
31317000
31315000
31313000
31311000
31309000
31307000
31305000
31303000
31301000
31299000
31297000
31295000
31293000
31291000
31289000
31287000
31285000
31283000
31281000
31279000
31277000
31275000
31273000
31271000
31269000
31267000
31265000
31263000
31261000
31259000
31257000
31255000
31253000
31251000
31249000
31247000
31245000
31243000
31241000
31239000
31237000
31235000
31233000
31231000
31229000
31227000
31225000
31223000
31221000
31219000
31217000
31215000
31213000
31211000
31209000
31207000
31205000
31203000
31201000
31199000
31197000
31195000
31193000
31191000
31189000
31187000
31185000
31183000
31181000
31179000
31177000
31175000
31173000
31171000
31169000
31167000
31165000
31163000
31161000
31159000
31157000
31155000
31153000
31151000
31149000
31147000
31145000
31143000
31141000
31139000
31137000
31135000
31133000
31131000
31129000
31127000
31125000
31123000
31121000
31119000
31117000
31115000
31113000
31111000
31109000
31107000
31105000
31103000
31101000
31099000
31097000
31095000
31093000
31091000
31089000
31087000
31085000
31083000
31081000
31079000
31077000
31075000
31073000
31071000
31069000
31067000
31065000
31063000
31061000
31059000
31057000
31055000
31053000
31051000
31049000
31047000
31045000
31043000
31041000
31039000
31037000
31035000
31033000
31031000
31029000
31027000
31025000
31023000
31021000
31019000
31017000
31015000
31013000
31011000
31009000
31007000
31005000
31003000
31001000
30999000
30997000
30995000
30993000
30991000
30989000
30987000
30985000
30983000
30981000
30979000
30977000
30975000
30973000
30971000
30969000
30967000
30965000
30963000
30961000
30959000
30957000
30955000
30953000
30951000
30949000
30947000
30945000
30943000
30941000
30939000
30937000
30935000
30933000
30931000
30929000
30927000
30925000
30923000
30921000
30919000
30917000
30915000
30913000
30911000
30909000
30907000
30905000
30903000
30901000
30899000
30897000
30895000
30893000
30891000
30889000
30887000
30885000
30883000
30881000
30879000
30877000
30875000
30873000
30871000
30869000
30867000
30865000
30863000
30861000
30859000
30857000
30855000
30853000
30851000
30849000
30847000
30845000
30843000
30841000
30839000
30837000
30835000
30833000
30831000
30829000
30827000
30825000
30823000
30821000
30819000
30817000
30815000
30813000
30811000
30809000
30807000
30805000
30803000
30801000
30799000
30797000
30795000
30793000
30791000
30789000
30787000
30785000
30783000
30781000
30779000
30777000
30775000
30773000
30771000
30769000
30767000
30765000
30763000
30761000
30759000
30757000
30755000
30753000
30751000
30749000
30747000
30745000
30743000
30741000
30739000
30737000
30735000
30733000
30731000
30729000
30727000
30725000
30723000
30721000
30719000
30717000
30715000
30713000
30711000
30709000
30707000
30705000
30703000
30701000
30699000
30697000
30695000
30693000
30691000
30689000
30687000
30685000
30683000
30681000
30679000
30677000
30675000
30673000
30671000
30669000
30667000
30665000
30663000
30661000
30659000
30657000
30655000
30653000
30651000
30649000
30647000
30645000
30643000
30641000
30639000
30637000
30635000
30633000
30631000
30629000
30627000
30625000
30623000
30621000
30619000
30617000
30615000
30613000
30611000
30609000
30607000
30605000
30603000
30601000
30599000
30597000
30595000
30593000
30591000
30589000
30587000
30585000
30583000
30581000
30579000
30577000
30575000
30573000
30571000
30569000
30567000
30565000
30563000
30561000
30559000
30557000
30555000
30553000
30551000
30549000
30547000
30545000
30543000
30541000
30539000
30537000
30535000
30533000
30531000
30529000
30527000
30525000
30523000
30521000
30519000
30517000
30515000
30513000
30511000
30509000
30507000
30505000
30503000
30501000
30499000
30497000
30495000
30493000
30491000
30489000
30487000
30485000
30483000
30481000
30479000
30477000
30475000
30473000
30471000
30469000
30467000
30465000
30463000
30461000
30459000
30457000
30455000
30453000
30451000
30449000
30447000
30445000
30443000
30441000
30439000
30437000
30435000
30433000
30431000
30429000
30427000
30425000
30423000
30421000
30419000
30417000
30415000
30413000
30411000
30409000
30407000
30405000
30403000
30401000
30399000
30397000
30395000
30393000
30391000
30389000
30387000
30385000
30383000
30381000
30379000
30377000
30375000
30373000
30371000
30369000
30367000
30365000
30363000
30361000
30359000
30357000
30355000
30353000
30351000
30349000
30347000
30345000
30343000
30341000
30339000
30337000
30335000
30333000
30331000
30329000
30327000
30325000
30323000
30321000
30319000
30317000
30315000
30313000
30311000
30309000
30307000
30305000
30303000
30301000
30299000
30297000
30295000
30293000
30291000
30289000
30287000
30285000
30283000
30281000
30279000
30277000
30275000
30273000
30271000
30269000
30267000
30265000
30263000
30261000
30259000
30257000
30255000
30253000
30251000
30249000
30247000
30245000
30243000
30241000
30239000
30237000
30235000
30233000
30231000
30229000
30227000
30225000
30223000
30221000
30219000
30217000
30215000
30213000
30211000
30209000
30207000
30205000
30203000
30201000
30199000
30197000
30195000
30193000
30191000
30189000
30187000
30185000
30183000
30181000
30179000
30177000
30175000
30173000
30171000
30169000
30167000
30165000
30163000
30161000
30159000
30157000
30155000
30153000
30151000
30149000
30147000
30145000
30143000
30141000
30139000
30137000
30135000
30133000
30131000
30129000
30127000
30125000
30123000
30121000
30119000
30117000
30115000
30113000
30111000
30109000
30107000
30105000
30103000
30101000
30099000
30097000
30095000
30093000
30091000
30089000
30087000
30085000
30083000
30081000
30079000
30077000
30075000
30073000
30071000
30069000
30067000
30065000
30063000
30061000
30059000
30057000
30055000
30053000
30051000
30049000
30047000
30045000
30043000
30041000
30039000
30037000
30035000
30033000
30031000
30029000
30027000
30025000
30023000
30021000
30019000
30017000
30015000
30013000
30011000
30009000
30007000
30005000
30003000
30001000
29999000
29997000
29995000
29993000
29991000
29989000
29987000
29985000
29983000
29981000
29979000
29977000
29975000
29973000
29971000
29969000
29967000
29965000
29963000
29961000
29959000
29957000
29955000
29953000
29951000
29949000
29947000
29945000
29943000
29941000
29939000
29937000
29935000
29933000
29931000
29929000
29927000
29925000
29923000
29921000
29919000
29917000
29915000
29913000
29911000
29909000
29907000
29905000
29903000
29901000
29899000
29897000
29895000
29893000
29891000
29889000
29887000
29885000
29883000
29881000
29879000
29877000
29875000
29873000
29871000
29869000
29867000
29865000
29863000
29861000
29859000
29857000
29855000
29853000
29851000
29849000
29847000
29845000
29843000
29841000
29839000
29837000
29835000
29833000
29831000
29829000
29827000
29825000
29823000
29821000
29819000
29817000
29815000
29813000
29811000
29809000
29807000
29805000
29803000
29801000
29799000
29797000
29795000
29793000
29791000
29789000
29787000
29785000
29783000
29781000
29779000
29777000
29775000
29773000
29771000
29769000
29767000
29765000
29763000
29761000
29759000
29757000
29755000
29753000
29751000
29749000
29747000
29745000
29743000
29741000
29739000
29737000
29735000
29733000
29731000
29729000
29727000
29725000
29723000
29721000
29719000
29717000
29715000
29713000
29711000
29709000
29707000
29705000
29703000
29701000
29699000
29697000
29695000
29693000
29691000
29689000
29687000
29685000
29683000
29681000
29679000
29677000
29675000
29673000
29671000
29669000
29667000
29665000
29663000
29661000
29659000
29657000
29655000
29653000
29651000
29649000
29647000
29645000
29643000
29641000
29639000
29637000
29635000
29633000
29631000
29629000
29627000
29625000
29623000
29621000
29619000
29617000
29615000
29613000
29611000
29609000
29607000
29605000
29603000
29601000
29599000
29597000
29595000
29593000
29591000
29589000
29587000
29585000
29583000
29581000
29579000
29577000
29575000
29573000
29571000
29569000
29567000
29565000
29563000
29561000
29559000
29557000
29555000
29553000
29551000
29549000
29547000
29545000
29543000
29541000
29539000
29537000
29535000
29533000
29531000
29529000
29527000
29525000
29523000
29521000
29519000
29517000
29515000
29513000
29511000
29509000
29507000
29505000
29503000
29501000
29499000
29497000
29495000
29493000
29491000
29489000
29487000
29485000
29483000
29481000
29479000
29477000
29475000
29473000
29471000
29469000
29467000
29465000
29463000
29461000
29459000
29457000
29455000
29453000
29451000
29449000
29447000
29445000
29443000
29441000
29439000
29437000
29435000
29433000
29431000
29429000
29427000
29425000
29423000
29421000
29419000
29417000
29415000
29413000
29411000
29409000
29407000
29405000
29403000
29401000
29399000
29397000
29395000
29393000
29391000
29389000
29387000
29385000
29383000
29381000
29379000
29377000
29375000
29373000
29371000
29369000
29367000
29365000
29363000
29361000
29359000
29357000
29355000
29353000
29351000
29349000
29347000
29345000
29343000
29341000
29339000
29337000
29335000
29333000
29331000
29329000
29327000
29325000
29323000
29321000
29319000
29317000
29315000
29313000
29311000
29309000
29307000
29305000
29303000
29301000
29299000
29297000
29295000
29293000
29291000
29289000
29287000
29285000
29283000
29281000
29279000
29277000
29275000
29273000
29271000
29269000
29267000
29265000
29263000
29261000
29259000
29257000
29255000
29253000
29251000
29249000
29247000
29245000
29243000
29241000
29239000
29237000
29235000
29233000
29231000
29229000
29227000
29225000
29223000
29221000
29219000
29217000
29215000
29213000
29211000
29209000
29207000
29205000
29203000
29201000
29199000
29197000
29195000
29193000
29191000
29189000
29187000
29185000
29183000
29181000
29179000
29177000
29175000
29173000
29171000
29169000
29167000
29165000
29163000
29161000
29159000
29157000
29155000
29153000
29151000
29149000
29147000
29145000
29143000
29141000
29139000
29137000
29135000
29133000
29131000
29129000
29127000
29125000
29123000
29121000
29119000
29117000
29115000
29113000
29111000
29109000
29107000
29105000
29103000
29101000
29099000
29097000
29095000
29093000
29091000
29089000
29087000
29085000
29083000
29081000
29079000
29077000
29075000
29073000
29071000
29069000
29067000
29065000
29063000
29061000
29059000
29057000
29055000
29053000
29051000
29049000
29047000
29045000
29043000
29041000
29039000
29037000
29035000
29033000
29031000
29029000
29027000
29025000
29023000
29021000
29019000
29017000
29015000
29013000
29011000
29009000
29007000
29005000
29003000
29001000
28999000
28997000
28995000
28993000
28991000
28989000
28987000
28985000
28983000
28981000
28979000
28977000
28975000
28973000
28971000
28969000
28967000
28965000
28963000
28961000
28959000
28957000
28955000
28953000
28951000
28949000
28947000
28945000
28943000
28941000
28939000
28937000
28935000
28933000
28931000
28929000
28927000
28925000
28923000
28921000
28919000
28917000
28915000
28913000
28911000
28909000
28907000
28905000
28903000
28901000
28899000
28897000
28895000
28893000
28891000
28889000
28887000
28885000
28883000
28881000
28879000
28877000
28875000
28873000
28871000
28869000
28867000
28865000
28863000
28861000
28859000
28857000
28855000
28853000
28851000
28849000
28847000
28845000
28843000
28841000
28839000
28837000
28835000
28833000
28831000
28829000
28827000
28825000
28823000
28821000
28819000
28817000
28815000
28813000
28811000
28809000
28807000
28805000
28803000
28801000
28799000
28797000
28795000
28793000
28791000
28789000
28787000
28785000
28783000
28781000
28779000
28777000
28775000
28773000
28771000
28769000
28767000
28765000
28763000
28761000
28759000
28757000
28755000
28753000
28751000
28749000
28747000
28745000
28743000
28741000
28739000
28737000
28735000
28733000
28731000
28729000
28727000
28725000
28723000
28721000
28719000
28717000
28715000
28713000
28711000
28709000
28707000
28705000
28703000
28701000
28699000
28697000
28695000
28693000
28691000
28689000
28687000
28685000
28683000
28681000
28679000
28677000
28675000
28673000
28671000
28669000
28667000
28665000
28663000
28661000
28659000
28657000
28655000
28653000
28651000
28649000
28647000
28645000
28643000
28641000
28639000
28637000
28635000
28633000
28631000
28629000
28627000
28625000
28623000
28621000
28619000
28617000
28615000
28613000
28611000
28609000
28607000
28605000
28603000
28601000
28599000
28597000
28595000
28593000
28591000
28589000
28587000
28585000
28583000
28581000
28579000
28577000
28575000
28573000
28571000
28569000
28567000
28565000
28563000
28561000
28559000
28557000
28555000
28553000
28551000
28549000
28547000
28545000
28543000
28541000
28539000
28537000
28535000
28533000
28531000
28529000
28527000
28525000
28523000
28521000
28519000
28517000
28515000
28513000
28511000
28509000
28507000
28505000
28503000
28501000
28499000
28497000
28495000
28493000
28491000
28489000
28487000
28485000
28483000
28481000
28479000
28477000
28475000
28473000
28471000
28469000
28467000
28465000
28463000
28461000
28459000
28457000
28455000
28453000
28451000
28449000
28447000
28445000
28443000
28441000
28439000
28437000
28435000
28433000
28431000
28429000
28427000
28425000
28423000
28421000
28419000
28417000
28415000
28413000
28411000
28409000
28407000
28405000
28403000
28401000
28399000
28397000
28395000
28393000
28391000
28389000
28387000
28385000
28383000
28381000
28379000
28377000
28375000
28373000
28371000
28369000
28367000
28365000
28363000
28361000
28359000
28357000
28355000
28353000
28351000
28349000
28347000
28345000
28343000
28341000
28339000
28337000
28335000
28333000
28331000
28329000
28327000
28325000
28323000
28321000
28319000
28317000
28315000
28313000
28311000
28309000
28307000
28305000
28303000
28301000
28299000
28297000
28295000
28293000
28291000
28289000
28287000
28285000
28283000
28281000
28279000
28277000
28275000
28273000
28271000
28269000
28267000
28265000
28263000
28261000
28259000
28257000
28255000
28253000
28251000
28249000
28247000
28245000
28243000
28241000
28239000
28237000
28235000
28233000
28231000
28229000
28227000
28225000
28223000
28221000
28219000
28217000
28215000
28213000
28211000
28209000
28207000
28205000
28203000
28201000
28199000
28197000
28195000
28193000
28191000
28189000
28187000
28185000
28183000
28181000
28179000
28177000
28175000
28173000
28171000
28169000
28167000
28165000
28163000
28161000
28159000
28157000
28155000
28153000
28151000
28149000
28147000
28145000
28143000
28141000
28139000
28137000
28135000
28133000
28131000
28129000
28127000
28125000
28123000
28121000
28119000
28117000
28115000
28113000
28111000
28109000
28107000
28105000
28103000
28101000
28099000
28097000
28095000
28093000
28091000
28089000
28087000
28085000
28083000
28081000
28079000
28077000
28075000
28073000
28071000
28069000
28067000
28065000
28063000
28061000
28059000
28057000
28055000
28053000
28051000
28049000
28047000
28045000
28043000
28041000
28039000
28037000
28035000
28033000
28031000
28029000
28027000
28025000
28023000
28021000
28019000
28017000
28015000
28013000
28011000
28009000
28007000
28005000
28003000
28001000
27999000
27997000
27995000
27993000
27991000
27989000
27987000
27985000
27983000
27981000
27979000
27977000
27975000
27973000
27971000
27969000
27967000
27965000
27963000
27961000
27959000
27957000
27955000
27953000
27951000
27949000
27947000
27945000
27943000
27941000
27939000
27937000
27935000
27933000
27931000
27929000
27927000
27925000
27923000
27921000
27919000
27917000
27915000
27913000
27911000
27909000
27907000
27905000
27903000
27901000
27899000
27897000
27895000
27893000
27891000
27889000
27887000
27885000
27883000
27881000
27879000
27877000
27875000
27873000
27871000
27869000
27867000
27865000
27863000
27861000
27859000
27857000
27855000
27853000
27851000
27849000
27847000
27845000
27843000
27841000
27839000
27837000
27835000
27833000
27831000
27829000
27827000
27825000
27823000
27821000
27819000
27817000
27815000
27813000
27811000
27809000
27807000
27805000
27803000
27801000
27799000
27797000
27795000
27793000
27791000
27789000
27787000
27785000
27783000
27781000
27779000
27777000
27775000
27773000
27771000
27769000
27767000
27765000
27763000
27761000
27759000
27757000
27755000
27753000
27751000
27749000
27747000
27745000
27743000
27741000
27739000
27737000
27735000
27733000
27731000
27729000
27727000
27725000
27723000
27721000
27719000
27717000
27715000
27713000
27711000
27709000
27707000
27705000
27703000
27701000
27699000
27697000
27695000
27693000
27691000
27689000
27687000
27685000
27683000
27681000
27679000
27677000
27675000
27673000
27671000
27669000
27667000
27665000
27663000
27661000
27659000
27657000
27655000
27653000
27651000
27649000
27647000
27645000
27643000
27641000
27639000
27637000
27635000
27633000
27631000
27629000
27627000
27625000
27623000
27621000
27619000
27617000
27615000
27613000
27611000
27609000
27607000
27605000
27603000
27601000
27599000
27597000
27595000
27593000
27591000
27589000
27587000
27585000
27583000
27581000
27579000
27577000
27575000
27573000
27571000
27569000
27567000
27565000
27563000
27561000
27559000
27557000
27555000
27553000
27551000
27549000
27547000
27545000
27543000
27541000
27539000
27537000
27535000
27533000
27531000
27529000
27527000
27525000
27523000
27521000
27519000
27517000
27515000
27513000
27511000
27509000
27507000
27505000
27503000
27501000
27499000
27497000
27495000
27493000
27491000
27489000
27487000
27485000
27483000
27481000
27479000
27477000
27475000
27473000
27471000
27469000
27467000
27465000
27463000
27461000
27459000
27457000
27455000
27453000
27451000
27449000
27447000
27445000
27443000
27441000
27439000
27437000
27435000
27433000
27431000
27429000
27427000
27425000
27423000
27421000
27419000
27417000
27415000
27413000
27411000
27409000
27407000
27405000
27403000
27401000
27399000
27397000
27395000
27393000
27391000
27389000
27387000
27385000
27383000
27381000
27379000
27377000
27375000
27373000
27371000
27369000
27367000
27365000
27363000
27361000
27359000
27357000
27355000
27353000
27351000
27349000
27347000
27345000
27343000
27341000
27339000
27337000
27335000
27333000
27331000
27329000
27327000
27325000
27323000
27321000
27319000
27317000
27315000
27313000
27311000
27309000
27307000
27305000
27303000
27301000
27299000
27297000
27295000
27293000
27291000
27289000
27287000
27285000
27283000
27281000
27279000
27277000
27275000
27273000
27271000
27269000
27267000
27265000
27263000
27261000
27259000
27257000
27255000
27253000
27251000
27249000
27247000
27245000
27243000
27241000
27239000
27237000
27235000
27233000
27231000
27229000
27227000
27225000
27223000
27221000
27219000
27217000
27215000
27213000
27211000
27209000
27207000
27205000
27203000
27201000
27199000
27197000
27195000
27193000
27191000
27189000
27187000
27185000
27183000
27181000
27179000
27177000
27175000
27173000
27171000
27169000
27167000
27165000
27163000
27161000
27159000
27157000
27155000
27153000
27151000
27149000
27147000
27145000
27143000
27141000
27139000
27137000
27135000
27133000
27131000
27129000
27127000
27125000
27123000
27121000
27119000
27117000
27115000
27113000
27111000
27109000
27107000
27105000
27103000
27101000
27099000
27097000
27095000
27093000
27091000
27089000
27087000
27085000
27083000
27081000
27079000
27077000
27075000
27073000
27071000
27069000
27067000
27065000
27063000
27061000
27059000
27057000
27055000
27053000
27051000
27049000
27047000
27045000
27043000
27041000
27039000
27037000
27035000
27033000
27031000
27029000
27027000
27025000
27023000
27021000
27019000
27017000
27015000
27013000
27011000
27009000
27007000
27005000
27003000
27001000
26999000
26997000
26995000
26993000
26991000
26989000
26987000
26985000
26983000
26981000
26979000
26977000
26975000
26973000
26971000
26969000
26967000
26965000
26963000
26961000
26959000
26957000
26955000
26953000
26951000
26949000
26947000
26945000
26943000
26941000
26939000
26937000
26935000
26933000
26931000
26929000
26927000
26925000
26923000
26921000
26919000
26917000
26915000
26913000
26911000
26909000
26907000
26905000
26903000
26901000
26899000
26897000
26895000
26893000
26891000
26889000
26887000
26885000
26883000
26881000
26879000
26877000
26875000
26873000
26871000
26869000
26867000
26865000
26863000
26861000
26859000
26857000
26855000
26853000
26851000
26849000
26847000
26845000
26843000
26841000
26839000
26837000
26835000
26833000
26831000
26829000
26827000
26825000
26823000
26821000
26819000
26817000
26815000
26813000
26811000
26809000
26807000
26805000
26803000
26801000
26799000
26797000
26795000
26793000
26791000
26789000
26787000
26785000
26783000
26781000
26779000
26777000
26775000
26773000
26771000
26769000
26767000
26765000
26763000
26761000
26759000
26757000
26755000
26753000
26751000
26749000
26747000
26745000
26743000
26741000
26739000
26737000
26735000
26733000
26731000
26729000
26727000
26725000
26723000
26721000
26719000
26717000
26715000
26713000
26711000
26709000
26707000
26705000
26703000
26701000
26699000
26697000
26695000
26693000
26691000
26689000
26687000
26685000
26683000
26681000
26679000
26677000
26675000
26673000
26671000
26669000
26667000
26665000
26663000
26661000
26659000
26657000
26655000
26653000
26651000
26649000
26647000
26645000
26643000
26641000
26639000
26637000
26635000
26633000
26631000
26629000
26627000
26625000
26623000
26621000
26619000
26617000
26615000
26613000
26611000
26609000
26607000
26605000
26603000
26601000
26599000
26597000
26595000
26593000
26591000
26589000
26587000
26585000
26583000
26581000
26579000
26577000
26575000
26573000
26571000
26569000
26567000
26565000
26563000
26561000
26559000
26557000
26555000
26553000
26551000
26549000
26547000
26545000
26543000
26541000
26539000
26537000
26535000
26533000
26531000
26529000
26527000
26525000
26523000
26521000
26519000
26517000
26515000
26513000
26511000
26509000
26507000
26505000
26503000
26501000
26499000
26497000
26495000
26493000
26491000
26489000
26487000
26485000
26483000
26481000
26479000
26477000
26475000
26473000
26471000
26469000
26467000
26465000
26463000
26461000
26459000
26457000
26455000
26453000
26451000
26449000
26447000
26445000
26443000
26441000
26439000
26437000
26435000
26433000
26431000
26429000
26427000
26425000
26423000
26421000
26419000
26417000
26415000
26413000
26411000
26409000
26407000
26405000
26403000
26401000
26399000
26397000
26395000
26393000
26391000
26389000
26387000
26385000
26383000
26381000
26379000
26377000
26375000
26373000
26371000
26369000
26367000
26365000
26363000
26361000
26359000
26357000
26355000
26353000
26351000
26349000
26347000
26345000
26343000
26341000
26339000
26337000
26335000
26333000
26331000
26329000
26327000
26325000
26323000
26321000
26319000
26317000
26315000
26313000
26311000
26309000
26307000
26305000
26303000
26301000
26299000
26297000
26295000
26293000
26291000
26289000
26287000
26285000
26283000
26281000
26279000
26277000
26275000
26273000
26271000
26269000
26267000
26265000
26263000
26261000
26259000
26257000
26255000
26253000
26251000
26249000
26247000
26245000
26243000
26241000
26239000
26237000
26235000
26233000
26231000
26229000
26227000
26225000
26223000
26221000
26219000
26217000
26215000
26213000
26211000
26209000
26207000
26205000
26203000
26201000
26199000
26197000
26195000
26193000
26191000
26189000
26187000
26185000
26183000
26181000
26179000
26177000
26175000
26173000
26171000
26169000
26167000
26165000
26163000
26161000
26159000
26157000
26155000
26153000
26151000
26149000
26147000
26145000
26143000
26141000
26139000
26137000
26135000
26133000
26131000
26129000
26127000
26125000
26123000
26121000
26119000
26117000
26115000
26113000
26111000
26109000
26107000
26105000
26103000
26101000
26099000
26097000
26095000
26093000
26091000
26089000
26087000
26085000
26083000
26081000
26079000
26077000
26075000
26073000
26071000
26069000
26067000
26065000
26063000
26061000
26059000
26057000
26055000
26053000
26051000
26049000
26047000
26045000
26043000
26041000
26039000
26037000
26035000
26033000
26031000
26029000
26027000
26025000
26023000
26021000
26019000
26017000
26015000
26013000
26011000
26009000
26007000
26005000
26003000
26001000
25999000
25997000
25995000
25993000
25991000
25989000
25987000
25985000
25983000
25981000
25979000
25977000
25975000
25973000
25971000
25969000
25967000
25965000
25963000
25961000
25959000
25957000
25955000
25953000
25951000
25949000
25947000
25945000
25943000
25941000
25939000
25937000
25935000
25933000
25931000
25929000
25927000
25925000
25923000
25921000
25919000
25917000
25915000
25913000
25911000
25909000
25907000
25905000
25903000
25901000
25899000
25897000
25895000
25893000
25891000
25889000
25887000
25885000
25883000
25881000
25879000
25877000
25875000
25873000
25871000
25869000
25867000
25865000
25863000
25861000
25859000
25857000
25855000
25853000
25851000
25849000
25847000
25845000
25843000
25841000
25839000
25837000
25835000
25833000
25831000
25829000
25827000
25825000
25823000
25821000
25819000
25817000
25815000
25813000
25811000
25809000
25807000
25805000
25803000
25801000
25799000
25797000
25795000
25793000
25791000
25789000
25787000
25785000
25783000
25781000
25779000
25777000
25775000
25773000
25771000
25769000
25767000
25765000
25763000
25761000
25759000
25757000
25755000
25753000
25751000
25749000
25747000
25745000
25743000
25741000
25739000
25737000
25735000
25733000
25731000
25729000
25727000
25725000
25723000
25721000
25719000
25717000
25715000
25713000
25711000
25709000
25707000
25705000
25703000
25701000
25699000
25697000
25695000
25693000
25691000
25689000
25687000
25685000
25683000
25681000
25679000
25677000
25675000
25673000
25671000
25669000
25667000
25665000
25663000
25661000
25659000
25657000
25655000
25653000
25651000
25649000
25647000
25645000
25643000
25641000
25639000
25637000
25635000
25633000
25631000
25629000
25627000
25625000
25623000
25621000
25619000
25617000
25615000
25613000
25611000
25609000
25607000
25605000
25603000
25601000
25599000
25597000
25595000
25593000
25591000
25589000
25587000
25585000
25583000
25581000
25579000
25577000
25575000
25573000
25571000
25569000
25567000
25565000
25563000
25561000
25559000
25557000
25555000
25553000
25551000
25549000
25547000
25545000
25543000
25541000
25539000
25537000
25535000
25533000
25531000
25529000
25527000
25525000
25523000
25521000
25519000
25517000
25515000
25513000
25511000
25509000
25507000
25505000
25503000
25501000
25499000
25497000
25495000
25493000
25491000
25489000
25487000
25485000
25483000
25481000
25479000
25477000
25475000
25473000
25471000
25469000
25467000
25465000
25463000
25461000
25459000
25457000
25455000
25453000
25451000
25449000
25447000
25445000
25443000
25441000
25439000
25437000
25435000
25433000
25431000
25429000
25427000
25425000
25423000
25421000
25419000
25417000
25415000
25413000
25411000
25409000
25407000
25405000
25403000
25401000
25399000
25397000
25395000
25393000
25391000
25389000
25387000
25385000
25383000
25381000
25379000
25377000
25375000
25373000
25371000
25369000
25367000
25365000
25363000
25361000
25359000
25357000
25355000
25353000
25351000
25349000
25347000
25345000
25343000
25341000
25339000
25337000
25335000
25333000
25331000
25329000
25327000
25325000
25323000
25321000
25319000
25317000
25315000
25313000
25311000
25309000
25307000
25305000
25303000
25301000
25299000
25297000
25295000
25293000
25291000
25289000
25287000
25285000
25283000
25281000
25279000
25277000
25275000
25273000
25271000
25269000
25267000
25265000
25263000
25261000
25259000
25257000
25255000
25253000
25251000
25249000
25247000
25245000
25243000
25241000
25239000
25237000
25235000
25233000
25231000
25229000
25227000
25225000
25223000
25221000
25219000
25217000
25215000
25213000
25211000
25209000
25207000
25205000
25203000
25201000
25199000
25197000
25195000
25193000
25191000
25189000
25187000
25185000
25183000
25181000
25179000
25177000
25175000
25173000
25171000
25169000
25167000
25165000
25163000
25161000
25159000
25157000
25155000
25153000
25151000
25149000
25147000
25145000
25143000
25141000
25139000
25137000
25135000
25133000
25131000
25129000
25127000
25125000
25123000
25121000
25119000
25117000
25115000
25113000
25111000
25109000
25107000
25105000
25103000
25101000
25099000
25097000
25095000
25093000
25091000
25089000
25087000
25085000
25083000
25081000
25079000
25077000
25075000
25073000
25071000
25069000
25067000
25065000
25063000
25061000
25059000
25057000
25055000
25053000
25051000
25049000
25047000
25045000
25043000
25041000
25039000
25037000
25035000
25033000
25031000
25029000
25027000
25025000
25023000
25021000
25019000
25017000
25015000
25013000
25011000
25009000
25007000
25005000
25003000
25001000
24999000
24997000
24995000
24993000
24991000
24989000
24987000
24985000
24983000
24981000
24979000
24977000
24975000
24973000
24971000
24969000
24967000
24965000
24963000
24961000
24959000
24957000
24955000
24953000
24951000
24949000
24947000
24945000
24943000
24941000
24939000
24937000
24935000
24933000
24931000
24929000
24927000
24925000
24923000
24921000
24919000
24917000
24915000
24913000
24911000
24909000
24907000
24905000
24903000
24901000
24899000
24897000
24895000
24893000
24891000
24889000
24887000
24885000
24883000
24881000
24879000
24877000
24875000
24873000
24871000
24869000
24867000
24865000
24863000
24861000
24859000
24857000
24855000
24853000
24851000
24849000
24847000
24845000
24843000
24841000
24839000
24837000
24835000
24833000
24831000
24829000
24827000
24825000
24823000
24821000
24819000
24817000
24815000
24813000
24811000
24809000
24807000
24805000
24803000
24801000
24799000
24797000
24795000
24793000
24791000
24789000
24787000
24785000
24783000
24781000
24779000
24777000
24775000
24773000
24771000
24769000
24767000
24765000
24763000
24761000
24759000
24757000
24755000
24753000
24751000
24749000
24747000
24745000
24743000
24741000
24739000
24737000
24735000
24733000
24731000
24729000
24727000
24725000
24723000
24721000
24719000
24717000
24715000
24713000
24711000
24709000
24707000
24705000
24703000
24701000
24699000
24697000
24695000
24693000
24691000
24689000
24687000
24685000
24683000
24681000
24679000
24677000
24675000
24673000
24671000
24669000
24667000
24665000
24663000
24661000
24659000
24657000
24655000
24653000
24651000
24649000
24647000
24645000
24643000
24641000
24639000
24637000
24635000
24633000
24631000
24629000
24627000
24625000
24623000
24621000
24619000
24617000
24615000
24613000
24611000
24609000
24607000
24605000
24603000
24601000
24599000
24597000
24595000
24593000
24591000
24589000
24587000
24585000
24583000
24581000
24579000
24577000
24575000
24573000
24571000
24569000
24567000
24565000
24563000
24561000
24559000
24557000
24555000
24553000
24551000
24549000
24547000
24545000
24543000
24541000
24539000
24537000
24535000
24533000
24531000
24529000
24527000
24525000
24523000
24521000
24519000
24517000
24515000
24513000
24511000
24509000
24507000
24505000
24503000
24501000
24499000
24497000
24495000
24493000
24491000
24489000
24487000
24485000
24483000
24481000
24479000
24477000
24475000
24473000
24471000
24469000
24467000
24465000
24463000
24461000
24459000
24457000
24455000
24453000
24451000
24449000
24447000
24445000
24443000
24441000
24439000
24437000
24435000
24433000
24431000
24429000
24427000
24425000
24423000
24421000
24419000
24417000
24415000
24413000
24411000
24409000
24407000
24405000
24403000
24401000
24399000
24397000
24395000
24393000
24391000
24389000
24387000
24385000
24383000
24381000
24379000
24377000
24375000
24373000
24371000
24369000
24367000
24365000
24363000
24361000
24359000
24357000
24355000
24353000
24351000
24349000
24347000
24345000
24343000
24341000
24339000
24337000
24335000
24333000
24331000
24329000
24327000
24325000
24323000
24321000
24319000
24317000
24315000
24313000
24311000
24309000
24307000
24305000
24303000
24301000
24299000
24297000
24295000
24293000
24291000
24289000
24287000
24285000
24283000
24281000
24279000
24277000
24275000
24273000
24271000
24269000
24267000
24265000
24263000
24261000
24259000
24257000
24255000
24253000
24251000
24249000
24247000
24245000
24243000
24241000
24239000
24237000
24235000
24233000
24231000
24229000
24227000
24225000
24223000
24221000
24219000
24217000
24215000
24213000
24211000
24209000
24207000
24205000
24203000
24201000
24199000
24197000
24195000
24193000
24191000
24189000
24187000
24185000
24183000
24181000
24179000
24177000
24175000
24173000
24171000
24169000
24167000
24165000
24163000
24161000
24159000
24157000
24155000
24153000
24151000
24149000
24147000
24145000
24143000
24141000
24139000
24137000
24135000
24133000
24131000
24129000
24127000
24125000
24123000
24121000
24119000
24117000
24115000
24113000
24111000
24109000
24107000
24105000
24103000
24101000
24099000
24097000
24095000
24093000
24091000
24089000
24087000
24085000
24083000
24081000
24079000
24077000
24075000
24073000
24071000
24069000
24067000
24065000
24063000
24061000
24059000
24057000
24055000
24053000
24051000
24049000
24047000
24045000
24043000
24041000
24039000
24037000
24035000
24033000
24031000
24029000
24027000
24025000
24023000
24021000
24019000
24017000
24015000
24013000
24011000
24009000
24007000
24005000
24003000
24001000
23999000
23997000
23995000
23993000
23991000
23989000
23987000
23985000
23983000
23981000
23979000
23977000
23975000
23973000
23971000
23969000
23967000
23965000
23963000
23961000
23959000
23957000
23955000
23953000
23951000
23949000
23947000
23945000
23943000
23941000
23939000
23937000
23935000
23933000
23931000
23929000
23927000
23925000
23923000
23921000
23919000
23917000
23915000
23913000
23911000
23909000
23907000
23905000
23903000
23901000
23899000
23897000
23895000
23893000
23891000
23889000
23887000
23885000
23883000
23881000
23879000
23877000
23875000
23873000
23871000
23869000
23867000
23865000
23863000
23861000
23859000
23857000
23855000
23853000
23851000
23849000
23847000
23845000
23843000
23841000
23839000
23837000
23835000
23833000
23831000
23829000
23827000
23825000
23823000
23821000
23819000
23817000
23815000
23813000
23811000
23809000
23807000
23805000
23803000
23801000
23799000
23797000
23795000
23793000
23791000
23789000
23787000
23785000
23783000
23781000
23779000
23777000
23775000
23773000
23771000
23769000
23767000
23765000
23763000
23761000
23759000
23757000
23755000
23753000
23751000
23749000
23747000
23745000
23743000
23741000
23739000
23737000
23735000
23733000
23731000
23729000
23727000
23725000
23723000
23721000
23719000
23717000
23715000
23713000
23711000
23709000
23707000
23705000
23703000
23701000
23699000
23697000
23695000
23693000
23691000
23689000
23687000
23685000
23683000
23681000
23679000
23677000
23675000
23673000
23671000
23669000
23667000
23665000
23663000
23661000
23659000
23657000
23655000
23653000
23651000
23649000
23647000
23645000
23643000
23641000
23639000
23637000
23635000
23633000
23631000
23629000
23627000
23625000
23623000
23621000
23619000
23617000
23615000
23613000
23611000
23609000
23607000
23605000
23603000
23601000
23599000
23597000
23595000
23593000
23591000
23589000
23587000
23585000
23583000
23581000
23579000
23577000
23575000
23573000
23571000
23569000
23567000
23565000
23563000
23561000
23559000
23557000
23555000
23553000
23551000
23549000
23547000
23545000
23543000
23541000
23539000
23537000
23535000
23533000
23531000
23529000
23527000
23525000
23523000
23521000
23519000
23517000
23515000
23513000
23511000
23509000
23507000
23505000
23503000
23501000
23499000
23497000
23495000
23493000
23491000
23489000
23487000
23485000
23483000
23481000
23479000
23477000
23475000
23473000
23471000
23469000
23467000
23465000
23463000
23461000
23459000
23457000
23455000
23453000
23451000
23449000
23447000
23445000
23443000
23441000
23439000
23437000
23435000
23433000
23431000
23429000
23427000
23425000
23423000
23421000
23419000
23417000
23415000
23413000
23411000
23409000
23407000
23405000
23403000
23401000
23399000
23397000
23395000
23393000
23391000
23389000
23387000
23385000
23383000
23381000
23379000
23377000
23375000
23373000
23371000
23369000
23367000
23365000
23363000
23361000
23359000
23357000
23355000
23353000
23351000
23349000
23347000
23345000
23343000
23341000
23339000
23337000
23335000
23333000
23331000
23329000
23327000
23325000
23323000
23321000
23319000
23317000
23315000
23313000
23311000
23309000
23307000
23305000
23303000
23301000
23299000
23297000
23295000
23293000
23291000
23289000
23287000
23285000
23283000
23281000
23279000
23277000
23275000
23273000
23271000
23269000
23267000
23265000
23263000
23261000
23259000
23257000
23255000
23253000
23251000
23249000
23247000
23245000
23243000
23241000
23239000
23237000
23235000
23233000
23231000
23229000
23227000
23225000
23223000
23221000
23219000
23217000
23215000
23213000
23211000
23209000
23207000
23205000
23203000
23201000
23199000
23197000
23195000
23193000
23191000
23189000
23187000
23185000
23183000
23181000
23179000
23177000
23175000
23173000
23171000
23169000
23167000
23165000
23163000
23161000
23159000
23157000
23155000
23153000
23151000
23149000
23147000
23145000
23143000
23141000
23139000
23137000
23135000
23133000
23131000
23129000
23127000
23125000
23123000
23121000
23119000
23117000
23115000
23113000
23111000
23109000
23107000
23105000
23103000
23101000
23099000
23097000
23095000
23093000
23091000
23089000
23087000
23085000
23083000
23081000
23079000
23077000
23075000
23073000
23071000
23069000
23067000
23065000
23063000
23061000
23059000
23057000
23055000
23053000
23051000
23049000
23047000
23045000
23043000
23041000
23039000
23037000
23035000
23033000
23031000
23029000
23027000
23025000
23023000
23021000
23019000
23017000
23015000
23013000
23011000
23009000
23007000
23005000
23003000
23001000
22999000
22997000
22995000
22993000
22991000
22989000
22987000
22985000
22983000
22981000
22979000
22977000
22975000
22973000
22971000
22969000
22967000
22965000
22963000
22961000
22959000
22957000
22955000
22953000
22951000
22949000
22947000
22945000
22943000
22941000
22939000
22937000
22935000
22933000
22931000
22929000
22927000
22925000
22923000
22921000
22919000
22917000
22915000
22913000
22911000
22909000
22907000
22905000
22903000
22901000
22899000
22897000
22895000
22893000
22891000
22889000
22887000
22885000
22883000
22881000
22879000
22877000
22875000
22873000
22871000
22869000
22867000
22865000
22863000
22861000
22859000
22857000
22855000
22853000
22851000
22849000
22847000
22845000
22843000
22841000
22839000
22837000
22835000
22833000
22831000
22829000
22827000
22825000
22823000
22821000
22819000
22817000
22815000
22813000
22811000
22809000
22807000
22805000
22803000
22801000
22799000
22797000
22795000
22793000
22791000
22789000
22787000
22785000
22783000
22781000
22779000
22777000
22775000
22773000
22771000
22769000
22767000
22765000
22763000
22761000
22759000
22757000
22755000
22753000
22751000
22749000
22747000
22745000
22743000
22741000
22739000
22737000
22735000
22733000
22731000
22729000
22727000
22725000
22723000
22721000
22719000
22717000
22715000
22713000
22711000
22709000
22707000
22705000
22703000
22701000
22699000
22697000
22695000
22693000
22691000
22689000
22687000
22685000
22683000
22681000
22679000
22677000
22675000
22673000
22671000
22669000
22667000
22665000
22663000
22661000
22659000
22657000
22655000
22653000
22651000
22649000
22647000
22645000
22643000
22641000
22639000
22637000
22635000
22633000
22631000
22629000
22627000
22625000
22623000
22621000
22619000
22617000
22615000
22613000
22611000
22609000
22607000
22605000
22603000
22601000
22599000
22597000
22595000
22593000
22591000
22589000
22587000
22585000
22583000
22581000
22579000
22577000
22575000
22573000
22571000
22569000
22567000
22565000
22563000
22561000
22559000
22557000
22555000
22553000
22551000
22549000
22547000
22545000
22543000
22541000
22539000
22537000
22535000
22533000
22531000
22529000
22527000
22525000
22523000
22521000
22519000
22517000
22515000
22513000
22511000
22509000
22507000
22505000
22503000
22501000
22499000
22497000
22495000
22493000
22491000
22489000
22487000
22485000
22483000
22481000
22479000
22477000
22475000
22473000
22471000
22469000
22467000
22465000
22463000
22461000
22459000
22457000
22455000
22453000
22451000
22449000
22447000
22445000
22443000
22441000
22439000
22437000
22435000
22433000
22431000
22429000
22427000
22425000
22423000
22421000
22419000
22417000
22415000
22413000
22411000
22409000
22407000
22405000
22403000
22401000
22399000
22397000
22395000
22393000
22391000
22389000
22387000
22385000
22383000
22381000
22379000
22377000
22375000
22373000
22371000
22369000
22367000
22365000
22363000
22361000
22359000
22357000
22355000
22353000
22351000
22349000
22347000
22345000
22343000
22341000
22339000
22337000
22335000
22333000
22331000
22329000
22327000
22325000
22323000
22321000
22319000
22317000
22315000
22313000
22311000
22309000
22307000
22305000
22303000
22301000
22299000
22297000
22295000
22293000
22291000
22289000
22287000
22285000
22283000
22281000
22279000
22277000
22275000
22273000
22271000
22269000
22267000
22265000
22263000
22261000
22259000
22257000
22255000
22253000
22251000
22249000
22247000
22245000
22243000
22241000
22239000
22237000
22235000
22233000
22231000
22229000
22227000
22225000
22223000
22221000
22219000
22217000
22215000
22213000
22211000
22209000
22207000
22205000
22203000
22201000
22199000
22197000
22195000
22193000
22191000
22189000
22187000
22185000
22183000
22181000
22179000
22177000
22175000
22173000
22171000
22169000
22167000
22165000
22163000
22161000
22159000
22157000
22155000
22153000
22151000
22149000
22147000
22145000
22143000
22141000
22139000
22137000
22135000
22133000
22131000
22129000
22127000
22125000
22123000
22121000
22119000
22117000
22115000
22113000
22111000
22109000
22107000
22105000
22103000
22101000
22099000
22097000
22095000
22093000
22091000
22089000
22087000
22085000
22083000
22081000
22079000
22077000
22075000
22073000
22071000
22069000
22067000
22065000
22063000
22061000
22059000
22057000
22055000
22053000
22051000
22049000
22047000
22045000
22043000
22041000
22039000
22037000
22035000
22033000
22031000
22029000
22027000
22025000
22023000
22021000
22019000
22017000
22015000
22013000
22011000
22009000
22007000
22005000
22003000
22001000
21999000
21997000
21995000
21993000
21991000
21989000
21987000
21985000
21983000
21981000
21979000
21977000
21975000
21973000
21971000
21969000
21967000
21965000
21963000
21961000
21959000
21957000
21955000
21953000
21951000
21949000
21947000
21945000
21943000
21941000
21939000
21937000
21935000
21933000
21931000
21929000
21927000
21925000
21923000
21921000
21919000
21917000
21915000
21913000
21911000
21909000
21907000
21905000
21903000
21901000
21899000
21897000
21895000
21893000
21891000
21889000
21887000
21885000
21883000
21881000
21879000
21877000
21875000
21873000
21871000
21869000
21867000
21865000
21863000
21861000
21859000
21857000
21855000
21853000
21851000
21849000
21847000
21845000
21843000
21841000
21839000
21837000
21835000
21833000
21831000
21829000
21827000
21825000
21823000
21821000
21819000
21817000
21815000
21813000
21811000
21809000
21807000
21805000
21803000
21801000
21799000
21797000
21795000
21793000
21791000
21789000
21787000
21785000
21783000
21781000
21779000
21777000
21775000
21773000
21771000
21769000
21767000
21765000
21763000
21761000
21759000
21757000
21755000
21753000
21751000
21749000
21747000
21745000
21743000
21741000
21739000
21737000
21735000
21733000
21731000
21729000
21727000
21725000
21723000
21721000
21719000
21717000
21715000
21713000
21711000
21709000
21707000
21705000
21703000
21701000
21699000
21697000
21695000
21693000
21691000
21689000
21687000
21685000
21683000
21681000
21679000
21677000
21675000
21673000
21671000
21669000
21667000
21665000
21663000
21661000
21659000
21657000
21655000
21653000
21651000
21649000
21647000
21645000
21643000
21641000
21639000
21637000
21635000
21633000
21631000
21629000
21627000
21625000
21623000
21621000
21619000
21617000
21615000
21613000
21611000
21609000
21607000
21605000
21603000
21601000
21599000
21597000
21595000
21593000
21591000
21589000
21587000
21585000
21583000
21581000
21579000
21577000
21575000
21573000
21571000
21569000
21567000
21565000
21563000
21561000
21559000
21557000
21555000
21553000
21551000
21549000
21547000
21545000
21543000
21541000
21539000
21537000
21535000
21533000
21531000
21529000
21527000
21525000
21523000
21521000
21519000
21517000
21515000
21513000
21511000
21509000
21507000
21505000
21503000
21501000
21499000
21497000
21495000
21493000
21491000
21489000
21487000
21485000
21483000
21481000
21479000
21477000
21475000
21473000
21471000
21469000
21467000
21465000
21463000
21461000
21459000
21457000
21455000
21453000
21451000
21449000
21447000
21445000
21443000
21441000
21439000
21437000
21435000
21433000
21431000
21429000
21427000
21425000
21423000
21421000
21419000
21417000
21415000
21413000
21411000
21409000
21407000
21405000
21403000
21401000
21399000
21397000
21395000
21393000
21391000
21389000
21387000
21385000
21383000
21381000
21379000
21377000
21375000
21373000
21371000
21369000
21367000
21365000
21363000
21361000
21359000
21357000
21355000
21353000
21351000
21349000
21347000
21345000
21343000
21341000
21339000
21337000
21335000
21333000
21331000
21329000
21327000
21325000
21323000
21321000
21319000
21317000
21315000
21313000
21311000
21309000
21307000
21305000
21303000
21301000
21299000
21297000
21295000
21293000
21291000
21289000
21287000
21285000
21283000
21281000
21279000
21277000
21275000
21273000
21271000
21269000
21267000
21265000
21263000
21261000
21259000
21257000
21255000
21253000
21251000
21249000
21247000
21245000
21243000
21241000
21239000
21237000
21235000
21233000
21231000
21229000
21227000
21225000
21223000
21221000
21219000
21217000
21215000
21213000
21211000
21209000
21207000
21205000
21203000
21201000
21199000
21197000
21195000
21193000
21191000
21189000
21187000
21185000
21183000
21181000
21179000
21177000
21175000
21173000
21171000
21169000
21167000
21165000
21163000
21161000
21159000
21157000
21155000
21153000
21151000
21149000
21147000
21145000
21143000
21141000
21139000
21137000
21135000
21133000
21131000
21129000
21127000
21125000
21123000
21121000
21119000
21117000
21115000
21113000
21111000
21109000
21107000
21105000
21103000
21101000
21099000
21097000
21095000
21093000
21091000
21089000
21087000
21085000
21083000
21081000
21079000
21077000
21075000
21073000
21071000
21069000
21067000
21065000
21063000
21061000
21059000
21057000
21055000
21053000
21051000
21049000
21047000
21045000
21043000
21041000
21039000
21037000
21035000
21033000
21031000
21029000
21027000
21025000
21023000
21021000
21019000
21017000
21015000
21013000
21011000
21009000
21007000
21005000
21003000
21001000
20999000
20997000
20995000
20993000
20991000
20989000
20987000
20985000
20983000
20981000
20979000
20977000
20975000
20973000
20971000
20969000
20967000
20965000
20963000
20961000
20959000
20957000
20955000
20953000
20951000
20949000
20947000
20945000
20943000
20941000
20939000
20937000
20935000
20933000
20931000
20929000
20927000
20925000
20923000
20921000
20919000
20917000
20915000
20913000
20911000
20909000
20907000
20905000
20903000
20901000
20899000
20897000
20895000
20893000
20891000
20889000
20887000
20885000
20883000
20881000
20879000
20877000
20875000
20873000
20871000
20869000
20867000
20865000
20863000
20861000
20859000
20857000
20855000
20853000
20851000
20849000
20847000
20845000
20843000
20841000
20839000
20837000
20835000
20833000
20831000
20829000
20827000
20825000
20823000
20821000
20819000
20817000
20815000
20813000
20811000
20809000
20807000
20805000
20803000
20801000
20799000
20797000
20795000
20793000
20791000
20789000
20787000
20785000
20783000
20781000
20779000
20777000
20775000
20773000
20771000
20769000
20767000
20765000
20763000
20761000
20759000
20757000
20755000
20753000
20751000
20749000
20747000
20745000
20743000
20741000
20739000
20737000
20735000
20733000
20731000
20729000
20727000
20725000
20723000
20721000
20719000
20717000
20715000
20713000
20711000
20709000
20707000
20705000
20703000
20701000
20699000
20697000
20695000
20693000
20691000
20689000
20687000
20685000
20683000
20681000
20679000
20677000
20675000
20673000
20671000
20669000
20667000
20665000
20663000
20661000
20659000
20657000
20655000
20653000
20651000
20649000
20647000
20645000
20643000
20641000
20639000
20637000
20635000
20633000
20631000
20629000
20627000
20625000
20623000
20621000
20619000
20617000
20615000
20613000
20611000
20609000
20607000
20605000
20603000
20601000
20599000
20597000
20595000
20593000
20591000
20589000
20587000
20585000
20583000
20581000
20579000
20577000
20575000
20573000
20571000
20569000
20567000
20565000
20563000
20561000
20559000
20557000
20555000
20553000
20551000
20549000
20547000
20545000
20543000
20541000
20539000
20537000
20535000
20533000
20531000
20529000
20527000
20525000
20523000
20521000
20519000
20517000
20515000
20513000
20511000
20509000
20507000
20505000
20503000
20501000
20499000
20497000
20495000
20493000
20491000
20489000
20487000
20485000
20483000
20481000
20479000
20477000
20475000
20473000
20471000
20469000
20467000
20465000
20463000
20461000
20459000
20457000
20455000
20453000
20451000
20449000
20447000
20445000
20443000
20441000
20439000
20437000
20435000
20433000
20431000
20429000
20427000
20425000
20423000
20421000
20419000
20417000
20415000
20413000
20411000
20409000
20407000
20405000
20403000
20401000
20399000
20397000
20395000
20393000
20391000
20389000
20387000
20385000
20383000
20381000
20379000
20377000
20375000
20373000
20371000
20369000
20367000
20365000
20363000
20361000
20359000
20357000
20355000
20353000
20351000
20349000
20347000
20345000
20343000
20341000
20339000
20337000
20335000
20333000
20331000
20329000
20327000
20325000
20323000
20321000
20319000
20317000
20315000
20313000
20311000
20309000
20307000
20305000
20303000
20301000
20299000
20297000
20295000
20293000
20291000
20289000
20287000
20285000
20283000
20281000
20279000
20277000
20275000
20273000
20271000
20269000
20267000
20265000
20263000
20261000
20259000
20257000
20255000
20253000
20251000
20249000
20247000
20245000
20243000
20241000
20239000
20237000
20235000
20233000
20231000
20229000
20227000
20225000
20223000
20221000
20219000
20217000
20215000
20213000
20211000
20209000
20207000
20205000
20203000
20201000
20199000
20197000
20195000
20193000
20191000
20189000
20187000
20185000
20183000
20181000
20179000
20177000
20175000
20173000
20171000
20169000
20167000
20165000
20163000
20161000
20159000
20157000
20155000
20153000
20151000
20149000
20147000
20145000
20143000
20141000
20139000
20137000
20135000
20133000
20131000
20129000
20127000
20125000
20123000
20121000
20119000
20117000
20115000
20113000
20111000
20109000
20107000
20105000
20103000
20101000
20099000
20097000
20095000
20093000
20091000
20089000
20087000
20085000
20083000
20081000
20079000
20077000
20075000
20073000
20071000
20069000
20067000
20065000
20063000
20061000
20059000
20057000
20055000
20053000
20051000
20049000
20047000
20045000
20043000
20041000
20039000
20037000
20035000
20033000
20031000
20029000
20027000
20025000
20023000
20021000
20019000
20017000
20015000
20013000
20011000
20009000
20007000
20005000
20003000
20001000
