10000
10000
10000
10000
10000
10000
10000
10000
10000
20100
10000
10000
10000
16100
10000
10100
10000
10000
20100
10000
10000
20100
10000
10000
10000
10000
20100
10000
12100
10100
10000
10000
10000
10000
10000
10000
10000
10000
10000
10000
10000
10000
10000
10000
10000
10000
10000
10000
20100
10000
10000
10000
16100
10000
10000
10000
10000
10000
10000
10000
20100
10000
10000
10000
10000
10000
10000
10100
10000
10000
10000
10000
20100
10000
20100
20100
20100
10000
10000
10000
10000
10000
10000
10000
10100
10000
10000
10000
10000
10000
10000
10000
10100
10000
20100
20100
10100
20100
10000
10000
