41067
5029
29116
78041
8117
20046
3045
17082
6189
35066
23061
21146
63076
80148
9061
69083
65105
63115
42033
30104
55117
78122
5049
29122
29087
39101
46056
11083
5087
74098
34100
29082
6100
71084
59113
6141
37148
15054
44121
15093
64069
59118
26052
84110
43138
13145
63048
50150
1084
60086
35132
65137
7047
43083
2121
72138
49129
4021
2109
5126
29050
23093
38106
67102
52086
37043
19024
20104
56127
12100
59020
40048
3094
36136
5158
92110
97093
63062
4054
9145
6110
27063
56075
36114
9111
47159
24006
39087
32081
22114
37098
70108
2087
81095
67192
43087
26037
74044
58075
18123
68079
2
16099
50142
56145
74130
37
27042
7066
1027
25086
61065
22121
29094
22177
30090
18109
26094
55087
54094
70151
96084
61115
36074
13121
20144
57072
36137
4081
88098
13156
72116
23111
33075
39099
21088
71146
95100
50054
36099
22084
14140
37063
49106
16016
12055
19051
3091
18086
65
80093
70045
60033
40058
13179
37022
24058
16029
39096
33118
25049
20143
36101
26118
46110
34082
3148
65148
31080
38128
52071
66031
26018
61157
80104
55089
63059
53110
28122
8105
5022
26141
5070
35111
21051
80017
89042
51158
4165
1188
34048
17080
30113
66124
47075
7178
16072
34076
10113
10048
39079
41091
17119
13095
36022
8110
20113
31034
8137
58071
10096
3119
30073
11015
30089
5054
6085
95051
35152
30097
5082
59150
6058
32083
74100
30116
77108
44069
66088
9119
5105
55154
3124
37152
14104
46105
67065
13140
3096
23175
19083
28045
41131
29125
11055
6153
20122
40107
7114
22128
16012
6063
43097
40154
37136
25094
24126
41166
75109
35034
18192
43081
29148
19065
39052
1091
29139
4047
40118
18134
40040
42133
4071
49032
19047
2101
2163
3058
23079
52084
20129
7054
10089
16157
17064
25070
30075
3127
46112
10083
3134
26103
11127
35167
64144
20044
39134
31095
3107
37087
8100
9181
8118
49126
29129
35093
32101
40118
13065
13044
19092
35187
84146
29105
42043
46031
59107
71122
66029
35111
79065
80130
8005
25104
24138
9037
46145
19065
52116
46102
77016
55107
54053
22057
47187
21097
14178
46
15133
11062
19
50158
41033
12135
54048
32064
64075
12049
52061
2068
61133
48009
15151
22051
24175
14112
36122
59160
6100
69060
61
46073
89156
53051
8086
67070
29090
84034
6070
76135
23057
41169
60072
28087
20182
6129
76080
46141
63177
17106
42017
22139
37113
16058
12165
10088
54146
65157
6096
32047
23100
9108
2132
23173
71047
52135
41118
21031
21053
34123
51140
17101
32074
17162
80060
36106
77139
91050
61069
82142
10065
2040
16056
29119
26066
24090
6059
30101
15107
87061
64130
21038
16039
52149
16121
9032
24025
15123
15148
75048
30042
53082
53086
21039
26104
2071
33126
4155
46107
3078
11152
33171
76139
31068
56097
52110
4163
30145
56080
29100
63143
63118
54185
55090
4086
13077
10039
13174
42103
89122
37116
2092
38081
33085
86133
58098
21061
58102
26050
18144
9122
20133
95031
50096
24059
23136
6058
38110
49027
11104
41085
14141
62027
9052
80096
55067
69079
65136
28117
36098
16106
6107
93074
61108
29117
5167
8124
31059
10060
59033
5116
62083
49109
11062
17055
43058
61102
26130
46139
4089
49107
63068
17122
64139
28095
17148
1129
66164
25152
11122
72044
27074
19051
43132
30099
61051
40183
23146
33052
67044
28114
5068
62127
85139
10114
3096
34147
27114
4085
50093
29125
86101
10070
2069
32142
16078
46112
11108
44034
10075
7114
9016
18052
84164
50034
28131
9060
4027
25088
31114
97114
34090
5096
28070
60051
29136
15079
36131
1040
9125
46161
28041
28045
19109
34069
46020
3120
24116
5166
64055
30141
4039
14054
18055
52074
26026
34094
69067
49093
2030
36104
55103
3117
27097
26162
30059
35100
45076
15178
37055
8170
22149
69053
25160
3145
4066
26149
4129
16093
64107
22034
1116
92075
63095
44080
50162
23087
10171
75032
27045
25182
43082
39086
6054
25042
19043
45086
21065
1108
15018
30071
2148
70048
20105
53059
22062
3066
92129
33161
64040
6098
5081
10095
76049
48067
7148
20104
48151
22020
18039
25063
42125
20155
17143
1090
38125
8171
4029
43114
70178
10151
41073
77075
87118
39136
77131
64120
13039
4067
46150
78122
11104
3090
48170
57117
65090
68
19086
68144
31112
11018
72190
1109
20123
36119
64039
39056
14144
47035
39107
60071
14178
14018
55068
60072
75100
56128
37090
7075
23067
44091
68144
19111
6052
43111
71103
28114
60091
19102
69052
39044
35127
9099
28115
21135
3025
53102
7131
53067
24112
85099
84119
57101
8103
28127
14087
47011
23053
17040
36141
46112
59106
62144
15084
40129
12101
1168
84146
84087
43133
68056
62094
38043
64086
8126
38110
58150
3110
21063
13116
72147
14126
23141
10140
53079
63051
11099
72164
26151
31030
28135
44020
60166
46141
3182
14079
6083
46149
2086
12111
16168
1057
12165
12067
27129
69093
74095
24107
4102
27100
38062
38070
13089
26175
15067
12045
52005
5060
14133
18039
50082
4079
78
22095
12043
41052
20081
69055
19151
9104
2073
35158
53113
54106
30102
62061
16035
30066
77036
11055
10115
19090
34033
44172
46134
87107
12186
20095
12093
7150
9104
16133
26063
22083
3118
4084
34097
1134
2029
14073
5091
20179
39103
75134
49032
23145
1106
47180
48083
5025
35054
25087
6093
3139
17137
80142
3045
9116
17152
70054
34144
28026
4134
5128
12174
71122
19168
18085
45093
42139
92141
16068
83110
38044
6192
74057
2101
37044
47146
18109
52030
43107
3050
42067
55173
11131
14048
5057
15141
37126
12155
32026
59075
14101
53147
17103
45099
43084
49163
30150
28163
51155
68089
15074
64071
8069
36093
23144
19071
70051
33113
38152
4025
39119
46141
15077
32063
11119
29105
17088
47104
53165
3156
23075
70112
50102
70042
17094
68095
52108
4144
51096
5177
8065
23167
26169
36118
43125
8048
23111
4085
3139
3124
24147
34104
7161
9097
54161
1079
21116
30087
37073
10172
69135
36057
64085
39164
13075
23114
66065
12083
70023
67093
73065
56114
44178
4070
3162
3107
16071
1101
9163
53085
23063
53118
11075
17063
37090
6088
18185
25093
23113
43120
42115
67130
29097
62048
10155
23104
44090
5104
44027
47067
61033
45130
39119
5040
16146
23063
23144
48105
10036
52006
1096
14014
52136
15107
19094
23090
15139
