120
126
123
62
59
122
126
122
123
118
126
126
125
125
122
126
125
29
126
126
122
126
62
125
126
125
126
124
125
125
123
126
125
124
124
14
62
126
126
6
126
125
125
124
125
125
126
123
29
126
122
104
125
111
126
123
123
125
125
125
63
111
126
119
14
125
126
14
126
111
124
124
126
30
123
126
62
28
116
125
125
125
124
123
126
125
31
30
58
126
125
126
27
62
58
30
62
59
126
124
126
126
125
126
125
30
125
126
111
61
62
125
126
62
61
125
125
30
30
61
62
126
123
126
126
62
123
125
62
125
125
59
126
29
126
126
126
126
111
125
13
126
126
13
62
126
124
125
126
126
123
126
125
126
62
118
61
62
126
125
126
30
61
123
126
126
125
125
125
125
47
125
124
126
125
119
119
125
123
126
126
125
125
119
122
55
125
124
126
125
61
126
126
118
126
1
28
61
125
126
62
62
126
126
126
59
124
126
123
96
62
62
122
29
126
125
126
29
123
118
125
62
62
126
125
126
119
126
123
125
126
125
125
126
123
30
123
125
125
118
126
123
125
125
119
119
52
61
26
112
125
125
125
62
126
125
125
14
61
112
29
126
126
58
61
125
125
126
125
62
125
119
126
125
125
59
125
125
59
125
124
110
119
126
62
118
60
123
125
125
126
126
112
126
126
125
126
126
126
124
126
61
126
126
61
125
126
125
125
125
126
122
126
62
13
122
123
126
126
124
61
124
126
126
125
125
62
126
62
126
95
125
124
123
126
125
119
125
125
62
29
125
119
125
126
61
59
62
126
126
126
125
125
125
59
125
124
126
126
125
125
62
62
61
125
122
62
124
125
123
27
126
126
126
123
61
123
124
125
125
126
126
124
125
126
62
119
62
125
126
125
125
126
28
61
125
125
62
61
126
126
125
122
125
126
125
126
123
14
95
126
60
124
126
60
125
126
125
125
125
126
126
126
126
125
124
125
119
29
125
125
111
126
125
14
126
125
55
61
125
126
58
62
126
123
14
62
125
47
125
62
126
125
63
30
61
123
126
126
126
126
30
125
29
126
125
62
126
126
125
126
125
28
125
61
122
125
110
126
126
30
61
61
30
125
126
61
126
125
125
126
126
125
125
126
62
126
126
122
126
126
125
61
122
126
119
125
126
125
125
125
126
126
62
126
126
62
123
125
125
125
126
124
126
125
126
123
61
125
126
111
126
126
62
126
125
61
124
125
126
122
123
126
123
118
126
126
125
126
61
126
27
126
62
124
14
56
126
126
29
126
126
55
126
125
126
125
61
126
14
126
30
126
126
126
126
126
125
125
126
126
13
30
124
125
126
122
125
30
126
62
126
123
61
126
126
126
59
126
126
62
61
126
124
47
125
125
126
28
126
126
62
125
126
125
59
123
125
59
124
125
126
62
125
125
125
29
0
55
126
122
61
63
119
123
126
125
124
125
126
126
125
126
123
125
125
125
10
126
123
125
126
62
125
125
125
123
60
126
119
125
126
125
126
125
126
126
126
126
125
125
119
126
126
125
126
126
125
126
126
124
62
125
126
122
122
125
126
126
126
126
126
30
122
126
126
125
126
0
119
30
125
29
61
61
125
116
30
125
126
125
123
125
126
125
126
123
62
59
126
126
126
126
123
125
126
29
123
126
125
126
124
123
125
126
126
126
61
125
61
125
126
61
61
13
62
125
62
125
126
62
62
126
126
125
126
14
61
126
62
123
126
123
126
125
125
124
126
123
126
30
126
126
125
62
123
126
124
124
126
125
126
62
123
125
125
124
125
62
126
62
126
126
122
125
125
126
119
62
124
126
124
62
123
23
126
126
54
118
124
112
30
125
125
126
62
126
125
126
123
126
124
62
125
125
126
123
123
30
119
126
29
118
62
125
125
125
126
123
123
125
30
14
126
126
61
29
126
126
125
126
125
126
123
126
62
122
126
125
125
125
126
126
62
124
125
126
126
126
125
123
126
126
61
126
123
126
126
126
126
124
123
124
125
125
61
62
125
118
126
62
126
126
126
125
125
62
59
126
123
123
62
125
120
126
125
119
126
126
125
124
52
123
119
125
126
123
14
126
125
126
62
123
61
111
124
126
126
62
123
126
125
126
123
119
126
125
126
123
123
126
61
62
126
123
126
59
125
126
125
126
125
61
61
126
126
126
61
126
126
46
122
125
126
62
126
123
59
6
126
126
126
126
122
125
123
125
62
119
125
126
126
126
59
125
62
59
125
126
61
13
126
126
126
125
125
59
126
125
126
