1251507
1325755
2580209
2580662
1281248
2542268
2578278
2584896
2578810
2594863
2582173
2541890
2578801
2551230
2559954
2603711
2549147
2598519
2606584
2584608
2594241
2567824
2566094
2535164
2579521
2549067
2554993
2536028
2553301
2624125
2580611
2578945
2566842
2573878
2561211
2602307
2534223
2527971
2536733
2573986
2574725
2595771
2607163
2579699
2577793
2598887
2553141
2575881
2595755
2601825
2578415
2551222
2622648
2595143
2558865
2551677
2570660
2563629
2576133
2597177
2548390
2617637
2579259
1262894
2552552
2626092
2610040
2549009
2581160
2562146
2538158
2541604
1273875
2529699
2550050
2564456
2531977
2580304
2607729
2555402
2534469
2537733
2577281
2578099
2535320
2580164
2574342
1278343
2576067
2551131
2569752
2551371
2532837
2552684
2557505
2576256
1270712
2555204
2554437
2608929
2558990
2592165
2567916
2527483
2575318
2541626
2596165
2579212
2580202
2558963
2562779
2601824
2578636
2562382
2553143
2607071
2562515
2621414
2562871
2558148
2577324
2626115
2600288
2607512
2537322
2581484
2578709
2537974
2592018
2577200
2534133
2579067
2578800
2582682
2563127
2557993
2556438
2573737
2604772
2564623
2577664
2607220
2621428
2561056
2580303
2583879
2580410
2550940
2591301
2577111
2624859
2605095
2578246
2577899
2621913
2580428
2558011
2549166
2606244
2554031
2534161
2572541
2553356
2562888
2563216
2558704
2607357
1282514
2535616
2562072
2603119
2574830
2573406
2607200
2608535
2532058
2624788
2624215
2567633
2528456
2583703
2579326
2550805
2580070
2534417
2574310
2595107
2551240
2538674
2625624
2556031
2529711
2582896
2563630
2602710
2579170
2574352
2582408
2573271
2565322
2567509
2576137
2620970
2602902
2583645
2568424
2580427
2606749
1295777
2625271
2607153
2558152
2608647
2581376
2575049
2581090
2598460
2582179
2576769
2555978
2594338
2573866
2547753
2580051
2558997
2574483
2577819
2568173
2578349
2539634
2551947
2573848
2560542
2579773
2581280
2555350
2578977
2553299
2604241
2578627
2575536
2578494
2584601
2593874
1294077
2581291
2530341
2554699
2561074
2597417
2555586
2579184
2575457
2555284
2606584
2572669
2541065
2538623
2580583
2577459
2578303
1257667
2604416
2578380
2552143
2558711
2623402
2558149
2550114
1314249
2554429
2608316
2548395
2538496
2575689
2564610
2533581
2525889
2625744
2562530
2604701
1248195
2580436
2574683
2601771
2581914
2553843
2549072
2602534
2583432
2604138
2565891
2619518
2576323
2582036
2621922
2557309
2555352
2607262
2606713
2576058
2618580
1301911
2621847
2556482
2593849
1322804
2561853
2541576
2552319
2525831
2617025
2594536
2534474
2557280
2575286
2565171
2525955
2606222
2606870
2577469
2554893
2551354
2593312
2591583
2579376
2562271
2578925
2605630
2558336
2594257
2566311
1278582
1279089
2627537
2569242
2561377
2534472
2628464
1253370
2570130
2536453
2557029
2604768
2549603
2580057
2567942
2554223
2535297
2537341
2560025
2536491
2563320
2562992
2557304
2529211
2549061
2574401
2591723
2536856
2551365
2527031
2604773
2602388
2569569
2568203
2550791
2578017
2558698
2579293
2624970
2603775
2575828
2551835
2553156
2577605
2609385
2578187
2569600
2591956
2525498
2536950
2558316
2583123
2563749
2606190
2538262
2559768
2554177
2584030
2598957
2579834
2535800
2626957
2534750
2603128
2559649
2621413
2553300
2561843
2578965
2607142
2564628
1283237
2576330
1292983
2578831
2555641
2609102
2579062
2561216
2575871
2569754
2618529
2581177
2606288
2594123
2623333
2533999
2537350
2608221
2527903
2609455
2550552
2575742
2575634
2565323
2606331
2580032
2581262
2550116
2608383
2562824
2608714
2607221
2550865
2564614
2617759
2549319
2569167
2624233
2605949
2578108
2580443
2575702
2580883
2558990
2535906
2584950
2628885
2557544
2606572
1319698
2562791
1290019
2584603
2577035
2579413
2583369
2552628
2581202
2580709
2536206
2609257
2551252
2528836
2551989
2559163
2569168
2609700
2552280
2528434
2560673
2562679
2557755
2595110
1288945
2539744
2604414
2554164
2564310
2605272
2603046
2526519
2575195
2594796
2577098
2559596
2595761
2625029
2577514
2553991
2622750
2609953
2581845
2607388
2563788
2576291
2549137
2623392
2550908
2565339
2620981
2603769
2606511
2605423
2575200
2575418
2577406
2551836
2576232
2602146
2581266
2564151
2534921
2611438
2606377
2548849
2538017
2607124
2527785
2558873
2582520
2577581
2567092
2593474
2579537
2608918
2567414
2595380
2552404
2556424
2553017
2550476
2552103
2534630
2597908
2567302
2560845
2607723
2553769
2558286
2580209
2568349
2536857
2552995
2567588
2551896
2551730
2552000
2602982
2536423
2594582
2570623
2552787
2578811
2602313
2565542
1271044
2535924
2617092
2576376
2553754
2601101
2559510
2582449
2549363
2572942
2619530
2536296
2582766
2538693
2580260
2558006
2553265
2597582
2584856
2572533
2566997
2604653
2560940
2562341
2581122
2581682
2561216
2567833
2527492
2536902
2526899
2523725
2560881
2621050
2551773
2527445
2574752
2622417
2602064
2581267
2552426
2594516
2576090
2562133
2569240
2603634
2578285
2621226
2536297
1293322
2553115
2551366
2596512
2570698
2580954
2604235
2595184
2525313
2577653
2591729
2539779
2597883
2596096
2554824
2566055
2524234
2541740
2578569
2531037
2539452
2528876
2539310
2541322
2602223
2602537
2582093
2569314
2553116
2619601
2534007
2571154
2557353
2538679
2536951
2551065
2528819
2535444
2527704
2533236
2607505
2582405
2549377
2556340
2593866
2624463
2572040
2617542
2526594
2578383
2579297
2572283
2551604
2606653
2528839
2606073
2553749
2574756
2556696
2621053
2540012
2577910
2578762
2562646
2572357
2537927
2604009
2574731
2598809
2601860
2578361
2603272
2551852
2564556
2572381
2563621
2584681
2601823
2532036
2536760
2562067
2604610
2553184
2539134
1296086
2560265
2582992
2580277
2584883
2578493
2562323
2607816
2552609
2622930
2600397
2591281
2563548
1273897
2578317
2606516
2569119
2603833
2555903
2558875
2621108
2573938
2581801
2572739
2594830
2567863
2555821
2596019
2598524
2548969
2581844
2537917
2559918
2573133
2536210
2576751
2552676
2577767
2608524
2596704
2605371
2606850
2571465
2618879
2533924
2580128
2594133
2582895
2562228
2606730
2577101
2527555
2529166
2567060
2568486
2576406
2538151
2580773
2553127
2593707
2555977
2578316
2582393
2577706
2578767
2558951
2535180
2555841
2577456
2576692
2537311
2579942
2569809
2578549
1254074
2606871
2595095
2524651
2538050
2565000
2607547
2555608
2536866
2550563
2575411
2557303
2622068
2569102
2570082
2539449
2554662
2577023
2579065
2593234
2532875
2577453
2607263
2602530
2573882
2562473
2555335
2552446
2556335
2581612
2552830
2576906
2596742
2573732
2559049
2572986
2536711
2529407
2540497
2581281
2595510
2552313
1313736
2526920
1326560
2560688
1266925
2620983
2579788
2560986
2548372
2568981
2578807
2535250
2605606
2578602
2566070
2605872
2563939
2554435
2582394
2584600
2569594
2575082
2537210
2579592
2569245
2583433
2581255
2548083
2536774
2575456
2527272
2582744
2624382
2584944
2557163
2559388
2559312
2534836
2595067
2593257
2554227
2560918
2550278
2524865
2578202
2563714
2534290
2607722
2595079
2623252
2600403
2553235
2528123
2605514
2560866
2604938
2575336
2581772
2576485
2524644
2581246
2565820
2560441
2561068
2606672
2563521
2550759
2552475
2550255
2574637
2551542
2551678
2603483
2572742
2559932
2554423
2539450
2555578
2559765
2581190
2564919
2572933
2576528
2603071
2577039
2538391
2570763
2595832
2578054
2606875
2608103
2620681
2604473
1273099
2527143
1279201
2568179
2579277
2596072
1294950
1244868
2577815
2625439
2540607
2566533
2555371
2567721
2564933
2606069
2564627
2537254
2573170
2534837
2621191
2562308
2575884
2554157
2576876
2561370
2540489
2595751
2577652
2605409
2529779
2617083
1271760
2565895
2565553
2555490
2582521
2576688
2618327
2623625
2553763
2609694
2552368
2566865
2591651
2552677
2580440
2580660
1278687
2538937
2567474
2584037
2557447
2536563
2540411
2605005
2549768
2580300
2570500
2533023
2571413
2618623
2597597
2584637
2563594
2603803
2603789
2576872
2552825
2569239
1320544
2551027
2606378
2550430
2584966
2601867
2574671
2596505
2548370
2524326
2553671
2526206
2594449
2583707
2570003
2565187
1327487
2536793
2624390
2570402
2561618
2554091
2554660
2535518
2605001
2607390
2607416
2567965
2592156
2555020
2579531
2623401
2599552
2577530
1320233
2572673
2570651
2577573
2539746
2565975
2620539
1274854
2528381
2553204
2551264
2527224
2551895
2572035
2535894
2548805
2557700
2577406
2540494
2577200
2529764
2599783
2580725
2598973
1275828
2565801
2593868
2537063
2539003
2575277
2534830
2526570
2526248
2625345
2593591
2553028
2552800
2578822
2577518
2620542
2563398
2537978
2607452
2572993
2554098
2555003
2536487
2581547
2571727
2602327
2565329
2581300
2537218
2575840
2609033
2582014
2554168
2559930
2578792
2623818
2622485
2593277
2553631
2581167
2541046
2600199
2581412
1277912
2582182
2574123
2537293
2581828
2553531
2604693
1260624
2579912
2595426
1249706
2553852
2607133
2565545
2581743
2592487
2553757
2555453
2549736
2526215
2574706
2554004
2535934
2567955
2565484
2551744
2552556
2552768
2538659
2535940
2578713
2561152
2601497
2557058
2549474
2552845
2536571
2552089
2537303
2550254
2575275
2558872
2538425
2576685
2577004
2626000
2596693
2551856
2563938
2581881
2564194
2563060
2577524
2604343
2560186
2534470
2561357
2605869
2536623
2560632
2576661
2551888
2562059
2627821
2578270
2552348
2606505
2561930
2606582
2582369
2536455
2625615
2623291
2594132
2574810
2557912
2599782
2605276
2567772
2552839
2577034
2529130
2551853
2540608
2622821
2579773
2606518
2581146
2555501
2571052
2620199
2559206
2608932
2570977
2604449
2577617
2550607
2579316
2558257
2597707
2573496
2564581
2581564
2553924
2549311
2626943
2584315
2562378
2575816
2573843
2579050
2550035
2568907
2556297
2549774
2576532
2566514
2541739
1272009
2606742
2602848
2532485
2535875
2527426
2577501
2580213
2583243
2553595
2558394
2533119
2556443
2567619
2557273
2555659
2533571
2538652
2606878
2619819
2576688
2535410
2597172
2547780
2554897
1293947
2579668
2604280
2555076
2562368
2593504
2555843
2551041
2620093
1271869
2582583
2553530
2561208
2592722
2574171
2554870
2581110
2561364
2580357
2578037
2550298
2570235
2559516
2583094
2536748
2575712
2538544
2577801
2577201
2570229
2580371
2565861
2554858
2546678
2555237
2605651
2548912
2581758
2552894
2576817
2566790
2559195
2581229
2559766
2566389
2554783
2561988
2601786
2576749
2560013
2553403
2597265
2563561
2594554
2551351
2555828
2604300
2595435
2563048
2540158
2556134
2551654
2571064
2576123
2552207
2529719
2597130
2623263
2548379
2623523
2555491
2560875
2567200
2579845
2552277
2566743
2536400
2537341
2626196
2626940
2540380
2603292
2592027
2562809
2575535
2596645
2597336
2529122
2554125
2560535
2608445
2551651
2564298
2562866
2549436
2549819
2555227
2629653
2529356
2559961
2595217
2566505
2538486
2597039
2582776
2618308
2551330
2553866
2575622
2554186
2562937
2556683
2564277
2540490
2527030
2607389
2572033
2530353
2580578
2628733
2556538
2549557
2527556
2539661
2619949
2550922
2579540
2562644
2563311
2603235
2573895
2559326
2626088
2625545
2573913
2579437
2552609
2604864
2577686
2568141
2566421
2622927
2574167
2538502
2580971
2555352
2582985
2537015
2580157
2552982
2557150
2605351
2561255
2572290
2600628
2618012
1281539
2594470
2577196
2562078
2554682
2554957
2571103
2604347
2593926
2549407
2558744
2551642
2536201
2538028
2616069
2579067
2573204
2582226
1298465
2578256
2583131
2622959
2605802
2611508
2604388
2563937
2540763
2558969
2534616
2576019
1277487
2578407
2553065
2555017
2550101
2578617
2576790
2555986
2620855
2621908
2555251
2561435
2594568
2579007
2563082
2593515
2605168
2602321
1318846
2599546
2536797
2620462
2573841
2578007
2604697
2570405
2550092
2554998
2616306
2527418
2554423
2552361
2576152
2527839
2602078
2565549
2603269
2616689
2549359
2566244
2580357
2604011
2564889
2538519
2556454
2538616
2560551
2582061
2541885
2549781
2578191
2554466
2577769
2577207
2571946
2564997
1293442
2577578
2566793
2561414
2577352
2554894
2581119
2598551
2566442
2580697
2552540
2583661
2601533
2554489
2608141
2594907
2586165
2541572
2540762
2563132
2539311
2571491
2550482
2536540
2550562
2571290
2578379
2579607
2547945
2553747
2557271
2578929
2568915
2567596
2554438
2576147
2596074
2574904
2526128
2571490
2601660
2537866
2598549
2533229
2536787
2558696
2537367
2573862
2552571
2533492
2597949
2623391
2537982
2539086
2572044
2527039
2605836
2535930
2622958
2560874
2595415
2610328
2560018
2555308
2538368
2576754
2605077
2568248
2575334
2558317
2581357
2552204
1279458
2572367
2535105
2578548
2551608
2569748
2535307
2564278
2582172
2553154
1248761
2548811
1316208
2555589
2580433
2538939
2602327
2554245
2625118
2580492
2581341
2576134
2606664
2563720
2550966
2621505
2524976
2560011
2621342
2579049
2582401
2563926
2528057
2622180
2618033
2594769
2561557
2604277
2602545
2607411
2535887
2606380
2596397
2580927
2548840
2559778
2625121
2624510
2540634
2581332
2562998
2557754
2621919
2555503
2600080
2559384
2581895
2582229
2624851
2551474
2621331
2576766
2593582
2608630
2619237
2606215
2534206
2625188
2540377
2565439
2602081
2576268
2538040
1281376
2565135
2550100
2606343
2620860
2601564
1324697
2538890
2575284
2596293
2597652
2554852
2601970
2583619
2599491
2549964
2569877
2533199
2574671
2580432
2534761
2553106
2595047
2541321
2534789
2536646
2581248
2538007
2582898
2580016
2559382
2603847
2621531
2534790
2572744
2604469
2560515
2555336
2558748
2569314
2525635
2598639
2580616
2562333
2558000
2550615
2605527
2607794
2621676
2608453
2622965
2608525
2553685
2601411
2574914
2552163
2587361
2576837
2573322
2582103
2536152
2576154
2602350
2625372
2548135
2606094
2606882
2606624
2536078
2621514
2595679
2603549
2577188
2574753
2625195
2580218
2560559
2554202
2556623
2578715
2553684
2606799
2579688
2536453
2558693
2580934
2528442
2623764
2566809
2592574
2576058
2577438
2573179
2557762
1299303
2605953
2582018
2620095
2580013
2604692
2555079
2605428
2556441
2549001
2560031
2584377
2535308
2592084
2550623
2594852
2579190
2580595
2591136
2556476
2549368
2539459
2537452
1271957
2549568
2626099
2574395
2528817
2564051
2572531
2549432
2561426
2578334
2577256
2537677
2528838
2568490
2562513
2578378
2605477
2561587
2558598
2564317
2568187
2604782
2580258
2577403
2537513
2579958
2582478
2580134
2576901
1297322
2539664
2574537
2580583
2565542
2554285
2601272
2528438
2601966
2554727
2559903
2581500
2567775
2573043
2555131
2594356
2570637
2554446
2536703
2555285
2530753
2582180
2578102
2562838
2552890
2535166
2526730
2603561
2580592
2551261
2581001
2579925
2581156
2576476
2603789
2580199
2622093
2557233
2582781
2561057
2607445
2580012
2582383
2560567
2556419
2552547
2605643
1260625
2532880
2583654
2567304
2623148
2553478
2606205
2555077
2604921
2596408
2603638
2579824
2528127
2600192
2561868
2592882
2534175
2571388
2537623
2602057
2577328
2534424
2562563
1254088
2558440
2576199
2557705
2580319
2597236
2554850
2572885
2552362
2579119
2575934
2535176
2625358
1286986
2556129
2607418
2595063
2535323
2602778
2622930
2599266
2555006
2609455
2555799
2578154
2593147
2607251
2540276
2582516
1269372
2580209
2605570
2538619
2597931
2538775
1274321
2564562
2534440
2572057
2584611
2583069
2555388
2569340
2607534
2560734
2562627
2605270
2604624
2535471
2578188
2536729
2597706
2582028
2581152
2580765
2540916
2584886
2578756
2554250
2581875
2580318
2607455
2571293
2578227
2551541
2560697
2579694
2566794
2551097
2574337
1313739
2552774
2535443
2581219
2559720
2621683
2602489
2573745
2583966
2554247
2603039
2563476
2540133
2595765
2525841
2605847
2592714
2620450
2616970
2609039
2571412
2553613
2558719
2551745
2624709
1320538
2624494
2569233
2553440
2609327
2584878
2580270
2581769
2579582
2553735
2607467
2527532
2556110
2624691
2600947
2571622
2571387
2557909
2562507
2579235
2606222
2579950
2622833
2554911
2592572
2581256
2538646
2573936
2604125
2566599
2533032
2556552
2568362
2581238
2617535
2577540
2605946
2553847
2605066
2578321
2593533
2554785
2536460
2555806
2563491
2569881
2555949
2607467
2549316
2571688
2575773
2567863
2542546
2536390
2549323
2577203
2557175
2561891
1298650
2572524
2551750
2540992
2596178
2557294
2579608
2535916
2559051
2561625
2568001
2575203
2581074
2602465
2577373
2555763
2604779
2536011
2582024
2604200
2536795
2535734
2553644
2568754
2554793
2580464
2577118
2604399
2580210
2600253
2572353
2562096
1257945
2579766
2584290
2579791
2628804
2553624
2538946
2550320
2618586
2572889
2608328
2582741
2572276
2541324
2603563
2557363
2529851
2560941
2573256
2536196
2563364
2603114
2572999
2578956
2601828
2601108
2582832
2552003
2621842
1281991
2620404
2542241
2532635
2583008
2577532
2538622
2549305
2579433
2536102
2537855
2555139
2579030
2607344
2608220
2583356
2552025
2533506
2562116
2594823
2562802
2578890
2550789
2574764
2577322
2555968
1283236
1293841
2606014
2538500
2579620
2550418
2582176
2535938
2578486
2575385
2576850
2552258
2552022
2532882
2565877
2574333
2618026
2539040
2601800
1270305
2561713
2608221
2551036
2537913
2608443
2570085
2563658
2554114
2536590
2609083
2579908
2577318
1270113
2552681
2579944
2598571
2579714
2529354
2580703
2531587
2537405
2564283
2578770
2560329
2556220
2559772
2562796
2581114
2575999
2536703
2538666
2624770
2578705
2536434
2581291
2529355
2576413
2581837
2594332
2579444
2592331
2560132
2552709
2609298
2559746
2608171
2560118
2578399
2618036
2622405
2582532
2560017
2548987
2573878
2585509
2576204
2548424
2555315
2557107
2568177
2560438
2577820
2553401
2610247
2550731
2552467
2583813
2555629
2552548
2554990
2550606
2605074
2607984
2576903
2572932
2550952
2578195
2580937
2561054
2568358
2602527
2537864
2527972
2593574
2529738
1290022
2595838
2606851
1301564
2537251
2579947
2606231
2552643
2574392
2555051
2533454
2604461
2564051
2535626
2560511
2624448
2577353
2570943
2567198
2576408
2584821
2600259
2580826
2601299
2579535
2561633
2606007
2577315
2571943
2577974
2576075
2598799
2579738
2579770
2606559
2577294
2580445
2553251
2551644
2536083
2525888
2573575
2581813
2539389
2580206
2569889
2579686
2574317
2580584
2558059
2548804
2552302
2586510
2576770
2607274
2551752
2577829
2576014
2577506
2575129
2574696
2579567
2578691
2580178
2573559
2569317
1293907
2557916
2551264
2563036
2569101
2578487
2567450
2569292
2600787
2536540
2540155
2596521
2606407
2579951
2554424
2558977
2554919
2577640
2599208
2572391
2550820
2554717
2562857
2557190
2576741
2548081
2581893
2572891
2583959
2575310
2537169
2557252
2568349
2570732
2606183
2605940
2555638
2605424
2569761
2561990
1290663
1276243
2579618
2617458
2566820
2581226
2577128
2562079
2565188
2576372
2577971
2580475
1275602
2537953
2583153
2553472
2583877
2571620
2550662
2580591
2536343
2607464
2578442
2578954
2596690
2553166
2583912
2579853
2569006
2564932
2576058
2539245
2537479
2539090
2540246
2552662
2550754
2552150
2575268
2554575
2567184
2579817
2604127
2538297
1319081
2555374
2561528
2576378
2568341
2548821
2576912
2565181
2596412
2603081
2549441
1284486
2533154
2580928
2578377
2576381
2621988
1287889
2558051
2552648
2582019
2551380
2573153
2528111
2550887
2576297
2557299
2601114
2595747
2531107
2537077
2568524
2583429
2595423
2621184
2575885
2552195
2552780
2525621
2550867
2606381
2620447
2623344
1318847
2623298
2576678
1257689
2581917
2551331
2552941
2551674
2542401
2565853
2549408
2573546
2581296
2594411
1291664
2559887
2606059
2595843
2579246
2547206
2552916
2624496
2554167
2577728
2618958
2593149
2606351
1291674
2579913
2558825
2557955
2566236
2560835
2536492
2594415
2561064
2531427
2556526
2605603
2552403
2548393
2604660
2552641
2621830
2622899
2574690
2577089
2574919
2625442
2595530
2553524
2575191
2536116
2549976
2539627
2583470
2552867
2565578
2618030
2575776
2548910
2602639
2581265
2583993
2606105
2595838
2533497
2570171
2571718
2582551
2558401
1296359
2625361
2538420
2564230
2562872
2564627
2580263
2623705
2574202
2596026
2548398
2607368
2562867
2537517
1281977
2623858
2581887
2568589
2570654
2564214
2539035
2583664
2550078
2581155
2560668
2626016
2577013
2529711
2598474
2527889
2552838
2539376
2580355
2553510
2571046
2594467
2547982
2575740
2576769
2579556
2558004
2578151
2595381
2569646
1276419
2580705
2564795
2537240
2625041
2553165
1292265
2541036
2528385
2609026
2536435
2555457
2563552
2566154
2577031
2554579
2581917
2562581
2537333
2596177
2536038
2569248
2541599
2619053
2538762
2561555
2552260
2577308
2579608
2551832
2576980
2592781
2556610
2620390
2553411
2557445
2602338
2551986
1257800
2579182
2621775
2552101
2624451
2574927
2563019
2620087
2557905
2535183
2550902
2563034
2579484
2566886
2550867
2563679
2555058
2577315
2575827
2554646
2575868
2604864
2553409
2573441
2573629
2595369
2539768
2603792
2558988
2604009
2583509
2552582
2569802
2551736
2580659
2593191
2562077
1294090
2554007
2561188
2551737
2618325
2616287
1267786
2551856
2570633
2565192
2575426
2605936
2564712
2595216
2551874
2564303
1290016
2571256
2551340
2580064
2539337
2552857
2539642
2580940
2561056
2571378
2602790
2547980
2529726
2549412
2559968
2601818
2626901
2581823
2524868
2574156
2550373
2577419
2596819
2530594
2578370
2574397
2554602
2603126
2562066
2567299
1319087
2578885
2537510
2562469
2548833
2608457
2622635
2583998
2549960
2569883
2581613
2607426
2551094
2555820
2576915
2603694
2565142
1274637
2572666
2538619
2555358
2579357
2577304
2620034
2580204
2625213
2540911
2599450
2553773
2581926
2550935
2576615
2623498
2551298
2582897
2579018
2554758
1269786
2536086
2597924
2537804
1277239
2553104
2605795
2550431
2560733
2552362
2535633
2596034
1273160
2593653
2535424
2563588
2601547
2563499
2577692
2577655
2606424
2558668
2548801
2563492
2558408
2576260
1265833
2595998
2580879
2565499
2572997
1276658
2576538
2535740
2576080
2606133
2570544
2553989
2628468
2624508
2525275
1263462
2607214
2596818
2598681
2552771
2576819
2581629
2562424
2529707
2594774
2553771
2624149
2566140
2531419
2560265
2559267
2607544
2559030
2584728
2582812
2577242
2568355
2575086
2573945
2620470
2596060
2594243
2583590
2551526
2594445
2621114
2552368
2584320
1283364
2578313
2581256
2622175
2564669
2624616
2604778
2622263
2557449
2568405
2620553
2531426
2582480
2527442
2579427
2606700
2527175
2564670
2560014
2566856
2539634
2577129
2562077
2562625
2540410
2623629
2580162
2548651
2550863
2582791
2554008
2577410
2534740
2540673
2595392
2621416
2566799
2573140
2536061
2556977
2576912
2551580
2557543
2572819
2537055
2582876
2574170
2555740
2607004
2605153
2551995
2550377
2547785
2540635
2561558
2621117
2552574
2552843
2553977
2573688
2582492
2621111
2577564
2595448
2551179
2579239
2608163
2567349
2574806
2575399
2559004
2619815
2580085
2617753
1270104
2529276
1280358
2563440
2570472
2606065
2555608
2554906
2580767
2571272
2560515
2548415
2583997
2595753
2582029
2597622
2624643
2563642
2561947
2579876
1278843
2525238
2527858
2583400
2550716
2577470
2530608
2581020
2552358
2553184
2582027
2562309
2578549
2552902
2560696
2578267
2569593
2577505
1301571
2537599
2596163
2604016
2605870
2578306
2597391
2604857
2579330
2591583
2550306
1280198
2597480
2622401
2578022
2578677
2555963
2562580
2535830
2576325
2540139
2576319
2578958
2536627
2553682
2593513
2529389
2605350
2550959
2622332
2577920
1318391
2528171
2554184
2534171
2581228
1290981
2627069
2581843
2561877
2621345
2561783
2595428
2554239
2556349
2581926
2552764
2530453
2604128
2577978
1271382
2583162
2623144
2575186
2556124
2530467
2571724
2568132
2593642
2584751
2550996
2602977
2596816
2549217
2552127
2606990
2562008
2559967
2556365
2580872
2568768
2578346
2537011
2552193
2620675
2575832
2562988
2552799
2538682
2597077
2570639
2557182
1273149
2576623
2593478
2562338
2598302
2564859
2606554
2604023
2536779
2577660
2529136
2550515
2548895
2593142
2536197
2571225
2552945
2622568
2562084
2526140
2531095
2578770
2556669
2577189
2558998
2561859
2554926
2604430
2596180
2576335
2604018
2625009
2572887
2580927
2596606
2573188
2620008
2576042
2572170
2536771
2553758
2584967
2569743
1276909
2581829
2618543
2596781
2607243
2594468
2579299
2560415
2617762
2563719
2570665
2562326
2561878
2623780
2578043
2579209
2602335
2597935
2552786
2548909
2555487
2583688
2549145
2602867
2609013
1250179
2573340
2581088
2560553
2550745
2539451
2537213
2567077
2562836
2555579
2536430
2571254
2538027
2559160
2570581
2571396
2554860
2597924
2620101
2574197
2568351
2608398
2579910
2581764
2551302
2576052
2539793
2548161
2525551
2582415
2598862
2596637
2576535
2578724
2560676
2555719
2559572
2617098
2551906
2579953
2580593
2555635
2582030
2537290
2574671
2622743
2558712
2563490
2551239
2570514
2580429
2550550
2551027
2592794
2558940
2597258
2580603
2595516
2584711
2560866
2617089
2561420
2580292
2552637
2605623
2528117
2574699
2579364
2548131
2583242
2578152
2585242
2575821
2582867
2560052
2576776
2558707
2580446
2625554
2591721
2622755
2571416
2573762
1246055
2606241
1250191
2563589
2582602
2605784
2579260
2564918
2559646
2568687
1326567
1324685
2610177
2621901
2561134
2616967
2568695
2623513
2621917
2576138
2596003
2530996
2606139
2580931
2537006
2572396
2604876
2568929
1274862
2550363
2564074
2605075
2579302
2571695
2622086
2551472
2560393
2580059
2576325
2575867
2619251
2582740
1300938
2596100
2592481
2574452
2584318
2557536
2535186
2567443
2595376
2526520
2551348
2570070
2621689
2548140
2576777
2536413
2558324
2551447
2551359
2564065
2582400
2578030
2552680
2528386
2581116
2581806
2578200
2604947
2581067
2564201
2604124
2572021
2561854
2557491
2620476
2536778
2596179
2575188
2553998
2598810
2557357
2540125
2582131
2601668
2555075
2607223
2566426
2593228
2572885
2601688
2576257
2554170
2562567
2538406
2526898
2609543
2622674
2579606
2625354
2584625
2553190
2549582
2578567
2538488
2621508
2560553
2580133
2553557
2569105
2605791
2552848
2526537
2559226
2608454
2606501
2593897
2524340
2618273
2579802
2535478
1279450
2540131
1274939
2604624
2580169
2584381
2617529
2562220
2575628
2583927
2624976
2555286
2555275
2562078
2551663
2575919
2526202
2602336
1269818
2575977
2580670
2555288
2620056
2552176
2582277
2583539
2574175
2552397
2561425
2604350
2603276
2576234
2537723
2616656
2600537
2572636
2576380
2620616
2569011
2579840
2597405
2582497
2558071
2559517
2542545
2556342
2554456
2608226
2582050
2534627
2576771
2603633
2571900
2592576
2596766
2561427
2576857
2605665
2560417
2579565
2578753
2555632
2577609
2577308
2560648
2621521
2532830
2551669
2536600
2578487
2555848
2584627
2573273
2535798
2592710
2556045
2578654
2536522
2564173
2581238
2554299
2564148
2579773
2536910
2539049
2561892
2569326
2618193
2558714
2567033
2594794
2568932
2558707
2550761
2561998
2576086
2568979
2575745
2573432
2580503
2584213
2553672
2577793
2555136
2581225
2557182
2551596
2537412
2575527
2526929
2562512
2551135
2565138
2572150
2578049
2584308
2583008
2567449
1293453
2557099
2580264
2534036
2605439
2574670
2580069
2572968
2540991
2572272
2558360
2595201
2598475
2538773
1293941
2555792
2553593
2571735
2549341
2580882
2548167
2534625
2617467
2536848
2550408
2596778
2552252
2576045
2549294
2553545
2581414
2570930
2569686
2555762
2555553
2553230
2562888
2596752
2548404
2551473
2539595
2624698
2538696
2534796
2555025
2564890
2579229
2536430
2552931
2628813
2575869
2537503
2552434
2574235
1243896
2575298
2550291
2575170
2617956
2605582
2560146
2562806
2577975
2547619
2533653
2583013
2532606
2578262
2577339
2602541
1270370
2580406
2577978
2551994
2548791
2578023
2602580
2569767
2557367
2624786
2621329
2550615
2577995
2558250
2561422
2617643
2537785
2584630
2566137
1317013
2563037
2595748
1299222
2603053
2530497
2535518
2596650
2578317
2572526
2575542
2581989
2573324
2579622
2580271
2606674
2561794
2566922
2526518
2574646
2598802
2560866
2584600
2552915
2551909
2551095
2557498
2537056
1261918
2602870
2601309
2571410
2556701
2606058
2549901
2621240
2532440
2595407
2578123
2622060
2557810
2551603
2621910
2581889
2623527
2609090
2548989
2569758
2595669
2584036
2555581
2562418
2576824
2624119
2604700
2580081
2604349
2550955
2537985
2559476
2596256
2620770
2600644
2533544
2563026
2528157
2553751
2565562
2540773
2564183
2581197
2585476
2618318
2573013
2552503
2578057
2601490
2626904
2558078
2551712
2580092
2563922
2568355
2559922
2549365
2622260
2534484
2528122
2541325
2538423
2580071
2564466
2538044
2554683
2601164
2553910
2625747
2621896
2550289
2534894
2559213
2540636
2526530
2533569
2572373
2575638
2620836
2540350
2554867
2535739
2577798
2594774
2536630
2585849
2551250
2578891
2554652
2536346
2527469
2603192
2577973
2577233
2609384
2577012
2578980
2536956
2583394
2538792
2527234
2573312
2559900
2535879
2580593
2580362
2580171
2571295
2530475
2579604
2602538
1292277
2599445
2559776
2537673
2562328
2605003
2610356
2626894
2557807
2578123
2572383
2604461
2554941
2576767
2608457
2592124
2577132
2623325
2549320
1276667
2563936
2533250
2557809
2604255
2549651
2563282
2525303
2527137
2534800
2576757
2597565
2609536
1273863
2563738
2621530
2552916
2563951
2594605
2578404
2575508
2579720
2537465
2594187
2549213
2605578
2606409
2607805
2585291
2624299
2597996
1292038
2535296
2591649
2597576
2550069
2562893
2561916
2604348
2611161
2560409
2567068
2556624
2565194
2537319
2566436
2622095
2548659
2575526
2603114
2596991
2536441
2583154
2577243
2524586
2580233
2529453
2559488
2560538
2576791
2537454
2580614
2536601
2584635
2580181
2565848
2527149
2573248
2539120
2535116
2608012
2609946
2534608
2538592
2567593
2552350
2598809
2554882
2537624
2553992
2554029
2538047
2560160
2536289
2526890
2552149
2595068
2549974
2605581
2594130
2582683
2554162
2575094
2581353
2558326
2555025
2530282
2618257
2597239
2562632
2535372
2579023
2596020
2606572
2585450
2560013
2562842
2577315
2567642
2599548
2606064
2528184
2552003
2579792
2619955
2537065
2560803
2595187
2536236
2610258
2581898
2537314
2627072
2593589
2605161
2564011
2540027
2529778
2580880
2559032
2563366
2563788
2536102
2555070
2572979
2534297
2592938
1283354
2596748
2620484
2550754
2578643
2547879
2563595
2583886
2562577
2592025
2579687
2573183
2596524
1319685
2571392
2526917
2605733
2576085
2538910
1273852
2609462
2541744
2578407
2582359
2549499
2603846
2551489
2580300
2605659
2556544
2581840
2623389
2538402
2562970
2551874
2563215
2569339
2532612
2563141
2553828
2558824
2551512
2563045
2550691
2534021
2551849
2562879
2534479
2574812
2599488
2606208
2550736
2550095
2563029
2602957
2555276
2572058
2620043
2575551
2556697
2573690
2535797
2578197
2599214
2596191
2575746
2621920
2624431
2577434
2579060
2584741
2609250
2585856
2525941
1279617
2576088
2557041
2581126
2576051
2578815
2607240
2598630
2536653
2565986
2626207
2576486
2560132
2620678
2550864
2580585
2603078
1292348
1243908
2582906
2549966
2578959
2576376
2548654
2604303
2553626
2603123
2581616
2539789
1286999
2559002
1257799
2604364
2620411
2595524
2524254
2607780
2574900
2551257
2552477
2625016
2617647
2582020
2605736
2531984
2568586
2577047
2534130
2560178
2552489
2531982
1280370
2557034
2560146
2536424
2560571
2577893
2580303
2547235
2621519
2595613
2535183
2555313
2606800
2536037
2551106
2552489
2572909
2579900
2576817
2602989
2550620
2547756
2605642
2579371
2539783
2577537
1245247
2578756
2595852
2571285
2549015
2581114
2561084
2595426
2576632
2570324
2578414
2606165
2626954
2560255
2626089
2623397
2617305
2580658
2579041
2537865
2573517
2605982
1273853
2561095
2625356
2578047
2604618
2569100
2579362
2602586
2577556
2578340
2594501
2560655
2536085
2533639
2561566
2573326
2608106
2596693
2628475
2579545
2551871
2594197
2580095
2580333
2556113
2620851
2548609
2576236
2551721
2560185
2609970
2579824
2567435
2596977
2592133
2551887
2537237
2557484
2551205
2578189
2554656
2534474
2581265
2550561
2562569
2573174
2577979
2581868
2580124
2577839
2541324
2567945
2564947
2525948
2581993
2605271
2607998
2581798
2549431
2556416
2580408
2577220
2585232
2554720
2584740
2605089
2599442
2574093
2606063
2563223
2598562
1315061
1269131
2556458
2616730
2550305
2576264
2561425
2551578
2553019
2579290
2619598
2619236
2561509
2559201
2594341
2624459
2578719
2529712
2560125
2597942
2553428
1283923
2576603
2583644
2531029
2594434
2583023
2603703
2525628
2561199
2624226
2570071
2539054
2565830
2552717
2558677
2560830
2610258
2551462
2580315
2579794
2561581
2567463
2559509
2558340
1281479
2602485
2620591
2623394
2606130
2571214
2603755
2576226
2549574
2552784
2539341
2552908
2538117
2541066
2580667
2535299
2566430
2558197
2620685
2580468
2564449
2576385
2566508
2583899
2563694
2580938
2578261
2573496
2533750
2538303
2567842
2579613
2561984
2552567
2590996
2551013
2572834
2572985
2565855
2566494
2580502
2623406
2601497
2608064
2552570
2536440
2555754
2574929
2533764
2561345
2567294
2539131
2552440
2561625
2572183
2558671
2534994
2527141
2620550
2621412
2550508
2605339
2576742
2595423
2555456
2596946
2536042
2581609
2549993
2536088
1257659
2551093
2581122
2603833
2584602
2548800
2560288
2573724
2581242
2574649
2551037
2524854
1280861
2565867
2606745
2600922
2555866
2533589
2577502
2577891
2551817
2583335
2573212
2595514
2553931
2578336
2560990
2552663
2561070
2596661
2622645
2576141
2559105
2536019
2596741
2580653
2538501
2565268
2570460
2526907
2556131
2621348
2607991
2605019
2556362
2540504
2536440
2533743
2566877
2537768
2569168
2552322
2606594
2551307
2537296
2622744
2579785
1280097
2549637
2572906
2595145
2554700
2616654
2575522
2557106
2610338
2532631
2584627
2550452
2550958
2582215
2604058
2553482
2580428
2574494
2581498
2595425
2580728
2568686
2557090
2552016
2623502
2534747
2577643
2553242
2559648
2535377
2601107
2606583
2572930
2604550
2575415
2605986
2559926
2582171
2561797
2575964
2550713
2580313
2558264
2559664
2620839
2538890
2557437
2582581
2600539
1275847
2581767
2626012
2556405
2579287
2569618
2576753
2585290
2578322
2568690
2535896
2583510
2626089
2573893
2569341
2626731
2620473
2527482
2579130
2550066
2578092
2556556
2550058
2596703
2532594
2550197
2606324
2542246
2537338
2601483
2556733
2524851
2576145
2551678
2596197
2574896
2621682
2541038
2534446
2568774
2562302
2603196
2554443
2577314
2580082
1267279
2551676
2564888
2576388
2581271
2579913
2576534
2576951
2620383
2559854
2583532
2610507
2538554
2621976
2560824
2578706
2608640
2576543
2566846
2606744
2580211
2538416
2559516
2583070
2548642
2551368
2559216
2580360
2553240
2621889
2595207
2555503
2562692
1273161
2603701
2580343
2549348
1277909
2623295
2577790
2582740
2553508
2554047
2558342
2570012
2604797
2606573
2595408
1276469
2530739
2538004
2562340
2605937
2538369
2536848
2623712
2569091
1256971
2606806
2580435
2576780
2584638
2561042
2536033
2560262
1289288
2565984
2532222
1294440
2574640
2582486
2537286
1297877
2596649
2535156
2552372
2551553
2528179
2625141
2579542
2552243
2576721
2610512
2619611
2592799
2579739
2592077
2558685
2550081
1297123
2579582
2572394
2571228
2579437
2576484
2552202
2584297
2572799
2583958
1283018
2620447
2570177
2577406
1272598
2591233
2620619
2580322
2551450
2575869
2568688
2607185
2579424
2583675
2603830
1275392
2623313
2606116
2539230
2529163
2597897
2566488
2621250
2601417
2555826
2578284
1321235
2529997
2585253
2604818
2583628
2581906
2608014
2605519
2581951
2556446
2570004
2552525
2621425
2554829
2573684
2575207
2561423
2603074
2536023
2536041
1265835
2582095
2552581
2550575
2550047
2577402
2574214
2551548
2549003
2536031
2550620
2607526
2581444
2565492
2551254
2529100
2569629
2626014
2561561
2564593
2564554
2603640
2542260
2562830
2553331
2621064
2578102
2550282
2623481
2528382
2584951
2601778
2583153
2568989
2595815
2527286
2558156
2557285
2595405
2573617
2565452
2552288
2581822
2622556
2561215
2605257
2537862
2563672
2594353
2592847
2582175
1263671
2576044
2576130
2562984
2595829
2603791
2581950
2555927
2583904
2548377
2549562
2603699
2537468
2581232
2553413
2563514
2608432
1274879
2563664
2537079
2533912
2536342
2565836
2591222
2533596
1278898
2569300
2620830
2554176
2558415
1291739
2553664
2582769
2565332
1249712
2601388
2556120
2576531
2553341
2609889
2539002
2541634
2579323
2578162
2552685
2555203
2577886
2575693
2551698
2604638
2537070
2548653
2605604
2578117
2552157
2534886
2531608
2560403
2561155
2553415
2584885
2530607
2567513
2536554
2608152
2554943
2549280
2626019
2604871
2554473
2537467
2524600
2559052
2562368
2606512
2582096
2570637
2597927
2598512
1247814
2572176
2565551
2538418
2583064
2536790
2540767
2535186
2531252
2627027
2605494
2597676
2608447
2524983
2585511
2536290
2551664
2561415
2568737
2574507
2578951
2555915
2601476
2548639
2620033
2536232
2561718
2620413
2604998
2557053
2555722
2605078
2563623
2536442
2583407
2551030
2620453
2561803
2595522
1286856
2599201
2604249
2596086
2578842
2561863
2580336
2579676
2554230
2553075
2572375
2578122
2625662
2533031
2558192
2605092
2572661
2528809
2581890
2606219
2596639
2537527
2592635
2576043
2580575
2559153
2526247
2579483
2617023
2552324
2622741
2593214
2527293
2581624
2557193
2578305
2582601
2569154
2557551
2577254
2580059
2596199
2576760
2558965
2596651
2564584
1289555
2538952
2575719
2571682
2555298
2584897
2562516
2566044
2606660
2553982
2550504
2561985
2592562
2564251
2603753
2603508
2573909
2537724
2594470
2536314
2564564
2553664
2561565
2552249
2579188
2580484
2567788
2578986
2601866
2621250
2548606
2584641
2555319
2605258
2552871
2608514
2569427
2553726
2540753
1294438
2563029
2583546
2568681
2551885
2585226
2596166
2605722
2577086
2536554
2598632
2549900
2532433
2562836
2536454
2580221
2551733
2616438
2567461
2584317
2536420
2529095
2526505
2595913
2608327
2559164
2564025
2551691
2560547
2576850
2583821
2564172
2560159
2555784
1264420
2606586
1252405
2579068
2597911
2581437
2582824
2571982
2577318
2603102
2602226
2529840
2528124
2600706
2551540
2598890
2563595
2538626
2552857
2552968
2592164
2608072
1294287
2562136
2554834
2538538
2575847
2538793
2574204
2552261
2552527
2551860
2557805
2550873
2538011
2550309
2577797
2553190
2571493
2581643
2601692
2554483
2575076
2578783
2606853
2576470
2565172
2600903
2621513
2553613
2562369
2607001
2573309
2559005
2573320
2553623
2554468
2606864
2577742
2559743
2595839
2595109
2580609
2581610
2558970
2556720
2605580
2581186
2529765
2536526
2563038
2560374
2559113
2560764
2559455
2581938
2584043
2562329
2559841
2598292
2571291
2605361
2576304
2567440
2539451
2535522
2602256
2559202
2539952
2578118
2551211
2603057
2554465
2594426
2582184
2578181
2579296
2618976
1272765
2579925
1290702
2559319
2548169
2527493
2595442
2594135
2551033
2596228
2605276
2573011
1272497
2551187
2536773
1293901
2568930
1278987
1279093
2594906
1258301
2597922
2564258
2559372
2552352
2550671
2580968
1302760
2560750
2581481
2617890
2524241
2583009
2570983
1278045
2597483
2535315
2605719
2525261
2580058
2566078
2607375
2591909
2580465
2566302
2536957
1278579
2595170
2601286
2576674
2538474
2558081
2605017
2575313
2597624
2526506
2592472
2618973
2578201
2534029
2577300
2576593
2573508
2576384
2565577
2539775
2552599
2578034
2547632
2605963
2564149
2555640
2620816
2604769
1298468
2557306
2539919
2541177
2584752
2608077
2536344
2549822
2581024
2619056
2581770
2561088
2537495
2538600
2538772
2578319
2526261
2535427
2603367
2579693
2561169
2553402
2579950
2601678
2574397
2576130
2580310
2579234
1278891
2553920
2572471
2624441
2565802
2628883
2580455
2548640
2550974
2559519
2579176
2552006
2572030
2616676
2578552
2574915
2571479
2563590
2577348
2555904
2536911
2536342
2577345
2561222
2592888
2592475
2564146
2602393
2579340
2594442
2568189
2551476
2549169
2565544
2572054
2559098
2535724
2582373
2582779
2529839
2541180
2604214
2561580
2579015
2548163
2621786
2567446
2553118
1273857
2610948
2556699
2619907
2577149
2570469
2556557
2595841
2578699
2555283
2604924
2535811
2553985
2550037
2573839
2583654
2572920
2579613
2567660
2554578
2621981
2572622
2561852
2553033
2550963
2622748
2594131
2537363
2576662
2524237
2535808
2561994
2549325
2577934
2607387
2552192
2552011
2530966
2562074
2561734
2563260
2552267
2577657
2536347
2577013
2581110
2592631
2536770
2580802
2541629
2577027
2529096
2607138
2528110
2550215
2559927
2580654
2537904
2576741
2621985
2592864
1278138
2619250
2599711
2580205
2576749
2558683
2609466
2536784
1286866
2619600
1323474
2596649
2573698
2553483
2534660
2603822
2549576
1254485
2554647
2575325
2578296
2595422
2554918
2599439
2575022
2556478
2603553
2568918
2576543
2578159
2605883
2539375
2597144
2558963
2592478
2574674
2602910
2620063
2562298
2541047
2572898
2595417
2594463
2550494
2620397
2608317
2627921
2580965
2562270
2559666
2536064
2558724
2583338
2575839
2596023
2565519
2621333
1273025
2560279
2621902
2549651
2563578
2576796
2556479
2603489
2557452
2622486
2608625
2593555
2556474
2579022
2541607
2573731
1277731
2536151
2600261
2572374
2607991
2554225
2527831
2579918
1324774
2582498
2534638
2595885
2550076
2621243
2541119
2563798
2591581
2607157
2552840
2577976
2532992
2539319
2572042
2622183
2578338
2576683
2617315
2579952
2602330
2602400
2562277
2581445
2577273
2562831
2581507
2569797
2551661
2578721
2560030
1270358
2604051
2623037
2580471
2606343
1291170
2593502
2554779
2608642
2566860
2622483
2597889
2576292
2601303
2577457
2550813
2577293
2567472
2578312
2572927
2593710
2595756
2616733
2626126
2596738
2564809
2536130
2591731
2596164
2623405
2577392
2560280
2578115
2604811
2558553
2600717
2570457
2582590
2540357
2582996
2554724
2540617
2555329
2576543
2557390
2563288
2534917
2537168
2621051
2581839
2593837
2555027
2553472
2573976
1292051
2567785
2553734
2582021
2592888
2581611
2603370
2552281
2602492
2534406
2555771
2604785
2572744
2569894
2594613
2607414
2605470
2629734
2594781
2565181
2599273
2555510
2534893
2576295
2560111
2623288
2541044
2561700
2567722
2549367
2594126
2576894
2607465
2624203
2532592
2552202
2595103
2616063
2578545
2538660
2597269
2566988
2567069
2550045
2556543
2559873
2604407
2560926
2603457
2561418
2594117
1269141
2580923
2554462
2558818
2560177
2573494
1277640
2573929
2537344
1246044
2558918
1316207
2561638
2541066
2600094
2576101
2580164
2582227
2583430
2561187
2596513
2561243
2577781
2582452
2539437
2548814
2579358
2579738
2554387
2576554
2577521
2560552
2561924
2625369
1250445
2594616
2575093
2593603
2549553
2578162
2605410
2576099
2568933
1301909
2576091
1261924
2560735
2596744
2559099
2561701
2579913
2578387
2550822
2607358
2552374
2618168
2551561
2603278
2605661
2551247
1315066
2537205
2580589
2555647
2551460
2594199
2552007
2551085
2625214
2564799
2606301
2568987
2624218
2551559
2534216
2575809
2532229
2584822
2618307
2554771
2536346
2580265
2528949
2600925
2593895
2538943
2564971
2594756
2580183
2567651
2601828
2621980
2608446
2551747
1246470
2571415
2572359
2540635
2537575
2582519
2582456
2560103
2551809
2552610
2573210
2595410
2536387
2623505
2566288
2616300
2625276
2628457
2603205
2581923
2549289
2572830
2526882
2567420
2560322
2579168
2537089
2578877
2579565
2606512
2597166
2580862
2552354
2595438
2559408
2576749
2560692
2576904
2619541
2582472
2549211
2552003
2574882
2559967
2606816
2525630
2574638
2578960
2548507
2596149
2559601
2575781
2605607
2560903
2575871
2618260
2527147
2536088
1273865
2563971
1273340
2529069
2536129
2567939
2595441
2561159
2537176
2577526
2578970
2529078
1323471
2581779
2538501
2555477
2557821
2576238
2539461
2549361
2575267
2572412
2626212
2551362
2554613
2617944
2574328
2603129
2540348
2551231
2534713
2593487
2580663
2572157
2563028
2553468
1275841
2576954
2627882
2581750
2550519
2550081
2550752
2558190
2532830
2578167
2581290
2623801
2554169
2551664
2618541
2581199
2535492
2602139
2560437
2576544
2556044
2529015
2577013
2596287
2619532
2575256
2578281
2573532
2567657
2558296
2574656
2552916
2557100
2580431
2572398
2548626
2553387
2616293
2604919
2539462
2599207
2561088
2575144
2568843
2564229
2601490
2552842
2541063
2607519
2554998
2551012
2560765
2527176
2603458
2576779
2579122
2577637
2577053
2609939
2540491
2555576
2582263
2569346
2530494
2581886
2535413
2580729
2578997
2605446
2620462
2571478
2607359
2560395
2626205
2554769
2552476
2606585
2569306
2535884
2523716
2564541
2536137
2534748
2552611
2542290
2597629
2578783
2570997
2534615
2595676
2533638
2537049
2552271
2622099
2573874
2551649
2538732
2554812
2554481
2555494
2535823
2583539
2605591
2603641
2566081
2562299
2581116
2563628
1272586
2539696
2561440
2537483
2527965
2538628
2540490
2581903
2554306
2559307
2581299
2553993
2624380
2536536
2538114
1280864
2579367
2578609
2551376
2555560
2555850
2594140
2536488
2561098
2599280
2552852
2578154
2549805
2606755
2550096
2565215
2596941
2538733
1277732
2576551
2578472
2597904
2556127
2594465
2605076
2578635
2548029
2552396
2583167
2535637
2624156
2567431
2553844
2554389
2566297
2580625
2597593
2553994
2538047
2581830
2556464
2539612
2561363
2554041
2550561
2550895
2537968
2555894
2554234
2535801
2555643
2538430
2538489
2570645
2569672
2547226
2596970
2576895
2578035
2574159
2579618
2524990
2603464
2618181
2555902
2564208
2626724
2575186
2555077
2608515
2565857
2552896
2574187
2541179
2559234
2604772
2582181
2576626
2579907
2616648
2577669
2606522
2594417
2540355
2535533
2619826
2525895
2553617
2553612
2538497
2553561
2554166
2556040
2559165
2573907
2583681
2541109
2559024
2579648
2553130
2532887
2576041
2529421
2551028
2539657
2580506
2560048
2579708
2578195
2618969
2561499
2551208
2624789
2534600
2551583
2623811
2602249
2558145
2533021
2536799
2581874
2594846
2562799
2568255
2538017
2604008
2551657
2535179
2537232
2534213
2537327
2571226
2575270
2525593
2556039
2577010
2572029
2578454
2534737
2604796
2562566
2528134
2535810
2554017
2541678
2595719
2535727
2579308
2561424
2526731
2597718
2603695
2560379
2537044
2624121
2602132
2560112
2557174
2623046
2608542
1272023
2605427
2564957
2563310
2550102
2599287
2570503
2560487
2552996
2550970
2572014
2584254
2575681
2559263
2623263
2570935
2552163
2540352
2549149
2554314
2537734
2554299
2557386
2582465
2623843
2583410
2576313
2551086
2534660
2605564
2555197
2572378
2577642
2619013
2591962
2599532
2610268
2550560
2573728
2578628
2552351
2568495
2550616
2537010
2555113
2562941
2609133
2609171
2574920
2591585
2552014
2573308
1282491
2576621
2574886
2574445
2577523
2576412
2596729
2602969
2535630
2534468
2597497
2561589
2550306
2575535
2578917
2609135
2525281
2622649
2602943
2550221
2602988
2540477
2579705
2578315
2535314
2585504
2581438
2564953
2559490
2604357
2609465
2571101
2549458
2540269
2554657
2536086
2621342
2556223
2567857
2559022
1270783
2557701
2551134
2549995
2539451
2607802
2605000
2579061
2607468
2608513
2535923
2575992
2539912
2565891
2529263
2564619
2559174
2576995
2534220
2565540
2566138
2578909
2575710
2574758
2571843
2561061
2569329
2541176
2550812
2595991
2605092
2531434
2599566
2605933
2578727
2536034
2578229
2552270
2567995
2562468
2579427
2605080
2576556
1321233
2551839
2581253
2536571
1300050
2576084
1244882
2593881
1276238
2528448
2581495
2533389
2548602
2557798
2580015
2550602
2579360
2536755
2551526
2573864
2539079
2552126
2604362
2550890
2627877
2561146
2560655
2553629
2607376
2563674
2559261
2535109
1318389
2624141
2577985
2536347
2526211
2561957
2604103
2605943
2606189
2538763
2534803
2576699
2566395
2567429
2529144
2579551
1276911
2562987
2555403
2537799
1279650
2526572
2551372
2535441
2572049
2584654
2550193
2625210
1257944
2595168
2572285
2562335
2553263
2579000
1272093
2560923
2578095
1275783
2602395
2537471
2625124
2554573
2605642
2559376
2579068
2623626
2558191
2593145
2610878
2578041
1296080
2563669
2570727
2561871
2561779
2580873
1298231
2569761
2575433
2576690
2578588
2579526
2551799
2552468
2580809
2530461
2597993
2570485
2597882
2533140
2538007
2538004
2581679
2576478
2553454
2553896
2606072
1297805
2562149
2532823
2608170
2533150
2567732
2581040
2576537
2578241
2557996
2563549
2608528
2529277
2561715
1297135
2605662
2576372
2576841
2569213
2550953
2572032
2580127
2610189
2583075
2577234
2583965
2560916
1272091
2606063
2573524
2554387
2625205
2594538
2583469
2584735
2550399
2578155
2547870
2558684
2560889
2576330
2572343
2599556
2604419
2573990
2575883
2603847
2580997
2567733
2580587
2578555
2559002
2534050
2573854
2605012
2607246
2539879
2597890
2534199
2602136
2606561
2540272
2606582
2573733
2554723
2569599
2566744
2535933
1273894
2550241
2540376
2567923
2552275
2572796
1265163
2596745
2578836
2576897
2580441
2576782
2605059
2583404
2537496
2551697
2552954
2584943
2579219
2572291
2554785
2559930
2538488
2571727
2612169
2574487
2622102
2579903
2562272
2625667
2604902
2536721
2529408
2581184
2602043
2528890
2548126
2579297
1264426
2579066
2569234
2562838
2594445
2577399
2593144
2559167
2552589
2605616
2603060
2528473
2538515
2570661
2564238
2581738
2626002
2557186
2601153
2578786
2559855
2550087
1280898
2566834
2526734
2574339
2534157
2618872
2583238
2604064
2559597
2539735
2536752
2603633
2553673
2624623
2577182
2576747
2572966
1290009
2564315
2611443
2556474
2551217
2560911
2597048
2576234
2533916
2549543
2553239
2605570
2565479
2550518
2607652
2555992
2581794
2604619
2571136
2525565
2602653
2565577
2569660
2536761
2595108
2604869
2527535
2551611
2596404
2598581
2554422
2607808
2581189
2598299
2606809
2576794
2602225
2560791
2626277
2624438
1270775
2553666
2578345
2602134
2563376
2563027
2579118
2531975
2622732
2538019
2550062
2619538
2580521
2584262
2539732
2601674
2526580
2617317
2576352
2527415
2624458
2592557
2550270
2603184
2551905
2551908
2604253
2596784
2537597
2562508
2601488
2579069
2534674
2595611
2568352
2583764
2565555
2564019
2534646
2575091
2576977
2577471
2619535
2605174
2558962
2583995
2580929
2597956
2562383
2570754
2576337
2578810
2622335
1317512
2578020
2550962
2551107
2552785
2562349
2535447
2594193
2620678
2565871
2553560
2599438
2564888
2623537
2621527
2556319
2577347
2553768
2580568
2580948
2566069
2551703
2626851
2562129
2577581
2575619
2584689
2559502
2575687
2620746
2550107
2581560
2537567
2539234
2576769
2551673
2584868
2572537
2530483
2573015
2608446
2570642
2547792
2566733
2609337
2553213
2597278
2537982
2570631
2564808
2555897
2605917
2627831
2621888
2593546
2548599
2606750
2598295
2601775
2539654
2541068
2536300
2548379
2555491
2627544
1274866
2580205
2528952
2595226
2550993
1275267
2568685
2534933
2576904
2578465
2552853
2579198
2604294
2573698
2580306
1281247
2556543
2555322
2619239
2625023
2536844
2536330
2552680
2621821
2568429
2601674
2570121
2576405
2578030
2542287
2533740
2562787
2620675
2557166
2534919
2576762
2576848
2561727
2537596
2553324
2553403
2594424
2579365
1274632
2574821
2618621
2600923
2558853
2562132
2553650
2547754
2580960
2533736
2595850
2576862
2558334
2551943
2594793
2550549
2606699
2552002
2598876
1287884
2564213
1262885
2596190
1315814
2595374
2621404
2564005
2569790
2559208
2560520
2577340
2551961
2604052
1270718
2605884
2576669
2550260
1268529
2583152
2624791
2557294
2579250
2603832
2565881
2583417
2583823
2579947
2601768
2597347
2608943
2566081
2528312
2575175
2533440
2596714
2604413
2548842
2581235
2583710
2567423
2563682
2606661
2578493
2579946
2553925
2552189
2601528
2602343
2560517
2578820
2561062
1290971
2528811
2533390
2539447
2536778
2552858
2574744
2585194
2555135
2576812
2555058
2583104
2618575
2606091
2603384
2554716
2578706
2580066
2552913
2607457
2552338
2581610
2534137
2580559
2568751
2573556
2579423
2626191
2578786
2561213
2579553
2595749
1251409
2552841
2577558
2620682
2563426
2624373
2561815
2566798
2581757
2555812
2556100
2552826
2622411
2562788
2539443
2539452
2548812
2606729
2601772
2533013
2547203
2527487
2571057
2565216
2532044
2620866
2565505
2558991
2571401
2582486
2583424
2566734
2582781
2531106
2570174
2533243
2573563
2596008
2536586
2552218
2536037
2580618
2550303
2591294
2549789
2538115
2554302
2551475
2574906
2527966
1280904
2557287
2555289
2582030
2563036
2551311
2609896
2536712
2581107
2550440
2551442
2523718
2557232
2550305
2551737
2550984
2563027
2567036
2535411
2600940
2618964
2625135
2550722
2618531
1279618
2555059
2579322
2554576
2565826
2561495
2579920
2604905
2609378
2551694
2532743
2579841
2577208
2567506
2579250
2578116
2563668
2576896
2559960
2617320
2579899
2625361
2576772
2554948
2596007
2537451
2605526
2555496
2563370
2557793
2576999
2596238
2565505
2536747
2540354
2567030
2581182
2529741
2580703
2620404
2573224
2552904
2531251
2619250
2552169
2524650
2561432
2538017
2593661
2561983
2547613
2626946
2577207
2595435
2568841
2534434
2574700
2571214
2564888
2579705
2535647
2623778
2593581
2602955
2529451
2536704
2550235
2528198
2563030
2558204
2575847
2579896
2550834
2580368
2549158
2583243
2551824
2565139
2578629
2576758
2555721
2604356
2621400
2591373
2576910
2561043
2571480
2576093
2605645
2549355
2577668
2579196
2560486
2554877
2596019
2556343
2550310
2578690
2581116
2555064
2563390
2594860
2579960
2550865
2596515
2555066
2582875
1263222
2555605
2536214
2604868
2552272
2569567
2552170
2578192
2568900
2605066
2573329
1317413
2555581
2583754
2605841
2576327
2608227
2563507
2618180
2538157
2623628
1262294
2579298
2529077
2562347
2559411
2554903
2581428
2548493
2561219
2582868
2573771
2550612
2560546
2560509
2605650
2624230
2559214
1280111
1271805
2569831
2602207
2575168
2579251
2578622
2552795
2572304
2571152
2556475
2594886
2552995
2526238
2608999
2604810
2574755
2548370
2602211
2622652
2564887
2627070
2567082
2541884
2555896
2565498
2572528
2625019
2582083
2607791
2601567
2548805
2529070
2570584
1277446
1282521
1273860
2553722
2559940
2603206
2554554
2535148
2563632
2560343
2576736
2606640
2558243
2551362
2594533
2550506
2552352
2534403
2609251
2538630
2605087
2537676
2604354
2623495
2538260
2555138
2581879
2551888
2527792
2599520
2560867
2536912
2622966
2575788
2553612
2558842
2533461
2537600
2582487
2568740
2568327
2549472
2549422
2549957
2574667
2574247
2620827
2570706
2535909
2565860
2536056
2593198
2617885
2554092
2568335
2596099
2574109
2561563
2606714
2536341
2562873
2580211
2581118
2562141
2569335
2554958
2536144
2571275
2528866
2525962
2577402
2580775
2603541
2605574
2611513
2548650
2552610
2554721
2621968
2617883
2580590
2605659
2592850
2610897
2582173
2608140
2567336
2538806
2571155
2575249
2574216
2527559
2573408
2581694
2551023
2575626
2575870
2538125
2558068
2550002
2548858
2576774
2577460
2560662
2620406
2608065
2536911
2619247
2552196
2534427
2596367
2535925
2577380
2538646
2578158
2563033
2554714
2533750
2540161
1293309
2551389
2607419
2533397
2624204
2592146
2555723
2603786
2578203
2552992
2563938
2566054
2605442
2548795
2622482
2621438
2557451
2554890
2579480
2529769
2548090
2536763
2555346
2608722
2563061
2537293
2626911
2583414
2579013
2596935
2603778
2561780
2555732
2557142
2535373
2550052
2560429
2578253
2581203
2572813
2555052
2573568
1281375
2603247
2560751
2529262
2561857
2604691
2576595
2604152
2608026
2568583
2581083
2534213
2567419
2566080
2575084
2540485
1285147
2592496
2572035
2609395
2553510
2586139
2527279
2620765
2594127
2564849
2604291
2564233
2563321
2551217
2556551
2608397
2577198
2536091
2572468
2594456
2558327
2562501
2605574
2573215
2549912
1288387
2580991
2603511
2576065
2603180
2540475
2581794
2577700
2553932
2569764
2581178
2539665
2586140
2617318
2601397
2619014
2536069
2556302
2559923
2535461
2537498
2604188
2535941
2549732
2557196
2600218
2537786
2570998
2550974
2580516
1278145
2622324
2563564
2553471
2562140
2580430
2575035
2552657
2580702
2555380
2553161
2575336
2552448
2557999
2581158
2568902
2570991
2564991
2578806
2621520
2582028
2616662
2538647
2566990
2577140
2559728
2625534
2580072
2607797
2562438
2581303
2578884
2582488
2524657
2558181
2561542
2579782
2566067
2580922
2527861
2619607
2570400
2592929
2556136
2575521
2539913
2561853
2578499
2579129
2552115
2560524
2578683
2525637
2596029
2605495
2556620
2575987
2580701
2571307
2553157
2576261
2627530
2579229
2549319
2585288
2579860
2623398
2564904
2548599
2538807
2533382
2559263
2559773
2574490
2572481
2574723
2553994
2562218
2566431
2573324
2577669
2569130
2594772
2557245
2579572
1271865
2591288
2559783
2560927
2550047
2580660
1273265
2525828
2525240
2583993
2557808
2562076
2529355
2551193
2582025
2624789
2621502
2580858
2576081
2602646
2577962
1289562
2574351
2580617
2610505
2582525
2582338
2537769
2580304
2538916
2579575
1293853
2580317
2533547
2578327
2554799
2541039
2558514
2571279
2551711
2551906
2565542
2561559
2605515
2573274
2583884
2623771
2536901
2552354
2537351
2602197
2559309
2560261
2560426
1297885
2576752
2607358
2565453
2560646
2557747
2559258
2530480
2572916
2625637
2559873
2536136
2578640
2578330
2577963
2605623
2617472
2565182
2605530
2594502
2581847
2618334
2571056
2596188
2554097
2551203
2552908
2626196
2566483
2596194
2579305
2585323
2579570
2560388
2595899
1322810
2609699
2559875
2575272
2581367
2576293
2576239
2597329
2605368
2552400
2548973
2560976
2602193
2571144
2539318
2539294
2599554
2541323
2619062
2600634
2539602
2536626
2584287
2595414
2597174
2622269
2567929
1288401
2552350
2537329
2553750
2619599
2626732
2537964
2552788
2551547
2579794
1315817
2604936
2537757
2608527
2583009
2559266
2532608
2628538
2603760
2551079
2565332
2527232
2620202
2539441
2580825
2575397
2579917
2534608
2603125
2582084
1279612
2575326
2605055
2576541
2622830
2551694
2623808
2606070
2581935
2621978
2581292
2603795
2572675
2562148
2598821
2606175
2573501
1282197
2557323
2536862
2550803
2579896
2540017
2578906
2552968
2625031
2558361
2537956
2561849
2536585
2605500
2540683
2593586
2554465
2602459
2571939
2580493
2562583
2577431
1320230
2622331
2578055
2578566
2583078
2603461
2524335
2560813
1283926
2579479
2550456
2610259
2574122
2609091
2554992
2570747
2579535
2609134
2534635
2581677
2552871
2538880
2580524
2567786
2576910
2576390
2569160
2583814
2576532
2567648
2551612
2602148
2595157
2580063
2551220
2624434
2601678
1278830
2581013
2556551
2579360
2559727
2561588
2569745
2569333
1325754
2623815
2563912
1248181
2577221
2528116
2580488
2578373
1275393
2559907
2534629
2555106
2596235
2564303
2527184
2570056
2556030
2598642
2535185
2564169
2593549
2551873
2604254
2553748
1278680
2625359
2580199
2553072
2605943
2549393
2586045
2609172
2554990
2581366
2603250
2550957
2568003
2624778
2551671
2554470
2605580
2552135
2539880
2623771
2623038
2582174
2580095
2607642
2530593
2577301
2592570
2537323
2564955
2593563
2598575
2624632
2607537
1255095
1269371
2560020
2592093
2557036
2550050
2621330
2575247
1271956
2561162
2597992
2577030
2571468
1292982
2537852
2527852
2572284
2568361
2586512
2563802
2569762
2582117
2597693
2552315
2582224
2572361
2572280
2606300
2553491
2580514
2535298
1277450
2564527
2536896
2597926
2537513
2534619
2553658
2604991
2606631
2553669
2552241
2571482
2536075
2593271
1263217
2554480
2567868
2533912
2559752
2580052
2536446
2557108
2586705
2572163
2576346
2551347
2603815
1298237
2581896
2527445
2536942
2619614
2529783
2601786
2551304
1279608
2559721
2608075
2568361
2554663
2549379
2578389
2572832
2564056
1300928
2579236
2574393
2569161
2609959
1275826
2550714
1295427
2574694
2578714
2563690
2580109
2626098
2574168
2576916
2560895
2604304
2596365
2575190
2572746
2624614
2580208
2572884
2600897
2536861
2537455
2607802
2549541
2554168
2566082
2538773
2577597
2581367
2580496
1273254
2550712
2551343
2569009
2554189
2550933
2526525
2564752
2532050
2533540
2528297
2526896
2536327
2563403
2557941
2565870
2602067
2578348
2539624
2576288
2535193
2573760
2552686
2527558
2595060
2596759
1278344
2559893
2596781
2559965
2535188
2547619
2624156
2549994
2604301
2621257
2559773
2579875
1289301
2554738
2595672
2539889
2604995
2581688
2573047
2556464
1271995
2576324
2596398
2579337
2553421
2573915
2534764
2553334
2553370
2575520
2551251
2577528
2559407
2603781
2600630
1324777
2564664
2622638
2560632
2578713
2577145
2585851
2558675
2551427
2581617
2598678
1323179
2596243
2579445
2594124
2620015
2558869
2552327
2540417
2604138
2580310
2549389
2577563
2578813
2552410
2581810
1266351
2573333
2567697
2535519
2551022
2577248
2577329
2602488
2535134
2594255
2601598
2557247
1297739
2552273
2574324
2581982
2548285
2556621
2534885
2603748
2562327
2624296
2539621
2557187
2537286
2561081
2605585
2594448
2594608
2570713
2616675
2558454
2595755
2578914
2582771
2560662
2551390
2533652
2560336
2555241
2565977
2563737
2562277
2554506
2608464
2596433
2579662
2574175
2621508
2560480
2574095
2624444
2605484
2566432
2621432
2552017
2527833
2571402
2551658
2621777
2539953
2577136
2555867
2584223
2606408
2594536
2577210
2564193
2578998
2620994
2556557
2580363
2550971
2539098
2560859
2537175
2560840
2595368
2561102
2607249
2577395
2606014
2604699
2551462
2561583
2565898
2528298
2579682
2561714
2555336
2608164
2594784
2526558
2620461
2534302
2575926
2601822
2568191
2554879
2564626
2576231
2575711
2621766
2598525
2552010
2529152
2576558
2551693
2620777
2566981
1298641
2568687
2581081
2582677
2579784
2593142
2572828
2537030
2527903
1323193
2540152
2549161
2567447
2571617
2624702
2583130
2554001
2601873
2607397
2579478
2564195
2534793
2555727
1280201
2523319
2572893
1294283
2555276
2560693
2597656
2529729
2554438
2603630
2551459
2527040
2555750
2538360
2576735
1294940
2601973
2550049
2539231
2575321
2554310
2557802
2523844
2604538
2577232
2626026
2622420
2558149
2564843
2527917
2570517
2552271
2591057
2578634
2559505
2564590
2560016
2551946
2557307
2549066
2576344
2580724
2605090
2574728
2553717
2596278
2560266
2584261
2597666
2577525
2531585
2561703
2583340
2560815
1317539
2565368
2537805
2595435
2580576
2572276
2607199
2561728
2579956
2581684
2625674
2551213
2577767
2620684
2569666
2575683
2555954
2595421
2597169
2578657
2526584
2577923
2557259
2524260
2579294
2575340
2568701
2581185
2573545
2549726
2555636
2583002
2570499
2577367
2534043
2523328
2571211
2581278
2549808
2552333
2580923
2603109
2562801
2605518
2594535
2605081
2561922
2583629
1292888
2570649
2535467
2622178
2580601
2554880
2576332
2595101
2580504
2581340
2555492
2552157
2573735
2561347
2600193
2609320
2562348
2581920
2552199
2580404
2551201
2562910
1275795
2604059
2553237
2564249
2558699
2559054
2552647
2570645
2605501
2536746
2577652
2584205
2555130
2622824
2601495
1270520
2602682
2561176
2608445
2551279
2579923
2625751
2573223
2597078
2576138
2551761
2573901
2539604
2539131
2552526
2604432
2561673
2624464
2609374
2573404
2575422
2601666
2579780
2553252
2527559
2553906
2554839
2558337
2581745
2547228
2624210
2578953
1274324
2550502
2538900
2557448
2536322
1270507
2618016
2553186
2592016
2594861
2539338
2570558
2606070
2567699
2535796
2566614
2538113
2562924
2565346
2592345
2561194
2618883
2578730
2533656
2607986
1263668
2561857
2528187
2581293
2549407
2581151
2536904
2563544
2592638
2625108
2621064
2538296
2603128
2553129
2594762
2596644
2538118
1245235
2580565
2563049
2559975
2575178
2551929
2577798
2605922
2611168
1277253
2554373
2582519
2537908
2618876
2533511
2570551
2553014
2551732
2583468
2578729
2552253
2624170
2562372
2553302
2550617
2564244
2561542
2620848
2553416
2573177
2580935
2605491
2539112
2528799
2593650
2574506
2551190
2594855
2573732
2538041
2558363
2559647
2626023
2538152
2538388
2576891
2575623
2622340
2559185
2604909
2573681
2564838
2525607
2557171
2540416
2557435
2578678
2592894
2540618
2553658
2575188
2528467
2528841
2620588
2577802
2595378
2608717
2610866
2572045
2579010
2527161
2619610
2578385
2579471
2597403
2554599
2599785
2554726
2555965
2554183
1294873
2561562
1271998
2577435
2607213
2529027
2539340
2595775
2562795
2607396
2553785
2576327
2596746
2577897
2580651
2578646
2528402
2555451
2552955
2602696
2537581
2607651
1246993
2560111
2583007
2580748
2565576
2555196
2555377
2536202
2559162
2552274
2565419
2595361
2578408
2554495
2576318
2579074
2528112
2538489
2591064
2603848
2575841
2607425
2623774
2606128
2530278
2580518
2581430
2537501
2580648
2574331
1283012
1295786
2525322
2564540
2620757
2550947
2604429
2556558
2581641
2574658
2536540
2527855
2539774
2582743
2568765
2552851
2563370
2622057
2594775
2548495
2579940
2620042
2551381
2595761
2553681
2606184
2604610
2550710
2565006
2574528
2595198
2557097
2583370
2550630
2563395
2552460
2597690
1265169
2612088
2603503
2582913
2605939
2608076
2599435
2563750
2537903
2532619
2597076
2563222
2574817
2571839
2577257
2558857
2564558
2617298
2581331
2602235
2609032
2576304
2629664
2621519
2550367
2602035
2558521
2564227
2528165
2526727
1278943
2539596
2582588
2558454
2568009
2581284
2624383
2623805
2575772
2553731
2566613
2552300
2563553
2552861
2576391
2578780
2627832
2582176
2601542
2562345
2623486
2595759
2540265
2603549
2598560
2577551
2579061
2561433
2607886
2616452
2563447
2550522
2619822
2557240
2583354
2608222
2627884
2583024
2554561
2552615
2623154
2604949
2529149
2537612
1283925
2538689
2548272
2611432
2569014
2555358
2575626
1284491
2625655
2555718
2583680
2612099
2566823
2552573
2557698
2607419
2536079
2596284
2595608
2562502
2565354
2536944
2562787
2606162
2559404
2600207
2594768
2585451
2563801
2570079
2536341
2607872
2561374
2622753
2596231
2562210
2553499
2535316
2594533
2538622
2536202
1248765
2529210
2535186
2599779
2552605
2554468
2573410
2584619
2551787
2562620
2620774
2582213
2596097
2621345
2558856
2566837
2579613
2553275
2541631
2620592
2574408
2575693
2541889
2580365
2548800
2595833
2601403
2560805
2576733
2622102
2563273
2526926
2603639
2610034
2561556
2577345
2598637
2564056
2592086
2558932
2560790
2578624
2550072
1266919
2603131
2597921
2597916
2572934
2562883
2554388
1282198
2604817
2603497
2529097
2603381
2599462
2591235
2610188
2561200
2623850
2524349
2551454
2556472
2593577
2603749
2603494
2607730
2581853
2582413
2551261
2575036
2578806
2617522
2550229
2596720
2553062
2577394
2578113
2592786
2576823
2557193
2602974
2579749
2540379
2553480
2579474
2575866
2539710
2622343
2598461
2540507
2580420
2580489
2534843
2621807
2603810
2574778
2609375
2579020
2602656
2551474
2593884
2593536
2548384
2593872
2607375
2592642
2550547
2623781
1314235
2603792
2577652
2550358
2569572
2580352
2553009
2608535
2555070
2551198
2573903
2627537
2561582
2562382
2595859
2605865
2607085
2603238
2575415
2605430
2551839
2553627
2538774
2621856
2618985
2528880
2579712
2583251
2537084
2605154
2580727
2537491
2581778
2577572
2571952
2550981
2534907
2549553
2551754
2552347
2538629
2618955
2581538
2576613
2548509
2536041
2541612
2561849
2604611
2568426
2536598
2572154
2584307
2623802
2580427
2536725
2579035
2550869
2538627
2608154
2581109
2561576
2622328
2536012
2581029
1324046
2529985
2570013
2552327
2572274
2582440
2580223
2579233
2526259
2600920
1271696
2579616
2533642
2561632
2607015
2539117
2581179
2561565
2605416
2597685
2572159
2551460
1262288
2552321
2580869
2605993
2578812
2591642
2570168
2606736
1271391
2563528
2554944
2597494
2601820
2567112
2563454
2532619
2557698
2608637
2549539
2580743
2609330
2581426
2550954
2572735
2528457
2597340
2559310
2574907
2558338
2559840
2527541
2566142
2597687
1256975
2555389
2581913
2608151
2580365
2523847
2580614
2556702
2575640
2565179
2566535
2553814
2574346
2558817
2548641
2568481
2560902
2551199
2573146
2583124
2533192
2572300
2582031
2574655
2539635
2600255
2579957
2596152
2566517
2527147
2596817
2603837
1286908
2564184
2552909
2533021
2537756
2577284
2548281
2540349
2555284
2591644
2578660
2562830
2578720
2594329
2605147
2541069
2581566
2550439
2555485
2530974
2536079
2526254
1263465
2555344
2553502
2606336
2571094
2625130
2558984
2598531
2573852
2604914
2555781
2604022
2625363
2553559
2624127
2601586
2604553
2562343
2542902
2537800
2572737
2597129
2528950
2563083
2624713
2533126
2527825
2583762
2604249
2595610
2538774
2579797
2609940
2556558
2559463
2595839
2606067
2580299
2582221
2555895
2560805
2578244
2556325
2537364
2549460
2618944
2570065
2577584
2603741
1253359
2576146
2580870
2627902
2534727
2554860
2549550
2618311
2559902
2532626
2564957
2561971
2606161
2535612
2599780
2550699
2606639
2575703
2581848
2627024
2573254
2606354
2534741
1289430
2556049
2579750
2579658
2528443
2533133
2579852
2603840
2533000
2595836
2553488
2556138
2546687
2602534
2584322
2536033
2559776
2563945
2622322
2576317
2555630
2550609
2560903
2535418
2538950
2593714
2535081
2537672
2593263
2527703
2579953
2536082
2556048
2581109
2572878
2574702
2593549
2575750
2548924
2575191
2559602
2561733
1289440
2550195
2594185
2565506
2605338
2606752
2551353
2622648
2529209
2580314
2552901
2548402
2577045
2582219
2563785
2575694
2533028
2627912
2618270
2551838
2552407
2579410
2536145
2593570
2601158
1250828
2540915
2619534
2567423
2596010
2556475
2573773
2583916
2561039
2569236
2578706
2566823
2572975
2565440
2592485
1290677
2596984
2553483
2610867
2594515
2564165
2627875
2567799
2572387
2568759
1292880
2576307
2624607
2552192
2549406
2583034
2553991
2582595
2624153
2558513
2550302
2585289
1297737
2549370
2534986
2555651
2550121
1276423
1292351
2581817
2581130
2581566
2537561
2537611
2550104
2593309
2577587
2563602
2564698
1246457
2580951
2554984
2559972
2570407
2622320
2549398
1272505
2549445
2550554
2552417
1267775
2558336
2607641
2580028
2564902
2548416
2576768
2625016
2578121
2576889
2536397
2560980
2555075
2578187
2535737
2534723
2549980
2539767
2538518
2550616
2620043
2563376
2550975
2579292
2591144
2578968
2565193
2624144
2559742
2576135
2573338
2554475
2570666
2528201
2536560
2601675
2538263
1251412
2552013
2560034
2539597
2580578
2584651
2583066
2536849
2580592
2600631
2566931
2552662
2569869
2580583
2569227
2554242
2597143
2625264
2577394
2582410
2603273
2619910
2625111
2567922
2569827
2576684
2622559
1255109
2580494
2561659
2552661
2578239
2539734
2560104
2553012
2553516
2603468
1275254
2600372
2554163
2581774
2550327
2580132
2620587
2575138
2626091
2557989
2617641
2558358
2562829
2577563
2599451
2619065
2579248
2627071
2569116
2610500
2561639
2571282
2626202
2537048
2578691
2579282
2554387
2552272
2538629
2540920
2592861
2624236
2571689
2603542
2527222
2559565
2533551
1291179
2569105
2529099
2581119
2537801
2572063
1279187
2549016
2580068
2617750
2604984
2572301
2568592
2595372
2527545
2535187
2553634
2577781
1256072
2568349
2583342
2579222
2626094
2552266
2563477
2579436
2603689
2559209
2554201
2557199
2554386
2557179
2558697
2567948
2585539
2559919
2580118
2604541
2548898
2583752
2525312
2609258
2549405
2554748
2561667
2594568
2622266
2570326
2555901
2598640
2605160
2604078
2551581
2554991
2550253
2605282
2576743
1322008
2581939
2582741
2535827
2552286
2606161
2618618
2582183
2554043
2578153
2623274
2580857
2597687
2564785
2560804
2575167
2558603
2566789
2533900
1277495
2605926
2606289
2526586
2548656
2554170
2558041
2577131
2577673
2575828
2538025
2550409
1324039
2582796
2554378
2553543
2535793
2540358
2549151
2582096
2623045
2571496
2535158
1278948
2564753
1288953
2593483
2554168
2593894
2579831
2569880
2550455
2563597
2584280
2551419
2550090
2576025
2604340
2537977
2609964
2537075
2571968
2573427
2597158
2577354
2562322
2576346
2559392
2602228
2606671
2550372
2576492
2577528
2593929
2552794
1276472
2576755
2602834
2592929
2611427
2554428
2527423
2606584
2535514
2598536
2527448
2604707
2607878
2562801
2583589
2524244
2538001
2528060
2528416
2579064
2534206
2585529
2561552
2602632
2564459
2555356
2569421
2571092
2574730
1296415
2559942
2554877
2572649
2551671
2565800
2617892
2619804
2576601
2572741
2619238
2560685
2536004
2569247
2581768
2582739
2538920
2585196
2564239
2580863
2552341
2562303
2580704
2605015
2576561
2560038
2555589
2574743
2571619
2602903
1317551
2560013
2608153
2554313
1279657
2535144
2583923
2624197
2624779
2621235
2577497
2555611
1257686
2581117
2523709
2575408
2578211
2535485
2610178
2595528
2590998
2575769
2555645
2577892
2538645
2574665
2598812
2592920
2580433
2581818
2619921
2551733
2572983
2567789
2567516
2555337
2594136
2553861
2553804
2577662
2621067
2570068
2581548
2565551
2604104
2621322
2536906
1286776
2577786
2561378
2600375
2559961
2551708
2562472
2557813
2535112
2582995
2606550
2561409
2604408
2554485
2559888
1317519
2625211
2576919
2603715
2579613
2568909
2570636
2577756
2574405
2582826
2627920
2575197
2558874
2593899
2602568
2537224
2573186
2554945
2595826
2562516
2577388
2603034
2606408
2603064
2538548
2566613
2572562
2532729
2578232
2602994
2575632
2581159
2602696
2591381
2525267
2555586
2556347
2573013
2569828
2548074
2536056
2573000
2551947
2579728
2576313
2552901
2595074
2554162
2551773
2580211
2536308
2577199
2578109
2577024
2554164
2538302
2574239
2580102
2581141
2549362
2550488
1266357
2594529
2556114
2574823
2577905
2539130
2595394
2539666
2553454
2535453
2605656
2560158
2597669
2582522
2527483
2579298
2533447
2593142
2569652
2549147
1299298
2554648
2575269
2575328
2577643
2553585
2535095
2553513
2578167
2581007
2576065
2561057
2558049
2560412
2535442
2581109
2624233
1261394
2548797
2594763
2603102
2606234
2548804
2604916
2564059
2557280
1327568
2609473
2577240
2626725
2562881
2533579
2577531
2579297
2596426
2584191
2550820
2577519
2536903
1291750
2577978
2555864
2582047
2535368
2537289
2536233
2604916
2552316
2566531
2581537
2600274
2533025
2561337
2601969
2600642
2548016
2580925
2584255
2572635
2580203
2535242
1273092
2538259
2564170
2552693
2625754
2619924
2579835
2577130
2562991
2623138
2549990
2622414
2552993
2527701
2570585
2561053
2599786
2581631
2560557
2574669
1281553
2578595
2582529
2553854
2541681
2594365
2564042
2564663
2582029
2547773
2574463
2577817
2536526
2585486
2628802
2576903
2526572
2576398
2561551
2566850
2575506
2580577
2580128
2580201
2598565
2563281
2578402
2609695
2579556
2607151
2622065
2549207
2524997
2537365
2603784
2574786
2581992
2578495
2534749
2616954
2562422
2579931
2571157
2535623
2560442
2605852
2572823
2529379
2626943
2547395
2559747
2622336
2551020
2617481
2580212
2604108
2525499
2616650
2594890
2551281
2550451
2605649
2580930
2606543
2575814
2583248
2561355
2595382
2621897
2561789
2559881
2537005
2570756
2575092
2556692
2529011
2596031
1246989
2558506
2550883
2559777
2576677
2562278
2604250
2550919
2551689
2620767
2535820
2551488
2575825
2541179
2556396
2582340
1286772
2573060
1272753
2605431
1267292
2580063
2605078
2555966
2551683
2608005
2584599
2581994
2575854
2541178
2538038
1269819
2625211
1300053
2622325
2602991
2539104
2574115
2605167
2583820
2553592
2537857
2582794
2576847
2608372
2581206
2580349
2550808
2536698
2579071
2539594
2548022
2553273
2610816
2570718
2560873
2567309
1256082
2603788
2578159
2554938
2531109
2598820
2579730
2619522
2566874
2605531
2538877
2607119
2581123
2564284
2542400
2581273
2573246
2539596
2604361
2559189
2534140
2549366
2605630
2554666
2551720
2586172
2575680
2582399
2557393
2564241
2576816
2539244
2529096
1250439
2526245
2608719
2604433
2573853
2603290
1261402
2551191
2627842
2620441
2577896
2606854
2551081
1278043
2548597
2571841
2553767
2552544
2624163
2554190
1278993
2554616
2576562
2578987
2550261
2580611
2538387
2604989
1251517
2540752
2551016
2549791
2577413
2570922
2551302
2550956
2576860
2551692
2559474
2560618
2555636
2554458
2609084
2558325
2582678
2606021
2578267
2592626
2558183
2594406
2574726
2620021
2561801
2607445
2574178
2553655
2610877
2532490
2575383
2573056
2571726
2571062
2565192
2529023
2556460
2621530
2556411
2551132
2554989
2597169
2579119
2580447
2607169
2555277
2580072
2550266
2576810
2605431
2580499
2549908
2550606
2597155
1273151
2581419
2566836
2549626
2580582
2530993
2576625
2560680
2553182
2570584
2577742
2551816
2593617
2541745
1317025
2534309
2578382
2603203
2556719
2580167
2609947
2562837
2579191
2578624
2552583
2602895
2569830
2586700
2623810
2594887
2528125
1327498
2560736
2603120
2574918
2576899
2557101
2579072
2563557
1295431
2597077
2581825
2581113
1274951
2547751
2535327
2597696
2592494
2623483
2605997
1269777
2578144
2580531
2582903
2580351
2594849
2552349
2571909
2559462
2626272
2579243
2578568
2624781
2564166
2602049
2577016
1297798
1271698
2581912
2597631
2549914
2551837
2563713
2602574
2606877
2579182
2558995
2580455
2569114
2572027
2592137
2585854
2536086
2554713
2552786
2606885
2580200
2561153
2536751
2580495
2555137
2604352
2553178
2573689
2597719
2581243
2569753
2554647
2621883
2534918
2609101
2609134
2553818
2578827
2553595
2554566
2579039
2568684
2559222
2621518
2568363
2596638
2555790
2573179
2569422
2604931
2580928
2564844
2592718
2601159
2534976
2540351
2537509
2579621
2550879
2555080
2624772
2556734
2592623
2579181
2584708
2561863
2552210
2576682
2560534
2571841
2598891
2579641
2566529
2606362
2577640
2552777
2578715
2576654
2549976
2553427
2625543
2577504
2549487
2594368
2580921
2580921
2594782
2578052
2607186
2548857
2566235
1273028
2536783
2555078
2551933
2552687
2582479
2583673
2536783
2575927
2606749
2567186
2537054
2539631
2604783
2575974
2529094
2606505
2603304
2596726
2540266
2593558
2530738
2576751
2568176
2550311
2541680
2604202
2580203
2580086
2581426
2527135
2577633
2600204
2547237
2582738
2559308
2568374
2577197
2562678
2536229
1290706
2574657
2553031
2618304
2584383
2564065
2551785
2553583
2598943
2606077
2580499
2564209
2553199
2539390
2606432
2620324
2577359
2622571
2582586
2604109
2554495
2573972
1282481
2579602
2569731
2578716
2620846
2603095
2605644
2577024
2538906
2610355
2582021
1278328
2552016
2626863
2598873
2576990
2539890
2606508
2618569
2628726
2551022
2562065
2569897
2551344
2607411
2578825
2565803
2585516
2597978
2553026
2618620
2616957
2579140
2572810
2579300
2553984
2576477
2527700
2595899
2557397
2621344
2602343
2620338
2625269
2529210
2561371
2571283
2606737
2577937
2621393
2569416
2628815
2603204
2581257
2576780
2620014
2552008
2551190
2597659
2579121
2623787
2622651
2552829
2603763
1322001
2597646
2565337
2581170
2564963
2606803
2621249
2551019
2591220
2536599
2581882
2580567
2551433
2554171
2620754
2564959
2623851
2551616
1286896
2550313
2528121
2559305
2572557
2536865
2581988
2529996
2538938
2550049
2628545
2562984
2566143
2555028
2567833
2565493
2567628
2536593
2575329
2581775
2573520
2595818
2561372
2568427
2558692
2551373
2610257
1271762
2554658
2578013
1271058
2578316
2595054
2573674
2538033
2607405
2561784
2580354
2601305
2552280
2567303
2582894
2595520
2578760
2574798
2606665
2556531
2561053
2550564
2561961
2582838
2526244
2620757
2558926
2579295
2538390
2549303
2579372
2538878
2562785
2617037
1275613
2575090
2527185
2555138
2527549
2538516
2555338
2579899
2610947
2548633
2552655
2580934
2606080
2538951
2569220
2565849
2528311
2593717
2579651
2624229
2591360
1296370
1289642
2619811
2578926
2577804
2577588
2576415
2595131
2606084
2607813
2552136
2562086
2574663
2594421
2529422
2529097
2528951
2570111
2540350
2568414
2525607
2535021
2552786
2572042
2579661
2604361
2558335
2602655
2575135
2551612
2574243
1250836
2528813
2550679
2559923
2622933
2581226
2552580
2568173
2535939
2554998
2534984
2562693
2576765
2581616
2559959
2580209
2557805
2563643
2578252
2533920
2582989
2563977
2576386
1247820
2594797
2558182
2538057
2536579
2598974
2548009
2580171
1289650
2573418
2558546
1271803
2621337
2560674
2578707
2578552
2562122
2579358
2563146
2561708
2576159
2576549
2595121
2620857
2582810
2551637
2566045
2551845
2625640
2551779
2622667
2538472
2605084
2605062
2572028
2577287
2591900
2535883
2554798
2575082
2583990
2553853
2584375
2560479
2578038
2570646
2550967
2559861
2553408
2540271
2578546
2573728
2610827
2595712
2581259
2553757
2576092
2537040
2595757
2578120
2561653
2603122
2577659
2595369
2579470
2550000
2577903
2622334
2603463
2565424
2617039
2550191
2620202
2597571
2578310
2593552
2539745
2593896
2577818
2565282
2536063
2594858
2581825
2603051
2568269
2561634
2604124
1296414
2558664
2539920
2597674
2595759
2584613
2553388
2575629
1270302
2578778
2596029
2574660
2591368
2583471
2540236
2572959
2581159
2593603
2620822
2537800
2559470
2624441
2573272
2573503
1317419
2579707
2596401
2564243
2596604
2607883
2622900
2606558
2562080
2620762
2567585
2547383
2533589
2540467
2574682
2552528
2567033
2535138
2552537
2593139
2555793
2596940
2595362
2550821
2577499
2549922
2580734
1297325
2533582
2592173
2570241
2574456
2606164
2604359
2564037
2539661
2566444
2602242
2569743
2565845
1252404
2620205
2578120
2599705
2566245
2577276
2572300
2584849
2537858
2572668
2555588
2604875
2528452
2578257
2608157
2605358
2568176
2568262
2552902
2550616
2537510
2621397
2576300
2556613
2575254
2551233
2567774
2549730
1273354
2537007
2548276
2576858
2578310
2594526
2574189
2549665
2578192
2555728
2525896
2581156
2566477
2562088
2562843
2583700
2603126
2573513
2549775
2579260
2582180
2575188
2549613
2555052
2582177
1277632
1278315
2578818
2561370
2551072
2553560
2575818
2556299
2604356
2581264
2551885
2549022
1268517
2550291
2529852
2580368
2603001
2571302
2552183
2572926
2538653
2605449
2574676
2607332
2576623
2576781
2607979
2581797
2570565
2608444
2583016
2581437
2534013
2527395
2555863
2584873
2539308
2561505
2553402
2606142
2582518
2579060
2527473
2609286
2570223
2582406
2551551
2547959
2538475
2536800
2620050
2525838
2554507
2555368
2578928
2557694
2581270
2551215
2557819
2572524
2555484
2561212
2552546
2575631
2577647
2569570
2583618
2594179
2540022
2577125
2559953
2563269
2594883
2551597
2564858
1254478
2584319
2623478
2593898
1294882
2530752
2552013
2603497
2538361
2539662
2580188
2603556
2605007
2551600
2582086
2603108
2549358
2549616
2621505
2560287
2563009
2565869
2581162
2529984
2570120
2593220
2624383
2608156
2562060
2578001
2621988
2535800
2562123
2561061
2580576
2575749
