944484715
27777496
542408688
684739982
92117979
581992112
835016654
74738436
49111342
211512176
24597307
938302883
545792819
174232915
784561555
34654064
586386878
402784787
13585326
887477035
857395772
939182783
231391
369055004
72224984
571960391
550449895
965092551
905212213
933434612
643735455
653646361
823756801
834948962
744710186
804944863
321830377
939022854
680980302
676469583
388738562
5802224
228457128
619886494
364292153
125270649
956407058
687143989
90478612
844236376
311786864
453013871
516957944
611787719
292494859
214089805
794814755
866919625
850605656
295133553
328938137
660613363
184790572
740305924
834185019
457853116
441408632
673248719
555586323
857217018
255943648
865611580
663875416
400318050
288414177
106222062
421878702
209660255
179233395
463698102
7259352
429542051
761397033
110718405
611982637
100066101
360819792
457571480
325769976
918982956
696657227
803777070
741255521
816050188
37618738
860010437
394464017
194105670
220441490
709456061
803602049
292032394
846208377
224122158
211451049
801146550
164486258
849047501
433658956
987683265
717061030
738450263
653122071
389862492
227937063
601373553
540266450
225920838
591427223
431665656
793398457
517284294
700396682
134273884
185982662
10321180
745476410
203388753
15327205
63533735
354482116
201292072
403163953
287094542
662460922
478892595
479525509
689248383
190612478
376278540
692818073
597469421
375960031
609200335
936462953
682468251
902445510
636296610
374995626
544429672
536808781
759527174
223322636
982289988
967812040
686402568
890289755
515022451
648424760
747065530
794370677
232404284
446622984
156290305
194545337
210054025
797978556
327816272
867071609
170165791
29759869
71185669
170394684
668725872
364437470
853043848
66106529
955868017
891905775
117437141
914633570
175185235
42774221
383189113
566374780
654336144
150811893
858756777
737697884
436177632
52760122
86044622
593411577
814964563
303027920
883361396
425718673
468864558
379375533
682011993
98190670
313510581
7830684
203321260
888794897
348476930
221027956
679943448
983155044
161151030
645521455
961907881
514804977
585211914
975853134
295513875
480575200
241734292
975940366
487447574
163644954
983302240
344207258
400113522
24266923
301350426
779528936
797094775
502599201
576248538
804898953
287752608
844887344
461977325
500846352
879323380
706479417
636866963
736299650
747464487
640313627
489568180
805654350
228755565
359305194
346335011
145790462
404875890
921793115
289154059
334943218
279767238
759622175
884277248
478011203
650089101
451379053
173410429
211234871
302611002
370434186
757474419
633660367
655549235
398124132
483234416
805985085
967320313
273882017
774023417
346688895
192351703
703084545
563774952
454667019
900191418
129464876
113310823
965503196
815612950
985634201
415993440
430350403
574159434
847809976
735366836
778113896
394661742
442885766
203993903
700230652
78148857
594514816
130429129
509461044
770377795
472036345
860676171
885014658
347624443
236209220
460409821
82159431
384970867
965698716
50315904
153708690
959842960
782195118
552983073
855738209
470585965
269471895
677802998
296163303
669025435
526652875
667531924
910807959
167401653
921963106
335814146
253029446
60675714
972997315
359971590
984591811
791988863
913280938
615364166
303817738
65091793
546825976
100136136
28011670
921828368
375325949
655332862
933006956
374958035
382132840
207406302
837583796
873596615
706683139
724574568
389465376
37890479
265768710
766968617
288978013
160385400
122792598
622036500
748895037
558142707
911068340
460081072
820019710
636049529
283319949
910732037
752584644
735242204
838059539
126514365
181378222
106632082
34881514
587694797
934124168
27717068
893703333
806681022
591586144
194813051
796273846
39502013
34104680
223765414
72094402
471727646
303529008
666304206
849876772
878619824
335080293
182566536
252572620
899016696
818575180
302860755
326966062
915089133
771157386
983289624
189490441
209805312
338263770
662714170
600983229
207452453
417044443
738197183
660583720
702977375
131279136
84309718
520217390
522228683
802665351
339220616
464318859
623282956
636908909
502144081
951173956
630295950
272899008
880177021
798526650
14484057
752867080
446591677
363955989
63354296
462223148
346392784
911244694
68827672
776061258
654103119
698533193
222038030
818675670
521328991
66026549
678790491
297360627
759166853
236811670
873344939
235884398
429873911
729273237
44899301
208283246
839072502
712566928
498927326
346663197
29732034
997547921
307531789
930943186
805197909
279070579
202480984
187601909
183518067
586718199
585382006
568421135
660511420
367943740
127930135
781111276
159106647
441000809
924279190
901383590
599384734
763093752
182439482
972413683
574846070
793484636
952268717
463257238
347929430
561530067
410058448
108285835
938559295
456281408
841150376
805046312
868775594
16433427
861708769
3504573
636922533
360318124
167593888
24869651
241024866
672370011
362499761
323053079
980580655
663986090
813505650
668990043
886521906
569044394
646427560
652362560
860661263
148902061
602548785
29357051
650126419
762346731
910647587
131025355
444240338
257942756
83403304
650377946
96791978
750354038
787072728
717609691
45493281
607962153
805026004
852755101
756829524
50343285
389195009
763958151
156267815
262887436
493627559
200402529
272034904
804052969
737862580
902138837
364708729
127863399
298162288
393026938
476160307
437981612
431427310
930851294
53086042
48783288
453773215
929081591
355926101
31378645
527167484
335006210
42116755
400122589
82212158
703246072
352536444
421148949
867469409
230875962
712231988
350094895
408064191
787382154
623038797
738123876
137470139
81195747
238054529
711927106
506116334
762752694
159692464
958318296
438188311
157914781
463636015
779829541
215243757
649040651
278089485
913914499
448612175
23057479
821327771
678987087
231486310
390255418
707700129
847933744
121827855
275947348
821530880
876479178
997754204
835284123
686501739
744349972
630869110
613230930
84420847
589420226
907440792
834442567
242445697
304421346
230398195
651745135
630846058
393682800
387797583
859810903
731862438
372950397
293047778
270534387
302546677
193195853
640515445
678829271
892848712
567076199
192946308
470226199
909478371
596467322
652948856
240532010
94105444
479442127
790569632
654490712
285117423
268365328
370485607
390898572
286375746
573595104
736646783
369047017
101861106
441794651
340499509
328352425
748175588
101424275
976781284
377491782
668968177
786310548
796067586
721192129
792154007
666392849
971249753
61291631
322533212
601289207
537494697
7888269
602397455
206735815
409082267
530823113
2798871
91903735
902393274
673418382
542191583
650650071
661585840
163134062
91702118
141024079
536107841
271073805
201189301
887632098
747479901
217940927
900713313
785984226
360380189
489611713
237222612
805990187
609364319
42783721
756732245
718525409
851371686
821800076
723439588
631534726
750267906
168770406
151839735
799488525
657714390
96199535
219169330
286915998
177873696
501945122
533795654
512076628
748098589
738280854
357595817
351316711
931005220
52017155
274511296
794646950
425044677
251776351
436216229
232422158
957806694
482190092
43855514
810776385
496543461
123654492
843219209
906489254
4873192
501695630
256930140
929174495
447644663
505136480
855632102
347165465
145684533
533784279
927585185
548891821
192160359
577410567
636888487
570919645
538221179
185994713
450912978
644021649
984220929
350741103
785530627
821867509
222850505
486329758
966288882
350120952
602542026
303732131
650566108
270517083
892363563
711639045
900064454
869974578
326759923
739761542
717725766
257146839
634137517
881009838
291415996
676664168
900042898
767067169
467925068
452206983
311006070
91262658
843375408
813580491
424019841
820735617
547142823
656079245
869924386
502177006
60976179
865247732
760580456
424214274
476987545
609730919
576340508
30057934
667638563
104787989
167053154
210119706
938760152
260020987
755539596
271558233
773622178
239098133
209179595
270651543
67301696
979977499
918142363
885198438
559785584
244855504
504840535
846096429
34688429
838396915
729684882
122726275
949669127
111061780
412503034
448523275
711710682
989259986
438860
118636836
676281307
162100413
842551902
588988933
899637493
458117420
384299131
252459759
629070033
974864020
734768223
497199013
71312494
901030666
971731914
534527678
665208007
947250180
293271449
529211578
415005801
110587621
959739763
712369008
199224364
918092058
806305263
395778022
852955651
779507921
97188438
545259055
468885303
210123025
436137443
896699727
199480301
526092338
315505427
699878730
361996437
65090485
781989005
205817880
309609515
786218992
478760948
330736224
344600489
616290129
476228904
784234609
339013683
394045225
413643468
40361232
61615472
273993381
373526583
351059406
667145099
588348532
157518949
37023602
769301969
463123287
989462640
834259365
384597717
110361714
643248243
655304959
263446983
738834058
661794523
28355772
121951695
467788999
611336318
71305747
317495219
315844083
361435032
697750414
478398082
997761074
899365087
573823802
685156411
150778917
940749609
390009546
322382850
864057841
375640373
669676192
339523874
149519682
594128522
36358151
497962876
280098761
241690961
480489667
9189893
559925419
332543839
505057167
477221263
248134009
826853619
527643431
425520043
345710465
324740696
345817486
308674172
82463487
61795819
821302933
678130192
317356318
450718776
188872983
870812980
785159965
576463337
598012524
147956577
283588173
213599080
409865075
128421633
256374653
580307491
479057369
675589780
86670033
617353107
318537130
235325552
784040066
632159535
725959792
77353956
887354677
280831514
334458013
237052169
199607682
274739773
150580392
331562325
363648277
674730434
841264571
335000729
269227298
750753889
356996771
403176706
940596499
63439088
494271557
168641142
743270372
733213251
803796763
317239511
119934711
188164950
489331464
144259873
512894380
829890194
262819702
822425709
477323321
947288952
932440866
332939759
80371871
123728417
215807538
620937056
38977324
585714276
405944594
962034504
93289396
561580510
702482516
182069847
773186062
699954755
633389437
446726009
69461420
66546396
79131144
348110066
892722404
267351520
522161348
608737028
196935126
761979142
8627660
510120395
340689803
452539084
434640165
422221922
981595824
514128359
293486936
666609870
734942973
973565048
940912906
978769803
834443510
916976035
102668014
512168161
842820160
551069734
748019946
112708275
862251236
939982631
184877911
658156666
497804902
952436459
160259450
149238401
960479360
60670983
954790478
217055168
854426308
746151905
759021950
943542637
185660218
60367925
228406566
531742061
137552593
329210363
468721650
337150003
435393730
563153269
167597328
644312110
837229132
347849747
221989855
198136871
521151794
947056542
380785794
483352348
414259209
616170272
994466556
144697050
279634297
486715741
221248095
216048579
33177834
993287074
455972420
980506225
164749048
507703836
94478758
239599612
90091679
805315648
954411873
414431438
863162803
127020300
826054200
846300968
401718257
380281523
668162529
732331945
910648586
477236491
542602109
20173127
46892497
319873506
52545713
528284687
660261431
427743781
862338576
243742787
117192958
601022467
673769468
972356653
590088175
645566668
20014479
929541848
382504
814430050
811786749
912487216
411312342
261224906
278040719
634708369
764999292
308416926
565032142
403131535
671968187
687398044
246012129
910457455
277766766
944599725
208167011
606152261
823588500
647743740
756718705
535758701
91355440
272126355
885431990
432878888
167965007
947578922
382304362
503969020
155586993
556876685
651589471
758877934
728024826
880867414
429864650
320848544
815832906
533724274
979650722
975990979
447604092
274090310
658886909
676672672
514030819
71926555
720606590
277922388
312203928
782150717
770432615
718356430
291131686
849950131
686881010
32599029
180063937
521324741
590531010
157317697
906554774
302521184
935862681
884607857
692528705
529332871
673392206
385712573
614987086
731417136
191630911
714729846
376974164
714013504
144289700
625941249
542006523
67434993
118604015
437330153
567073841
349436894
93728503
624024716
704369766
404656576
137007417
802312635
59480650
653408754
869551691
617213444
809264195
599340576
873050518
535674284
272514108
953420819
61976364
502377966
192052061
287560115
724342374
294091081
778788372
253342000
323154813
183546170
80694279
156508926
479467968
383263047
285803460
226754127
837322280
603342554
23964402
552597414
483065676
595996592
564000642
180371998
777715799
789285935
543724171
77356042
864074312
434853989
385576970
784881746
892299710
347312883
383118528
112385234
892405133
921144277
479076464
416236956
938141167
734598364
400028233
932256990
909437300
977961921
426684675
752876049
406899004
269012655
955111029
760395373
825529732
904964164
707356216
804070721
400815683
770402142
207875924
492684423
934867277
843692600
719674450
740804949
231960868
368910185
518292896
470039113
308052117
237618483
935876368
302780291
568359675
595422507
334192608
843103187
627464168
450275994
542249028
583640350
50549476
427299930
29865780
381585998
535565215
859301035
241205389
970652130
760961313
309084181
892107309
344284180
457677462
745553162
225491501
273125365
543338847
199129766
845293903
956068890
496041477
721785086
58543869
944813007
713697310
505007149
434586063
868558593
185662447
463618298
475944297
243227735
845894963
873032444
175454920
350922029
775007856
662458983
719494090
554845392
32179510
884365075
161724768
689967012
176478284
218419612
122446689
684793917
858354014
39745828
989345302
42473951
782156020
3523040
301649697
309725307
185223134
423025906
346842692
190708901
806192067
505624766
380737085
276427380
965215193
287769487
961989465
98200021
353403160
770695397
814074517
145876932
296539743
231651208
580091383
543712842
297932127
829874740
257027180
709080437
764905581
530139177
259314814
889742539
630946529
963035595
549504396
92461237
384762426
825646423
869437016
987345553
478271874
210452013
851595521
528959559
271404485
905864341
444789016
720125763
54409227
309815572
212016874
712577277
866772473
604588214
952672559
858553000
892480734
768324041
511929849
448084682
131367248
420314052
306635825
716572889
268185217
320785775
172069149
892768734
534073491
713669858
896277060
844806494
559303963
434507009
246050687
407350521
929121502
780699319
589887904
570191126
873402017
319736429
588571128
150758365
676694743
758362195
680092025
199318128
195413566
20691586
261795990
979948044
128194966
795156402
620359796
399559946
416410849
638372318
45249460
277757693
838948268
308126429
125358483
287138682
758635758
20547361
992821465
56748767
882294531
442554259
775205263
770360734
503167236
671597371
913968929
52717303
107173118
82477287
160303473
314053037
687753762
49941669
634591508
172150682
284286419
989054868
839304483
765450707
552820788
872008879
793503064
298934358
421908745
419408881
116143129
636280935
830507374
269029689
478233421
624414445
441006539
598052334
242433519
417188716
938848408
730218745
846173946
676375065
815469237
497368276
912823495
62030160
892210265
831023360
441497434
82341690
48660751
554435751
478049673
110163844
880085901
884851467
687988891
134651091
899152839
780096998
480916104
886226793
848458311
988095318
208305511
811016902
393280863
315593833
643605080
429716958
430808885
741452818
852577261
489873401
728793924
282141586
901344960
270148740
715151016
668697733
139619315
698705780
738756239
463370929
207058059
888198758
837626185
870657806
258611258
163837437
28662656
994894436
979068725
718342888
317960960
956094486
99948350
654604658
484730756
203379137
821510229
536253976
367404501
821725876
385877138
557497129
751073397
112963272
678844436
743856339
36187630
875943509
391065909
297508325
589705151
166195128
524224376
788046097
156141924
958449709
385271056
982623915
795123671
838489076
857356807
921006567
136371157
632227967
937481776
575206559
594901834
285212505
692537329
611973545
585984108
202258463
973181449
196665141
433246020
3312266
831573901
738733394
21430360
639059551
814622088
943146455
845397435
173975240
63362380
989709647
920728278
881224747
512229397
546828494
738185560
869581160
743473887
564188825
814625172
733984303
943729310
387375292
686320370
359341889
421033664
492851670
431300825
919818790
982433112
68248370
372231004
958366125
379771847
534403024
962467272
544293067
316730407
980827757
735029235
828453675
911053302
339346843
515788049
601071405
213608488
666465112
110929683
412292080
576734290
405497082
11167571
45989187
81449246
968198137
37126993
977648430
701287845
491033008
153229889
127644562
261186916
618258055
177071493
603898048
326763856
523325080
844091229
74303632
866104641
294686772
901647272
543660189
382864741
21747157
76183651
980476960
695247223
629155505
135311714
66196379
892441545
153230851
397754077
371734197
883484197
486716502
694217630
116549968
505340661
617777990
57172499
958949020
99707448
39026963
119184300
217199141
388160034
591134989
222772616
377571343
789115231
941384892
306809514
513072517
790223705
125349693
932021689
281100188
547529288
445442067
599596238
883751187
519791766
855981683
512929232
70379473
730317424
97767711
677034735
68202657
25457955
236738443
440348874
638112632
815162029
846308990
376853298
539750427
526076714
374446953
64618527
286154305
516400625
808807590
245474021
619222088
718379364
120753431
825422765
946456508
580596699
754429442
820352099
944354026
514482771
253124478
487448100
234817487
604782643
433955383
544580809
375101597
203858337
149556947
606858770
390356356
664012746
194384221
213683542
381754991
79095407
737466772
553734240
947761307
256346084
335154659
720603789
847079245
385533792
519230678
168365257
281496691
672673922
104030904
826014119
307789242
485202333
804756609
138973782
74660780
197140097
347393968
491802620
696327860
564711031
635176211
319265950
778275259
282935203
703450208
929083492
728731249
403906504
77076586
206372121
5731806
488659373
954222733
109529380
275366454
389486687
198658718
156883417
275406218
643630060
827845470
829411933
282974924
411192198
151336378
948474553
226803022
28751616
135908212
898519707
616514396
159841178
868239806
818339360
194567707
431411012
709108615
812162580
613285932
945044027
843992288
106289899
477794824
730338321
916689486
808400436
689633627
46751735
936699965
51880271
544490701
932404780
828509700
616732161
369540691
549357606
295398065
226154263
811661319
560556057
883721181
687264139
943158710
321152021
536289261
898055471
525728435
112265844
553778011
690472298
379022809
773866568
304137778
226787291
29250847
63937950
138179839
226187540
94810329
128399480
622160776
948888677
248348037
67695186
322778266
277622108
179625971
586627997
706634719
445503320
218863079
149216711
121671944
669141436
778199618
719466083
328823124
868886320
44059744
967616427
416912953
287649253
310313527
539892101
301368567
26083428
353582698
155361115
165131556
180049949
664512147
935419061
850015795
883496643
847625676
354670538
886398630
996246290
560941348
534089847
68430232
240709948
133511144
965898302
968238037
907813141
879615984
374952150
653599611
123071259
954050104
178958282
898823379
720528965
55436671
453008609
744977569
518012459
75257959
348679819
43876034
159462361
462769132
835369077
991410817
215427542
490052274
754603504
471827835
184087216
935441070
579734533
83314507
288594310
42689630
922994329
94793876
643925655
359405170
697827526
435410904
491301714
55268652
271906213
848410004
797684989
836569583
675606234
545899919
987306159
963471665
382525700
840580165
585002217
376643703
692197476
488884200
44070468
279821571
695981204
91035195
568247315
214930070
680173362
878882850
275443821
21179123
65186412
211422996
381178237
805217372
762086391
309788592
874769285
141410141
150881015
961106072
69957590
234895974
686137027
540859419
748735136
521665555
571655814
318765430
578278191
439218114
833261910
185220521
121673429
839763642
596285704
169977676
209372118
900612230
790587163
618111743
843610651
246515765
621213766
695232363
220977104
26466443
733263681
473115213
780232342
232624228
480176966
772623580
243546569
267943442
786181903
258790126
542563920
901938382
985304227
23926028
536686518
803801580
901186686
270894944
400698566
264325672
102052543
326332682
740911925
976432183
20143733
597523401
452082979
205184743
987326197
6162123
717065270
861284376
397317205
280164802
528592767
152258472
451637000
209452997
755014280
8934043
337952678
176011214
464764481
746984517
705118996
352065577
490067356
431734087
718113731
729828282
874231768
917383463
20515204
206559773
699947217
866105660
3214245
915026172
764928276
690373953
649913212
16706343
916976900
592825259
631225978
806881524
586688804
174246071
275085093
527585286
205838694
563365546
285792743
83703676
209076625
918778192
994300447
465262836
432447971
808114572
307677289
373928131
113402274
411453746
212278925
5801382
816042093
928375624
154508688
481327329
400432324
853070299
796396508
545360786
757615225
156605682
320544312
694140759
349325751
722822972
104360236
217481441
30492903
578878157
143604414
304370979
938931566
552749301
549216072
397726191
303453994
391771540
445780816
347452641
677625381
118935801
921525895
423739976
473253717
834616325
344754856
70850283
632306043
758508248
115110384
581014608
481350343
941675654
382215705
367319932
720200724
638051521
905302983
228052696
628392941
676614002
186761253
615003246
998068337
323061701
149596048
14506785
311090363
564437576
371989974
210022395
232865910
451226035
769244214
492836821
636828106
416337137
500265209
100073303
132527786
11356928
865348570
271922949
872635355
708894320
745984157
945260563
716538106
723518175
139532939
287451638
730882016
28438006
926333062
906568192
531361483
400378760
899568482
882195579
140544998
402417800
541140500
941276379
915789338
515263033
615062930
805052025
136353177
620136126
775732722
846822710
534663431
80525395
574304854
255338033
193718773
549881583
586959749
198037134
988353468
452703710
600130268
937640435
925170572
25529359
405776571
289579060
864248558
190253617
640761512
234467613
569052546
978678622
160498130
192234326
549509358
733104835
435762540
852328755
910757770
829431673
419858359
664594924
166917883
18493649
94930726
179847654
764928235
154279312
180352522
405735614
10268050
239046018
411388657
19732203
83378087
428865618
188434533
573294285
25584076
665087041
208082598
219872975
583670484
207539312
258634948
689324329
594909951
620573382
652829533
468181567
886280869
1135551
102059890
849306052
259547414
345796580
736575033
448600410
412501940
484760818
854364966
561964470
125204350
801436728
732495562
542556921
859063852
704072210
958066208
472668836
514257401
908056458
506116442
877882437
74929018
539307810
740022009
990283861
655002630
9337707
444832759
187592212
733606887
120861939
774984252
326811476
319673545
874778389
242082910
14189767
714818985
534422345
791768392
674852154
74893726
604087302
751819790
484507358
177821698
380451913
385062941
70379992
784348541
19267572
398316446
751686173
2604103
529937828
790088684
829615366
908109309
812223381
160786066
766692226
569489307
31050566
208212850
309732777
231068632
350869301
162845748
582783058
342139344
78724087
946238332
443314963
36517260
530480407
238763674
462026989
976001296
766250057
142391460
632080867
175376989
173220786
614643256
506349767
988806925
297349679
380332285
939020408
322453877
676559695
946422566
154160788
217455733
530188833
107669132
914475115
949107491
164848660
484576851
160735942
789693355
64749159
456646123
69338815
464990950
900359165
927140833
988805649
500144452
169909586
41455871
9050945
360370366
616770921
569077040
327350271
538784049
14807188
458097114
807248888
392379771
781266946
340163675
495945431
400880069
102060858
848905928
715169154
576823191
782497108
271464126
194861512
119810300
220713510
82201894
585568289
802605515
971589959
136333167
187589962
299166568
773244379
178138214
161793356
726187917
820802370
661003740
839427690
914504330
798173913
89288373
269119650
766960313
354826629
94017075
277295324
109753913
936466629
965989100
209707970
930782697
927537778
92995851
518994527
606104207
234804683
775783075
429398179
609017771
811067598
276360491
988827951
910875990
382454003
869703693
64759212
451056726
933730513
960226803
853725550
181309653
151007106
878148291
930363962
75954157
807737578
880688507
855552414
881624278
101970686
486725035
982074480
742074564
97410513
10579734
585970611
211294321
289986104
366117431
883840560
790161833
434711010
494712338
103464913
527298297
114687790
249566882
911480602
725207021
418671819
957951548
746892814
542568629
65607669
121433325
227678452
376088552
596006120
560075646
207598444
202224122
325073928
474875918
819045841
804189874
149172626
761883066
457398335
220540650
886569014
707160307
90893030
821524709
952704549
702284254
645438801
787306039
566651374
766828106
865460745
780389126
501456197
236308379
213011208
420573216
507314360
275442817
488840942
315062581
67117148
661182509
433683298
256472027
629602312
379234271
422217969
52189075
184972762
275099859
340522338
832836338
778629966
545478078
702915784
825614742
253571899
121184110
266387514
230311872
750670903
807420943
297933219
452435150
674055781
690299083
140573
62345083
56059703
211595232
717008652
109432282
982582460
284386923
594675382
399353499
909871783
346249181
804438031
183842127
488961600
82452467
782074779
555426573
154210700
382950863
966048036
694383006
124471962
882566189
249903480
992370137
512994198
420723297
685242489
975266805
628939685
72409840
509465960
549439569
959117412
658767073
143253400
987858597
292062597
85211606
456489390
731822266
944443756
244521986
456289388
163871101
914030513
358873240
337450594
52942567
349128354
958426240
769721820
377105087
450078918
549048580
527211490
409369772
395422739
931522408
572367212
793220570
738287570
281350172
966634048
961243332
194082480
542430550
993121454
646902522
837007018
806726885
988786066
432482649
88404716
80762188
280039198
293845323
141900034
120838023
587792680
422964584
73147484
110138884
554663752
123705628
616403966
777326044
719324599
560270275
414498148
13157068
354316715
986393964
506697502
184860498
606885723
849101796
704675062
967572617
311877513
593500558
566118614
397783033
967710103
383454853
281095030
327015651
53238604
773043473
763582757
742142880
407800777
310244399
47748967
903194134
707725577
402898792
554863836
955576379
943505614
554829326
495630208
871756575
125930681
444357863
960294555
930357851
576429039
120934008
618321096
459257658
14119797
764890524
142364675
443789958
295994529
758340063
322385453
165131547
301708314
163504493
693749798
571428842
880375853
946471819
659606105
490424295
479098082
416856953
683896024
488426963
229676907
616146281
518621771
370028351
229825741
755802523
619488697
572122022
336982048
461662443
752910303
499532282
758871028
432454907
257181699
763843125
993075197
881435643
966212666
692479884
657539981
188122204
916076311
233793517
823531083
288951169
918817149
867905442
644962834
714126313
68022073
461169121
538226159
142919550
149299193
969397661
723998292
557585144
367715038
174933082
92474155
899342400
862072552
808359941
320435318
189528514
454745677
562228860
864492181
421485618
966868765
98479634
274414159
300335137
455132519
7025088
75020810
669395322
603249905
311426471
503309914
623870600
985032509
604752941
36438767
234359961
164299377
417722947
605760592
755195065
69523568
587415041
608653314
84199482
988738699
924853997
609287308
561278295
24904350
185330247
442939453
534846338
30224538
872632446
120015737
832566764
857574642
252384821
892319980
712109340
393204591
81847070
887899910
109981421
105095511
188815370
220163462
548116867
390707273
479760632
613270198
581125329
5503625
676517315
779322282
562333987
50484481
616638498
650425158
616468214
641235476
476991059
428872180
817038934
439776618
157572792
647977527
740368051
148299737
820253370
826156271
158199134
125130768
778765002
196394200
212616735
319941699
486513964
335176390
679414385
862226066
263859132
561372110
318656255
246479566
41345046
240322440
124088151
703544267
235521616
860677582
852087024
976031341
978312436
294956421
28959379
353602448
733656980
476253244
678738697
363366060
290020330
423198080
107146180
402741181
518431099
120651069
490264489
589927402
944267946
468905654
166611251
149011803
977279255
772175051
791682453
918991873
888645074
830167924
522750518
737696499
17721614
910515058
564558102
279339319
489149176
394284051
750792739
636118752
657311425
286107283
806450256
287213310
971529962
125002897
809095957
731872181
143618367
417515853
709169147
330341244
301319844
182369351
817603170
997166434
771865393
572347719
321205354
265253173
853700645
447586085
952025670
785472032
607915137
773107939
194170024
425247312
924877363
954477802
887176109
373958616
673841221
293584964
639229242
76690773
831737208
383292805
91839516
176686644
618299223
309107712
391205817
408313549
969693675
996089901
411114405
699489566
713117567
260972665
389103343
969900235
952328030
54419345
448294179
184286422
264377664
454932213
712853917
245829163
796516176
476966618
477166282
654716314
735014531
917895536
359338473
423813293
962400219
136388345
956820813
691565902
473787236
892891279
827257780
30661284
479096892
386647052
267447141
543206974
887665207
631310733
779850344
621035462
93538404
562692612
459819077
636385096
481339527
409219488
192425134
154437332
114785348
518124357
155135354
196172173
508994204
968420016
666168206
840784287
387150402
667704165
299290690
592248381
657109333
790485281
327943969
835106576
255093243
266757259
247801988
380705298
431025023
12427334
466498090
972092573
126166351
452810589
485540233
689752848
421151278
992584233
584276882
187766549
867387030
563842912
542044693
817594676
760941494
407373290
212733312
914126613
361706602
975762403
787465381
461795529
146922108
311265618
472364398
629788087
504341254
69440259
660114964
932443656
592395737
606628826
377896777
223188187
396571294
222484901
72158655
373451246
729711496
844986807
500208132
247271108
395061431
936417582
312046828
64726295
106152768
635474278
30132135
922159885
852517261
954858532
326781514
662813969
767871833
27862553
512683203
35355368
881015530
125613896
368111685
460210222
400974617
348757423
35400368
947238113
304145205
661919765
153783209
501208609
196987007
484539167
512902205
89386516
5580912
584100307
524618045
125290739
617480802
448379191
447749766
264894088
436299668
849335937
220740488
865427970
14028938
174783512
420547384
539049361
784603501
791411509
15183838
126573001
680019129
616828325
430634209
64812387
608658843
79108530
315422557
534195325
986363885
279139465
704385354
308994144
216779386
957604817
374957388
799442538
850740822
717948306
216942558
142019786
881276562
993933074
369981488
927690872
172927274
139820121
51519457
47122892
281466311
605473619
204845632
997784718
917545939
152186104
395403319
439786038
589456592
881583686
103809866
696093743
765087435
996834809
750609780
463061230
543436308
891437921
636657101
445691251
912665307
207332389
823631304
345694756
625161321
455586305
761172412
577717588
88093555
443630761
472876421
908043795
367267354
679150655
931052688
983236607
333183593
157424923
669899017
287059923
379742314
61951706
796471759
466214606
470800755
276250933
428678459
200980272
781540053
696383620
333820416
245953426
354383894
497426336
721797604
226791751
934211516
116541460
28226018
756477577
582848344
695135177
57668913
342155119
977877735
94086877
909599370
422718562
270789158
878878746
442300461
610051602
514502570
468515389
566599439
893806184
383050037
453972828
327038961
368629345
592520631
813495705
639857191
908380629
810283854
911119349
964113705
63224005
366599676
533954884
519939647
363382143
891228518
168884366
342575227
358296256
103749422
733709247
91251910
550140672
110924126
922762754
307764928
652002138
906250844
969998116
995418148
306818536
392732851
582677198
375299201
873506353
884305860
120965594
419583699
228283464
986980606
39295162
781815146
192602183
571583364
693975940
246457132
759025217
266245348
388731739
376924095
356470680
682685251
429189067
47072982
497206380
650771979
499382116
873055894
512634717
940109196
722656278
27094068
99945515
956918099
988136382
744544819
563968266
369276162
90534148
10799749
439310014
598926790
293558542
297904015
196124584
480105131
529182699
36167915
337282467
107887077
113991792
596393111
852397182
626798196
645320580
97263447
227344401
425611008
773369984
877962349
761485492
602097253
29772491
384606509
94158302
686578473
670629290
852238333
706248719
50712825
274669718
188409162
902433463
384937601
312289343
985958910
44707156
44690434
29655952
18867848
422714424
55094984
770582047
814060206
121150807
433867931
676956770
303100119
556128007
402032375
809689906
276768915
337561120
578586606
722937562
241507189
345112018
887993150
658543929
926074169
721059019
717476369
938286355
475453796
568863065
601214547
870088468
632627078
271236878
705311465
785768560
605564688
815623860
936907753
201509566
439813895
534569150
406766632
412743971
111562762
510925772
649401027
853725599
451340887
926965412
625046607
179316617
410668311
467009547
443852889
549113208
26288240
490703843
434332367
