604495706
116176803
551852776
234303974
67250022
50844741
800789906
55951803
14588207
477135069
429828599
720655634
569460131
286233849
55874737
280024987
826049888
487941396
208114643
502208159
762675469
536909252
546832099
469167625
815161336
387975230
236720794
451550036
798814992
957942356
427677849
114595909
893704461
749075147
339150258
785088821
561105710
769934801
418972661
117879125
943225311
938142532
833095937
644473678
198311151
927793322
816472609
7092607
547888013
313269929
367654779
126908216
640378504
480210057
346401750
92389138
67957052
364383266
179245542
67490708
549040053
554258630
742791605
790713126
249049336
349855678
918513732
975718801
114588054
491609914
368979673
102516964
48075921
25065952
929980776
123975513
953362007
738834944
40984506
958505772
481411748
709683134
475419765
863786743
786480674
417331567
577358985
842454564
305424151
478550192
694500861
365298581
787110384
389110262
344855572
15072624
682661473
478054373
477086669
563186424
256021854
455591260
405807615
565486945
881840602
160993606
884060459
174872832
750214034
486580924
169251509
889977459
426613236
988666002
798910500
153660496
666507813
96569115
124316781
796192552
737565314
444454208
802824680
48862318
851936660
46290658
661995778
19819088
573497805
888691898
922217257
805705954
245380796
559413003
56522132
34601793
960113202
197940066
516685844
300042842
535033079
615135050
717053201
202576270
220543755
117829665
942816863
607733233
473289091
8705436
415860271
281589716
613042228
462858069
61586373
652292444
342361610
708029399
111246804
25897908
27107368
634396771
756178363
620460960
925753817
478138289
736895957
138057681
210186160
939797567
960946468
159682582
673295514
720247888
401273249
197301186
841458341
103929998
250660399
15343723
765224500
847784781
437977629
488025523
350864006
603803588
960152382
400271330
655181671
538860460
338100127
788380235
327998419
718367976
141844009
302357000
81677310
890762627
249236361
178702209
556612265
460983524
845961276
915987938
627674440
877312847
743417276
15694936
643056047
722163684
95418054
481219588
428663298
573539395
109895749
943099318
39980072
300417988
935638596
969593112
750269581
237705833
656356321
689932783
679788495
351664031
648974835
323932180
254669708
193255013
574699334
986857169
843909298
841752740
738085512
786581973
870266545
275539722
473314425
492647133
690254319
433982471
2865137
845306407
724956755
631546843
715467311
274440280
669222075
537202441
216220407
460960725
936916748
520714303
52993879
548470831
348825672
325264180
953499178
936629012
204360423
986887621
86605832
602077271
444097241
974424855
775978371
260120168
577033025
281315397
109539552
547296960
257259256
988233691
443146217
335773292
282314289
519049189
805035524
847841687
480471097
817670385
122630426
88957332
321792968
62201017
403965365
621106300
286369919
124323017
672246444
516051356
778898638
63255379
744175094
971254752
217254390
452181402
660062775
845940766
383370479
448307933
57449797
813035829
933155014
3995022
87882721
457850028
140719485
567083247
132591652
154751918
852324186
518371109
401366863
196061445
348417952
38712061
668392262
623135634
815734347
774551965
97309714
945331111
36176616
959319202
455954761
340614387
822423419
341872333
955665301
963296614
237582863
210160473
9521128
753813164
135575498
683358768
197380379
968510496
997989868
402426683
841438100
161791633
830418407
706547655
221977581
544549746
166380638
224552839
136993662
86163502
63981929
295547021
973336353
760691969
652555433
232562700
806618784
831159365
470092629
378355605
303275923
765283449
848065302
183961089
652307648
193225388
693915025
391851949
771163551
251345944
964786136
707831973
919321182
287674604
673677087
138184344
136490386
446855734
577214898
186483963
46839540
317174867
311665696
439599907
381629219
412397241
145664036
937418005
205452900
186627953
344181090
755401621
366614679
630095062
995364819
889814875
117613958
488609734
335756065
383173647
99454904
759455176
313007087
80115363
458859662
402151213
913732461
253459795
347156313
243568212
946376396
773936231
473774427
229058312
896368363
1382348
641503054
948068739
566667134
974033124
391928677
881624001
812237266
87548399
357835353
561089536
59924693
502506011
661913320
898424636
26977376
973551172
562815043
493375501
504796082
377348884
885916813
284529117
469619159
460921632
228245881
436056633
260372314
20343531
477890103
294901467
585824554
427408960
352603487
248921571
415335241
182758517
715374316
331102280
92994493
310896598
213905587
22468691
370603619
850501490
925315430
90100300
474985382
638616155
423938632
170265498
806454116
971495314
525710397
546140863
947092646
119679664
56874807
57268950
899392582
755311325
854020148
144914179
282946493
934809610
702691549
19616252
497216184
323043017
862125936
448762636
231597510
365805636
790308541
766016589
608662670
101216405
824958465
415473596
707377082
987479262
773139933
421016521
518002737
950995380
74755625
747427765
242651478
338613581
588546756
245120743
701764530
591740125
786973531
59857792
600982217
364797704
219178195
816864708
14778652
420814120
492195797
789972179
25327927
692072814
673592361
671084168
39148151
54212775
276419969
934105883
804973246
561777176
665854825
457748132
865673484
624979795
745548586
754039476
262993750
271758082
458867010
745068530
560405325
299740891
665234194
416840606
639673160
287394869
289304090
138881384
838265368
992359911
610023856
143883517
526895998
455109510
208714147
267009085
211990867
406865846
500988351
520110684
872623117
475586610
432512687
548333070
680414891
257033960
582082760
271338986
947569083
270039260
749610877
318371216
253667522
114909336
954087508
69424127
687494165
501083332
198769145
658080017
49561822
718601564
931229442
18299163
275096688
101847011
338680933
934409912
907103823
230462649
116989486
661855750
950748534
187739992
252479674
684405441
407307800
764255772
415774762
580501767
484161524
470819772
290893005
918673343
375393739
393256233
177268728
413025245
35621444
293203069
739190046
451329673
862167583
622153811
320805770
905928083
571127081
110083402
473729224
308720360
751493179
76835719
158833507
502101642
25931054
569142325
821803529
65200069
709652120
991530508
669361668
270437358
189024274
294079563
487159164
321947969
841437108
927352555
638447355
673300872
982437809
718453570
657578284
997114144
672916758
744125267
518955635
506548728
869128865
540245036
695036227
530751114
274876791
872856797
824643401
455687038
419739491
548163683
159635364
287330380
650530928
687622002
935447166
692403785
387513265
158489282
485658191
747985853
211595957
348091270
136461432
760787513
164908164
479611000
966785251
707796498
78968677
43579151
457769385
343241333
184627041
799190169
769639944
650926196
261425060
442983299
408984765
362522933
996538049
608585525
135675254
439349805
553021046
631911863
977106657
435971903
583587548
398371651
742413902
580007072
541337229
610620423
961207808
969042617
833490547
353224949
313069157
642076967
191270963
997735855
317526907
534221900
603024177
451599312
31246356
637987842
942994229
742058226
877211969
919719523
196079880
748468255
374938128
729821243
847515041
277099897
753395369
485050835
282127113
348097911
700217749
547902930
792428253
296970062
913851501
297512434
771757727
27039114
213232763
208549265
60699545
848850543
600495806
480238714
486518829
132164437
369512977
437129443
445940724
279859948
439393569
441301224
179021794
548412283
593512312
273414116
661989245
505305195
531008734
837338938
178089423
501338062
693947450
805489968
922332491
334093793
8491107
420701829
290650313
990695838
260822354
327932731
182162528
9640835
340259907
430548782
467590334
289018063
746291928
752440914
891062686
653752788
279607130
365179733
653357878
45268299
129306690
610421839
806155750
316630375
258698308
3595075
712442725
897036026
632358165
61071959
104183868
545700731
548968025
12239500
635179017
678243379
405989937
364639284
121332250
324937381
108080741
873664501
294659164
912895383
37661141
333018173
54239764
533281055
438519845
919077913
375208301
721401790
752437090
793656507
142019870
457593008
319913451
479340191
376186589
177638550
347595327
30721283
922809679
280662965
985094000
876138194
800613946
931344637
215092347
597451302
922992919
279599657
309375280
787142351
571190085
393722622
27744726
61623570
987247322
187864352
368424458
358241989
313902678
298746853
702777823
88807951
290490365
370301023
973285666
522835539
918411820
494624328
393682984
712195610
735497467
710149975
748917380
470753394
394256103
959993482
567259627
413348247
834203046
40091601
866343271
450991812
876348812
306246242
358920010
442397308
8175429
436752784
525575757
66425672
171608937
342156533
381528408
26200925
985926333
205073304
421762449
617682091
410724864
903739902
908393215
68421212
435791253
301252587
557871043
701184802
838642640
721703662
639726852
221102291
983525562
818683113
90663872
791496126
328165573
649280871
933746764
872067476
254992017
930230084
202815849
662323856
666534005
866533120
564102214
185974731
565149062
480273940
103162450
324743103
885050701
705002736
196189763
926849227
545216562
640960180
281591608
844401953
697965538
268461356
31023805
342635278
50782071
985500212
137342816
882684276
842009049
715439745
238159944
892981887
510972136
506544361
883191204
291268037
817296928
226633419
558355182
519105166
706941898
310973158
568418099
762357737
601649560
717078181
961032373
694793361
19546665
894991253
522452196
578400677
566560976
105755350
303300196
460529504
293457882
510294667
331381538
836189161
757968808
858269987
547190236
693958708
572107251
66692749
840609474
334066780
694927689
325593893
19774809
648516257
844661135
628187471
796491407
244461370
576670173
146871340
468064668
147632859
376570607
126961381
548735827
172304342
850962171
929000057
81880589
989806798
783119850
815067067
670270876
912731710
968005489
756938897
598504983
674075411
188208534
474355799
721767171
431095737
466329292
432377321
576443781
316252793
786284986
472268800
75751041
202050666
179576134
688896744
177914525
323579440
242374297
480714949
693797300
362747419
652450898
98131351
49527365
384508788
312501213
512971790
71573634
942693766
154606709
498175464
350018034
446179506
415517427
812771426
963241475
339136818
603275405
662824365
40697878
244917312
561631484
869543588
393509745
277573168
912267050
836570459
973990368
946623179
326311209
34568977
401161999
324200435
784855735
824613724
242880966
777354291
306586202
107894761
57532533
15613996
132952588
471983465
665766221
426967493
529606568
90409360
10028729
774758865
463861166
12810753
658318860
125321467
406655592
578539609
9226759
799373898
766813058
699564155
776508097
382372755
751246888
542317769
352052489
61305616
946989912
741146890
111667547
213106190
561873607
589249338
816558008
625005617
505941249
890097841
622289292
787221008
367633250
589023146
176311930
397458824
799173868
434052876
348745340
760533573
371673994
292059550
798241276
230520925
28190703
246088213
112001305
7400872
844686103
171947687
41876202
578725938
718047058
526297145
199620861
793085591
30760900
308628539
135851439
632719501
787875688
470369583
328277410
271167177
375481985
203015367
51895466
7506206
650488153
820985996
853185171
369670498
623936410
875456171
238895960
903421304
766926353
366996033
971823393
712776260
888485007
954565241
775283770
96556082
526693878
521356982
777096476
852172133
201839168
799596406
69352212
681616293
654437780
847725354
493671722
517166852
548224504
249242798
667477708
320971214
510345960
786576283
416376829
391927298
614865524
717287807
310283527
896180995
91720116
397806008
208486550
766448109
963898519
504904349
611012315
978622591
315761163
709398192
155295049
904471221
835589413
157319599
339741424
549742756
772562838
213105427
671681678
512623001
257206607
634327386
503355285
781805499
186509688
37712843
997792268
864712071
234149218
905790287
16731423
112897295
420458654
6705502
283512209
758220047
455418716
228486975
868104403
449393447
485947517
208010421
589422918
219959442
573993847
528615128
849377532
348442622
584401701
945043994
876802278
815160926
588133745
277040853
155170969
233626431
499046004
866831941
580116727
304007179
917072192
454104139
598666464
323024672
959037085
446424742
742257231
519892400
287049872
132455333
557510839
344509112
951222153
906720273
416231390
19204725
787909208
808862113
276620446
156851340
382146473
519884576
737754528
134802073
979557714
962954142
560741825
157272994
395928065
830403700
206866818
395454937
699023370
731468917
778208286
649330416
699575853
75505857
566060094
476775330
335046847
367305951
782887066
326832571
923183762
325083638
891325411
78967639
539333792
957716329
252750281
360805598
745126465
859937417
438304975
655643910
988704102
924355139
970279623
802512669
979881526
844624751
274761268
928835530
643415326
955021203
287537707
673293693
935758195
695519362
879476998
814660471
610072717
20253879
705040285
268540908
822896858
17964751
557333800
84112058
530048407
37376169
188971284
636800507
374643433
291238241
483228722
992797552
285364894
750839437
420893
935515832
930624236
568708879
293342514
695007660
820369197
170597680
547133499
112403512
599711613
65124490
209360552
332191253
868369521
209769157
556120350
575751852
85703378
219955986
446779759
146965798
669574220
499941272
466675767
605833760
475845374
972701260
505829173
723689712
912810529
830580023
532524506
618697759
432150301
952644449
252777937
59439422
427805963
954219556
453681713
499428872
437438696
619822909
546462716
681551466
421191109
207718467
231875562
436101513
366104457
735874852
744846396
363418868
97031188
106286446
331415873
480309038
807043175
132166868
421294440
422050673
665031481
935370040
144316780
598895946
469805307
162165248
685428940
584055289
767077178
82006891
222089035
535925694
644423415
192628084
889905579
613518589
26621901
572947399
833956270
740604751
569540771
633621402
449789519
789765268
245811428
896352120
332279564
636875617
445765278
812683425
574467148
290454524
967447317
637663907
216178547
316566635
781467341
701245301
897992394
488605524
776370320
156178255
562938932
107153512
569684453
249399435
562460930
984715111
918837799
516896835
508919995
279102153
940812851
85335520
882995509
644305593
414903461
261849111
968541219
58887940
139735638
379193416
464610917
759754329
682502991
882564885
186872827
127908162
268651523
555678544
613731996
485383537
48994092
148862316
830321768
309335667
17293199
698567990
873664748
422517028
526853528
834167403
992731992
938389506
645469789
18297692
119887797
215716204
146355081
562973567
468925402
697168807
749877845
154219956
575732139
809185873
340840856
400901087
22188642
549415392
692713429
20391395
177887416
428459992
527875728
807254702
261463829
715655148
591371176
238704492
871622419
706437487
10145794
15231311
326313065
439124843
915560106
462743218
794404542
933285786
275406883
310628340
92051863
57246952
326570654
712605085
796087703
269986105
190436055
272398266
289329145
827024416
897366437
902876220
810651256
342053893
3161966
399768365
597409120
446926890
169567802
951114486
95111376
934339828
524645502
734388175
911037087
417856568
486566586
37928439
479559559
609953318
625143302
129134219
933689742
99897325
178886005
162483357
680033555
717901279
797275987
494077331
112034277
524231784
824641032
388055166
738885637
343060156
669029527
58340409
992931938
210697845
311510505
848881299
86075883
579196957
242545724
493682043
810037651
190401761
871425822
186112741
347877057
300091085
121610496
677537505
287030563
184830872
802275720
116767866
553414849
87110476
994226872
539121839
548038086
447466360
105725466
493393854
846638186
160888044
443612109
242052362
786599300
345043119
232285123
573231946
289941908
943365831
527070438
5945561
377546107
329088682
378320230
494849794
821316497
936583653
612062040
483698632
209714821
69455380
572539519
719112380
145661053
1148466
60355149
934541055
277813400
660219320
238370237
373587817
612898329
683324605
66755403
877924095
574062134
301407958
199739227
395967893
856135350
915726043
296905828
390444303
784181797
32056205
617713089
698723114
277448178
828496135
697949530
689987568
196243156
394674073
404310244
265157023
200660110
721663823
192457379
334610261
584005165
567154455
465390664
834519613
982895623
396764669
849576839
740207662
139443885
870144064
315171371
904232786
8605617
158724188
872628581
702967286
106103380
371114696
366801949
75006683
154724419
453171936
319946560
414292887
510857776
805033804
830133048
455964306
991694603
361157250
155304449
969535602
963464093
636193394
10570253
197757506
116652696
921008076
469918772
616999458
856301617
424687989
936039580
665216493
930763731
912541914
711844531
46281347
189384408
228564878
234779128
661532565
12590272
990874751
295063165
49842520
730685547
252806581
396300854
877945986
261324366
815170915
195315226
612562590
112950740
955783423
272231568
949798959
612350042
459089944
842679491
988757818
473712768
355185498
893337413
687076650
907795193
798864224
736045710
140291268
420788976
891126138
754454768
42105718
395035873
175537279
866610904
265142809
336756704
433393726
269181557
714948014
206792276
244962987
383684090
546872112
380020579
768006907
839375671
310991196
767331631
75526180
200793423
347165485
827697638
608552757
654611167
49259058
284260203
717492634
467132762
94835673
577276702
832701375
534585924
878202513
8243013
305025440
425942537
317060025
936845768
647604073
419514863
221464003
848187631
130368324
460190718
116375426
322309730
620149849
737287948
35453074
745610112
697232815
644678568
94605077
634085343
293730331
649081528
120455025
685091005
389278792
93170259
812249191
304094393
607112971
847343971
516258849
797221538
907152949
410084560
319568888
280519645
661220837
420220252
256222029
432432888
965853874
778671129
709011827
683541578
969635158
90303309
588813490
182891602
958765477
290740488
7265809
582750897
113170743
171602644
5694318
380992854
32138483
797809983
246153662
131034622
7672005
785798927
233912973
341855795
354693733
397428540
556031688
96465999
238449210
292981998
391921593
716803521
17036161
59558391
625602513
958251330
712809675
361451448
512689952
705145775
866476307
773252402
145473928
162698172
307448309
655713104
210908760
270736235
889219514
960895859
879578291
796854097
439480685
723898828
245578505
691982319
381382361
942885726
784570054
371690738
983655575
83061566
626260235
638374967
745903738
524457539
190032896
894209073
466084956
644436108
35011024
727946004
418403403
776215030
890662404
137779920
68601505
902618642
876980889
412085885
945477680
210349449
177422588
203155398
548985807
512432993
410709930
174934152
941215560
540310101
24596684
281402749
915410355
159559303
142637992
984860772
206118950
25875783
258708244
895417738
631046264
300196915
491184993
471591591
938357651
261067006
283505186
625161358
374948754
413954729
397433553
457520014
386859010
352567613
953140730
358234609
970792011
201098357
151712894
475690514
195342122
810986546
909139572
127047081
804301775
633656272
133245592
48405095
426446618
494158920
489202492
578313109
202091898
814898888
530083424
23756788
91984536
213353748
189726176
571205194
508089852
957033257
116401478
993590573
919439812
477319681
477683486
170313272
316193881
238529379
951182908
631527732
99455264
614267807
192841355
48804954
5514296
375350945
487397882
642392271
681205120
307871761
153447412
843566556
332972119
46245648
818964096
831576835
247407153
890099572
443258993
58187771
339594691
742165727
169238107
841830585
158243836
405540776
972484374
806182370
732325763
809040622
847215514
321577463
524629588
985033982
596026397
58089115
976661755
809364163
109127039
768822301
956749102
800475631
672710458
81609665
376955148
88791914
465083299
821544370
458181239
501735625
41640639
701737221
103528641
961956495
688722356
482469948
279282996
857590621
171636615
187555184
715757680
224196402
605855674
489839867
757087602
355902252
746242091
954430173
586206315
268041649
827738188
467953159
75158025
64741728
257701903
878635226
542725499
334546867
72408762
240332875
305297958
764467958
652290391
74859506
872100820
162966902
119739613
930372903
163682039
352368029
339566696
635600260
851813701
947831471
680592086
180239633
765915771
574420356
405264498
523425669
545762869
553919195
659614614
697950012
428428468
390307158
218971348
105473227
966524649
772172533
653226920
901642088
784510868
126483662
541224289
157532909
630790578
541921559
505034329
667825823
40616721
353647059
418241812
849552585
940315546
641849067
939205403
927601788
346212051
355458746
324807624
903333742
90328683
876475478
777642935
766556514
400600847
327335982
421929626
91955888
711509158
268389041
610112458
972534283
536342665
230778487
925912680
156339291
400020875
93191092
900816153
948134828
112231928
185895600
545954567
719362710
561103288
110022628
595367677
305465533
814275683
161744651
969887174
130952402
188437200
261751347
195339456
64812508
414728011
539433999
97067989
493344741
731998221
383895012
631099937
507461935
969123687
25441729
233201205
407017042
568700115
433739998
469876899
310066789
225766920
471287554
627744641
440760056
523482290
820458531
303248457
444073445
985820973
234212046
26552570
330366891
641144305
960882484
390418599
760221602
96011051
65575348
910999661
829927803
690027259
655639341
825602166
400452426
484842277
966361790
260063072
184473430
573000598
695829946
295295926
300860885
729834419
740226559
316073041
367026252
411463554
606402906
833748426
859521721
621078219
743073574
936191252
17933371
251944903
101859774
717869755
287603383
478455600
52266279
266364654
343671297
784562610
476933232
383187576
496547220
811360408
347376910
832750724
367583339
233950188
146039637
503433357
434763994
541610199
205740572
589542907
245318580
339997020
369872913
604393279
343438583
103100801
987377393
6542918
576595649
330795119
392602966
997222315
788483877
690504551
133861859
938232941
902072601
90296139
865150225
231346975
894885601
667111619
472474490
392481136
711988160
431695850
110247590
83358098
17569410
148421747
881598436
204425191
607323458
988912491
386258447
682766995
654378697
736905387
230639800
886638744
559320727
276800232
860877002
189786584
608115996
953987849
716040272
750022649
575303913
953290
49269761
800668696
7101935
625962683
922798287
40802534
619330097
747157134
157669351
395987244
303224450
610934483
67304861
285682107
400684561
308224856
918995337
178144112
67064497
349645312
496206471
269216209
931930313
459602349
742252091
511874035
289620779
262074750
241464082
423503296
559819697
566588082
143278992
26943009
678177181
861694889
391986165
518414559
259795794
24484185
354347370
540153029
568303681
942073949
87011237
621145516
780059249
311575673
294790487
115820390
810159566
55721714
407517149
764251886
38410357
390746280
497073271
579545567
98940823
12425158
604620289
626447277
307471275
940031485
3872347
898708847
222409112
649703694
332310160
506430657
279802091
958579308
955707114
759629806
7722456
379235923
843019938
417437468
133427680
813754299
27315108
853391169
142548855
207605078
543133549
560394558
410882623
497737300
881760739
172114401
488085949
181155553
876878521
570814680
854713980
320750453
665644296
63923982
6147428
58534885
866953438
965658061
660102462
316141985
208627366
772420911
954109481
352031955
192583764
772085477
665301694
84654762
754053014
535678700
4598321
865942211
196052517
129428302
460026099
517345184
862711391
670449240
726225269
316489712
959391021
651538823
619431623
394704213
606481329
501934677
343250278
399844515
957254781
864145636
739463511
993892810
478738665
222116095
884239597
956687373
143958772
457760796
361207894
606119971
277227048
295281133
820086186
849427626
593216744
623356461
114084247
400963713
404797931
961798080
489209366
708361548
629730794
527453731
593319121
63416256
432579824
526606284
500442046
429255860
810606120
632837267
228488988
33819933
239147959
323153943
738136568
833101510
704185605
201124696
921714906
407508830
297516705
330795834
142734967
433251633
192565807
720556092
941618222
405115471
649348556
901078357
653216933
724555283
686546025
189106898
398988426
84969967
707646499
837838169
813925548
642423818
887186204
80236015
947519034
422256906
597608657
625773452
233126432
429928682
163439233
68058786
981057980
69658940
881902879
386653834
968949825
159757434
338966916
136960335
188793774
827103377
592983925
670469076
171351660
746641274
815932875
116210895
95353716
11660138
356880044
15051289
790454544
862623100
280276473
513651367
236057304
701204840
491297924
368008464
683719756
738223234
109129885
187694947
798056705
363790627
685871568
109039103
994791439
478321402
234015617
301987161
132197868
903909437
542684372
383231427
821070450
679160367
365394945
735715231
734070288
521332945
205881498
784567604
478033952
888053403
162122539
639188307
165317962
427301426
158601423
10643545
952281398
993643878
243723581
516843639
13223786
257032797
723477962
134732103
412213783
262077817
12495602
790393643
537425993
30269010
333631278
900108813
633503757
84442639
447154853
498759890
814895775
21186897
417189552
654978845
284918406
289452191
81472328
376605790
325150918
959987838
283072345
637510871
572474446
724551225
759601234
681645207
611199097
821857380
665887344
440019302
322200019
595594374
383272195
81738373
861350217
599155292
957125183
397606585
80923371
215009417
706339805
230450754
843045275
63791040
978130741
169849424
491550054
30427269
887613317
720378533
994751944
616980769
229162568
181107392
875937425
335500915
232689836
896756648
735426384
399099009
348950447
372001283
373119714
193052365
149591735
439688574
1456750
133120444
423183741
948681073
563908243
388496817
609699684
94362370
385553638
43049088
309523466
909513509
788705502
452430165
842889749
872033780
542878516
604425191
981688919
957315407
460459811
425884211
575589414
767646835
178671954
74048178
2019796
981115210
119428460
97906837
533706286
976428976
842736075
968655665
771399130
27908562
812902253
484899998
138902837
520952327
556244302
532774981
99669252
174746061
961860727
694969870
63584964
207964888
791764921
19875928
76929077
356199645
305645283
212066302
478731636
408578259
944249990
657462347
129573750
461855929
14801822
923001223
950268575
304298898
509891064
567823292
561145339
325687915
602443107
885919850
9307305
546232597
730892355
634955424
211905457
166795018
698358721
500499576
733611162
129434201
249208289
375234
620467759
501419518
712969769
21253137
509658013
319021533
51563644
960265521
267379411
667522536
50783214
971539129
389318340
254277831
545403177
726437720
418755555
19193272
206864213
929801368
379060220
808737454
817761482
804777746
63791723
319537758
555160660
726870904
271293855
238296293
231896951
311386768
628481571
40673399
160204440
104132831
301310517
754007046
788548476
749503917
46524074
213965659
549798732
370717995
196517913
338532335
664723456
715979994
277139610
92513935
564251761
193681574
119752870
754321682
368110513
133417328
680230677
836440653
823691276
950219366
935493914
40285328
66648390
179469749
747786682
552602486
555619969
515619194
866940660
186017001
108231009
59330529
567504064
659885412
808717751
566704281
957730978
179306060
935370134
310511407
302307787
734662761
342239810
321012765
789428655
550493022
362256800
167980973
144868193
685663130
109403359
764069360
202069780
938956441
512583765
958138776
416540528
96608080
431287895
389426421
105234873
934478824
781992730
243518638
221211381
65414395
50838026
125165961
549730890
696817452
480609772
167314269
804443136
149561951
344605388
626763491
932882571
819142127
257301548
177405891
372716226
959332851
952520017
284421048
887602331
98145187
457086028
220634102
442670615
942114277
496705895
167882117
514386629
39619898
90869750
534210167
209424492
365247518
496346606
344200371
696126928
219952000
281972574
684486836
618136336
848498582
372521012
919526149
48744508
132939230
203767059
431897191
80561499
134263864
714784866
427103513
455403365
536202079
83994429
442888585
471932178
539107861
479795269
510508511
632540185
939000405
281880312
412393671
359291260
384360691
984591199
855711880
413248115
260570005
156075223
312766518
274765537
766799897
821318939
301146397
897069754
809260874
538881935
561741042
332376477
16520517
948541040
903664610
495205447
625062872
465810195
106771436
927314815
232752608
493977030
640574001
690461014
550290858
864166871
835184221
65380111
268878497
665571659
469231219
510593149
281749265
785080029
564514233
510898437
347842409
986970200
85276403
186742263
81766503
907407283
670881996
980828459
71211252
439512854
265658711
7482727
155956208
524183597
478197991
95444999
295322567
769514766
95818747
364913409
32241961
883244112
328938664
669265025
900899868
936886191
744183882
994798070
268653629
152252091
867665816
296445098
850677965
443921811
242482807
709996610
93884816
882798066
237744819
64741400
299267596
202053986
278148536
408863812
939224431
434433696
258287598
65096822
59671725
925634756
466207945
970170360
380815318
511193921
576999924
951800822
396064712
986762113
616531685
916494439
489933586
122063433
667364513
770700585
761448675
672786844
643347270
915271764
87756102
815778002
815469582
653729505
700307885
539535846
71222034
303390606
235161654
108498853
515839595
907708777
85815045
590839232
233215241
866821500
244918644
784059903
710483614
158083347
273219569
711387825
742279350
478580685
383836104
752771527
471956807
627907649
793900966
394603015
65049739
393379347
640910042
831639139
295598534
371950559
1475336
767308927
643956517
461007645
561337038
416186888
423133650
293878460
43597791
183896987
351702294
344809284
744347390
469406602
834868757
412440230
462798090
575672871
821348396
321420536
606084777
520975982
428004104
294173306
38658309
288853604
336749877
589289114
214010336
279548867
227186422
401394702
615877654
675478923
968348606
70083700
615559431
792797990
655035631
699376737
878407404
94967207
684510100
928640876
90782013
412312095
867598147
781805641
550648573
694903441
967443871
410790451
323202598
952939488
303247492
470872090
971010159
299724880
813159445
638867788
970779587
96448430
744671688
727746423
704210275
710362770
787687767
624359649
143918448
140058238
835704526
237901340
721772666
658355012
958247822
690956878
628714241
472808292
654589683
17514202
691310009
893235365
285491534
281778802
147158266
183380170
223643010
79742595
911379606
678586279
65580268
240017551
328549937
888398815
674358978
473969164
954786023
111852234
376499538
98448552
731996782
566336477
963755567
932257365
419872263
712036367
653726735
116414784
199616405
242936689
211705564
830036811
846150976
643034777
449323295
347116404
46491467
885917278
2666518
943954692
754792508
118884909
400136361
210977011
347523326
142319502
772304966
571968943
256437285
264606364
349018335
614640723
137067407
921900400
64013405
304639434
845025171
772003860
126315399
60424912
625793210
583527223
567816714
748529543
384812960
866718718
382099586
241846392
509041395
496912416
522566348
275011139
427050254
272309494
245267342
894019286
811780790
43837371
675837524
831570903
486531943
404598736
671859660
84331219
115035045
893353809
909665113
946067720
304685975
193731301
439299657
112111935
539837962
925230930
784432376
157894571
844257475
559431773
316616149
469120680
230357271
826107123
393217187
67478456
952858933
666205835
481677084
179520463
439907586
293474002
985917031
275300184
124645887
488283904
566212170
266115946
889665058
411254380
657156558
426709713
764824098
892613772
351452281
108009159
166989687
66754616
384331168
27459579
10098959
422369246
114185004
22202028
207583578
748984990
654815266
899442939
184791010
719227572
265630309
259318664
478422058
144232609
357451350
116568475
211904726
315217491
105381828
920238262
587773035
526304803
287263379
576994728
995596763
191486831
396252916
570227940
920330588
328956161
355170666
963907544
818939739
807062174
440271654
172254842
611251078
903262972
230172576
45671684
683910046
803640843
914453501
311874834
454456881
86389500
598171629
575775935
133929371
73513827
741795815
496767583
276818475
627709834
423415685
337051542
379773768
236045494
291702144
861846910
355382022
644145221
817976282
708119032
236525046
759007443
881431658
640354069
41793336
812891298
334697884
518243819
631076004
930023059
862603604
610214630
875868804
84636685
968308998
173174914
413972027
898398736
221711901
852043401
873239
340047366
846925336
769768108
498763683
289540596
818797765
53785949
247397408
861217631
74387216
316598017
850330506
866789862
534123690
87357040
44409496
859607006
149179358
552222926
582616383
721539858
