113696620
144521340
151576906
266847797
848264773
67816198
762112705
282736218
994973706
423908047
171994058
639527517
816876567
596989215
87706054
893114898
946833012
533129010
917977387
602728140
386368186
92259088
876297488
881698894
455406052
107304054
98729124
674096465
804363080
350632326
599222389
736306703
972559981
797602474
928444988
586029470
787366962
188126491
147295977
995969930
209048130
363663756
652116929
162496309
227822179
384285497
316896932
147559985
533637368
749369104
322830394
634657164
404142977
928536319
573131809
655025116
881057533
36353228
790523105
420397658
161565563
370670212
802137638
311430435
944013684
67617545
532255443
538291541
373445083
46188123
651526194
337599241
800675890
156320036
586908752
306488274
25326183
967855944
971929607
865928415
286556636
231741283
443054309
562696289
856744767
985870461
968631895
699679865
810002240
634608016
560985295
640279643
865779889
609253156
571345804
262215252
207867156
101709009
880277576
588729910
969811668
314670356
903549672
120635593
927167442
462568102
104441600
200711666
749126683
195054692
849746102
262016901
796508579
952305518
617004334
707361896
53696217
971368324
839775208
932113264
751258118
963250552
660087009
183122486
908495484
318871627
903594915
396755186
792107349
438096229
86611275
744430286
689992366
689596877
365190532
715135308
209408470
530717378
581122833
420800228
679776066
827883538
238003389
139900245
142543104
439942311
347924006
493189795
770501260
268652363
573906798
255627455
888992962
200253971
62524841
316613694
391522831
32639211
107850115
187755210
975429411
796816651
273562729
849908486
838133245
179822128
864232043
552921805
942184409
343404338
152551783
466297639
598641466
873845394
330250004
153787071
921660884
149575969
230200960
420526752
144162608
687124309
993215401
52185639
719474332
202122153
185103584
321351764
233807987
154189158
786298899
143596440
967602182
889901938
622083493
646411312
838185837
231863291
430107301
162943686
966904026
242850062
717090983
285494906
93381730
42837592
369147980
609994167
752433019
921201663
378644056
483057141
977472331
551174904
842101440
367556292
961806893
552138545
247834008
814451589
287808450
135786960
737451911
899417571
171302970
653513972
197615427
892676703
576776351
761323673
891654261
257024862
822725436
832555272
426221610
687606259
260565325
731137391
184799390
638029335
851200702
566614133
730652579
507174793
346465024
328987372
918316181
939948351
336342640
611179776
885097786
256193514
429160224
688986806
177550447
605762599
519364801
218053320
306840772
585565603
901450579
480168249
253028816
211509943
659195608
453664181
700304800
683652068
425426071
806850732
753609005
228277530
777825428
878223292
587400714
667287943
643644424
771489739
403084066
871763706
951052129
960289339
70146190
75045628
415634084
117686209
553080910
216194653
901722516
351916585
460443843
775481215
648598957
497866809
489492409
734240879
81594226
455225116
985375053
432841150
398231031
675582429
34356652
101284407
735596769
1714566
527017315
862671346
333297340
184713326
605240313
672657458
206075973
392703226
413990813
623131200
690297751
512321232
759776910
429880778
591198472
536358592
479237649
511355708
959860727
554895689
948149467
867919622
750040841
536066974
14213330
635031554
990060560
234087102
248462345
485537477
870482080
678867054
260885639
799630137
287177762
526410729
96400240
961611166
71534191
203952453
516170887
209789944
450137691
669543213
339617330
408784769
725419979
447696604
426068222
729936352
454063085
597514555
896921156
215161433
461870453
690317699
297622725
278558799
498474976
563416967
798939240
259971970
959686992
966855721
888140091
146440191
152865845
679517014
215801587
146861130
121238007
321502341
177189266
971793234
901682831
829529048
761217216
541752408
187409081
599373430
589091299
551637645
301828724
288040547
367631854
339821574
804623006
510550150
350586340
585303586
262533843
424726474
580548882
187162556
538659663
447852946
910151783
701279668
233193027
50487068
773168957
936791490
460292314
83851609
647967116
117061281
812005534
288499018
792156810
676524503
534378074
327779156
806456816
812583653
143060336
170292929
735625259
943690952
594469863
143108869
649433145
723914346
157673601
98929128
422438159
941803524
767667729
740785944
811288219
326133613
336572385
534297273
622957771
81173232
781580727
895881378
803416390
446589111
375249478
291561935
16174892
128629165
104843309
159954507
492688965
31713501
908241763
125355454
915458460
491502895
528931386
125422018
814485726
85999877
708936702
700069633
667267977
728327958
644028611
122829649
431517299
759775470
689635488
943997301
393826555
331735510
195596213
48584702
373966220
814362889
575016690
474476429
509074290
981625292
358253388
677940175
474019361
165710966
909722872
62181702
3302810
945302395
908381867
351123288
988452160
18962849
4247488
142379964
527827468
687152456
606529950
441814192
755260007
417937500
359160137
654446898
426030662
45707348
926100033
433611860
452707098
472635749
15692510
915673214
579530677
240701795
101677046
346991063
415165959
244463196
806602767
616624656
681764307
253296694
180938189
973698370
456114289
619621880
435010705
499516627
629946597
876623809
329557958
457200688
10977547
168357061
823656545
337377269
515824681
826510441
295819795
729816434
852515743
896891247
37771836
518327184
660324382
618537166
692710750
80016607
663517594
911651429
325868247
911001937
130631735
601770590
8483759
147619611
632924916
835793679
354631522
880672350
876396172
463796961
948455107
768711
37005515
821443222
912698786
192756452
437806412
211221805
853367318
267076541
514992693
156898141
454857535
933163098
84718274
599668725
555302724
198790204
466764422
755317810
121450839
771421616
629004718
544800787
958799885
641584158
126703168
459115058
899759675
944191132
661939154
297677926
182765506
347535742
421174143
212639066
288156604
162369257
261519597
287900597
561958481
53048792
831117695
100595898
753821967
411490198
561170486
147437526
761179049
137921528
164004579
51475524
74155207
440696050
95435606
495156026
4039573
906137647
234890256
301471689
850500139
12470633
889851954
246183594
390561371
975179712
648637606
261552096
726065044
534677561
76795294
90591673
526644644
735483537
656101468
864042759
36029280
642982494
995850863
811333479
366612121
387355073
345212739
694336028
267482341
203031049
62672184
532386706
728020059
936511213
623515693
820258572
514312634
546503184
845186115
445693680
381580311
189240791
111255610
91934529
373967248
409192108
125129403
617117390
945012081
24386426
544604971
305744522
987566944
242686157
960885944
749830546
857637511
210970599
701662465
34146079
969003959
483010204
483574425
908818597
265848690
395229630
969665899
413844060
355636493
220389815
790889291
453869551
947507636
590412040
496864686
268896627
975228576
682557807
14051611
578947472
267525923
815027118
560953459
613074442
612546433
162512498
889694390
946644420
144997947
554829153
531001637
850683456
70978208
581460462
74882655
356736418
969839021
417822676
147252127
715293427
57932299
504592253
304809375
515405802
145180801
843570635
881985445
185653931
488543763
640574167
432346010
270143082
945356069
873260618
473305572
736138394
958254656
121091800
690412873
776318209
987571423
238402815
537621344
626093976
872675956
501566827
616762324
328678307
777645681
681677967
207614332
55190113
757422528
254779428
627655618
569038897
275229309
222707269
21525667
589199990
33284238
59247443
681624262
216735519
289991076
588102189
280528781
833288167
335034861
113525342
915241456
735296747
640399840
400749430
248649484
252895766
134004546
473429990
878606038
5280202
224067636
695750117
350584349
343243381
297656554
468733799
598668215
798353700
155356430
458783302
100172573
253906514
511854971
677089062
87503164
175790506
900775740
693646061
236501850
25635044
889268731
64934750
175211914
88858995
301919350
702933926
768457210
857010067
267707068
848411777
863374010
804472524
396199936
144116130
526469773
99356926
163981898
6283636
269812012
237277496
231303952
33448184
678626813
929156464
927502428
546911461
996736662
316304618
728059228
950649417
555272589
801436900
579213683
493062852
316830093
996877050
620473200
935270985
920053470
242977781
574832779
338561574
289109047
670369909
900364604
809926571
249582095
363601413
359403494
783149758
798401861
622498480
893838418
710392743
285692233
416891513
390019085
718092059
807320662
597044510
898333827
217656109
219736304
112809082
875932319
589655715
964542413
588350177
850940691
505724993
912544189
88340724
277257099
50929286
822741064
805146447
138541047
631982075
850954671
499246480
661293913
687004059
612094123
466135296
222473021
902731694
605390289
552218801
838156940
528793206
484888914
681294957
673143761
46948535
324251721
321626273
811932186
843869393
451726841
637766594
476105877
514227936
36877774
179195980
325571078
287372426
144579139
506138418
187054290
712694572
400991961
2666572
289158405
916564932
849286027
673767435
583652977
564051658
971638185
229288449
851491051
954107828
160202734
495621140
618131122
841217317
262151248
35290030
264189777
639648874
418085042
150333325
50760784
645170474
585702572
679661071
216417666
836234252
524755272
87139847
128153627
796295873
302388771
568380042
158562482
218222047
924742447
84331082
446222738
348177416
710613893
767309692
303907200
470091173
305916429
36530452
950581262
930678043
789514216
940788879
569903534
977917018
985746349
535675595
678739781
179745498
385038188
662258788
91053084
465741181
725640355
568784255
357553765
68410643
667888112
98408009
948099031
100510899
54230895
191205212
341335093
811750179
510777609
750159648
956967045
574200892
659155671
561682262
388775526
706280835
320672640
353405695
59555029
65999847
44220234
780802726
333342611
655247337
125301014
591144556
736605556
488598798
99190007
87374466
623882878
259327673
91972073
832372734
983138835
521767678
272657852
122355111
752343038
604887931
825099592
46188727
273482920
857904890
997058899
410511433
224509556
558205035
581828850
926302656
954754730
73029990
817224686
121729900
773278942
802669550
89301959
627779542
651854011
448501616
508945692
420092903
673566373
877241286
220377710
575464136
868094189
803695637
802551609
386293160
539354772
19930299
830288926
229371657
212139182
360397737
534068048
100751950
165792675
440976085
213700790
244969936
219442160
930036939
451254128
199875960
225682887
279222268
539436776
875920145
544342526
45546767
556233041
732963865
549959456
276768463
135855227
212473933
646789210
995494185
763450752
914800360
938101714
353941694
945777894
952267340
271325042
436983167
550269449
14880008
890575811
867950971
33290597
500057059
754644041
585625270
257427664
356036205
400761923
868776829
113963870
238810449
454069362
600968322
420495448
806195277
716386843
590426406
834943977
830165420
677034360
630490289
961456393
880938406
492283178
283758051
771661294
833279403
559153624
171711880
46244138
455920988
730332547
723284317
374770397
399101153
355286736
369280195
800653835
594226048
184255691
580065683
382943525
574211710
899499157
805740728
553628759
27857960
28904133
819562185
269637275
885177287
767900116
294634920
622610840
924489505
983756029
937745085
116004722
90961823
996573321
309426941
628619348
518781810
882744830
343773864
361434985
39055124
322797177
843151174
63125889
125323277
759849942
124411638
171465460
164702838
376200667
622073462
761011532
765538731
585638240
414774052
43478675
959494185
527677401
765604107
96549273
344375659
803826674
443809399
36870135
344254046
525131298
59067476
737297834
475540175
57084765
813115796
554618047
565345437
996034926
538168927
30274217
493553833
481962810
738311684
798144887
288217325
704620549
197782376
932666165
396630594
265099131
234848646
390214708
986908614
75597513
987100306
880748549
502893076
771629283
185862556
198694403
670454360
756457980
484171304
98515147
31834467
947940388
165427128
359550398
677897697
22055
748255241
64087236
289145379
200434005
266928037
673068983
997211709
295059231
882453736
160200375
740045801
557613223
726027913
228561798
246167474
192764917
660898279
264256244
835516776
706182493
702240648
980054574
502649461
69118038
621412781
359654039
955415783
467968117
614816505
766030469
934970006
409003186
144742618
109339733
695129938
263876446
484717903
716688587
956024345
484516889
930678350
976909285
144898821
704402341
496564761
379507973
767137380
649883193
2506418
580162761
82835607
440379366
464845110
882590523
424815212
315526974
122677403
844362912
630518936
280173832
647678292
954619226
531066695
161946032
27237401
572185933
909076183
598467669
106066577
316308290
340085877
833714983
889671087
290899635
411442122
481390273
447651933
801278734
75608399
526097896
123759243
401939285
561046572
54351797
821041349
228284114
120538613
952117563
56444713
702234921
268832903
870128373
894154757
602519284
913744924
437675781
536164704
469644014
529977606
399768639
922326501
74437246
992675730
42124245
241017959
674182567
501116807
531690625
627071567
382325038
91700713
264822844
158474683
706277282
522469396
499253223
841916543
688991153
769792011
441960159
171318742
636043142
621146513
932593864
740665413
366725436
242725231
290115483
95181260
511726563
447311226
612131856
819794736
514061627
757027039
402208334
207604534
242022934
538978568
449917570
781112774
338137197
770833282
133501314
867724227
871700199
562261277
925519022
115284765
91797094
657565083
316228018
641142335
458828862
635729308
613804380
705041997
55312442
413596681
620632624
907039335
774479625
247466292
183821149
47771333
335221037
339646504
956474959
353810299
913883426
962401498
438804162
382093242
463859506
62799328
50619042
979053611
143536201
265779534
613346514
587576183
721373248
317227023
659303680
138980317
699326984
883587500
136438058
717596850
378478309
378990617
274304463
281332648
981303708
161696597
43331880
610215519
522209251
732742926
901949140
438149353
739491481
106399946
395685864
834925581
245472990
607660762
391184329
380850153
892889931
537652811
938606242
837025058
348540364
7041103
242798425
295233526
573787981
402609467
452092068
864074187
275071144
86637532
987513246
40572354
758815392
90288740
565328816
174695807
837218960
403811327
801921804
543790265
184308820
595032517
996700055
473891716
774636400
823486832
590566665
782068471
174650746
708147660
177096600
874177548
782915079
158915220
665693287
489923121
514668037
714922207
405614278
970721419
285844441
997662979
908821783
418103348
568538862
591260660
56134710
111670541
556142202
751104388
17051959
94686388
456102368
136616669
357147895
330030687
126523035
358049392
308050081
319389643
934502178
434359525
278183081
534439920
615595662
742132579
576904753
397659137
39706034
71496405
381534776
130793030
776130737
419712305
625127945
669007623
187555895
975999063
205691133
729893942
934833708
453643615
124860302
804365520
801814979
820663799
147034128
237484683
738257086
767542525
185529483
908978112
809329823
690249783
544240335
192096262
374349830
487273359
447622344
270809608
640127592
276644276
181575539
864099183
17569221
855417094
818548682
113533980
12808742
132462504
133146699
627817970
8150301
2837347
478202749
358712890
467455220
891418867
604838476
956643113
743320847
343540339
442308810
328547470
908580376
822686898
311973185
947159451
333167428
782646709
76529475
394389171
780480269
76461330
304583673
353313767
87455050
343951141
986919026
182130924
782072641
137010411
566913051
735759786
146981171
184958609
932317927
819336714
124480758
921158973
913694149
728916408
974604777
239561868
187625950
858183770
665479597
44191433
278657029
48914285
138957351
44696447
330511042
840388453
61535662
123598404
873138796
560169420
190297151
843663894
810845795
102757463
453213867
656231384
372428762
868620108
748751150
887400121
217043305
575661135
810055318
574313019
64637624
692754360
460151308
173529733
668232438
846047103
649613202
127161508
483705452
932700635
538616608
64724483
390709583
329457053
969617494
404318865
429867688
906969642
12645749
216982135
882782917
371145651
1621173
906311319
503373052
869226343
736441330
615702298
239639856
318792027
313040876
980595785
190548144
442533299
944024125
444528934
605771217
545296065
821152638
397841907
616989554
378695917
553271779
180180261
100280510
719015049
24883721
832976295
948662382
127936559
623088126
252089775
32164921
440996438
575526055
773330475
968208258
505361933
887797484
94154422
720261267
760387344
515225142
473068237
901745041
460867686
514965821
667018563
364813525
648161070
242478787
702896180
453648084
597585741
948283766
975815706
196227578
769888494
446170712
36808453
207276481
235863777
719946868
290811068
179503297
242313266
123735421
79749106
258867639
911492812
172908562
344667383
771228600
58347692
910440696
564009898
10119832
154944543
161041971
542504340
668231135
329106129
868441563
370422188
60787753
952767091
50178056
493287485
602111678
279924398
117994699
397237415
7917427
909827355
453384235
10852047
171568688
284230483
332767857
215586805
579258892
665832735
674657025
649214547
73643384
565739459
707134762
598200994
385360809
229724425
379427682
611855587
428146896
331246130
892892924
139616093
974849605
46452833
160414561
957628644
457881080
531176746
561051824
441893709
316965448
971191420
937915716
510099284
203820387
298090780
150851344
410869407
931424869
344505494
576364357
665314318
472611415
857143921
447810608
369827658
654243001
865582328
931372726
742950284
176201193
977229370
159259422
776333379
642329371
821249044
874138196
230732624
969022059
279919397
136158664
9619755
551988699
336166193
750015737
322632353
39937755
434858833
937522655
392773217
220090623
575385779
954826069
823084553
159355930
852818832
498802735
709089380
377176103
776569249
586172210
20108003
891917277
401013441
457330238
967350720
3681471
652152151
731788841
986313922
158040217
326279201
180097928
650619279
612961519
957647961
932740455
712109870
628287058
680048934
193624350
252770570
59679715
944288510
312914280
448660432
412596195
977882775
916215918
134052184
542532808
753055527
290906655
678528469
285602031
325258066
558713196
257069286
283853795
378616391
958864829
842936135
418692849
359179986
115394997
693966463
218428771
143544467
750480573
291021376
354918254
639702051
253223518
984060416
504101826
911931859
562053114
117983357
481647011
493838778
848802192
567312818
539804961
730450592
845274232
662085368
337246870
648979224
232961736
968009999
432326278
624884447
60957191
707024432
661063655
241658942
725284205
454689451
860094733
405065091
351994803
306435486
767957810
571040826
37911817
133691853
672908070
622423478
881144210
977411510
253450345
537659890
275094486
637197001
622633291
853336804
397056092
47351929
176829917
823792729
116472623
271270696
629038200
778183014
563581571
136473913
868082275
891890610
502795755
688432653
669271480
944890208
237079647
471969112
524121301
209271601
539034612
686269499
367436303
474181159
800795349
552411516
539061206
442960236
619011556
562189239
346446087
520468765
835727706
356955469
642598226
749161191
689631670
534205855
980652262
175759176
370193694
349372413
322094609
129085422
753036162
855853010
419944795
563011114
555191617
668043172
847158316
695031691
378346046
676417829
302089621
925962315
883981011
828152269
495101136
984316508
222137913
589285422
49103399
600150196
907015862
126775334
415224826
804653421
936347724
969538143
57872031
138896047
633262910
451310129
597959318
339883072
663338266
309660293
622852496
806944367
44500727
209448670
483132867
429533430
673812046
461689096
753351975
270461701
338525131
514648799
38751900
49961143
479682101
1921304
991227077
770865402
496184467
26374153
759750295
260194543
242878453
28137754
736645453
370979455
285760207
206682233
350068738
456761422
196549161
73919832
92616686
847121139
410396218
254977287
828127244
459890983
561479161
960829345
776560167
336734252
60963941
503489905
207832489
921435587
734671707
979818485
17743297
620358986
552447977
742034026
991204603
411895268
282128868
648853570
722597685
587754160
842432261
82758743
266825525
399792242
703257183
506467252
984825215
760712361
257785292
927029646
314816495
753874127
919211752
402366286
177216446
560609879
543329629
31198634
663535471
575799448
358806352
245430446
546962105
48697948
700758900
621951818
375712808
101683835
478117692
400048904
370967088
837179249
211203783
901057541
771049558
143901017
716372292
798824191
289767131
57425346
136681233
207851807
656433056
109814692
574880600
127985
330577262
649571435
609576224
348108648
341856352
459229358
273116745
134401503
396085990
72156347
367343592
792634259
219734201
492501850
781967653
122504890
458938869
335881096
264324319
106621590
271829139
580873745
112108671
328087248
417475201
252652423
109711151
860705020
931723188
613919836
59646847
841762330
45900220
516513597
658831787
893388994
811457136
399113467
566300075
391571343
144319331
283621961
501641516
605548187
286102723
830696118
934024714
27593675
71374627
514364879
179662706
558042960
228406512
806831952
711384023
733912010
366259493
171064894
623506679
209796329
681177137
888717121
634212038
340169462
191345045
661398120
272575925
617594341
458710036
301926859
220992797
806232573
201925061
709204333
975628845
731410571
574669158
649046013
946435984
106510170
291967078
421894077
266069437
745669553
248190902
155823211
808594798
939666185
579885734
51477145
308585178
684773657
543202130
311358410
831267452
262267956
511905492
37829124
382681551
636079088
684260206
81219753
820283154
350829369
62065105
821466535
923273240
176673556
804101092
252703406
541441899
376778575
413835972
350212870
296963139
576535864
123086041
139517157
539675871
860951383
801748424
785460762
823123536
274896732
944140191
337514306
857073597
935119807
992675011
969270046
879219980
896102604
327420052
665508885
502860515
632055204
79985301
271718313
569496029
46646851
12266645
957895429
744850298
362145670
624251425
905541016
614938257
960420746
830562311
946391315
161143877
142332796
800223148
729278936
186451775
990540548
646026396
766019038
486930742
279953779
282603137
316782137
363382375
922340728
179340379
140628115
430966355
910928322
278493426
453048874
54148117
837009479
233352744
517546392
939550006
609668036
848458870
961189393
661347746
209703398
56757330
504057216
953981230
65121930
942518294
976216274
278179710
9199345
480867978
948447509
220318710
312068443
407015737
927237720
40954394
422261411
634334282
716029085
632265069
269756776
770929010
139690420
929576074
826784180
976956036
764959238
91543541
582659004
337612146
989630712
228154755
744169494
763801484
30205539
217332250
70971890
65386171
112901567
499453746
175172922
128172742
72035631
692725914
449364187
941043581
171912948
273485654
548527808
517428752
76496976
866816997
331129050
793221805
33340767
90222261
591884327
395907342
510486951
79507768
627781895
272026621
571179394
84568096
417963358
820002530
611186305
986979234
618865488
936446021
593556947
260013926
319100854
85281667
412630546
204636909
872136612
723713574
809442710
328522807
936304917
104257161
80761295
112297442
71740686
877031212
731162123
365726350
371827537
133962840
341895801
14551226
277491034
987714100
261915528
493973685
591918054
996678378
817663033
14855629
577594608
13462050
343438349
929558320
845033876
56421280
38973254
510955252
413788095
704084232
128168273
43086560
310638349
577027328
92907077
775317319
895348159
883697690
324583003
174238829
8115004
678495692
88756294
413608691
530643020
795009796
616009227
489707573
933313497
582986790
168348192
389204404
118750079
259567951
39888345
698070606
250054871
78882186
25366345
363863207
615738853
918756238
674807617
714628299
613438149
272826381
656033621
460368283
568043558
230633019
115163054
140997863
860998661
436491273
851231671
963794851
432869957
672870863
746820177
355168678
973879941
545001342
738874542
111727335
602308031
785284604
295443342
642471949
751313718
644237358
66402864
931292673
352718656
575569307
221915915
925707845
815010051
347199816
477424027
724136967
667778416
274251658
75143954
452826325
493986967
447391547
929063974
747915551
252293579
919023140
717123124
897319734
605345956
160322497
785008105
652981852
126575152
417258005
466326737
240252989
891205131
314726332
656806569
237571056
221860962
623585311
121275859
295443474
693018308
165557159
218305204
377335459
157734733
760310498
84012144
541467436
937757938
199240101
24882179
367078030
300134730
547849653
243070728
18939570
543568731
990972081
474063250
949279504
778401214
459631485
529111691
798528983
909227867
212217828
621842255
742511725
196265779
930751950
964017839
744652400
623234034
995012173
876269866
561938481
676988678
509169962
259789936
328011193
557417338
202652940
730450115
637594730
185699074
846834541
353902709
74709876
873131915
202226505
362890320
604868945
422835300
989658257
942685806
62194212
630903541
225820939
422472304
970566980
742176477
313154863
846269019
563534441
989844026
413957464
188927070
6101753
527861486
278741714
690598209
92370908
945261233
766296936
977112719
599509651
616920279
54193163
935770074
404678736
997065152
941171360
355095070
128934815
957620626
863965298
979086642
486286093
424546908
762358306
376124721
704165935
83883502
528019050
867890937
458672546
160245180
949091549
800042350
950678370
655835099
925400640
913273285
379175236
567377863
345924468
212185385
682474287
684685741
346125204
913277068
836882661
150596893
701720343
629375276
53038807
577487999
377478015
302936031
573296661
194787474
184436237
810938955
16530594
574858040
877807521
366939902
615703264
429576982
648720008
722026376
731706365
715240325
188950478
711031774
200756793
658869654
285141878
526988944
309656896
342666577
728789798
749459956
494761933
127652229
450253657
932883322
142626639
692397648
902892196
550760220
782092938
81978409
128024707
9978650
158793042
858870409
390128486
350534824
836788323
764083711
382004180
957541373
799151149
245664307
4339734
454548615
926653782
656363105
389561512
463792703
675790973
911680217
677723814
763625811
812247676
442375379
105131600
247446151
962172023
535624526
62382585
525331210
778124149
270205559
399426068
353417502
100964537
116412171
309798808
410814055
965471582
765817459
500197070
481811081
941217595
468028414
180870924
107752811
362243230
317444447
776097039
424267989
575684452
681452208
794507738
191095180
499626263
1153456
506328122
135634652
62077019
387366522
288572033
403027458
550923862
302008016
54978690
759747505
724329347
214128498
462518997
863652442
761003292
559327874
12068396
919978718
648777852
191281273
151573635
356849214
893030007
66938716
202295876
464861213
222095766
226426746
453100068
673964778
94890615
56257596
905611656
184685552
993487098
605281249
478877298
660566285
31842582
854927976
667236607
933777046
494737369
326991111
606146653
661663259
215794730
719669345
424753934
738612576
683191224
409001490
68842523
664200953
67695222
757653905
644490092
194799871
534204658
432802948
625141941
514753192
203660793
101206516
292084238
776331483
884148351
652853492
802933032
556040589
280624486
909787179
863764379
774061754
250307265
671432712
110092980
987297961
135328800
321054426
745659848
899615375
453960127
383646655
955470157
400811199
170002276
602430878
917082044
875955231
235839541
369249668
536745753
772778813
170159033
905014771
31459277
714858223
611346433
580936112
543642234
126411157
741570245
772857902
28049693
315384443
320842245
199593409
791329669
132499956
721209356
910835646
380820096
401065581
608079170
205590580
304176020
793638285
816768223
433419276
617948161
950367434
800100257
269900090
637049753
702052687
673119600
595188847
181122752
917685391
11395380
932613122
100562259
925062641
757446460
722592440
268822458
561604395
246913494
166302417
625593126
435153389
236805566
343563833
880121924
275766370
159936629
130648747
663578407
827838418
314402834
880973872
157585066
92269139
122738273
846453982
411552001
211336806
506926907
174964932
819226498
10301833
392103653
277231136
434168394
575343663
478996182
470932554
269990609
115949753
376655441
56634119
353204760
609255101
13891805
664383410
387237959
86682901
121199512
623576829
683214198
420470637
132548972
654227228
275302258
166951565
412869697
789420033
524770974
587998933
726689341
243041403
722380909
990581410
884588293
310628436
524939772
510785520
961179897
309051882
227024939
379414556
944438531
23499740
66745049
324085593
79110785
767037401
267342518
800045738
408124952
117066697
692785954
755458532
840842309
183173608
546057822
598659164
325289811
584545087
109268992
558660263
679791147
486392588
657756683
483971192
43438870
970999248
839590691
203772274
424110080
38717771
388542664
6309537
913988468
856191756
577849887
305416570
666836832
510954195
635439491
672666420
951784634
188094513
991317879
353313810
817749591
495038155
46927775
395792521
91553136
885158302
251690139
539571359
13520306
844450625
528864242
320836749
403744365
198731375
154547359
652935886
268130580
460406457
83653801
994445102
309781719
990961440
173443391
519508062
864911004
344083287
226107968
897497139
784102921
632860812
798910881
129009287
162999370
131360075
805937178
979059158
378345783
645734798
427331331
473398277
672442569
633563242
298106224
32463644
718463614
819093294
827057569
15766391
150868746
856422858
772993018
403592214
165897531
761257476
743432629
293076875
374200915
301447242
71076459
99165680
220673409
64865079
643025721
36189107
534689032
84420072
630005787
372509810
738001273
752122119
417988756
91012817
246025255
107927138
833915172
214666805
956760088
755280342
842650957
496474969
432790916
194495228
646305761
626038610
678337825
567320099
632157252
504830486
873861631
264731476
184972979
518739811
749637836
875557646
420544182
587667685
980997147
904480409
777972317
758665855
437512134
830048905
492919879
829829815
995725625
874237556
394641170
932879596
107486659
52959419
640794052
790318884
38197249
818697242
518217119
347694305
418845237
54180600
735620242
951574077
948160131
688021183
377808492
163077959
383168197
356935825
180310534
768211469
299316150
76209309
277919505
980184377
386037104
954292805
220106741
369965170
97355816
130761023
408671910
906047434
367339060
733932895
250687372
361768298
292990633
497666658
635966563
9167686
970647435
532239729
541112963
550924053
349433333
624784943
180837624
541966454
216573558
468362369
886723122
112533684
571153424
751124995
708507924
681203226
741122164
166221456
974835169
274030299
458909132
980357923
613213506
655630979
234456215
388772655
616452800
755044894
460771193
17807066
911782999
453314754
586161676
342524098
98732611
418618375
668407363
800189421
150462057
318961605
57253849
412045464
233093989
447701663
685995870
373070519
818788746
147951444
472941489
830470574
35042129
229116723
10105049
440853402
179877113
61791138
553967016
355689566
375068550
170435827
487428526
459596793
672569521
396192855
879745188
150817415
449652993
931831347
423285835
919387649
157645379
886821779
355795052
841045250
800840375
711934383
855101489
632731410
502196119
884072737
875189543
557628766
28433523
369328721
796268210
806336322
402442964
944330059
641618349
740945600
395158860
927069852
560995672
28481743
510537748
142592700
937797495
822069681
39213751
815673282
709522125
461666483
579362712
260468807
415759290
882245492
593385007
631502222
443183212
857325435
318563877
209456108
21347756
291008809
472457344
84693376
369192736
897406892
135598811
349558830
772689412
612928127
944256529
936289983
391888304
585179403
882851855
745859979
956276846
927551634
619563399
502512398
508522301
541105524
918902450
474232041
968670043
128720022
580224181
310163862
474781642
156511682
755762804
496557430
527630700
918124543
267767610
232864430
42484197
989384663
15470020
407252411
939755836
132075144
541046622
457315172
208283650
399072490
797902822
783940127
248900828
840048024
7295402
476849503
147883135
527468212
978989089
775382223
98581063
429416581
469782888
594903092
578631330
559325628
713017201
243604010
59624170
931861374
669159856
471508088
353612328
540214612
574307099
295644489
119194188
619157959
750018851
413595375
332096723
410312970
21739208
689580949
833395230
970651927
476616126
409125086
923280136
831894848
876810613
349896146
795294035
269905036
585882629
296155606
539899076
63061938
48470143
397276702
334676156
888268402
229597026
952666639
263408934
405886748
634363198
114704014
906743494
299195721
676033898
28746815
172127848
157019451
480717968
690964998
380116284
575453271
444194540
818726947
342131796
498898373
960987117
266913301
909485244
805116272
542416560
719722538
534077619
474122188
928326745
18125352
708166711
726072480
468588629
385872586
582276748
374193599
32765012
132286593
904437940
680399601
179110670
96007628
587230161
487832232
227391582
963202487
736827584
252439509
321649535
379467508
115059266
501223866
879842459
346343982
93555642
735996927
659109304
681390555
856887375
634814274
363244298
408233268
675472748
696363635
401826843
