818
790
17
248
965
44
827
143
46
202
3
82
7
79
1064
485
293
274
893
1208
630
48
198
628
284
156
512
41
732
282
1392
348
268
1
17
25
1183
371
607
283
616
1358
780
146
621
355
293
155
53
32
689
138
700
363
994
242
201
277
132
973
18
44
743
311
210
115
328
441
271
582
839
267
318
103
585
976
52
433
339
723
780
1444
494
341
138
3
216
721
1197
132
195
34
106
67
217
77
64
323
163
149
91
332
293
694
347
735
491
685
25
191
21
955
1151
745
10
504
31
259
117
452
16
242
376
411
951
155
177
1150
84
715
763
658
15
76
662
278
81
797
539
373
41
299
109
300
216
600
410
358
16
478
479
701
391
772
286
272
480
45
775
23
299
526
139
703
419
188
629
73
561
104
92
231
172
224
185
414
306
54
57
430
174
630
348
678
233
72
414
688
18
300
174
94
116
744
128
151
605
62
50
178
876
163
192
191
230
108
32
7
585
279
139
394
22
971
1
401
652
43
662
191
150
670
891
301
419
411
676
872
923
0
134
267
964
811
182
603
13
681
480
571
294
8
226
223
968
11
141
71
16
250
549
193
540
1013
296
996
117
548
466
797
440
93
327
257
472
370
143
348
115
104
91
200
526
119
348
679
865
437
12
11
903
1418
44
292
262
478
615
24
89
3
620
651
286
661
146
191
180
224
103
231
176
1166
531
101
44
36
73
0
571
65
542
791
665
7
330
330
1108
1468
49
414
253
968
174
208
402
720
32
117
113
588
139
232
20
43
120
1010
179
217
260
36
26
85
4
468
92
718
109
175
545
1012
328
142
660
3
268
504
90
650
418
1
79
22
393
1052
247
51
1130
43
338
5
1059
328
572
407
13
30
1001
435
562
24
929
10
410
791
397
0
352
201
282
937
652
7
356
654
13
154
99
288
201
813
617
284
448
226
245
78
37
20
25
207
218
248
42
433
657
5
367
67
676
42
162
8
137
197
375
98
7
78
11
522
426
252
4
1124
78
59
87
75
98
213
383
15
1267
398
67
657
747
833
523
320
579
483
109
429
993
110
14
181
675
405
32
155
1291
241
410
193
122
812
1233
35
129
296
358
109
157
16
121
1156
309
539
138
77
5
18
283
86
77
201
278
867
361
422
61
20
937
138
735
744
15
772
148
91
109
184
650
554
68
195
116
278
981
123
353
549
0
126
193
216
95
244
92
419
732
144
297
209
345
99
2
214
529
303
328
569
165
107
78
886
151
337
51
109
84
172
222
524
1248
245
1122
95
1070
209
48
358
779
184
198
82
11
1
766
687
52
44
157
783
196
237
332
260
580
171
156
19
477
77
2
259
631
163
11
360
115
61
813
874
83
790
753
20
710
129
390
102
38
28
33
136
195
1009
141
42
68
592
84
810
186
117
235
35
97
760
355
589
544
1141
10
1078
1282
295
208
152
478
738
52
226
935
6
138
21
797
666
50
537
22
183
411
421
1279
9
247
510
296
199
9
102
233
97
250
583
1031
4
1176
273
1053
507
571
633
896
49
242
188
901
257
302
136
163
446
13
325
515
251
371
46
70
61
95
46
327
496
89
6
377
456
22
200
843
17
1365
150
717
106
482
664
279
54
626
798
0
168
706
62
223
123
65
255
294
301
502
1344
638
1
20
226
654
470
634
103
562
52
841
126
432
558
111
950
691
84
13
843
156
490
454
936
2
29
80
905
133
280
289
930
466
473
10
802
582
125
100
40
492
136
653
1105
464
157
622
1230
129
20
898
1131
0
1149
708
26
424
264
93
676
800
490
468
79
264
38
355
1
239
281
182
320
7
299
13
59
73
195
42
920
802
786
701
137
17
986
579
730
248
319
499
365
183
25
59
873
123
40
209
561
781
989
430
95
2
241
239
69
168
970
369
691
812
277
730
19
628
3
142
123
534
24
535
318
1202
238
1461
289
228
416
539
1090
1269
1129
342
865
515
573
378
281
127
499
23
57
667
136
578
65
354
61
132
1086
14
51
99
362
24
543
919
263
1064
450
10
42
26
32
468
246
189
29
77
247
20
120
467
222
421
77
150
869
1201
118
71
85
665
29
845
811
6
8
81
145
384
816
264
300
28
7
202
253
124
133
848
823
526
244
297
284
726
889
671
162
227
20
25
135
752
686
194
311
743
195
718
258
550
519
81
114
146
180
170
314
54
94
155
365
656
30
363
377
155
345
613
86
83
101
705
125
418
65
8
284
161
107
12
46
72
55
1072
640
438
146
456
226
121
525
198
812
227
247
557
720
560
620
6
75
754
1
597
272
352
75
438
182
204
340
649
363
217
668
891
553
99
117
832
62
409
296
431
44
214
57
230
370
684
47
422
333
435
107
282
404
211
674
22
588
976
246
897
183
893
241
487
235
90
984
287
490
877
51
64
1341
319
74
8
800
777
487
54
102
454
449
2
612
782
471
669
36
1133
902
507
254
384
278
276
19
152
271
21
669
260
379
253
112
442
753
129
629
469
923
63
4
904
24
288
6
1402
312
475
56
219
152
553
111
123
1348
296
258
72
418
128
482
333
0
891
3
71
9
79
590
605
54
44
1193
232
382
111
257
9
128
558
29
420
1393
13
126
334
312
970
974
957
5
135
299
76
1091
221
459
291
669
10
801
117
23
324
115
54
628
375
509
937
6
931
182
900
216
17
80
131
718
500
671
166
488
384
208
199
174
206
474
68
674
583
614
352
109
1089
283
14
462
470
740
10
1328
702
366
796
277
13
235
151
526
155
216
40
38
565
556
72
93
575
760
711
166
438
10
72
923
819
798
102
11
178
88
403
135
759
380
241
268
933
1355
464
179
1033
119
71
122
571
556
1066
234
9
391
310
504
233
402
51
810
550
524
352
514
73
943
712
129
1019
1292
1344
194
139
132
388
5
3
499
65
1392
325
117
151
453
1256
98
804
156
26
62
198
335
493
330
124
995
676
734
30
356
576
305
347
357
904
908
551
143
1389
137
493
819
104
598
614
667
567
426
177
208
668
25
725
5
10
198
52
68
19
1086
132
605
161
345
630
364
428
457
280
47
140
886
315
713
360
360
43
22
177
30
47
278
201
515
85
697
20
0
64
79
118
34
377
372
60
162
556
52
183
32
154
89
272
586
762
15
423
127
813
398
300
655
309
98
273
144
964
292
2
600
676
14
536
152
491
851
895
24
255
1402
128
308
918
167
8
193
1013
221
276
366
455
238
66
23
795
318
82
1308
24
62
397
501
10
70
336
74
263
260
221
675
348
387
389
328
192
188
947
363
14
946
58
35
97
258
412
2
323
491
314
270
63
153
119
160
139
29
445
1146
404
104
75
55
357
3
357
5
900
732
419
359
843
30
113
112
34
489
14
1176
957
288
246
138
565
1002
96
204
468
136
173
124
2
38
162
17
40
967
640
34
394
2
489
154
7
848
14
1
30
16
182
566
319
348
367
1040
204
154
373
239
32
42
54
583
526
585
693
182
826
258
736
389
771
1217
65
190
820
157
736
18
4
187
818
215
757
670
395
99
5
0
89
120
195
27
73
23
482
36
526
466
402
682
368
842
265
116
24
656
464
583
969
415
118
86
1068
997
825
176
996
403
97
52
1151
912
1164
856
429
2
239
926
60
48
261
523
309
96
22
308
331
190
629
1082
193
227
307
781
364
66
529
189
562
93
540
111
454
364
245
741
2
12
304
641
67
431
1045
847
1114
1000
424
789
139
569
88
258
931
109
341
31
20
177
26
62
422
88
155
189
471
27
548
420
899
210
175
255
301
245
35
628
15
589
1366
127
43
310
283
743
38
264
44
432
1042
120
335
169
414
197
584
254
795
286
568
66
10
412
151
1025
872
303
439
165
747
116
654
39
415
786
469
410
129
21
139
141
221
500
467
273
1426
17
928
261
198
1343
135
768
28
323
1397
1285
215
17
795
775
34
42
1160
82
434
76
146
631
6
196
213
324
496
233
978
438
198
320
326
21
311
48
34
454
116
837
694
781
1262
750
291
45
442
30
121
847
597
886
408
117
5
36
387
42
153
292
577
747
692
343
28
1093
376
128
61
52
324
173
103
786
15
653
16
339
915
114
755
790
631
721
138
139
1266
240
39
20
171
521
25
888
947
89
270
23
1290
171
83
44
900
544
354
232
865
692
1218
1113
322
110
42
20
143
158
210
541
216
62
461
1103
48
428
590
942
1238
79
812
767
1121
95
320
687
1344
478
18
1085
341
15
131
857
165
571
431
1245
134
1059
523
897
145
113
1284
852
133
439
8
818
1451
493
1037
435
68
558
49
877
53
391
179
326
875
914
168
81
178
344
585
156
2
43
50
300
199
356
248
1285
1
93
238
351
48
230
30
118
861
154
103
202
111
174
231
122
931
542
565
885
1172
271
65
106
1468
450
42
3
115
2
12
29
10
469
293
285
625
730
1201
806
1154
38
137
136
199
405
140
311
198
25
1075
146
266
157
145
4
85
108
266
153
4
1088
496
397
242
604
198
270
252
689
720
68
359
422
103
101
42
140
353
502
111
688
280
23
166
17
758
724
343
72
252
919
579
314
309
235
272
851
151
139
20
173
314
99
1347
27
708
783
121
713
256
19
206
226
195
106
1022
554
283
170
643
99
171
785
1165
69
255
51
207
414
1123
6
189
163
808
84
378
524
495
111
956
460
65
15
604
724
114
1317
259
123
32
382
139
472
25
147
35
242
753
150
196
250
412
106
504
238
34
104
502
2
805
105
23
887
364
345
34
78
139
464
11
325
457
1
669
213
408
471
941
9
62
912
88
3
324
179
643
435
362
217
12
113
942
320
1169
1067
329
110
49
187
15
58
258
710
28
1203
185
135
401
470
537
428
992
162
423
3
6
734
17
852
269
11
204
193
78
108
631
70
37
80
1137
3
43
51
827
329
52
115
32
424
260
629
44
318
679
363
333
97
202
1150
229
41
138
806
609
12
921
817
655
774
0
272
448
96
871
425
357
336
55
123
200
147
129
1
579
334
54
138
107
1124
253
492
718
220
105
127
16
661
901
57
302
584
250
670
139
417
589
845
328
4
37
149
537
534
476
8
592
1292
369
962
898
1224
201
249
601
1317
1329
167
319
338
287
40
362
820
401
32
116
75
342
781
128
260
247
84
303
342
1128
79
10
213
48
57
220
796
16
1000
69
16
892
90
103
60
737
496
23
1115
163
252
20
473
825
591
16
521
257
47
961
1469
85
1078
308
375
513
378
266
572
108
454
364
2
329
920
96
315
347
24
25
303
39
482
443
198
4
46
1191
474
928
235
874
269
229
12
129
156
105
16
850
397
340
17
1135
600
115
95
469
836
71
256
385
695
41
360
922
116
91
16
531
331
169
47
887
1222
3
86
235
6
108
163
79
254
432
168
989
702
11
471
64
186
1023
995
390
734
509
268
190
1270
30
337
32
108
469
87
272
380
843
25
32
130
1125
26
305
804
1252
485
453
358
406
1077
4
8
8
452
50
183
552
136
9
998
79
488
2
71
575
293
532
536
98
159
811
124
199
70
79
843
400
378
200
171
249
90
532
514
315
2
236
7
266
706
362
265
187
66
455
411
243
508
559
1017
731
1047
1215
3
47
147
160
1081
169
63
949
20
831
148
238
312
155
86
606
303
979
105
1225
60
979
593
497
667
389
768
784
97
130
62
428
579
12
242
103
644
479
526
826
1244
731
157
372
615
534
377
309
561
210
125
3
215
443
431
1133
757
80
85
66
153
21
157
81
238
858
374
113
15
107
117
848
47
20
947
6
194
415
397
422
881
151
402
34
144
306
162
2
69
5
746
738
452
214
770
10
875
424
294
18
956
615
92
861
537
890
887
146
306
1163
93
149
769
183
5
152
476
747
44
781
611
16
140
99
4
28
208
25
730
44
138
258
5
1415
230
568
3
420
349
699
15
1046
132
22
298
51
704
219
282
34
1336
157
50
503
95
738
579
40
1230
26
922
195
1168
88
170
15
3
128
658
750
71
1342
1050
183
616
467
99
170
702
95
1408
37
550
112
548
958
273
261
521
706
1085
700
415
408
154
417
635
718
778
188
168
513
7
92
248
29
23
175
804
532
148
554
77
819
252
963
1279
46
48
54
260
697
631
13
652
130
63
245
291
642
112
673
20
589
231
42
399
295
40
197
426
215
250
130
89
5
181
43
236
92
1028
697
116
128
228
572
238
113
388
557
125
304
17
265
87
59
754
700
88
874
159
825
354
314
1544
28
151
566
567
844
283
259
27
84
214
419
502
107
218
20
743
231
550
378
139
364
285
402
448
1064
951
1131
116
139
175
43
14
85
898
938
945
105
251
529
769
9
491
315
1087
145
118
443
185
151
264
12
39
72
152
324
372
1101
657
929
51
26
35
51
562
288
3
308
512
986
155
431
70
1
367
219
183
51
698
537
30
27
283
13
761
12
35
55
32
472
330
74
139
239
94
577
149
76
327
301
389
542
625
1154
84
300
14
63
150
22
3
425
261
1285
9
419
1433
178
30
8
72
716
92
18
52
3
293
541
249
1042
797
337
931
20
49
57
51
30
48
176
112
596
32
1097
177
949
415
367
20
5
222
546
264
53
625
83
39
72
242
795
189
813
37
933
118
691
422
397
4
13
12
721
55
1031
134
316
123
33
74
342
33
811
486
62
37
424
98
693
849
312
845
454
659
132
11
6
651
379
639
236
92
404
570
849
438
3
28
942
31
37
631
464
100
729
573
160
560
257
844
49
3
713
18
616
91
169
1060
117
790
323
1312
1198
747
43
25
0
19
456
230
209
378
26
1086
253
168
994
329
83
854
319
8
394
264
784
286
223
806
218
228
41
158
1194
124
170
117
37
27
187
786
140
1085
966
794
15
442
620
4
1312
1400
54
310
422
678
135
392
35
50
1249
156
281
233
526
1526
367
40
790
27
213
474
632
13
846
454
514
897
176
1369
289
64
596
434
77
183
150
155
208
1259
1239
95
180
350
1409
731
62
1214
865
153
1214
328
299
382
524
281
95
139
832
8
421
149
37
957
982
399
132
220
6
417
63
632
427
169
116
1092
522
16
460
51
9
587
203
124
42
1023
34
301
158
125
407
763
326
18
380
58
166
143
469
951
147
474
138
524
207
39
63
86
141
144
54
409
15
150
56
236
123
329
444
628
800
663
549
369
568
139
91
53
278
266
764
648
1199
133
9
85
621
128
152
245
467
761
66
22
326
285
739
27
52
44
202
94
240
860
3
49
148
378
39
94
692
385
626
288
63
383
914
187
776
681
471
96
114
556
196
408
677
3
600
531
143
138
2
68
496
23
420
329
1128
3
346
384
453
6
240
749
516
74
65
599
165
219
974
914
690
269
18
230
843
71
125
245
799
739
683
534
63
734
171
176
891
658
1386
220
23
81
646
873
110
464
669
590
726
517
1025
32
61
161
958
1004
77
5
657
1295
355
5
120
658
405
530
793
184
27
513
113
416
302
581
95
289
586
128
634
565
191
1210
378
221
439
191
79
362
519
387
888
133
347
76
850
254
1230
346
238
10
929
491
114
194
28
676
578
49
66
361
320
222
347
626
86
5
42
843
179
298
372
12
572
84
185
775
126
65
447
44
517
722
734
2
10
171
14
1026
24
94
42
95
742
529
233
54
307
66
395
707
351
167
31
63
88
289
191
245
608
201
249
129
154
301
217
241
110
153
12
236
616
297
16
173
152
254
259
1118
708
376
669
584
750
187
243
484
94
976
130
11
774
718
1191
536
742
94
231
104
782
864
264
957
354
559
141
408
914
198
40
263
101
671
332
6
398
1282
1139
719
26
951
121
54
568
485
713
76
382
300
391
261
288
28
428
261
151
781
934
210
79
725
274
656
595
232
662
352
702
1097
88
302
26
140
685
476
598
59
128
84
332
153
85
396
667
403
614
286
278
586
743
47
662
141
1016
241
764
343
1108
717
178
223
906
253
4
487
883
777
16
398
273
288
1236
346
698
340
171
46
393
232
13
42
434
603
226
140
163
116
88
596
54
156
96
93
694
910
90
317
1093
1029
214
11
150
339
276
233
318
1076
139
41
220
96
231
35
479
229
124
257
583
1012
86
42
389
271
43
495
139
663
9
393
185
320
1453
182
251
421
737
122
229
59
856
71
1190
316
328
426
135
649
171
188
63
124
367
82
164
352
6
306
412
2
73
317
935
560
791
76
124
164
488
892
622
94
210
263
324
4
200
987
665
143
42
2
14
969
37
590
399
172
338
233
269
376
6
147
102
530
219
319
571
5
852
423
753
126
386
10
69
777
128
9
599
93
80
40
252
120
396
70
57
139
289
92
226
229
491
284
629
88
135
410
681
939
192
98
121
51
469
243
1332
270
993
68
420
1240
1249
101
1126
250
669
575
29
472
77
472
601
167
127
57
355
476
992
444
298
656
77
310
686
5
830
419
285
178
386
23
450
464
134
57
1186
417
156
500
243
12
1
677
526
206
850
152
656
948
506
471
283
797
413
848
651
278
202
584
268
206
1049
113
452
91
149
444
269
323
137
336
19
6
104
216
265
33
328
139
126
19
400
157
179
343
657
377
1122
792
241
222
103
807
1377
712
646
204
57
903
6
216
86
1273
64
275
202
346
75
277
460
12
237
334
1093
87
30
258
361
53
104
238
563
332
445
353
1221
683
114
145
34
640
118
117
374
200
788
652
113
550
264
748
18
426
454
103
747
901
265
279
22
1102
1139
469
1274
310
1
163
445
426
403
237
67
83
134
379
543
65
633
961
154
491
521
932
201
446
292
80
63
74
487
154
265
11
690
38
88
374
437
912
307
351
940
90
205
709
1408
227
354
30
680
29
857
1284
253
364
99
130
649
53
122
141
165
16
370
93
95
543
397
152
579
797
564
924
321
1269
1063
402
52
727
800
321
581
623
611
296
676
217
547
39
243
611
371
148
896
635
567
24
546
343
125
22
782
254
570
348
542
86
36
1346
343
71
613
76
352
1500
48
910
662
306
432
705
5
77
7
5
362
140
432
73
72
134
17
905
266
153
411
32
223
1303
796
214
877
729
1072
260
286
395
307
319
39
707
7
227
86
4
345
97
358
4
635
278
211
11
583
135
572
715
653
451
150
201
857
405
287
256
142
654
341
663
170
442
1001
504
547
81
60
201
173
374
752
569
54
495
6
517
340
686
659
443
140
996
1294
789
136
25
1307
168
7
297
52
29
460
486
110
301
344
2
265
132
906
649
391
14
1161
181
418
765
512
198
246
645
284
50
426
61
1222
203
63
328
367
217
28
79
26
411
584
416
142
2
227
105
182
232
173
496
500
742
736
36
347
24
549
566
127
730
587
76
1051
174
424
101
760
1048
739
595
1005
205
206
852
215
48
344
38
128
2
82
26
794
854
632
26
723
671
993
1096
269
32
537
502
56
186
241
60
942
131
716
259
223
448
188
256
301
18
790
421
644
527
114
795
1423
284
35
937
630
144
430
936
26
296
146
389
1054
569
252
166
911
813
805
209
126
90
441
589
947
155
175
383
310
695
282
472
30
123
35
125
310
1002
5
75
25
150
29
314
353
1358
629
21
211
16
51
128
136
284
224
734
514
28
1232
444
5
97
12
180
56
5
266
239
211
213
222
563
399
787
657
37
215
563
42
269
443
628
344
25
5
418
92
6
1174
904
14
13
221
1006
10
28
936
793
398
57
9
145
20
38
59
1205
94
44
165
705
46
824
522
443
486
17
251
232
600
138
38
62
330
60
515
261
529
216
433
208
657
9
97
159
32
739
64
24
328
29
545
18
882
618
121
47
804
234
23
41
862
2
917
278
1273
469
351
373
1375
61
197
1
519
151
32
1098
632
4
203
579
23
184
185
140
116
30
199
229
75
506
309
187
717
399
341
409
231
1517
1307
431
443
14
110
107
52
806
806
1325
514
19
79
143
9
386
121
387
377
15
707
11
530
33
358
94
126
926
194
149
321
342
353
15
914
616
146
1180
419
79
636
920
345
107
220
62
348
928
509
30
746
993
107
50
503
61
113
3
412
104
633
121
687
34
436
1068
511
225
617
6
136
10
642
1
483
455
433
823
8
87
86
385
770
215
0
265
896
214
517
59
400
52
583
246
410
122
340
475
278
689
1015
570
416
26
107
23
132
290
479
181
659
140
240
14
194
1283
463
122
388
103
45
375
341
332
667
284
0
123
24
333
205
46
446
230
59
50
807
744
1162
175
497
163
239
96
15
329
207
90
102
237
192
132
794
1005
124
791
1036
727
864
87
131
1093
1012
653
343
131
1061
374
103
122
48
525
779
837
142
53
389
146
694
265
214
289
472
901
272
1
353
76
393
531
521
537
307
683
509
56
64
15
636
36
239
199
650
244
667
769
36
815
63
135
1242
333
25
458
48
177
416
143
756
482
46
714
352
20
231
16
331
98
217
205
1441
122
131
817
1000
1240
423
421
205
853
1064
986
359
78
854
321
208
202
444
365
6
124
82
151
335
378
292
37
170
598
187
49
572
621
51
678
12
1070
750
5
600
1206
350
383
158
1065
0
604
19
151
632
800
31
23
8
59
358
32
36
133
13
16
11
78
373
569
869
666
339
405
433
442
148
181
72
172
72
329
272
1
291
507
84
127
212
85
856
332
650
744
97
244
144
290
486
461
825
470
342
1128
413
1135
293
109
202
74
1135
16
1191
592
273
115
671
128
68
860
136
412
153
292
398
421
31
1062
1002
249
31
360
144
902
284
32
46
98
784
437
864
361
567
842
410
353
281
233
648
11
550
3
613
314
875
626
10
119
56
456
511
355
282
516
400
722
716
535
323
1022
9
1402
36
111
970
406
146
175
1013
545
119
7
88
256
826
515
99
84
280
129
743
1339
1097
17
570
1326
67
238
779
755
445
752
109
205
24
374
576
135
291
1147
193
435
54
1402
10
101
231
359
231
448
774
1329
350
1
186
328
1
487
206
816
42
251
715
214
124
314
179
51
702
310
294
4
1035
1412
32
178
21
132
712
74
59
11
252
254
990
1
562
16
114
168
882
322
360
1325
927
1
196
470
541
51
460
676
441
779
144
121
14
418
56
563
126
660
214
144
869
933
153
95
307
512
138
752
644
744
82
547
542
170
47
504
497
70
838
0
323
383
71
190
1195
171
581
67
24
235
127
144
341
870
252
168
107
9
74
156
765
10
49
712
31
663
51
836
101
276
357
441
677
101
190
987
270
886
130
394
46
146
703
477
227
436
982
124
210
107
708
1131
245
1162
524
46
707
91
780
20
893
259
1108
404
69
448
8
521
69
1495
4
175
500
1176
96
107
292
40
169
1085
40
75
709
216
123
145
687
154
287
108
949
114
591
987
519
1069
500
127
32
897
131
58
479
651
983
65
92
280
241
23
812
840
482
183
535
27
380
17
52
667
552
264
388
431
94
16
306
301
383
177
207
860
57
362
734
47
6
68
43
1291
739
828
376
230
226
316
538
902
193
250
714
245
703
372
478
33
219
103
900
1066
1
89
159
161
15
386
604
534
168
449
158
178
467
27
5
99
1103
89
745
617
31
1280
766
9
128
116
502
126
1453
178
1258
571
457
106
408
1081
132
337
1007
297
490
383
410
908
75
127
870
145
51
203
247
78
78
114
1178
1338
255
1348
172
139
535
684
867
850
102
255
569
501
1167
484
221
342
221
751
14
301
671
541
953
1109
4
256
37
420
255
245
202
704
28
1378
448
107
22
93
451
144
436
79
17
110
983
1124
507
51
65
725
552
705
344
64
228
3
986
1137
730
580
333
652
1217
593
15
562
393
4
65
276
152
846
248
113
351
197
14
66
829
22
304
208
820
34
102
38
227
95
694
37
160
1099
513
269
43
892
387
27
92
234
382
820
880
526
119
19
623
510
115
721
60
877
158
740
205
849
453
69
833
194
442
611
1080
783
749
38
290
648
515
261
472
675
49
424
457
28
170
285
181
259
66
253
14
177
896
46
3
834
314
285
106
1155
301
250
721
3
470
160
957
759
963
465
219
7
436
618
241
28
501
1236
344
713
1036
1329
106
570
78
211
426
230
331
27
299
13
413
1318
824
88
146
755
637
127
264
787
625
71
669
1114
1031
77
308
167
450
146
559
669
121
55
89
138
8
339
249
71
657
63
44
277
907
1062
26
1222
679
133
299
115
239
528
248
468
943
221
700
127
888
1022
0
348
226
557
367
206
238
67
307
172
1122
234
290
32
499
441
623
83
60
121
77
696
464
591
667
114
543
55
932
145
683
323
56
1022
663
625
918
1298
823
487
366
1029
326
524
439
570
580
87
4
323
284
69
173
548
219
128
24
610
42
112
638
285
335
52
466
282
5
587
104
639
362
48
163
286
210
531
1052
709
318
252
409
589
254
938
0
705
34
360
219
548
228
1081
631
306
22
456
1213
431
747
12
4
1022
535
281
134
610
565
805
575
8
91
16
571
223
171
18
143
253
66
160
481
7
144
250
413
451
426
218
585
637
437
1122
704
855
533
859
122
205
378
343
382
766
61
212
9
1292
202
1217
156
122
96
51
666
100
27
594
1346
211
357
368
8
114
87
365
327
17
284
841
1175
672
731
813
1446
31
345
136
250
541
587
154
635
211
156
629
443
50
185
383
44
198
87
509
521
725
286
677
457
1024
143
889
494
796
195
1187
524
714
31
109
1
332
3
2
18
168
61
161
50
575
1365
47
366
631
63
97
171
56
161
309
54
165
373
1439
719
997
35
247
989
217
261
33
912
66
117
47
3
252
97
138
931
469
1386
306
195
872
163
72
1014
549
990
451
300
456
7
346
507
186
7
124
1089
102
1371
5
70
79
1158
632
772
135
985
136
482
102
45
201
165
149
792
550
19
94
29
192
17
609
174
1236
736
779
456
1130
775
366
127
725
813
513
960
167
415
424
47
1228
67
5
121
393
53
577
37
157
749
1110
530
1005
406
3
43
308
41
350
78
1224
117
409
213
556
145
693
534
151
15
288
383
250
512
49
116
77
285
992
14
157
1003
5
278
656
661
420
57
162
170
651
97
892
192
244
90
1266
927
871
246
640
84
326
257
11
37
1112
1257
311
626
438
303
660
324
723
750
574
235
155
85
612
151
98
324
314
128
455
1028
162
730
464
203
369
204
7
854
256
842
31
328
794
148
462
229
769
604
405
845
26
1254
336
102
46
281
64
193
179
1069
720
550
166
801
44
626
49
168
248
18
823
270
109
1106
806
13
616
29
39
634
6
150
329
847
1013
78
65
580
1296
20
311
241
950
138
86
88
523
871
41
232
75
652
360
8
19
161
1303
26
766
257
389
71
321
41
1107
34
164
1322
202
234
166
76
888
403
397
171
423
672
957
83
7
489
212
740
610
827
299
135
875
204
583
656
310
654
462
174
199
128
88
173
595
330
163
333
32
822
860
415
161
1338
601
672
1346
101
767
9
65
129
65
79
311
953
1247
882
270
450
236
110
906
62
66
193
187
655
392
46
1046
637
35
134
912
628
131
290
316
1276
308
90
98
199
107
120
605
797
1087
502
573
42
505
11
25
385
278
876
182
38
391
704
30
1128
399
297
149
10
315
411
50
53
299
11
404
13
479
77
222
547
1027
156
657
823
319
5
803
1217
532
7
20
172
354
684
137
307
74
94
62
182
192
170
878
674
650
95
187
89
100
18
589
406
75
52
745
559
108
375
129
356
533
164
347
214
98
219
41
598
70
629
39
983
229
1112
811
220
1301
29
15
207
389
387
185
309
154
22
77
176
135
732
688
822
218
626
272
56
326
258
135
2
994
787
214
77
66
1028
267
116
59
66
470
107
427
1223
512
853
1087
600
667
144
522
661
237
354
330
386
635
111
313
335
18
46
785
913
9
600
74
700
436
83
57
17
490
82
294
26
449
366
791
664
587
292
11
23
381
39
630
642
154
553
68
249
126
878
178
469
1054
82
442
308
100
233
701
1083
390
1002
298
30
52
232
687
1008
29
446
386
12
140
113
225
583
42
365
165
24
107
1358
251
54
110
69
540
1214
465
86
624
336
901
177
423
692
106
197
414
505
195
895
75
845
456
31
472
25
759
6
211
37
158
96
441
154
529
570
723
454
1311
265
675
104
718
174
484
874
1275
1211
1304
42
128
28
523
47
894
256
85
693
1059
919
510
3
815
1301
85
527
13
9
242
296
198
43
391
211
263
65
72
441
851
25
981
542
59
103
504
602
127
1274
615
109
271
1077
201
1305
1085
727
286
68
472
25
335
573
733
24
83
29
61
104
533
66
76
1211
226
49
1090
579
594
431
207
612
51
235
266
355
787
549
305
1170
55
26
267
116
773
75
32
337
94
157
255
985
51
5
95
905
451
149
761
1017
197
427
279
22
20
14
364
686
678
501
799
142
66
81
944
254
1255
625
1143
988
356
79
202
1
508
1069
1160
889
173
5
266
1106
1320
1027
1225
720
359
1207
234
1
270
239
444
283
142
378
110
24
321
60
1040
377
24
966
33
455
305
192
459
63
278
25
220
204
26
40
328
62
796
343
604
496
356
313
254
278
608
311
756
81
140
324
1052
1029
825
1255
267
111
437
466
184
8
1129
333
454
167
187
161
24
234
130
164
414
109
200
303
369
221
106
226
382
45
999
13
580
682
28
26
2
863
9
537
37
844
206
859
179
495
241
146
347
173
589
346
667
301
660
151
580
596
1098
662
233
259
52
571
132
155
515
487
67
218
125
735
56
10
220
215
915
245
186
686
134
1016
131
32
827
1094
10
707
110
503
5
114
18
180
710
80
326
549
179
300
1246
835
30
50
445
2
955
18
1168
946
882
211
1141
1402
284
541
383
645
813
535
516
924
516
206
134
408
458
149
810
941
450
365
337
915
127
233
275
405
439
676
101
523
909
302
272
42
142
18
93
753
400
210
21
121
498
144
60
14
156
28
539
589
1099
749
968
58
956
549
3
245
64
399
607
656
595
539
381
617
43
126
1145
767
8
362
295
55
40
329
441
164
96
212
475
47
44
212
565
58
1060
192
214
196
100
90
4
1068
164
425
82
19
162
43
0
887
513
982
643
62
426
233
1167
953
13
241
286
42
759
273
110
483
6
492
156
909
57
235
1302
95
129
89
249
117
191
1115
114
329
497
295
1292
44
135
992
103
645
144
795
469
1437
680
172
602
239
439
57
250
556
1280
49
164
589
625
1176
1215
790
412
972
364
129
94
781
142
296
34
319
749
645
952
141
342
192
265
211
263
94
340
408
606
29
131
330
1087
266
43
1387
406
371
392
350
274
94
423
116
1207
18
868
702
47
65
141
251
341
133
41
123
904
10
59
998
154
1018
295
72
102
213
842
170
35
935
281
872
773
123
143
709
1196
385
260
200
242
54
418
440
645
1189
131
1
223
5
28
256
1173
40
714
106
1027
987
514
864
63
1111
2
181
841
292
90
561
159
94
680
639
775
261
110
1134
955
392
12
423
592
714
737
377
1162
69
20
508
34
608
1075
326
26
489
306
1
384
653
89
7
504
704
187
233
1238
597
536
811
18
384
211
577
1294
1212
329
150
13
93
162
1096
162
298
379
334
364
566
245
270
22
601
14
580
193
213
411
100
329
366
589
546
136
179
821
2
300
451
163
812
317
816
54
135
177
400
170
66
698
429
312
528
62
925
85
815
124
993
65
878
53
1165
764
22
208
0
479
212
568
291
398
86
754
162
27
628
864
202
541
142
692
342
162
226
911
1087
947
101
131
556
1169
603
35
433
200
177
42
432
369
429
250
253
440
6
289
563
5
857
149
158
137
253
119
32
345
228
129
134
639
882
142
649
1489
596
182
40
35
213
360
271
414
89
67
882
28
473
5
305
1313
996
934
574
280
160
77
333
184
1259
187
106
269
290
301
85
409
116
657
202
12
690
157
709
13
103
470
1454
861
724
126
762
107
39
662
882
8
621
28
319
43
80
120
364
321
89
307
29
54
222
93
551
196
198
251
881
126
160
56
7
8
294
669
780
222
472
41
222
1164
10
390
320
710
539
687
274
128
637
139
92
61
1386
1086
20
79
630
111
359
853
561
366
1083
43
485
202
1045
79
530
159
273
350
241
634
141
74
255
57
329
294
217
112
314
604
714
944
97
89
585
55
69
531
302
951
424
54
93
645
3
312
719
180
578
450
522
1060
113
572
512
732
134
672
459
205
265
338
409
5
188
132
309
503
501
43
465
427
1447
317
521
681
57
144
307
893
135
1440
320
521
199
544
795
209
49
1048
173
321
8
683
188
462
1158
715
44
124
289
866
103
559
1002
9
425
561
28
454
23
567
132
739
1098
161
164
660
593
401
21
88
392
217
1
239
17
860
43
319
744
423
260
21
261
42
826
75
215
114
11
219
307
352
10
96
152
412
1158
372
60
57
24
106
86
390
248
3
724
37
247
92
277
651
1180
388
1145
428
233
212
587
639
289
15
250
111
1007
142
551
60
785
490
578
29
437
6
328
674
1009
868
246
154
272
156
34
308
623
609
1224
417
789
8
774
6
175
329
442
407
330
145
335
29
71
210
195
979
199
68
41
32
948
614
1242
1184
54
139
20
622
102
40
195
370
616
248
818
643
371
1156
242
438
77
119
526
291
168
293
433
1029
567
81
7
98
339
465
25
16
625
424
491
137
81
1089
94
876
942
179
1142
1170
27
138
48
219
393
45
290
847
380
675
390
261
1254
732
357
310
234
169
3
578
189
197
297
48
494
848
376
1132
826
723
540
482
698
293
29
74
928
176
289
53
660
33
580
434
209
297
215
470
770
1009
670
622
715
267
951
392
319
197
259
994
705
209
340
98
1382
4
738
115
787
766
12
160
556
184
174
775
618
87
78
439
279
344
125
884
1004
193
1213
129
292
397
146
312
507
134
247
58
209
20
195
251
92
252
198
1368
980
393
18
393
284
41
3
165
7
798
300
241
672
291
247
668
148
171
59
181
214
611
1233
44
15
244
391
1377
69
237
820
393
1105
291
7
229
141
77
24
245
88
10
230
836
288
113
262
121
86
653
128
307
36
224
223
313
12
511
112
106
173
809
283
66
29
43
51
715
477
673
592
928
720
646
72
60
1100
30
42
78
31
691
239
219
541
80
20
99
411
97
38
763
220
206
241
355
700
287
198
96
1
99
406
379
262
379
86
40
655
64
23
1
606
25
400
333
63
25
912
103
89
61
351
87
69
343
556
358
5
347
900
73
141
146
6
53
83
201
684
816
115
1422
1
969
7
38
607
110
136
1066
42
312
423
603
815
136
958
263
513
358
1065
444
12
130
206
89
28
1087
10
244
245
735
346
244
51
58
150
211
999
97
833
210
211
317
369
1
191
243
862
880
269
14
59
362
446
649
243
1196
460
856
101
395
250
279
363
31
669
968
663
1206
3
155
25
140
1234
148
35
582
55
506
327
201
1009
566
49
62
57
34
490
52
172
851
373
3
313
141
755
927
488
179
933
973
101
380
88
76
120
250
230
97
377
665
364
1477
426
510
330
4
48
175
299
493
36
1020
419
405
188
31
126
73
786
71
683
1114
467
97
304
248
19
531
301
45
553
114
438
354
477
221
1130
1166
75
3
16
8
462
141
284
21
133
59
31
20
936
477
51
3
20
404
21
68
419
211
600
398
87
597
274
5
476
133
103
108
283
995
90
142
158
1238
348
307
954
538
125
445
31
497
88
690
185
720
234
182
124
174
123
616
755
25
152
164
5
157
294
606
226
97
71
165
309
343
1009
37
601
18
120
194
1185
43
749
85
126
554
521
515
233
264
149
253
23
599
271
371
402
46
322
608
912
94
4
199
479
26
190
772
1056
63
1339
349
51
1348
47
1143
216
454
433
306
54
33
252
31
207
65
381
231
186
97
318
343
177
181
643
17
1064
97
632
342
140
834
484
284
380
51
372
325
92
623
242
832
432
171
367
711
328
623
1261
12
507
232
48
383
151
44
49
913
795
390
478
112
825
174
106
559
52
404
152
1177
98
559
142
292
17
26
606
107
380
13
92
618
135
294
116
536
777
450
232
336
1365
133
322
19
154
144
409
158
56
1212
144
759
165
321
341
829
596
53
559
313
0
171
619
397
388
1381
75
1188
82
631
131
415
92
63
135
56
87
693
430
233
292
283
342
570
1343
303
81
96
466
652
18
271
495
735
518
705
610
137
2
40
128
143
161
379
243
341
28
16
224
103
56
37
659
431
668
549
681
90
77
161
384
665
349
23
286
18
898
802
268
635
1052
799
271
379
1199
331
359
616
655
7
210
313
1050
62
815
17
449
282
769
302
210
371
219
1047
449
614
777
337
111
297
767
73
43
196
49
215
529
397
640
230
47
195
171
24
115
109
223
80
780
290
1055
429
318
209
13
328
742
152
461
333
776
64
177
408
1119
691
424
510
104
69
119
680
187
64
80
24
31
208
371
26
164
17
8
518
218
957
331
188
37
165
484
193
85
48
158
134
129
308
179
202
146
471
1207
1114
166
23
394
15
322
75
211
20
49
37
22
308
257
681
154
62
342
293
90
33
477
18
843
839
1272
520
352
282
160
93
1
482
438
155
341
364
260
455
221
179
626
946
220
6
130
25
332
376
387
13
89
580
309
124
120
123
697
1367
220
1138
526
891
122
47
135
353
55
27
797
100
34
156
189
721
533
11
292
22
1057
625
623
319
470
524
583
42
93
124
311
185
31
478
163
23
903
1187
164
136
14
289
1311
59
185
673
618
186
164
387
0
278
1391
331
105
21
37
185
510
532
7
562
375
519
53
316
20
383
1481
256
1059
1346
107
281
513
170
643
251
534
662
170
47
52
172
788
1083
869
80
750
678
327
12
35
29
820
396
14
618
122
50
883
412
68
495
1283
22
144
135
315
163
381
63
1138
256
756
134
326
523
221
106
442
131
497
57
122
1499
837
51
835
687
15
1380
804
689
56
514
118
1014
340
404
1038
238
457
651
34
379
104
81
575
116
387
691
213
84
11
798
504
190
107
77
432
396
224
221
699
855
390
200
374
102
717
78
340
1320
349
6
237
146
870
76
267
9
1032
745
1135
307
3
65
346
25
84
204
219
118
348
748
893
1276
543
59
533
740
398
841
731
141
691
689
623
161
463
291
864
508
281
10
62
64
650
74
12
32
1219
109
673
301
503
52
15
460
819
1423
15
655
951
1344
193
48
1131
353
188
206
558
22
840
434
219
645
6
25
239
63
558
51
2
417
245
154
64
447
757
605
118
20
124
69
165
23
160
623
357
34
816
140
129
10
398
329
39
881
58
3
531
136
507
216
496
99
39
325
244
755
89
4
230
220
489
180
697
562
77
86
272
129
391
188
232
1168
91
567
138
140
185
581
255
716
449
2
309
490
152
411
663
496
1090
159
395
382
766
75
839
152
1196
867
515
142
301
133
63
441
351
199
158
783
471
631
94
485
421
562
250
147
1040
89
22
710
365
75
45
808
175
906
27
120
84
8
230
337
133
273
123
23
764
26
1
58
53
31
846
264
356
948
281
313
122
390
1062
168
116
248
134
483
1042
1237
43
835
364
209
175
17
16
607
140
559
171
219
150
695
125
121
624
138
1244
97
629
25
386
141
796
279
7
1156
31
464
194
650
84
240
77
783
36
319
3
551
395
489
164
62
485
603
56
441
3
770
363
1103
354
163
100
987
254
378
4
958
203
30
628
355
406
250
9
294
552
1124
274
198
719
1078
721
52
579
39
598
415
465
659
1075
507
850
830
0
49
156
136
1230
447
600
979
311
72
550
172
65
57
640
543
93
8
2
262
830
202
247
193
192
28
444
668
870
1318
4
346
378
465
579
511
13
401
518
54
463
218
155
221
3
182
474
71
43
3
1126
141
195
1090
156
921
866
560
305
29
158
176
46
28
591
474
162
842
376
683
19
110
9
289
1035
341
166
149
974
6
24
262
5
268
1093
260
8
170
213
153
298
237
849
804
911
30
44
17
2
1399
161
5
274
1314
247
196
11
241
86
96
376
243
731
114
444
505
162
955
594
160
313
215
665
510
316
160
1226
300
338
978
448
3
82
143
210
69
382
125
0
42
556
750
784
181
7
156
369
243
582
11
115
52
45
23
1238
294
288
107
276
1161
381
159
430
124
44
150
155
573
15
501
69
66
37
734
29
454
16
26
24
233
1033
571
325
48
846
44
100
499
657
725
147
244
107
387
112
1450
129
404
26
1242
158
168
211
736
113
317
230
145
13
741
55
966
610
1301
244
643
1210
91
750
88
494
121
251
292
1000
44
1150
75
552
267
549
191
16
1195
282
206
368
13
177
87
136
42
414
894
759
473
114
155
300
520
554
1222
878
446
530
365
365
65
744
372
392
367
72
16
36
42
773
13
283
837
248
883
714
293
173
27
53
188
954
226
3
703
419
59
1033
428
181
372
101
134
87
389
449
991
252
43
111
430
558
744
695
233
127
309
456
35
113
510
639
631
363
716
462
85
30
46
277
140
62
382
61
26
308
452
110
180
255
108
26
579
543
653
119
72
119
829
523
637
498
1354
86
271
573
170
1233
880
111
1367
647
8
11
195
1117
210
110
64
583
737
8
67
553
174
78
256
13
114
420
191
418
618
17
913
530
1507
343
201
377
528
202
208
973
7
760
564
386
178
259
10
376
222
141
161
52
173
745
1264
668
196
601
243
910
361
717
269
25
125
275
33
44
37
19
316
1255
280
1083
102
245
589
5
183
173
485
304
71
318
468
1079
628
469
964
500
1014
152
318
688
192
942
128
181
913
923
623
199
197
677
180
231
98
1095
61
100
11
806
244
147
186
145
695
104
183
1079
241
385
321
369
434
122
105
125
1124
85
111
112
486
1282
199
495
459
463
253
1012
26
178
772
273
204
1434
117
145
23
436
305
52
468
267
55
698
898
847
380
29
167
466
395
203
99
386
114
24
534
137
823
559
62
422
318
149
154
639
133
39
1085
42
146
370
95
344
92
95
35
181
281
394
392
207
33
198
610
227
120
82
619
66
459
116
61
758
826
236
588
18
392
310
416
555
55
656
1027
1134
343
103
302
98
814
458
173
907
431
210
199
368
119
224
52
47
110
22
252
337
255
1072
471
609
571
721
1408
880
35
1099
167
12
273
202
9
97
244
233
39
293
493
1014
504
237
523
110
407
41
47
414
1455
786
252
67
486
246
713
734
8
935
43
87
1
110
398
1005
221
104
264
170
105
327
99
451
606
22
232
202
58
415
303
345
515
121
130
358
860
4
1317
191
119
248
560
499
284
210
1415
302
323
421
692
277
1169
157
287
57
79
191
344
119
938
769
53
934
201
352
163
535
877
638
433
1128
495
19
201
144
542
684
722
331
534
686
136
12
589
39
356
565
387
156
510
122
77
250
543
233
633
128
3
7
87
22
567
303
197
350
376
113
18
328
367
14
663
950
561
363
111
106
920
9
524
681
0
450
55
1231
1210
159
415
520
816
318
649
22
22
38
148
22
771
984
590
121
526
580
205
349
1429
1447
51
208
299
175
1276
152
128
31
784
50
1363
11
1240
35
95
614
564
4
404
347
163
480
136
446
470
268
345
1050
1041
143
62
320
193
801
333
1200
153
134
293
15
511
150
1320
667
157
40
87
1042
72
807
96
1287
69
193
123
64
120
897
19
82
147
918
43
1539
672
855
327
172
103
13
357
30
42
565
106
163
736
394
154
297
156
83
22
783
136
585
150
104
617
949
93
387
520
131
347
520
13
164
625
1220
174
418
922
20
25
7
601
231
249
286
262
34
858
161
470
67
944
140
180
765
54
51
987
536
555
571
68
931
124
922
52
1046
951
202
1202
11
440
84
1009
97
877
135
855
748
2
366
19
1035
46
280
39
556
77
62
353
631
185
125
91
232
443
139
233
7
657
180
105
400
6
903
1242
272
259
21
20
1268
766
423
272
63
53
579
1030
193
397
222
1123
520
243
164
334
146
582
645
63
142
1246
120
752
1197
480
514
481
986
1229
112
955
346
413
195
215
1276
261
424
568
7
4
320
415
125
25
431
790
633
106
254
275
406
164
933
139
616
85
25
99
1057
86
235
118
272
328
338
220
271
1114
1209
140
111
662
115
28
343
27
652
404
584
748
234
1306
587
351
47
79
1307
513
951
1364
2
253
672
19
847
187
15
402
7
26
765
191
164
333
1085
231
45
529
1321
422
45
261
1266
224
145
737
179
89
11
135
819
180
169
213
180
71
223
661
351
14
277
654
255
58
209
1286
125
667
566
124
364
68
424
730
177
141
17
511
486
511
211
190
548
306
535
392
1137
373
143
500
591
20
127
157
283
87
358
22
532
55
679
421
159
7
16
33
92
641
561
8
58
868
183
1262
103
449
381
1066
19
108
33
205
56
814
151
152
875
124
222
13
692
393
129
890
106
210
727
408
14
677
205
7
115
183
58
378
296
192
81
696
120
138
221
541
691
108
1127
619
584
27
210
357
11
65
47
461
101
137
111
573
296
298
177
156
271
2
10
1025
13
354
1310
65
267
1402
36
77
176
1022
507
127
239
85
42
870
795
261
42
674
20
96
127
47
736
956
290
991
278
780
1078
124
491
938
8
53
16
272
12
97
736
63
211
804
288
347
44
312
94
37
1108
441
450
339
1391
644
791
718
134
465
957
276
1005
267
534
455
670
100
1206
711
194
656
115
97
118
325
65
167
256
129
78
406
445
859
56
684
50
358
13
89
1125
816
456
724
0
209
20
728
164
108
262
184
36
982
253
259
51
486
56
17
1265
3
336
1119
251
659
1403
680
502
77
355
680
37
91
253
175
60
734
807
193
26
558
726
145
320
30
296
894
211
635
914
1375
809
550
9
45
48
12
185
409
139
291
726
239
634
249
62
203
3
544
975
664
27
152
177
126
215
46
598
101
0
324
284
1321
426
45
210
7
566
165
202
826
380
311
151
13
771
552
6
81
243
6
51
903
263
26
350
458
1
227
472
273
239
245
143
316
118
39
128
1081
52
266
365
991
27
580
1056
161
23
9
178
372
70
140
717
110
135
708
242
483
69
957
303
464
95
573
24
735
99
360
1042
201
65
510
27
843
220
86
26
154
351
186
148
1166
10
94
753
222
365
140
21
533
442
452
107
1223
16
426
146
1288
146
116
902
964
415
186
1385
700
325
94
292
757
50
672
205
52
310
482
293
280
236
295
432
632
8
824
188
1333
10
38
450
113
316
501
299
157
478
693
449
3
359
1305
613
315
13
225
1211
30
161
376
17
927
235
821
61
150
166
778
393
67
220
22
