451725188
279636611
440887124
193246005
801304156
276777768
445198663
868689802
358034169
773739543
335728532
112996180
33509503
454084694
242669901
731878201
130743393
688218492
386695948
440265460
402823254
11696054
775830576
295443750
118198567
362060077
513962587
799661215
444413243
528175715
687278369
528330649
653299146
202938626
453967345
27082571
436710718
120047909
678860548
423680004
106187547
757314521
284499187
298047058
769687404
353647670
156366791
350690236
420799951
333034926
405471389
464551984
738420333
489357349
236231237
592446266
139971048
703260370
869173943
435015279
427677996
666442413
833365531
134528242
208066134
652422153
293486893
329351863
529870603
481612971
471307246
399944151
874472682
887603570
704714078
785271646
945617925
302033035
162217129
396897622
924991340
747011191
744134971
288890472
11273554
776155838
84358899
233111998
216734774
68336206
537825367
622558791
738995388
882022677
756237921
682898647
318067983
399208888
252865436
724025596
486611153
651863947
132643764
886087004
570368270
655614571
557982161
499183592
305043961
436228091
631710506
21476544
73316235
736450858
211198186
516664627
345999185
679422371
792450190
736953251
212280490
108448248
142415511
585124885
150428200
185049144
290182994
601252906
110206632
47136335
589931895
374607740
835708012
898103033
356096967
777285657
321424768
885330922
737615265
188311440
513580637
434905473
402515228
818134200
845826907
702398855
523002267
877325400
614969918
718332900
878182774
347623757
874969663
613936038
739490732
71269550
348125149
200058541
309086120
844872671
525582750
985167661
721999438
580740268
902404368
997543587
306708917
167635443
53732090
293698941
845973216
86557584
268377789
509884024
896430928
256093231
26049060
240044526
354486141
702145617
794845137
740259287
692214823
262969931
443979284
873041673
64213282
312412995
65984896
943786607
937107585
122271679
228866975
115890632
365749915
583446836
143608256
468514557
444397441
819880091
233568950
509338941
138042390
331132038
873330046
110485432
960189398
421022837
102546953
874291855
191296506
706000080
523942303
232269382
774648839
646852300
565407598
406739179
120253298
381544704
585365516
282597776
561240400
955117124
861620329
757506831
220870186
469131272
715301067
904039523
121099203
483847203
50536378
315190088
714523011
786583880
773445775
358994057
160537795
77142042
922308989
779469325
565396961
477172855
328349218
376216326
512442121
538063162
433941425
22041675
363336863
986324795
803872973
429546025
979531350
900482019
835680113
88507590
399600160
146125697
15397634
172745689
30417320
437164853
873400449
856953628
404987602
122866080
388488646
944665603
484245830
922737313
641483794
146834792
805044074
226926927
513661748
557232503
201658654
625759765
56372531
373270190
378721720
961196471
735727883
747510592
360190346
812617881
830594791
251064465
997108487
151249135
46564013
398935520
312149805
672313191
183383820
296857262
269763226
277553819
820139973
320747801
75284906
331436644
812415026
479437922
839421015
470421015
524656123
791922220
307931507
906713314
576635496
303445642
627029047
475091771
870245467
729206547
285965517
435471635
700153499
287884555
199797635
672988539
649112988
550148907
157524962
976549509
711990546
974546987
808112133
503692055
581237347
619522500
429833226
456227584
766232078
111687799
34380363
849139544
503428127
801613044
920512182
517872213
786324381
958691777
76770917
725774197
588069785
599793989
135534896
50361200
693304563
126347966
759173288
220009400
106313149
753581913
173243634
102266548
123049774
86109954
140335237
33631121
620866959
655763711
947058030
688378926
353035726
790677061
160117402
751254350
796900473
269261852
557937152
974769578
771988409
592378855
709304821
631478588
774066532
772396702
43677584
510223171
512572166
812307113
817883336
765247219
460622116
123988984
643705900
262469571
129089967
57991985
835481732
588477651
56393029
155160943
537414838
415552493
640137450
242528533
458359654
662428292
299805101
252409549
946756890
475019729
346402703
301167760
551114657
730438239
761307001
952806710
351468893
804942517
808041527
437568595
485646202
574024153
511115184
663963574
108731493
500408142
596724561
209731047
11843986
97469512
445483034
664580962
785974460
633190231
701474648
270027520
344399657
355367537
607530333
561628766
255594966
972297603
520472354
850918141
941141856
759608576
789314653
252737970
252850924
646927695
290722413
220061215
753396522
392292257
69378580
707619127
212761719
704905617
563475033
544763678
52967163
201753974
479027378
122241421
454578679
965243940
629226543
675782897
459018529
854924334
685917096
285482544
492374747
225103610
253082889
735405509
465233666
960002177
201294023
375143554
72517448
736991054
557919777
975056292
773403257
738518285
156853813
712340622
80964215
624003544
120392143
176076177
344999980
496880301
346439810
684810831
430736383
984313858
323768974
360438684
436482779
737569396
369549481
436477755
154044405
893592221
308655085
648902310
388380152
58734507
685603845
564932985
79702892
655821254
918220981
458413396
872545643
426319864
681797661
163016749
147472535
259829216
235503623
162729270
80135326
6207376
901269658
385821118
842325417
603174683
588209814
637053114
287150046
240039246
758888837
628385917
198798520
105290242
994981150
325913960
353766707
339766193
528625383
32638228
72335040
977567194
397839953
26973253
792773738
224474521
630322249
286714610
135999070
809227720
895100854
158999827
622250691
86206199
659196732
686901096
12583251
935755153
422444692
312790086
846401708
14906231
693030683
505928401
384505001
247486145
668741274
149231992
242464013
110013474
735426569
155056903
45175668
352636935
739011980
923912341
93132366
899998571
69820406
317877473
557378878
317676810
447111737
484109133
1458291
428445469
677210227
399570789
293217981
819505703
244787820
814427274
206961080
440052387
884858347
240142581
936184680
919925754
515463045
345574775
749371665
708581530
470700927
364385846
323847115
680186554
967222456
250134693
626766734
251830893
614202833
747133788
874132035
734655882
20367438
75108685
985298865
604749395
593680535
474330434
580931070
901459542
192786695
254767125
337310113
687497599
224022553
720268043
851817250
444594094
40689549
171327459
98253154
309951807
288927203
733013403
303175388
800266043
570051257
198216961
331529319
12935245
533302069
757326683
626445948
540806580
500796061
900184895
357772905
151390262
537213272
300321634
240600415
124090788
131910359
152127714
505064221
171467408
643352183
909869347
113903446
111352541
501487466
435050648
9519236
114297829
199493884
861523348
126868092
797680352
490443872
221962276
424356375
494503111
14478099
209873367
148392211
671212192
394937881
539563008
865822792
681848501
490067395
63272321
538630836
330997517
463206195
787806517
458929794
188776151
521194888
938147363
664033687
706693247
637899064
483508036
147437977
825394750
142861589
451136646
782497379
46165509
149478000
134670749
217574725
825516666
603988024
287386511
832464291
864469357
341000381
273815037
79657735
1660824
502013525
677474036
865572012
523362772
196314276
953508770
863315722
823680318
176756374
926735631
414095177
295707616
337539729
17003773
93974527
761378304
971228710
593679000
642496317
175689315
982417170
638737031
828092500
852097820
92766376
504183011
886671031
747766639
470538099
618423876
759618604
196139287
170193091
686648696
774603001
533616804
881892806
566674357
71898572
663886077
103988002
581943384
715067455
242159156
355114542
31841752
348957878
930517113
736036523
89814442
220623131
676702208
456525377
900584501
172309636
208650988
53867653
257122538
507732225
279695489
445872822
218262293
337974582
736959783
637554263
235299879
592347061
207882583
214729271
15632772
349170517
438895122
537776491
894304654
134962326
265210739
741957256
960089464
512846663
390084555
760310764
429625601
91842470
350823136
893179523
625412242
338473333
294227123
712917783
487480322
111002188
645034376
225409812
628350724
96155115
482925014
479021501
794946440
127995710
142546463
962492989
679455774
87356572
83454618
841384170
261687716
996250791
352350204
896724165
321575953
705759110
704795683
981594342
154808122
54817763
155276809
317874582
363397140
724393569
537646624
153368531
422416643
237575681
513689237
649340999
791055621
771747839
53289516
933396246
676717520
896230021
728362550
492195574
528049118
661888598
567835683
804076897
111151973
940556598
116962310
943708304
637167341
986708056
80234596
133901452
312878932
432930590
723715711
654707559
959447920
803915702
122799807
928165972
885312285
349085275
897208958
806315146
837332551
981254376
825705342
313538199
117631614
785303130
659385196
658867557
691031900
352371670
18376136
711907169
865523895
12840269
192048041
240932807
298918268
352668835
549728459
30763001
632214448
628315414
130289826
454179349
940787031
414775050
464638542
294218075
316290544
449670891
651179047
625942611
914007952
815537842
305514807
184001675
332797460
890507495
827630559
403643223
254203309
178501484
441394400
586056643
59673289
321797851
196289519
62324864
373103943
107968745
511179568
932773205
167689854
561863479
947817814
867551759
982368367
125551391
868850595
740177006
102409517
614093625
832722621
292085693
997525618
571039959
872900908
611626670
620471325
121981074
150498958
87187347
545088213
572739279
471150766
27355311
575474397
586889272
467345881
264213828
308349386
712579412
653142614
345074316
521564351
877265876
468530395
163713392
817249697
727202399
705837576
727592382
671390427
129176578
474056846
762972486
176788466
319369597
348646751
125017317
18926230
827468883
641175149
633566655
553098067
25785034
609612469
621101348
710845447
380438212
141791462
713479082
802145129
445750316
399534414
617839286
869009906
969114206
722850600
227518029
259451536
713833122
23542875
94138639
792859389
208371400
409787366
194100675
973869204
380032559
442170133
280647542
938648257
261711925
739609749
939354742
324756785
346954398
349472360
510865939
19153478
662997065
716188551
126886543
830724285
4232472
505089216
894018085
881571250
270811153
98337694
685197156
730432818
564316360
109498928
971920679
567350573
607117343
175560994
914312478
553749415
540551573
975149800
199120098
208706459
356851975
191399038
61945467
498371728
122352572
928672773
315286358
552995408
806438319
728800081
615540207
842685323
16058750
442954078
486979554
40737420
860171335
667127574
558910979
611034818
227590652
112112808
416872775
290911780
855845802
132265048
146293478
268426475
909814391
278537100
2366712
876351468
330715053
993161637
370231466
922704888
773038441
173894086
90871929
158877239
859710008
510360801
156450098
705357212
301873705
572349149
923392175
439149355
88840928
416262351
805902817
586295098
627323840
146592922
235009482
392114195
319576994
384792597
206202039
940538446
366147292
339066470
297291051
739387313
48060767
478530675
560394608
966327997
182506262
184079597
923025115
440695058
379848649
163546083
930451442
613671017
850100955
78956307
69526611
839152886
518181122
209900308
524344858
989776369
983507398
758687480
161474779
284491211
992220331
95642306
319245911
107925460
609463299
447423437
660541082
525792101
872975716
517721568
301169017
533324257
602772277
219838431
154654946
110609587
967871263
276904327
348754512
572766598
101552463
451571893
938777633
230915242
842240900
794145997
691485466
281389688
837759165
974288890
927674212
305237565
793123768
126099413
817931086
848673515
136378867
624144801
495838501
856213137
221005362
635005527
307950880
629415308
487746766
733678097
901857624
157666840
443716180
406616826
233259588
161763050
742154089
764184399
397781280
2957989
301660463
709778490
620535132
949022400
768810268
34233203
490413885
675787895
907994058
693279427
449477760
259277203
829902560
645463033
65795148
732379411
470573121
729115167
502968968
349015962
75345695
418001712
938407515
58671920
618775219
878126926
994459347
376481045
246354784
81303287
451003311
849137763
324874349
659459277
770769323
945388653
963112131
430639817
932009945
44449456
871930645
270400972
848737844
593101180
790841469
676617890
495379494
657892373
382752480
997490538
378151149
300529664
105028471
714993958
853797316
446093942
94834612
791690428
649402407
73377504
314897407
364005522
400918794
320791764
957267461
915742667
302808065
658443401
123011704
380283221
543851530
806633174
168775836
964811232
266888353
206114489
976630086
146164613
282383048
611739958
656433240
799576544
415117126
634380903
957916919
177816711
747168309
123156169
729430189
372123794
763169791
319142197
178067345
174361667
317147639
647353149
268806721
580891452
466742042
707665034
766852099
406857712
800968263
815644035
954491931
933622984
398465264
889791367
690998844
601636608
551631603
849334568
775840795
522436452
250772510
195126379
338318133
218009316
320188298
139482804
431487554
557253677
254235292
65250562
14710895
408535924
646111507
814875257
281720301
625128254
878416420
851461396
514966492
678767942
436983123
452648676
584463491
111069294
835165818
449700263
542333480
428185959
474104788
611127367
916308649
797964061
83398282
680490563
649687294
757936048
131352898
561859236
378869377
658545004
670087483
468972259
921102883
624064119
67365329
418080319
331221470
909819822
35280176
229262178
861347811
859642433
75394191
310410246
160813049
425574313
788521577
185638745
123579265
685386772
808879338
54687245
104098470
24951486
91816874
591420393
477945798
457771570
810398774
702250698
283482212
332807564
66455679
250331610
814721749
918990622
882626308
41540690
99070343
247582956
421116127
287315043
262049477
375989608
409774010
987875969
878363529
370900842
211741513
984994396
395112635
826137889
926754438
908726015
334507575
879381011
563180378
852488667
376910728
430103110
433219173
702059954
717720554
616680273
424801300
883772885
405901691
576751402
497448833
512062614
971606921
57670270
358290168
445555010
32936428
381721414
234993178
382348591
644425512
531670727
743642933
609974334
855703206
985389047
937199143
870575655
390723091
671952220
220090142
567138641
76261378
673078671
213651489
644492310
480458760
766072852
81627751
744534626
463145481
324964
883359836
496614157
67325193
932738944
391734113
887211554
965390747
876725248
815229027
163100615
837678780
150865288
506246433
924981570
79100041
375320848
520650469
913640340
459005735
469927008
559444768
268902911
384297250
946918319
309656478
296783136
685298699
113178533
666528530
489158452
596156251
459794501
52394585
353537910
250727673
521626524
823378473
488342590
792217332
563979444
207667219
713958105
71854719
283209257
61529877
816040435
154268757
36395671
171807483
473960005
241587436
168854991
997626226
109419419
567197472
583317725
403896527
635710501
223675708
894574353
409468817
132676150
810382509
657338213
655008826
128673545
669677990
808925153
323974366
139466601
747846884
161911689
522339803
666701109
148570004
728903950
105984005
194469590
592663729
289723090
38272459
149281464
438536505
361638011
905253600
976049312
944004517
24011273
144173470
114739733
462302416
566388521
127212426
122623491
809936031
166519953
37677829
236040761
380827960
708417447
770632354
845767254
192674443
99505375
343160330
40582145
434258218
859276824
534415080
532655139
134036714
512196467
19029592
222982136
859953342
920419820
26717436
949289218
675687364
934488290
397364349
315326948
742784384
342665921
739548466
117770037
803109870
737782258
399057103
512400616
145414502
914532171
356255270
89093627
620309650
896907152
161964806
456832975
463930697
959345252
445404505
739186634
240688136
329060416
840125898
21956664
790583085
166469566
820769098
549340845
524012484
892101140
309980003
569878629
449751475
845973103
262625219
666844723
785392830
133807284
106743232
166240820
769849731
782610610
289498306
624297193
366890145
121714962
844377282
624980573
927595207
614442588
635837062
984512537
589850236
540955468
792754714
81375275
949233709
742098405
616454594
288532759
349677685
453878771
963964700
109824414
534351379
826021674
928440873
970313064
807038285
639217778
838716234
686877614
782660103
323589448
864006789
393695097
235602649
83295911
731584993
965513072
979067922
797191877
32025777
180508084
216266282
681217756
309632314
319683847
578256520
962393168
479292841
128965075
90691043
502186122
207905956
677421848
373962271
201745983
927117365
79598730
3859650
656609319
51875655
670641686
18714947
402860226
94192516
390804532
921525646
190609425
987980682
508830205
318352099
919999815
668024143
363058599
267689871
413975818
256632190
776231919
774809197
387724313
875511726
929919367
314487285
79634548
469776264
804686557
22435404
272857416
683975236
280604904
525728620
118100714
442177217
309767918
925684155
328235391
658406293
683581180
996430269
963960419
925049455
474410689
608014832
657197285
816299211
142711738
64540157
795751626
747176207
518688603
715538787
293498452
687754704
727311636
582364293
493423237
979475306
259144792
522509111
881506947
492563586
190411355
436643733
39774615
543052107
342304377
959638416
141192112
634867903
968617035
918727748
767355549
961722564
150030049
203990196
544432928
764615060
41049745
956389797
8143550
183333735
185635981
924596550
325670424
971021877
322293700
660998148
84964827
353645255
466489277
891121757
166227018
888164243
551503504
828079766
439634831
41212214
993501716
835910109
323670859
301590967
577988349
857314899
41386588
841397733
605392826
668395474
640797651
743515029
178815971
697585065
459139472
493479619
302950320
844900606
780750666
521206033
374494241
500743924
265264463
789332996
808777361
659753626
75669167
333002378
512523035
527227776
727247522
555621483
801974370
672777016
735712064
154867549
127843186
523157539
538304984
234870297
387912518
743786194
385386967
788743112
984730122
345478850
825009386
726535604
876406096
765031002
122304903
669684532
13823723
365919084
409966601
697149658
197615133
798356898
612217879
212848163
417261717
555331944
435574099
710440523
709976199
15288468
901878839
483941184
33106568
353828991
277686134
785855497
618478548
309119972
487587185
271338811
8903098
143045380
576706168
323519126
248366138
25846715
251537617
430661700
158350275
415755811
90020475
395367630
706366034
190483820
328329028
634637316
929760599
795966227
207601899
316519592
708892547
66926943
487972366
891246307
322612175
1897174
798998898
440775918
625483683
306479480
495798610
750433862
465962684
446483227
551168384
859996961
590499786
989539191
663970174
897853037
981365542
11972366
422982827
351430649
72308138
925030167
363864614
704899307
616869492
475486571
775884830
48472024
511740122
941555551
475254551
234957768
862698254
257590159
589102078
128126134
125186650
327680017
3933342
934339173
870022457
939203224
795183895
975009033
428682153
487269807
143916449
320010461
636278380
407953902
796963130
364551734
840544673
248267191
546057167
902898348
559008148
685775332
877490825
260628611
33121896
615457996
774214978
521978674
713034848
618785075
731334991
569162450
364781830
211543578
564852995
622710804
747020158
76451485
683213128
865775163
410087988
491274106
207112220
680379655
342805174
714151198
512684035
212723803
21066226
714926799
398234920
594670807
178179234
177581327
34592702
201243303
344864692
46909315
715344800
109392485
141516157
568521414
334296843
717346785
616889800
538170374
256786820
202839397
509842539
381906225
455120710
67541246
82354207
300217421
280464431
452360457
829111787
763225810
757180219
299898351
922842205
756657716
521076695
328132307
750012886
87298554
881746689
90623791
646584912
527712042
973066608
44062726
115208298
723059847
207645665
215262273
247226475
776744395
739574525
331062963
740785240
373292819
514255603
551164091
249024871
842577891
296380391
257533498
662360091
169023291
94522866
671650622
658297895
762429013
623116543
818739638
886933619
94224070
587394328
570726064
567967569
836550452
754255997
9375040
930912453
303830385
78240053
50792717
794262970
228636976
804986128
356569171
740610140
486108433
401559058
242320286
469540863
931477379
655435839
148433685
514056979
396807982
30598554
883912582
974962095
502532373
942059987
726769104
417890971
671937393
284871289
318093513
575378507
423155677
550076045
396634768
975536371
480293990
753343145
986534854
139652981
374291429
848884781
849522025
945860261
433798178
35507548
898501721
645149895
345458983
101883253
340417948
272251184
1039006
624284271
459366119
796179246
948387258
7935962
578300822
531126857
60784572
363570533
774718053
22586929
765209130
680609695
681367460
422021140
172918904
151768893
205540049
152654149
395776340
68877767
754370618
313142755
602845057
908116300
819467569
785710481
571269491
422304953
168729877
332877569
798263526
885839152
947583929
637297533
363575390
101226202
364903829
321997170
941792835
542068373
455017115
757000891
134600866
557904077
936029180
471143778
399509377
447269736
887687185
908757987
220047235
288179016
362487333
700308983
257221308
730730121
255252775
20429676
444512957
993530054
671767345
701814904
603470463
41398779
10143831
980281561
961210186
43449618
876640060
473410960
132020611
659507455
586428683
464261291
557302173
190193645
115860331
10158077
989242585
380301708
263370993
847708166
341583458
726401499
695765207
791020352
131785358
801767336
870428253
901170311
674725373
9145499
15417970
468269985
696933301
199764532
489589017
389422787
767314494
256811201
113294123
899715019
182945857
546679391
868956731
79969515
863630596
669122811
935465904
618038535
676435343
772790200
770454139
738854256
814338308
43634960
518573981
511886397
776797259
709971165
168195145
652068976
85920097
626208560
724124112
288456582
102984103
942691276
941720005
369059729
487066168
547336266
620601194
470394993
503281211
608088292
502192373
599637379
43416252
288992248
173987305
994377045
771935012
531369609
385592309
671686387
425079434
249181151
832514091
97974351
659095908
857637169
809766019
467189647
172848853
770266279
559125497
263397707
629161241
292428889
178091706
308828097
66635447
952437159
44847495
598654203
825363123
353329671
635750665
717348618
209252527
429442457
394038905
248997902
610219446
929437490
228110865
200716637
266762500
329354306
131775159
65099807
236674102
38306012
373986082
705403090
479807276
245534485
296865060
60212112
815302244
156593900
10069982
216465743
371649249
249606165
20144418
439768324
648788137
418201922
319848434
666910540
657519097
122459552
373223733
144470255
555813877
143717196
727077638
352232842
933521839
782787217
982654790
806108040
457345266
714405038
640839841
985326142
609451171
649182134
70629489
30500917
130465813
935521689
948995869
391100760
623508205
226071837
525673523
712792257
733762332
811308793
275985810
383796243
8097484
644328880
987677272
165168606
906869442
955539108
139134146
406314592
862387311
686388102
45902164
829962436
124765765
640855896
246975891
468793130
744365894
157190009
311356480
160318595
418398877
102221465
514994544
369085060
554218489
34703695
653185369
479277438
157800286
829967343
663041153
924937033
861068791
786820134
536371815
683877864
240690147
973067072
247555681
831906127
238004411
20512141
163190831
31570862
964342719
162227789
615697515
265757697
445722351
16210774
404455277
836263318
480953173
721713861
307019344
68176594
168863713
886966440
770371229
7616022
480353232
91641830
592574888
88061530
748161948
487664511
827765263
976198028
648461641
179870680
212590126
214340518
324197240
243714327
341312744
106045844
243118558
428999563
960329254
541151823
652968014
765690541
887700455
163000229
284207749
846025128
208652859
398390919
926370343
532124049
392442320
564293457
813464746
699068452
72851745
451820407
639641374
846494098
796328901
559060200
887680301
819825932
337572663
258837276
75287564
118196694
468701279
840368262
883774951
23839057
649469937
599547290
96294856
649777509
120685086
411913023
150475602
335922181
800496200
523466896
547714624
61708743
457732585
667548700
141436288
82477301
339542059
693069527
470768085
489545027
483799142
993567644
232593111
169900405
830249025
296697483
76691464
855309045
634025226
150050965
580333717
87457956
694116781
656072849
953385963
736344714
399761471
738886543
413864451
636822455
310363708
706000642
228658934
464206632
214488142
237985556
492064782
428120029
619317872
479473958
535676875
574688292
26779040
634407820
475955400
674085522
632470725
735776291
33554098
561069321
747199150
902016539
460490948
758332052
778192359
753153558
121387173
620781452
759708916
325855503
417892208
686445134
407289099
378050047
17713357
916842793
376873303
859736150
441098667
229834329
679180406
675383428
265900205
85845091
657104265
477240795
143678278
676920224
566135409
892291075
118853735
69677445
292129291
605257
729876308
325983991
389345924
92305896
732003670
198466941
871833562
888305290
577014080
404565562
849553386
104407566
207575575
854410315
714133333
357457843
87158905
209863183
366095600
739194210
193701202
882711112
782961048
402070715
320622026
346456826
251634551
145449491
902046802
313921659
176558970
338623484
479146472
715735512
859443258
897268546
687898627
929009242
961051981
560097647
225507520
789748962
958095978
281622878
254529193
229967498
692915326
140482182
552097264
316977562
620062825
440175285
557104407
183921617
920905789
618907353
530666521
626106521
883944601
793033802
465296404
929036055
420536850
689036049
211976524
720566079
737308215
651996989
811835901
31907012
169087699
733723357
726342775
415248291
241113805
155417909
552966600
767800130
140930355
572273414
606055844
550842343
162311156
729427678
949194409
554977394
497102778
180414019
701605255
419113772
100818039
98333598
212307977
783197069
173426866
203730247
428077195
287251528
55115352
719828148
732810773
526818522
995710287
216258449
272874319
870986654
644888135
204463288
93866989
389211900
754108729
665537402
314293126
952273370
473645362
152076130
381568535
318387405
799305800
146907796
580959078
613755511
257000698
916294767
451600918
244012494
390711067
982855875
541334188
678417020
393908852
340439253
700004833
139408888
167488460
579481395
499328595
996991659
327193186
278291528
127099903
33932195
680861251
835143423
778139398
310301761
159309941
209056249
841985854
27260260
610646395
250083316
213646582
234888952
539281882
955711255
807716448
926043834
968402204
387058846
865145106
676934052
160973372
179770021
239215448
215582938
309004051
330102028
924531225
921570321
439789226
132475924
781476088
676263995
323217960
49439114
16847909
817888302
153662852
863202332
942841566
922018122
484820589
931239760
774057858
288360450
138575927
581737891
193829683
921745710
626990847
563734841
642672821
835239671
734904456
359090348
665151164
964465166
604110173
994409517
650468682
956646013
138941026
308481913
627281319
353595307
578342137
874142137
697610259
743621838
313947191
473581651
871306881
702482775
98574319
561848868
561728821
394250386
178012318
532728549
256685995
291961950
573466257
372518367
89439618
962068569
845377864
71469458
447403747
342470941
262776093
638597415
377871387
120897241
468684811
246502800
393636949
219943945
222027932
634180228
715643314
551530375
436261672
803650767
876332884
94526956
772841908
960175885
136310981
554260246
522352837
552541538
219181828
730199767
785328358
312007465
464237215
114802434
274147473
481605392
778668682
431229465
785464520
646061820
603355609
289822864
477964684
630666370
207618240
23835013
207751715
424556344
740895071
911519897
580573137
178830971
814647734
261236110
898061067
162328016
824171484
102582108
763739401
397168591
959046639
362738657
541244594
192846333
810269800
925795666
277494052
594750379
867783954
348592743
267639761
46766524
3691192
302142189
598998891
845649246
848873091
24628225
271920338
350067658
561703500
821718270
470597524
810668359
462540751
592425641
265486278
457528785
391626513
971268547
295413913
18108342
8388314
762676546
127445071
444091367
782218848
893803008
588223689
174632988
683467136
737724658
712925925
702663645
708086150
868625413
645331778
441656223
520938617
16248178
490915442
863173037
947059427
414054160
337035330
450724352
139172847
172858562
239693807
328137196
878050529
139002520
252400577
597788887
523500146
643296668
176164781
206121119
387161074
333384233
855231856
200322288
997583944
543270144
961941053
425301052
840554256
48369870
156650246
760798607
52321636
669159856
921724405
699154784
921350277
318554763
232564227
906297490
702193864
211753997
84946645
966638412
780549362
781823231
657980337
208073553
695318749
287638979
532991062
880666532
673586450
491782039
869806844
296021055
616828617
112979293
531573438
459420530
950301194
349421498
398394366
272600162
819362239
84553384
605226801
785804552
836600495
837603553
932496642
759094280
781945809
174144810
59703784
263157769
714101987
404126198
30734764
155691095
247113326
126930053
162439089
47566873
526212447
360092551
971258503
859343736
404265535
77668614
793495641
346132496
380227345
42259933
986019503
391870771
757526542
313987457
466834145
669816307
92369966
274621317
310957596
765404177
128694467
554125655
274500202
900602784
88266695
475029103
417901378
539105753
444025400
69933358
413838039
152491853
803682438
183229697
346115122
484812596
658334842
526891797
539233215
813771936
96750112
652343545
401206593
555669810
41339027
880847484
465178708
257496153
867421236
265951824
462682895
695376578
599882576
513858626
26309506
92536953
246878950
163205427
943192809
117317690
322047841
566679977
932574535
496644077
931246301
183393566
852672545
700828658
23198845
704665444
451865950
799150227
714634928
319400342
592717861
682347052
212741245
874686233
588970694
545798099
593316632
918778971
942330700
150117588
779947950
250243745
281692873
847800760
261865928
642705865
964750452
14901050
765726220
354774869
748146839
483596109
201675341
681863141
543678425
820111481
557204204
162220553
340449233
959811664
968162724
657497383
242529414
847377022
45558828
449755551
72280625
55469658
202286409
553884307
280128835
40479940
582354880
496759178
863506829
302944261
861270721
808943828
104153761
76012919
391642712
79435870
452827722
747430235
233929372
272630135
170761184
812239332
297656894
713322653
65853667
933598785
749130348
802204019
907539915
432323738
29517309
531292946
937674435
484593334
977799628
923719680
968367991
226136773
780591349
91236367
125099786
961830914
370162728
637238571
87126225
57393378
226599847
274101113
37257388
493739918
197056862
161707517
204584232
132813666
849172120
259437412
231201334
520123450
805691165
456513276
871172179
588754588
580964519
850828304
470752106
431195143
734018093
370907040
357114170
158821320
414973046
932430912
488072480
983323044
756750108
302332276
498293667
568790292
307226709
462183157
319254931
434680260
575748192
34517718
290765738
243809327
117852374
530077889
889900788
686390560
702706311
396746794
404032664
501982377
672904164
453596588
23957451
70972814
495666226
578478335
618636866
543522018
779029210
678958924
763131627
916095784
556088972
971340085
562770768
256064498
963981598
664113872
422054940
694327396
126907413
14341924
259966346
256445609
243977439
141293899
152231658
116480006
519148720
784610799
281817668
489727517
142587311
131185797
122041113
425139600
852832829
603137941
509535435
342133809
373703808
913163364
786619527
205508869
198101643
161794582
921633593
928001796
853963076
165187341
381464395
91061017
57463152
610137643
878693013
590076278
287756775
718110050
725983745
313342307
385710162
464222189
899849964
329162831
121064168
454153132
189749135
269309901
253685088
343855095
91892281
656601379
333714516
167048622
261344482
649961109
47861220
413430921
691221717
291518842
288687920
503046887
614436902
836856145
532137771
726606756
436841348
830096325
475214308
278162459
956303608
171358932
450660160
105512963
865200109
723755370
681016608
957362139
702640837
611552223
812444339
901523998
9068649
701064106
106106840
726899177
730798116
565601487
425151313
225402339
694715647
850134884
61105033
337341579
53749662
945041566
33163829
214909113
710104991
885190888
618803047
675692114
415674610
24809224
972394674
924319329
920273868
710962630
685191011
624345216
198162985
730227175
24765532
339703209
3794327
42995269
64641773
113025938
105847714
787867499
722917003
511959361
957888009
532713937
802663892
799739258
393302233
678009908
208599486
354575094
862910506
96473708
828871322
84442239
265796517
536486519
989692869
113726796
474409925
20140557
459046385
172329811
330922576
53049536
976717822
765527827
916971530
424765690
396678939
394619692
150617952
432595253
268081372
858554309
194352114
683654814
491329389
385067171
269431507
633057350
715621122
304549559
432761227
658657394
638790488
570424230
603070881
598441027
195857697
686645038
729727691
239288165
59563776
106065182
251242562
726887646
291897854
341140328
456944821
200941672
991018426
628840728
766452051
917869618
534239966
631611525
480083997
