181123669
984297522
782713577
109783049
488524240
790689008
364720672
881547095
773960694
432319789
83446974
904878046
157996071
884324947
332149465
665554520
955317588
655931546
864384712
654958787
567195402
857076592
43777890
327887716
843597807
991355027
514382615
848284982
160852524
167272209
218737336
147640063
543881188
773975430
473225453
303752386
922802321
978210353
65388462
210900162
61429055
758531778
23892103
123762164
262748504
341036332
143377435
988489344
151514380
619560708
783106348
176305802
20691045
243222128
756028245
375957503
984744124
13738183
437031795
211400094
580061986
856411598
934853668
8523794
542813692
909287181
511893558
587809256
960743737
633753003
836901681
534143362
793035395
955710775
860143132
212585960
382685184
677861627
269083328
441168212
103176339
520509932
106708383
172612221
618679435
662997070
698354749
429780158
102018950
405356432
102948913
175522879
470745456
601578597
654575408
375980598
396029587
239170755
674674548
630365249
395812280
849812411
126026431
500336393
7658324
502596269
982171726
833911221
612565085
129805824
450247489
176321441
623151947
867562943
954621081
289173104
178137077
774841635
493955880
612790902
597514686
812731026
291661809
851595514
748600124
305717845
842856711
832460572
25025790
151320542
483886369
10379225
716757013
837028340
512600220
118924257
560767007
315747885
177922513
346752526
43693827
710521321
888342451
3572980
720031837
531361470
185645929
110808538
248785286
18294526
144733208
651908158
913288713
693746585
737217423
823600144
566092321
926269654
705690691
159748878
8473638
213687827
531703075
172037603
634478968
180756172
398977564
441435302
45448550
87125998
8344882
372969841
520105225
46881001
335067439
121173097
606395262
421161611
113322766
115469419
784107927
647689400
794225940
458069869
773363362
617125232
469360501
629525661
382572578
434756618
610723154
13155632
94786276
163259157
616426087
22693396
319839107
924261007
688490653
168452766
874717581
260377051
590179815
524519244
138453287
177720461
293688262
815372698
58268491
753324716
428415396
232965530
350022363
227118847
317221718
153171946
822221052
204200165
558310950
991533164
878640297
722934958
631247929
261627621
840659039
950089517
339447795
187220165
361301459
936946672
956033842
85086548
528366583
904843523
252529039
954273831
141783449
95950014
908369422
954093285
655781431
900583649
368200630
426374996
440507139
461488772
875577913
624367055
564969673
167348415
6310648
406911215
990354784
493181202
63273282
616690588
477545210
551369805
243755539
870550718
99425530
136666955
671603068
417648749
749418929
690707939
773962789
367161756
230251333
595602231
469055590
622184550
861402146
308965431
527433409
349250414
701444688
72552033
873089227
931109813
437837179
10513975
137619357
286550538
310142591
582592822
237126831
690373514
47091703
496121357
905452392
918346907
270803866
95814015
91878326
312478388
152326313
243402692
592870410
953506773
880324058
216136443
69635398
950190571
947141250
763561237
936303034
844887601
40746279
416315173
670165660
506240894
656098081
542034277
436574954
858900454
209465000
485396570
899330337
327780581
269978229
804861114
348454047
341141361
586890818
459195315
381412274
912274374
923636819
15146565
603791745
960138796
358441935
890481078
4562619
31928588
901122961
700908636
401560130
167401993
636244959
583294043
566169031
200192537
158433478
265715891
129161479
85024665
68508095
780696373
53222201
650113871
353311076
693196742
598484826
296810837
741487787
965216981
315942117
101506457
681348614
239048111
79428046
634306122
21611596
851056626
336837809
314156464
518533357
197075714
764029392
985264364
633544563
274840307
357653860
895181962
142919661
585323718
531089899
990944556
389245706
841358196
402546164
609658941
894025455
10900970
31043646
886230362
723060530
392722807
407841219
432314040
77716575
478426332
560121421
134672761
712395461
596346972
40147921
604000559
107148267
540387436
695797193
684175635
141201072
960561650
259651178
338609836
59955754
120207671
605628142
495962279
153412525
82961550
243677136
233138114
848425663
403061958
12414804
786321188
310198976
97457410
25979018
210228425
640773112
80891037
570871133
109331301
284145056
10687771
980634156
777889336
684359511
416580288
969826538
969231529
208124146
45296021
516356753
700430327
821049097
112145026
919634842
213192280
727050155
941807571
905666110
177090490
787195563
793348496
388484601
544485669
571510642
717714950
966256421
917111494
795194372
126949560
721478327
952775516
809270608
58414941
963382673
83498008
893352578
131670730
103381208
418279681
643091896
51507778
718777671
435964554
874114001
197317399
839571584
13837650
16025955
29441249
848969440
248994517
637757447
237478790
487253476
273349910
48943477
741345661
398416404
208991739
366633013
511318954
988503480
170425609
674250917
489991625
764551057
983980995
647596238
500739697
542407222
682165713
740341954
24326567
857879453
142271954
501801630
780492409
40636390
451430113
672287542
471152112
591046576
634530844
526875278
493042361
443570923
269266014
537528041
786176395
10842563
195299324
576292378
164008469
773666311
617979723
753397252
883701696
851617364
659561402
636354338
864694078
423998120
416422875
584722818
927169096
573044887
544405609
802689678
773237902
900297047
537280872
326435942
662442843
311801726
348506655
248046106
716504278
186882692
427357757
631946145
779032026
951214848
341163875
767205875
460372248
382323946
196379106
659654437
939997975
649502532
33621988
152320332
25270652
575619161
167602060
900272510
573114037
44446839
250659229
912722652
877697013
890452302
16330549
818221530
212965309
941022311
149025719
163884744
401144233
260346518
616440182
895639610
816639490
267782139
121430512
52051240
193166166
617562462
607312193
819589201
8130160
315248925
844882190
442228390
45270148
720767455
189909151
473127492
952225638
896350066
289254500
102444696
831638750
994621245
681467107
408757081
161287282
64191025
815058457
711725074
486535540
14557339
532328346
918115578
995410683
324237231
411946089
227795743
545212751
37787755
666466583
417114252
575087976
238405869
535513033
218282306
592059130
689828255
542502759
625520055
35526897
74866017
621734079
310393135
707346717
131955743
321846794
397819770
297912134
131696922
431992280
505708186
615877729
346082908
592823973
490621833
229803685
197360084
194142990
612981221
855947769
621142614
707512420
420047334
348555709
160795539
352034572
607819087
199362086
798250445
802739829
105999084
463397915
470023842
783359440
839979958
397028537
20633190
469022545
139697649
482587955
759963883
874099607
739210073
625019031
825620750
412801819
808653619
528746149
863598943
70497778
390523480
362954850
843116387
62908044
41800422
604155594
521379449
827936460
355706281
476197874
919920503
991418053
217127941
16770433
967352948
833633826
288932157
200314524
45406925
732320148
434091158
507088905
660568276
333419030
108707094
467379618
334681133
625318336
931662477
403488687
706834121
614097617
122022566
133917061
256163173
368354544
614444682
487375579
207790192
562071230
701529152
96096591
116379739
518867084
616153417
400369683
705236216
488684936
345319348
166327709
319720570
99411380
921789074
503293852
572937750
255452101
696049912
553140367
745611697
10379463
909608485
102507246
854410177
858586986
130660670
482929420
516076968
213117092
836902167
971162131
884138098
446038206
20939897
694205933
107315029
357624948
128860883
565763518
46658771
187442307
863914248
489624666
936819752
322586637
248378833
847022643
770976052
590282846
937051776
318760751
76836133
344645742
405120284
617962400
119687979
246807003
738968605
533501470
641264128
332718576
976261466
467477291
141853467
56058596
234126360
512038686
954971096
448270267
688485266
564539702
250579196
733085502
903589775
450261170
194211427
411043803
932821216
800248086
669719918
970481190
92854205
450787133
983413528
795032257
973118446
430042373
946199107
451817035
592571022
760045079
520171192
64798504
805489754
399725887
515142493
320215394
463145786
820264573
104005042
459409055
505253730
570884575
977935390
664354462
159215934
608800174
664788270
321915084
18932295
495241893
285811339
836084300
25661486
309075691
553343901
45020181
232508267
301742581
957493115
399772183
570165528
683663512
395245239
667752840
375713270
857889216
379820380
991030051
989453688
711752812
228646930
937138025
745124614
828968319
684444385
995188003
563406284
318204351
398132447
813717178
261042825
174164829
494492315
11731994
474361077
489753567
758310783
256255925
572432776
921053974
686580332
3647100
969509776
56591514
644105360
61590301
316396187
36120844
410580915
726140844
826750400
95676977
838173282
359143651
889008415
721312644
732198833
395398014
303534671
576847524
936836449
123346310
164392152
400983806
881179898
840215205
295246927
868654100
428713490
14112641
479996481
327902494
299248109
936124658
451205493
577818900
898837315
366416802
150704724
358848589
389904006
94675165
507717891
468553824
186997994
599164780
482221176
290658473
222297735
202083264
895593181
434633574
939812274
151943640
799752632
831921321
918151742
320641757
380608827
493440917
306432054
819276542
39161776
405740407
158897298
154323319
35420821
389586492
781498010
185667497
27361835
232850984
643958626
484914902
682292597
254746801
424741891
642696170
268832140
123435552
406416739
769015639
685668793
381699598
392469568
878749687
814573508
503906240
579891643
327538133
393319893
817573411
592677547
994834572
153189130
649352061
144773262
943427661
800392285
338778336
626274038
7918086
685502087
21165671
39649751
625507412
761842441
58535598
602600376
417798070
512605391
573393312
173883421
95551111
385048792
614138517
955213642
796463889
180887238
323791128
152757878
924819719
342223495
720858047
492591871
838408368
111912733
10483923
715816336
313829267
553529425
548027390
789022717
135211412
43165742
781496804
542668157
909138471
467452877
943213923
871808935
154630702
486464790
68879586
53554509
432380776
256688742
925562082
337154826
319567524
898579119
991405395
399084305
368605795
972117010
292016969
96798194
533770064
411038477
337654247
784694817
770311231
601007013
473663069
418654761
944137565
9898593
321746709
790974036
384051654
570905208
232840128
685449174
351296558
862439143
467475491
959483726
430235825
886931545
474900520
183594770
362304558
101374762
162528773
23296371
246974595
67596210
834912149
821517964
511220474
531644300
602946247
165269263
269259490
598980845
917532903
314142834
270445345
739631844
13338676
310945575
877779003
746197003
377945131
231612581
500196558
646353811
614776857
28398725
349734273
794243853
993128615
88890664
289482484
79602036
584112423
328922342
590921495
901066434
683361594
650327628
487547050
108238268
731565568
355713233
669608057
54102148
766580379
765894766
480277772
66738565
937907269
178938343
496442621
147123565
684983009
542358385
714486076
28272371
364721229
997275700
244072746
934210613
220015451
820154737
921731892
271091279
618210554
499772096
604751131
308504333
100535889
662399181
894386525
198021726
269153621
298642283
48671332
55957720
35980796
790336962
465171280
18797437
387018143
613826839
102036985
875575604
738452037
284573718
835511704
157887263
73882316
398012610
221644410
17340248
203436881
730178965
896635881
331314361
735805949
168937147
2788562
655441485
209912020
507468825
108001373
958910904
285257061
921355376
559187313
171561728
895677438
593691734
536651795
759451047
630473787
594944553
467082850
543494841
432127318
464602780
643910106
13209393
965166995
508610743
758240956
807015409
131975652
822866538
162108416
635008296
153924218
967851932
771354893
596060998
941479442
979043715
915566266
821510494
622259015
828611939
370263504
735639086
922598254
980603887
616672376
324650553
237356807
545708206
603698557
768409887
793295839
327705089
116368271
617413602
426713252
643006451
568883387
769960547
455063940
808782359
112671128
633918798
92649941
587689761
154619933
922143819
317456292
709373631
536404299
762615521
408424232
531747937
676953222
931970393
591574640
13552782
227741702
594653463
196207139
637421228
281305765
478724104
322411825
879632037
970266991
916389401
98397575
973572927
900005143
391804829
221508372
826217660
518064960
463865665
553183018
6006934
686250537
384663052
639026883
217868538
569371794
235111466
200784640
935111941
692348348
267572865
959957273
624272038
986297859
311669478
122159844
632368728
296689513
953366992
868770712
630075521
872801263
222649169
520598040
283976334
924260267
168746806
787260926
889834000
39587107
5660699
774519568
515287124
896862284
426846772
667737460
645730534
611167091
756354438
928506835
484658913
821862534
3980676
212781454
320037353
979172243
376314409
656559993
538748207
859376460
676077731
237377519
382429477
75483195
116162860
185088399
266319296
196383159
72704007
767785636
345231593
210401846
688475526
463997305
559034263
494870331
933535992
796570132
829157370
718717590
749895983
729227234
956544154
376581844
620451563
301829139
190476017
782197111
204720049
390129437
578569072
731080062
354898427
46835469
742348463
660870081
532657056
822053479
311195337
734850302
95258461
861917608
517340530
961686884
760411471
709709752
55327941
789187894
719175476
238253823
701249793
965120994
815280545
228820449
912453831
647148535
46340920
254973050
911233158
372171188
572991964
60353391
510074316
377019739
297313500
337617618
879767225
100625208
828494269
155523436
991122372
580604266
309351261
883574331
26211764
727121843
183622932
308996721
848567154
62078884
18075293
925465559
177838698
522096226
126527745
811256372
108672132
903139706
162781928
442700144
68249128
763363505
620914188
504861590
31202323
230523757
650347713
143728495
280084338
155409162
100184925
720619038
631285439
17419332
456160891
673659664
622606639
378378514
562696779
435192017
336029002
588865301
25230733
739429434
936850243
568276155
630355582
542234394
786766257
669860558
786436806
167428993
611399415
375096320
553793087
418112296
968858602
20613511
86033572
749144066
595728973
979401050
454487642
687936274
633524478
177339959
909656047
261101179
699652158
423823386
320484844
83003380
260731560
206787910
221875850
311961802
410593747
506957316
426736877
387267587
681875568
649276591
698884940
328791407
642946953
177349126
753586802
895024438
845050029
348022034
60107635
92633646
562367876
441765394
135927902
262159151
945523430
856232683
733393319
273624748
314383978
926475096
644975432
603990805
585898031
141924822
381333818
425504216
643203072
779369397
994704315
652962598
944644928
606313581
978224067
864664543
267600146
683315971
178638464
614881983
908943427
60045012
628639761
77559422
419965076
943459915
876418920
81170780
47210846
222712645
597498603
849029096
253247557
103019213
767829345
750354958
302412503
349168969
516477445
355766695
824343596
47232083
409975636
683062917
439393206
785663209
22168211
535517963
121014263
759712033
10126946
752464960
396369287
299415576
604900671
209437080
890418132
95692263
971734402
139149496
581487400
564462082
309799925
975350306
188292115
542560993
285472125
73608849
306717511
206890535
64058697
331575964
384150186
559410687
679333874
45899515
884802646
72037326
463973811
209195569
572134100
2484687
338529880
333729037
553298605
303267878
552186233
357176741
968499006
148533265
546999342
410676746
549514546
792648393
486457873
409780511
316041254
938544956
787741885
464974446
774912144
220938813
435947535
361891669
483091186
768966522
897945816
333788459
872646075
441266222
317927161
523446403
549586005
146602372
675627751
786201540
385580274
891018073
531633434
3169505
329669325
286881499
974264392
970003002
567785995
781521851
540521778
636985422
858787892
632685982
463493517
564899875
926363123
211142342
721898724
966399468
151464398
277460840
64209550
835917826
729766769
552555304
283139959
947290324
813945354
668535287
972976619
362232711
834877908
712567154
843378316
683728845
298794774
367049995
179807555
435702539
817956450
10691086
98843257
379618754
52489991
491151422
578986897
96060931
534156130
613813805
41563954
349910734
36748242
173884172
252117411
592882906
895960479
442401557
197738500
558088509
726811606
996507567
489628454
755310432
312295788
79399074
494122930
268761335
421590517
941257852
659183505
295102151
492262492
383894171
264728359
580369418
378211649
775392639
370175196
579564359
535553925
130214124
842912431
343219749
786528400
580336540
682174034
157341166
702909998
548644908
318429437
190170414
405999588
46022046
151967772
437058993
198081926
48341592
483797263
56656994
719913321
891735070
453637944
765135489
183764111
721642599
870323453
392739050
140699075
715362967
838177520
273882121
463332764
656057198
500600131
61534182
750208833
818282942
104412993
628501235
233480866
106763311
902797609
865476579
956438787
792247109
6467136
123621352
339181593
268013297
365042029
365252081
379341156
13593324
356134938
541020868
414997757
841365220
907609234
188039739
10810982
517775699
178634223
925034588
880559045
903483358
666617298
3408605
466082717
780780322
265247100
542530458
976751651
63939477
335831090
508727298
504253521
389886596
205955925
132924958
300236614
981504650
78972878
331489735
883405374
917442140
11504133
170664724
977874246
278167714
363437008
814444634
554444462
431911808
75131111
483619235
526159089
924205819
171716518
960469642
949672460
827502650
62152849
143629483
699306662
392350679
63880758
998180062
888598402
505664808
284761467
795336214
698113503
380553416
541496438
959064087
562511367
402470287
384725825
228133755
583813707
330125044
840728573
867789151
359845632
265417499
654776462
627278061
131593270
31985586
771993981
275536855
731612072
203875803
450353417
381085129
505817209
468606653
845383706
276191592
747979018
676008116
693783455
827950635
497413480
466860589
604110583
797234709
409013319
741573660
485630549
629972938
543780597
880037080
211758633
85225445
365147202
745674011
159977314
143845735
171487852
180483368
570869730
333378161
510944720
272830254
816678058
227719819
292315672
473739293
699394170
178205378
360432113
822649340
279310635
627929827
742505780
416400289
892008218
337714107
541218505
759133863
616368349
938114047
288165945
95156479
470323593
510698542
517373941
75191233
328011776
62036255
434936809
972993789
290604663
867297293
782965837
20282487
511359472
49572030
150954837
35499442
76530919
116422103
248448041
981175357
450679793
941579701
464928375
391961500
297770685
171559927
188652676
337113719
801075041
115321206
140450913
269638950
410619464
656489598
925592239
966387946
494228557
699889674
817022576
641116291
828769302
176675064
314746838
534665398
323000477
771623589
611926207
390379335
954474839
269301068
376865450
784579746
514381414
581127525
945539213
965496763
219223926
630176260
314836652
952464545
432884845
664240034
330396659
499829435
191914
713400548
239796447
902154802
376801790
595154012
753125155
351865198
669358532
199109307
36561990
489280288
396445716
31438898
432012832
187743272
176269049
924495331
376241811
272835172
921702245
671599171
988187266
339510932
204628102
808125434
449102413
956321980
58756464
293801101
660141798
645667387
63385237
349741882
119137202
854049614
319599758
718588206
452428066
649558289
42287557
431699474
300204093
412774753
453473228
610035178
576419535
697626414
973302376
93817865
356876022
858015717
234588540
228078420
900873932
194275705
758316048
155863198
811903985
268378283
751015168
726872284
244019893
540537893
421838240
169692836
430983721
381475953
61760031
191571146
774623517
230588573
333863376
966148913
943054964
698004062
686380065
67209135
134584419
811712256
768495878
886213474
852101540
275235074
869606047
172144341
686288206
800194605
950337825
777379389
183783905
228577068
912149319
200115737
503618312
405297407
966099892
259732841
864766159
169294784
341738462
519017082
719975456
505287604
363931997
962350981
649277774
409563643
979611504
164252208
856393009
680865904
535142169
427044135
152111130
466203665
644646937
140532106
790757373
76338378
484233459
400698638
809340693
350964075
457463895
595794483
174441828
348039368
702805997
185669781
76970701
603830667
413140656
276755205
287801722
597318795
485414008
40710048
616286837
775582521
294611464
25868043
835230224
795518316
473098018
222296977
249528564
122075258
477588172
179070522
382181652
19080074
596439500
638575193
443424777
997880265
342887787
408492014
235542766
773981341
157365716
109884431
538611742
767508435
652537893
543416246
141058867
984038456
675133967
874290787
735714091
521416720
238465208
521295640
539333722
626743430
621217364
553470857
246324962
228423361
954948357
200387474
474754435
453168372
601642634
205827288
668289073
950914888
601374192
905251236
985039347
458789925
955043123
799564882
501224511
893382509
629375813
357680676
90033108
617537924
838485142
743561516
775112656
371218983
645783417
692905223
830692186
65647157
557166193
864456369
768457847
884739816
604184761
777003034
205058709
397779477
79868572
2429472
458984192
37119178
707846230
237229190
725029257
710945750
393280904
156917825
276052791
230429369
49878699
487867038
2274038
632484199
155302507
235523942
461379711
431285099
975175360
984452150
36904097
754431367
711551944
323039272
816676809
326936360
607857902
920187010
610136769
698692020
554088350
64986173
147037426
612527631
546046227
489056864
491420512
749965879
309090585
566685069
62626343
239006460
53055161
204290721
332882659
777178189
385541322
183810684
960488948
767544117
147019198
503023493
564581289
842074404
974189105
289046164
919862766
349836544
740834675
893543686
716730362
967517213
297194902
780463365
105686613
600010111
775652474
42268815
143170563
897848045
796289137
832116012
370658567
244689416
2174840
348091397
487773403
241344406
826388634
93040432
734703075
61487556
989281191
985946126
555667359
583100689
130656735
35320612
857690873
524476585
540518244
966318321
226439173
869212182
119149455
623828839
732634891
446450706
893248315
917139528
276991121
641630586
765790431
939992956
717192087
458882786
887263918
159151726
251626921
709038316
518971558
432914288
339229979
985154838
19581793
141194134
659389429
722540786
719842936
898089772
537401595
906722333
997966932
195307099
797801902
374468367
109485534
314409634
760437990
902204137
689727114
949626796
561478981
433714055
783980737
551393407
614505389
470666057
803301978
315408844
360190243
278620161
778626023
548905317
328812360
757313437
949013339
87294040
178477517
698698772
978755556
957596938
379123993
133709472
852162623
892533190
957104262
678134201
340864149
986374355
26260205
647495022
502572078
264485577
366247407
984676016
335182206
146908340
442666900
599689400
427629068
707080905
986858099
850368615
136769746
144632380
367506974
732039669
683012398
852341257
966863568
989774347
48436783
884302187
841725880
955957046
600965114
194117212
196044908
736861519
616477655
725622484
578904831
351231510
440743804
334812891
794980109
646451667
662487115
686530695
564768019
565229332
892888671
307271837
400123176
709960783
649539802
474686546
514127307
786954374
201764217
361782668
65695650
120850040
339649755
737350608
961472028
786749704
682529833
347536487
592595103
497851629
491018554
826868207
637271550
850796636
750473743
462709794
374259405
766052176
635848158
627185663
89683415
847470630
670775687
921065610
552950078
416454577
70746626
354060837
427037688
282611643
37926766
675975048
935430183
877491434
473995120
451953440
676527265
754492672
605748852
40338704
165346113
16000444
135104993
146610417
932137263
425223440
633055731
41102563
978315785
175689600
241355050
884250192
995819736
723711177
24545005
396639838
49182768
325138487
132032902
361556331
315488516
428186893
962480721
166220298
658904237
562875085
90566028
270677527
797441895
312448214
413240341
489761189
497488317
778153827
579376251
2937507
264432865
64460575
545303223
388514543
690924907
334278262
292739543
657196056
643679274
400879656
854029952
237822429
206835555
789306679
987780230
593083215
304150181
310392949
246217653
701393144
83301510
968493886
319138709
990680659
39574484
871049922
832573239
475721215
173189821
821966568
219009065
393423084
522624880
621041612
987345371
682955422
354421768
305885433
992574181
697658864
608341524
858923196
784084454
453057314
586136512
908794336
544860618
333516274
810480556
272777065
61391957
651190957
917990392
919766776
253475708
205003644
605832007
936003787
358833074
292008006
374635305
2457183
587919708
616783967
739080424
259408453
325924699
462404076
665528281
495341109
231369132
709584641
316048256
260356243
763778345
716065787
362339135
197104505
124195504
877940272
808577777
553848194
538325929
890263984
971654407
930213207
199981145
183586819
160785726
217919753
707612039
846611703
127249354
147660812
346113850
774792111
396115508
840496914
592483591
802684949
58430084
464118799
928296526
693136587
621442859
376276466
843440077
714902850
207435906
870153819
708162504
407108436
529247729
538139631
667653040
912688322
502808523
413637365
900311664
806795005
768834409
797647755
62544256
338106569
750826697
710508165
390018817
45280310
510299185
865884005
136232503
323198915
417702554
628527782
453274443
140395081
427272122
633979248
524636088
294111022
653760769
857439532
596022048
846375812
742281483
320040424
410321191
448455831
87304248
872723326
976488056
707649567
574462744
722304366
858076242
702959999
866811923
296371260
287762291
51718765
981845510
196051368
330753253
34201284
510448581
853151493
671062418
660715295
88981224
924287379
939385765
745550263
273956872
803797177
741596543
737331430
217075312
461695837
346385468
269427975
47726427
909692711
682463274
720064670
155375804
958568019
875442214
729548904
334748444
410279367
318058659
10013742
636699723
368768552
390577141
904445241
579473777
811846892
18386359
81877233
743786189
742512263
62675992
844564997
553583779
437574164
944366159
5440319
642205625
635560508
804844241
198454561
898466964
579529075
404204532
491142992
549940527
309260412
220783692
655056269
701160708
42452542
385035483
92778950
972905421
881432206
533437535
358470528
574377891
252030120
905317547
321094731
787493321
768442919
73427947
579709650
7994803
749775973
221504225
102395839
77775542
868438528
547586514
93221329
433712116
119146636
249331371
479314044
722437391
112645972
366307693
880037105
186285311
965353697
375158848
703740791
422406630
99041023
107898612
740224195
855928625
855443831
970467058
55880292
239121608
504799067
421591160
880998537
142541035
793702949
157938962
33260335
383273430
534971592
338294145
349464283
851893329
487543709
816382438
191948677
302047498
192210656
598095983
885630679
576044378
602783199
106999315
905234851
530037645
161974698
502996832
723618994
133355438
196608938
172496302
653588528
758072229
456226654
978388843
562445993
537398634
960317329
375407317
943880397
641463637
374565921
407337756
116103961
640663798
522055978
493137112
711935953
159086862
923341522
326929138
700468387
148177948
528194154
435090015
147569775
714116146
457682189
355562203
989832551
921704435
220479204
414542865
500063192
851544028
666877946
645066230
364814322
314035600
951427281
11355145
353645939
665814894
62513824
438028645
741364313
210696107
834062001
860746892
988036747
611302307
51879086
466154681
149340199
529410045
487585640
961169446
761012852
4794751
352320594
497881360
885958470
359194095
893102003
376366817
569516676
691091530
814575137
264335672
652496815
77063029
553415279
681280142
450179753
585111198
836447222
10589097
626150410
553546615
745725051
832716086
150412801
186766437
636181566
761220956
674389439
214643615
398322303
622629510
669399810
668691593
725237102
145423679
538133992
967773893
690926964
692112759
29825197
484573734
563357214
969070671
259638869
611280715
52497438
18367680
624897148
245262419
6408930
548428427
728022
420778803
39936121
337363057
849687894
408255143
627540522
287890244
44604922
712727510
985200807
123211775
257413319
564050975
920795076
76228454
546142612
4149340
631769125
247192071
670310013
238659664
252043944
535556645
85045555
684722660
372949584
763230954
352824745
647207646
600562857
474804969
303923420
729407622
998183623
785549946
191032005
215121596
433112833
435608030
859170867
336418301
340172136
469932234
324796272
355749160
232917824
742847448
673287717
810498294
27983003
266364037
205557605
399543176
691014638
583045596
74915605
160467779
717837836
485844540
463075162
76965922
684084776
386361348
835019122
878950749
162594556
814347704
261666755
643943111
839617231
632373618
56783847
557874657
124512595
477142352
641412404
269279745
896378773
515614455
963245755
362728138
479068866
878514167
913043121
827422671
803745925
522115633
181611828
631141127
963369006
592489237
923591339
437997863
484057549
468000249
751612316
847722441
752024149
495387105
97606408
833820073
391718353
917195955
409937450
392999133
890042202
475075765
698601177
861185550
615291190
328901319
753355948
876474792
688130958
83258455
238535164
488119924
584732064
46044667
459042969
312307384
776488767
362526782
916923151
541883847
316209874
132856438
906446701
677959428
106214343
625421446
399326209
324229902
279714882
51438422
866147016
892483529
146785494
740446042
313547726
849522690
157704010
514301179
341837538
890920073
214173949
624026124
861566966
822435021
121869031
81228678
578196043
109947204
484986200
918735198
685948362
286780950
176446697
720935350
787299298
714262102
96930787
382027032
806326921
916394354
148825801
917838425
212567330
40298001
489542774
201454266
567310524
52995240
332477651
450333151
130939867
327535477
935314872
389922044
527024770
372861594
804189275
727136947
133002698
613641260
243171957
183000053
159331202
103332810
490333249
843991863
665739196
536678402
561560195
331712568
414198205
559124554
198682582
175471004
997831860
475779595
962432458
289296229
336768212
541029281
157133787
45284262
697668655
842162221
483483078
284355665
490436236
972565307
519320367
636794627
398841143
763316151
524409621
862456289
963281320
964713287
107645090
708163301
372100414
499777000
41691807
281451001
107860800
330178359
548430970
306613312
451677186
216367784
705144861
113656404
609900332
247871
859627168
547018103
742356807
519456512
484605023
541456277
821178215
944761730
262897845
981394994
418464532
644690471
492147104
417236386
465090227
645822099
823008954
259475883
658527478
833055123
445472957
760009051
616684692
650484975
407750732
320071040
807432552
116317376
259753293
462275476
88881503
988805556
278968215
81565460
288429979
154521721
81893824
245467968
826613137
918367301
596234819
420363157
287899440
139110678
262208635
317677771
162012109
440535688
755146659
74705671
591823515
593880784
579994535
406189570
793268788
717789833
648403961
467851485
625627610
405059585
268687129
986855269
472343176
831515376
244580298
72383675
253758984
260817924
743634344
187779398
980327010
691990372
461029285
779785326
79056612
24161907
226183446
669293154
244852052
236540738
476004927
714825452
250637734
17296848
498244340
76523568
281098822
518324741
388191974
565449547
55636516
233578409
412691420
230468503
320120992
628610268
947957496
242689978
913759890
70311724
984067613
795334865
909616610
890966292
239282062
468162864
510635145
339871896
819848462
766185612
844918304
600611458
239583955
761839535
950163533
344736129
667088455
172135685
872735835
350426352
114583406
737593976
57508626
312077804
749665886
35292923
653938360
77675608
391827010
967199773
543442884
882135204
395314087
431690682
542780134
737393356
178406469
586176451
566798324
290837867
701712805
147492789
666322446
783657139
57614255
344631041
516148012
12715646
795383292
200914402
679579629
399767122
695828458
371960597
667018145
834308075
316626472
124681132
346379669
159413615
20181536
911498063
201745806
378502147
714468835
623421490
645549371
865994318
731717556
153389018
329556352
526647516
269311018
355711396
614002496
628674372
453743446
74768690
397321517
764281608
752009446
768461085
216294507
935133085
976463346
244152661
448021340
790897665
65046179
277891353
140795085
679537427
986287555
709332184
19838903
761340506
963375009
858033067
901921303
135765308
254187769
320964726
31129501
365169929
159510905
403700325
813665895
