409201684
380295990
317975554
591621568
105463632
141420910
193099216
187125047
73803013
161062731
799587849
579376869
997617088
94406391
26829792
88079227
836698760
52694719
256104285
714563723
148566761
384585648
238586585
545140894
683883096
423747954
509379587
598434849
764791128
147976200
185666671
166789752
938725320
648316938
65646345
406672720
942821255
58918637
470067254
36972609
995838275
892252362
259402892
598406309
378498456
670620517
52101354
647720421
462166217
794866568
612113632
674226390
856123756
972116948
680369449
77499484
332975383
586393190
357856331
273698248
98355902
624291756
992890662
349267471
211102167
587269362
565706699
221771782
536290072
707667962
160946224
341948794
791753550
177632668
70012732
361915884
176213943
707479255
146201507
856716849
945391770
554395696
928353181
144537648
992930676
310778583
351425396
582228459
119473237
214305431
754471444
813098964
110593573
374574775
298515679
272743163
97978812
551972419
496584864
39865168
838464211
596050487
387258451
580814965
812451407
376409776
132604702
229837730
407190189
713161901
956494762
136690673
659398729
453878124
979991480
642707114
910422465
980188353
954789654
749144314
214519270
382190179
739373945
886891205
222988488
983827031
805200211
844749877
713977711
328677422
890370116
768397418
272878078
889616482
500100438
661329287
815487882
521747733
563787428
945664699
273803147
463240599
703191277
165082549
343706447
884238143
927116387
856058215
798128031
864189136
838106636
142101340
582263592
563869268
42907492
519045694
298553209
252021828
872017913
217922258
742628597
748415008
547325209
711989181
485823599
710442407
831570360
980323318
906023787
566768004
819518067
901724239
423484904
614712668
909454865
815351057
489584404
792602904
303231214
559815125
336177237
169451736
815426741
818582020
234834548
350035029
370279322
827857531
866177445
626369925
982251008
31432438
93790826
358244604
862112288
736689250
367833080
797506328
307598082
827387110
772390750
792546968
787852392
738358511
548631373
674880861
273308921
711168549
631360939
236338910
845253579
977276705
514366461
499810963
222348604
863636616
820198517
616558827
815931217
933292377
784572788
16637305
619665803
494687224
308796070
312186489
476343107
363561
638582917
465346639
917743886
228761336
81263074
706449002
579984834
607445439
335278550
555341848
335714092
613160455
739679796
538145245
733557460
265121012
260823760
69065653
107445427
832567052
98238898
460314248
210670407
658828801
146269614
69263439
144637296
503674264
37665039
512628006
573809920
988068398
645404061
921368012
34199933
43870338
695019487
970061311
958905105
325270563
81520780
63712264
745942790
810329220
179805238
415648787
952218612
392155282
42200692
993184839
546367699
527449830
516291203
953267948
583831815
703389307
563120555
127421253
346086979
726920836
671724095
707032398
528830838
320498153
884537395
738116584
91904050
773862466
460951363
146444877
572966505
94820390
764789898
529098553
127781795
260052418
284951962
18266290
428828103
826663786
8452080
295841795
75258343
875854603
148574746
330378243
466086254
841456972
163972732
210163258
705442698
489273459
553567004
904851396
68313542
308663754
15171928
981588981
342676675
37738067
554987739
288939260
504243025
531997652
535062732
621289597
913532957
104656212
532390294
82569616
366312778
154669933
323472682
518820489
21781374
368809952
877550815
67470438
560416301
390285820
137741516
415791476
320244575
490732385
328824221
316107283
68075635
191085819
290541903
13048266
693012425
708070955
987757602
221678828
321313480
71938201
946984771
720925437
805671223
877023514
155689017
457498583
95610570
840887009
22989571
783872573
756249027
196333740
774901696
930971167
318795543
112067700
286955334
484521892
415974928
230351840
981730927
945640251
627851130
983883229
745364422
900905109
584317315
463856715
788012079
307730669
415497697
798886320
557709571
759470606
89994676
150181899
124366304
209566679
20706701
292886698
655429032
929482600
133641472
76686056
47334795
152223524
819711633
97334402
786118784
151151029
429661372
429120111
166052655
433204199
268635571
93445355
84829945
990720206
452058423
114200982
540038851
365590642
255991017
991588709
993821469
381226873
257833398
797575358
227377108
372528865
329430022
66850305
49959712
882048572
726378115
324068627
980572979
221154875
357780185
132505167
210426764
582939012
997413880
225884752
595853433
310291051
350626063
420345504
429544691
409866
30311681
571842192
826094960
819940476
885484983
598394048
880405281
179857866
774479680
763246683
240740611
164143697
89396377
197818969
793053618
809741754
812161311
195945245
716432471
481945137
401834472
406659940
129779052
872504870
841097630
912459460
221838125
343753120
654910414
57718191
173297704
772138498
742461682
55890776
975597811
639626309
472945098
641627981
863790580
781525786
845059834
128683625
497278797
575889349
606484914
320743244
147636592
598819551
671372878
349617925
352646929
831885767
68172725
371983971
16606681
971722670
337953611
125961262
100443976
594154522
201404478
724273515
530715589
895104415
477172245
986407652
152028332
187207200
937871254
486875433
767817657
530767175
729866511
704976814
959972947
577471578
307588240
598958202
785495117
500551980
341175467
877886415
803494395
526307956
519665197
805814335
14271542
446465107
741673451
372803077
926875406
892989591
773419931
340558962
664269845
295200127
600545400
704559918
758774209
938938504
291433601
479852182
671965892
482514585
114970223
617255245
670347653
844202945
805459779
896425078
714555398
470782977
888117089
103142324
201289749
95752857
704097966
357386658
67790065
575219173
762854096
144250527
233091979
559776265
607213212
643359274
305611127
960582767
960814660
150577433
802681275
12332177
901728862
916968225
649069899
599547089
186895732
75669344
333996958
583912391
246801160
373297286
5471673
639241846
699321915
819308888
853339915
235503477
340636209
42667649
390059541
345650070
13056711
729625298
315229791
10897322
541362
74620607
653551160
828443371
911086431
597556829
625852399
691492372
976198067
833558857
352697227
389443344
231742880
492937759
932122433
491261878
557007133
540271098
659011231
464141133
87438191
485830422
693097328
86574606
706942429
380194412
12433066
573410568
135286234
687445522
973968169
175284268
954582082
698419736
118754417
531111449
117956142
274784472
733685613
798423984
65247582
230611356
727735386
97732331
208723153
126339238
774295141
895799527
831762869
860318939
710207589
727144352
701418964
922118305
802098182
65099537
109967746
296754652
388519592
787056470
53374681
903471096
642073511
929719582
498633106
578739072
911536287
955548821
563456629
258770364
530546726
466663411
332071209
60181575
758673939
47484526
874738026
41220637
878444256
183666227
8866030
409668685
272592001
411087308
701261417
368239376
343848311
296409565
706550666
756009159
419160302
246012044
978122313
222218930
442288936
275887649
883059722
471633623
759510354
372865645
9381029
676139570
339257317
653003512
409524074
52904815
947650472
19691705
934559249
416345814
581193784
791559661
45695798
827992446
786450216
789729131
721151632
969539820
298879548
251484307
719063855
975972329
625445708
830749109
592500956
583581098
135545839
381293153
283452679
803911237
220583218
787450181
177181988
458309428
354135512
419643478
756838216
415463038
869763424
451773695
240030967
946354688
119439690
440688576
293171588
211492789
338223798
546891460
114887959
446729782
375581765
791152916
221574422
210465288
489301063
47370993
484661593
780911623
906446349
850719573
407137239
350644666
570775462
244830832
646391676
576874360
314394792
51729917
216010924
793983090
165769997
581081023
43457651
663128176
291239266
410283348
393453171
732304040
783783047
976921891
899606604
692827997
665325997
758689967
578020462
873847583
869940226
78470944
839924605
435525638
85135950
76883286
726270533
664805952
171201765
993726317
32570697
709455390
64651427
354792212
486845088
809837045
250571734
132330593
391542483
741437184
284171132
695721149
984461412
920615016
281797712
902121977
741084432
488786715
570135399
161768849
356435470
144381461
552008849
853026050
16502605
719482045
963563632
163979173
117348052
623953748
161746854
640179821
55928939
176294693
35497442
416260949
298658101
497055386
391797330
431818290
628628551
181036123
384429250
972614367
710644541
554054753
544976582
688578562
659705175
811418852
792737414
724487025
455604647
966010746
342180297
939233228
956829907
427063732
631167566
443469632
299082036
568377140
573799133
916178085
745311466
576167275
263248099
400652019
470909294
780880160
935405948
550288147
761531306
259010039
492671650
486828829
64817765
113535501
25058661
271793118
884739422
792034643
903970915
729804417
185399294
446629914
321304758
507034534
947983463
274799663
204732461
879607283
682423863
596918681
746217554
199783283
921857913
353190135
53692015
496679410
476184985
97914007
207242
709311171
907181096
157037509
976578020
889923189
561724538
539511890
261424128
514612870
332609525
28030792
360425027
951092589
813422163
379864076
4823484
283852645
567559879
260095964
302296468
840608176
553107402
391600575
188100789
333786426
201917374
494234157
138873828
849111291
507260359
753007722
597188367
534416734
242230488
733491115
368070192
505565072
473321130
782560359
719320610
949360300
326903789
208368156
445599822
319508980
247365635
365201085
856828461
159248489
627414119
241816935
153337909
338589246
766246636
562435904
472535409
208108196
929599090
52178121
773404440
482113854
301932826
338120404
86293508
193360954
587005719
977996307
46346798
135550117
426792899
409544513
269460328
385714229
548652558
33143974
963915996
786618721
199772396
648957978
831099509
50493267
187136732
364742833
73539598
154014085
979938544
252129509
739622189
361842392
307017562
299564524
650233178
256655205
720243289
510067462
516774473
650798719
459853042
610989754
562383050
320979692
49680124
23167005
195980402
157710353
587038222
986945294
98516227
868558166
782917467
929259329
548729926
402661196
277510996
66567598
687028575
876741366
911628114
569137280
746186685
483220934
657731912
690916928
461845746
661942210
696577020
208821179
583678954
540476987
585406305
713384640
573240996
43290407
254111169
765721338
315740544
216089500
191516682
889010905
464212750
248870958
325249815
371284692
137115466
624409877
297333359
342311006
166936799
906124078
50958411
223683327
573265442
550857997
163933347
673391564
783968005
449012345
297659343
263729724
230999030
171688354
787776434
429527543
217542201
174765718
77747408
623222112
595379075
818894165
296320370
826930769
810161075
146416697
677602100
625318052
668807772
960214944
49154661
135761492
313908612
672147211
857029970
911705628
183446193
955300801
746249742
13670543
280939120
276579920
733141880
117645686
537427137
811695196
842112493
132633160
313196397
475959111
854787204
424827606
632748317
871710616
429114316
170444193
7368778
112215230
235133718
587487782
906995737
292858524
522902728
396539383
800724718
800481320
259049675
513677094
460309417
727623780
684715706
127194681
970959877
699928100
187013868
595103788
239557444
171207638
940506854
772977381
504213591
764969951
797874520
982744810
679229466
768747490
932709955
825214361
228500264
827404853
525496458
195238867
513998822
765783560
962612367
101631631
144285914
687125264
401143463
37647064
830947603
314833195
799377717
535077239
616300110
488085933
534775142
307074138
650520591
990396209
231404380
510131429
381474842
742197889
677937075
687135798
173791022
464904297
686991604
989212847
456250357
259970700
256632895
925669590
865349882
682671757
800126444
299749119
360913643
496122442
38532562
924105990
385026606
199410297
801539466
676311989
430519530
870025860
210754842
721097979
798233231
327759438
905467193
670251124
827683184
976805788
845424351
354601757
552524870
331147395
689863049
900752301
8700375
33470547
855672860
185415767
252401926
681472350
932037394
738684448
842025335
471204778
563926885
186382981
847086712
313216885
171508238
795766739
397619213
47971483
83732547
618171290
808762775
8962342
10069061
810104016
91077716
634766239
283059534
351874077
556279279
945114691
147732070
524967975
503629549
500042914
19097752
482635773
56802523
729020441
433776403
119516158
896101976
935045437
658027875
13052448
766333604
968167309
717709976
190136639
507552354
973735586
447206524
176896573
272795615
577109168
99218690
543543800
526931413
620623722
641157268
503168240
466138137
395116493
402008305
450237170
823490933
715617615
958953681
288019860
958721176
8750158
837496224
128026730
718673200
614267802
582835072
698087111
497113783
523516575
806893411
165566857
643315470
149094467
114753545
938583574
781981899
595632003
710802292
247075712
325147929
16052782
538930717
198946921
139452413
166353412
889911561
333372211
159095584
237105002
656831046
734484357
602192748
337019728
368536074
696151761
228142021
628784327
287075304
281346276
678548861
868939478
120872812
16988692
794054084
48609380
296478076
674270863
425179851
84209131
135044446
122720403
542138816
746823237
805738
927612536
265551599
304113801
423833243
36471183
713928432
344457391
980344801
491019639
517057432
65883792
212024224
579490433
5688904
170325141
976370293
713223612
200654114
68905245
60419646
111713477
551621912
3719972
895939035
148412217
847797156
593994680
861648532
872789529
585756992
265571456
590655121
112250697
50061267
625493271
104066915
17047621
912758246
676382555
366108239
612669882
36475979
166203782
964659961
14189355
178462595
12707838
591911935
26976810
20924214
891177964
34850583
909403825
275505456
281742580
523268632
589892241
495884751
395776460
527638352
297825823
921595542
536059534
471782303
940847607
334655250
441143488
748009544
703323958
173376754
766153645
485649267
547761243
960895331
38362677
603431131
702096979
769107179
371294029
54643997
138341758
676601927
522337684
645805881
384753818
393687596
195843400
316671771
883730695
51593819
573152434
746679352
82995472
400219027
704904670
419241215
807132245
310673553
964347073
149531331
436832568
929027299
537268212
727579258
518980242
331592936
343045185
383846799
1825178
264344206
330324390
252075494
308914656
555530100
594422815
656394220
597424848
682419439
977769932
261201696
635174084
599617831
988579604
951065600
507181553
79312298
507696650
491763902
84774392
323994665
790809851
504479727
942578985
102487029
575154563
63453676
965844237
685321212
479562134
151185181
238573916
294535377
483922873
773574581
193563861
995384174
114946380
498471991
736647511
329943010
556239625
266246234
282749231
595383475
585724830
891558735
7354041
87643279
544168380
651003652
795063591
689394261
445478660
460392884
239868470
223140909
209066389
305058686
996409347
266645737
397308570
834998600
276540100
579987723
60766337
188474953
16284590
905181483
916071905
196855310
984494340
359516909
432382063
619876720
856091395
313621213
800614961
518518539
545666574
832558494
634841235
361501162
761085080
507595222
938373053
403607201
115808175
418096957
443508339
256943737
275043511
766493435
794088516
684236784
447945900
893085796
294653734
916250741
991507816
413479253
327151603
127120959
314264230
278983027
689741619
366927145
533216593
765524419
108654615
706547749
848693210
815710032
15397212
261927203
571509397
351542887
473685808
909652463
127196039
700475214
876427364
147540648
818172196
842634227
195446149
958092837
429085964
610499979
556639130
133431811
382258609
782435583
493692192
194780398
222687653
111985597
406111475
210464341
795438756
357441699
460400475
100469518
194747208
881400016
531657324
311474270
456781885
3134891
798206745
334799435
403752852
732951767
160333381
144294899
836153533
802414056
424875416
560160496
865705096
273420829
505018582
451697777
749513788
148617229
776761771
21038550
110644843
416915690
321285447
713993892
370814259
123786445
283710948
625273471
870734230
874924364
810278760
912927417
212060832
211819876
906346519
422019519
718518310
63558506
283898841
602362926
990213873
694448832
395731738
193828325
942548619
920899340
104885550
793151415
84169086
120827416
141832001
600040775
61644406
307715045
196894050
28052090
817629721
984769826
707539330
993434057
617780385
512089908
801793958
416902601
620204782
104198196
99680414
297852512
554645320
957870810
701623191
591553844
544215876
307842519
37403207
310296259
789980716
191140948
74261203
81093797
791978172
876835105
366617343
854113336
560750341
213878041
139905701
78505506
943051979
78354497
125199008
117074307
971918328
144083736
444716309
86347863
818246538
597314003
552202130
753180456
641454787
168580909
780131253
948219479
597057179
811887604
583796835
729096095
366213505
4121529
522385023
733398637
555734791
30577917
631536380
231855087
250706598
445825870
323659163
440405869
338157930
883411396
350358429
412745742
636356031
643350670
339305112
9430539
531112476
623995265
242235612
312615652
484975635
580247999
443355185
185273795
770999185
883857762
501999847
640997886
357461033
406055576
12410051
989537692
182040857
304404066
821871981
133259396
289631353
395061048
667075561
348887495
854229201
705829368
291254450
923916394
12794660
895627997
121948368
461016543
680134792
360981136
154222341
866268361
797700012
39993377
688574550
251305452
540491722
923270317
902606319
194046003
636696084
620165979
57390730
174758990
594470664
862441162
935292659
752904691
413914928
425891838
362288254
202289240
865370526
545050135
499303148
315620231
781620501
306558258
231037125
806826741
729657018
270298420
24807908
969779955
564734082
742261093
917690695
184807331
218838418
829495204
73490479
145302213
973122420
574090382
402641079
613999861
146653490
811387697
964016466
550104166
594722933
491616307
106897787
581313052
877748718
973507275
510866396
263364147
614438594
715886691
539125554
74395592
610242190
995129497
862080862
766997117
895303409
225653008
152760172
843741214
587876799
691754292
54675003
275371355
797995817
933390926
621070641
761102896
382652834
320255141
608578674
499182781
629580630
576068150
138472966
772503668
417031835
78025509
635088456
273622392
765448467
18472842
118721205
933037722
312387934
645669035
406046766
848900284
263664094
848020891
588234241
195701194
442844722
617096613
850567888
483775417
942794645
678152707
529238459
793640194
10575608
962467429
960701658
143423465
390961548
915830368
78831469
67407590
661481356
817536246
562375374
277348648
741021805
107547936
106556820
588492162
54992916
195832533
741515212
833371384
359097461
887575121
952855685
215999881
29420761
731442921
700008862
783807962
932063584
624275895
544842736
875021136
880630020
124826714
433094744
605486377
394364371
943397803
249509314
915072401
858879195
54664126
87134478
748862417
746082307
571132977
411034500
359217405
248310351
570069166
476500719
404665634
98215076
1978801
900528000
6010416
531140263
496471654
526391042
653060303
524999407
397723214
280675957
451585992
110106830
991790378
607108403
647947058
553538
856927127
748367193
428729834
972307195
81895183
551250530
428910383
659640299
242933147
263438367
749025213
259411917
366552621
172153091
296890455
304274236
44056735
862497284
720480634
248040221
215430733
331053796
742848800
344562260
588528009
940043371
526565387
926540796
194565700
508125767
423541860
382737656
759789846
995456377
864912424
145109513
476360962
8512404
847680689
494074042
470769095
458690711
946977329
728057067
508034821
709326191
267788339
202226781
499196189
384296504
642756442
108350942
954035088
740085687
184659200
770160179
310801201
787965273
949869852
900326987
472217822
554953342
737414210
806754311
862872709
664557984
652282336
710009851
414514482
973808106
237701407
560719643
828001520
209952549
608767963
922971761
821066078
842216262
595214893
795185969
887474515
688546444
10280517
764609074
943446909
293470316
268233671
172176121
617823868
560773648
331313525
803797416
84484024
612424140
955421370
238761612
730703979
388276013
189949311
51261969
986979968
329301915
235319492
186172482
950237372
250924034
315607773
406220426
403878031
261805329
566633355
913920207
286743969
82592381
847792462
306226409
620566516
820771292
922252688
612886601
88182450
624003714
759233606
751969107
263521047
984480071
492544862
865017931
955117555
833686572
772719224
382312280
467539791
117572482
731349326
58891617
526426771
800796282
633361263
137921991
561728640
579500548
566951360
60455779
671376855
2635964
945334966
332539654
937393434
707048430
398287930
70354561
735577602
989892971
985066102
141640816
346143309
835343693
702672315
63429432
882081691
833193486
666429310
155084175
945465156
659212522
451735161
601728296
684505879
277189868
897501116
509936836
871429568
175179788
760846566
669616767
584701168
215167631
961557360
72559287
705483879
160762513
548681715
123861967
990205770
394370156
476726038
881119784
316906428
688640149
266132872
361321381
888114784
228284830
117986428
616998546
812009247
568001585
894804225
706096352
539271120
332063235
221050380
671384688
98615446
905177254
689076183
75294506
614616082
116971713
301183510
333583553
988398034
914614850
59735077
174164515
888117668
296454292
7285828
418143312
735113776
751754222
486474280
632290630
760700509
16843484
975847812
759763717
333849148
585034517
12593020
847460052
268410463
258793083
273732527
507758807
909218019
269818156
59802448
564415987
989748903
720005077
187015483
652051234
504991837
771150999
900990146
54219808
726019183
679869698
975759219
68597138
247840989
577018555
452778153
668236712
898841417
54930358
320888998
257843904
598022511
634739092
268120369
511644385
576952247
543911561
790818366
411203530
111298784
346006343
824670785
883662864
335071774
37162451
280405570
26565340
429993409
702404106
373970471
561291149
21271102
58165066
526071209
110872188
505064538
434142566
37701054
646139863
717164630
910825482
336503175
595323565
715355244
965737840
117436228
315658632
78938514
729729500
763262304
295051231
57950734
419285344
213141321
443544996
899961273
290940191
975015135
168321852
683194429
282539343
202971473
839252745
610740335
214767840
900334106
49493383
550658649
733783584
331621164
522640574
110728831
846562462
651485518
778921454
148811477
680726160
177299324
591852345
320532631
121061576
151474337
89429990
910615470
221869287
827480127
536891618
211259436
860396466
745306090
721223132
211116744
756161923
248881252
428617788
191693266
59838881
332560469
565392132
11434710
499168056
81999824
937081885
104657310
85448217
86993848
912851422
855613444
394703470
720973325
712213490
26396592
445931756
67351063
418860209
606899292
124227790
217367468
254791104
518320927
242899499
634875805
278546884
390289136
94856449
788305345
626417507
582190261
391794601
136740072
664529157
321575537
257166066
230166144
495120016
83558517
656932517
843346436
258686770
565053276
487097132
509923244
418407476
855448647
774490110
334298290
862924936
954808243
334509529
183959282
669798451
155791595
122710375
969539852
496770984
293299179
266502990
677678590
826523038
843042137
720591741
272645933
166337596
228053764
645554991
712952410
11392602
735838424
552885618
138316197
870049487
554550605
270799732
216864508
792003538
5505419
48869098
751371258
669117927
722474416
144879465
403669528
149303151
563480501
884773908
542644631
943334559
201995662
753171733
514520750
460382490
298467496
1973267
483219821
707639459
839337077
649755455
205302031
831116883
301863267
731595236
738032400
260058001
294399689
346864475
375829450
447173744
799893262
868689690
281352207
290197731
640448980
665402686
66181581
814299521
242620394
957309666
118139382
691636662
511380680
475853144
344745898
703212789
290819069
488400717
631912220
311205865
770203577
502106782
652607094
247566747
892987492
91733875
909935012
470566981
769041391
440893022
200494197
905358993
968370368
238219378
179324267
754710271
812963803
550632933
231937558
556912799
781898379
719819510
446789313
520678481
501599834
852941016
747156582
920734902
435696956
267517827
774844683
869868367
575599930
313351419
994426467
449122738
392774744
892448742
127089780
763048583
471640461
928305903
177078638
861533182
816980508
489247321
897421405
495301300
642767007
582446890
443525013
493952563
332484829
329999565
29069437
727124635
577083276
222332423
545064008
651502578
23443501
559274851
564627490
646991352
104669308
606807481
715150126
89991855
215760356
879834616
208221693
267542217
671609775
877033310
712047706
637232248
328498028
589684174
133084091
119267655
771899360
853326957
231394841
83228128
317637439
353022340
448271246
238655571
610408867
686231177
848705812
947186568
419175037
140326725
793367537
308431379
871453538
554108299
620710566
737517931
262911230
295024230
927942243
992500827
539552852
216106060
825841076
648255353
228094896
963163551
921212838
723196291
587892860
403316675
767527777
37178714
576923619
924918456
23667265
730873768
983973283
255397552
829005493
704734717
211217239
795115319
686940437
791364817
224991529
9085390
26264259
250766005
883393290
732743321
518350889
140158037
686842759
579958210
942997850
956895058
37416212
120327589
661928094
311909065
307867123
697061443
386975311
579845309
81403863
229793568
955722639
220141937
34103354
306903188
793282362
321482897
671916557
966663199
182704500
129538580
576968958
343504664
166613318
771832167
85078461
965714959
107452118
426823566
432663594
786977999
652641821
852379850
36862579
343600989
589622980
844278742
500995859
856521917
162631939
201842657
727865339
152460190
405928101
474784752
870688111
318833708
989829662
450833057
818800705
895936590
63487082
303884239
611683872
306560860
424868588
462142643
786393550
577825366
913984552
696726562
41542225
624571577
734858391
785144402
222762968
810122184
321464357
239446739
816775729
166378646
8509083
713641498
194281322
221221852
775217700
779311909
720446419
613502986
182294502
848980436
386773015
123070685
577846704
333544512
65519941
870919497
381520339
299649957
158947577
9323074
266880601
109445094
428806033
607635522
75490592
818378044
430280111
133570065
760273194
831756023
303496582
182646428
472630078
632613120
409457420
538215956
930819540
584293695
292480112
476951344
970855479
691519115
678315566
47459900
843961510
412997120
172354023
546630894
884491671
771000076
360354777
648491531
919321255
329259789
394410966
532424899
273893543
165957148
808097321
836161232
775294616
600830658
850438951
41692653
964872555
578276076
826619821
86134346
168558852
599403851
921771591
767829486
46575668
349386670
943731261
413630620
228174179
585992585
968206868
550879107
465265792
713755514
316462100
585950384
359251000
493689114
448618666
700809388
561482424
975668868
720055712
861486113
332913588
996159605
994132985
89093231
778069787
782589222
511395611
845844170
891117466
323470416
742009030
871407578
278676659
183726740
717545020
686074432
74137787
476562420
455890389
407802115
279421998
593865080
739053631
811647515
291677224
931990368
437157284
652791294
125690956
229305156
334984384
797442779
529372384
728772000
70439672
986768184
806439699
52808428
857077822
525875973
196059552
184401192
22892929
672784356
358344479
428939535
630837161
239152847
734324368
400272148
201064773
188047663
333442675
635378852
51296786
814296372
944095889
883739766
126813504
989040678
240646000
485401077
539783931
125163166
630391461
271075978
139012963
781992430
235834819
298093313
942814134
878955472
79825961
895671696
498227603
850734071
261801127
753314111
197060154
114576968
378872642
634573908
780499581
252047444
543430858
287602195
321929478
523661098
171411461
876361072
645479553
274000547
300402459
350044273
462883154
791946597
625968799
282640292
925727399
289417004
297331665
428031118
766636228
939156439
401656294
101275165
831524857
629365614
261764874
153339829
243748933
126793927
334202097
965768165
85170970
555246590
683025321
818559453
468156558
749704101
213957673
466605672
952208459
901042544
308937493
882432114
753359096
856870944
440853905
939601208
613701676
284467558
875394061
214621206
504322521
354303085
128952133
488776262
937881212
794027010
101852164
20371285
135406953
579709152
859404326
189279902
100273320
782256720
854949205
959479295
974429072
636056483
285910144
216500227
600096027
466979980
41048814
210077153
433407120
406943634
367697305
527746680
293463510
133808707
629798348
642567058
659741154
107016739
442354852
368001597
625982628
762329136
95408012
63227732
404357580
429966019
845120939
979193608
503259283
591134712
451333850
418942669
683356537
512485361
351948872
891864511
359378248
230025991
533397743
683253215
577293794
74090654
941441489
187825291
231627283
351404438
310667993
901140399
664651300
320218499
659818455
63548900
783854552
986769075
976984654
646227710
864923149
317813696
66342250
415941980
904417962
390734250
310998718
693408705
479754808
10296816
52558243
299740569
842263295
859638314
147826242
984376673
34297075
291965763
667504308
760958027
493808885
325767239
263559755
429487077
807750321
566927724
671676591
322260713
958992271
11933528
42616592
8777540
235740981
99069856
977680506
85920892
862808776
71389404
791842806
778358082
229804674
842262890
173925989
387714005
699990014
913240908
56931610
976549236
376556426
145594268
417982433
551423736
473670173
929187606
273056690
860924431
68111061
401491726
992549613
22487591
344736030
192553195
280890149
785046418
419647963
382880661
813729607
586598290
940703124
764725268
433124980
413153042
869814661
254108223
960257557
297288468
152552316
829589455
484787559
385771222
925816575
893334578
527250974
479101321
252553356
848709319
530014670
550617170
436757780
823555985
780700081
848124417
524576833
215903310
137997722
754496757
730365125
621033786
59078601
719701050
556828723
201390228
146890571
457494932
144604100
564380982
707394823
140590501
453989619
386710500
318754986
563283246
664940013
214202479
129454326
538966464
29336198
747785403
584366962
337298447
420217730
504310355
591908556
288426514
542006154
915838886
296956353
629028193
151418585
509258883
429664468
430358953
472685140
84927084
550420066
398157219
594165323
535174136
376707920
259218971
911957813
73796166
930425891
180646519
191352389
934643491
955651218
723484199
858911413
837520256
896791313
137769824
347799580
868566383
649810828
509117270
822155769
307393498
730265150
720989578
971877836
36872062
615624653
7005863
666570149
638956005
113193901
84583082
618767030
911880465
409195857
386556859
10515452
994681736
712919384
847682583
300160901
977915053
407908309
863013584
41810961
630361949
547826506
949003881
724062914
49510064
322174494
371344258
96507636
269225896
625242092
818817320
892121425
920151532
334476268
935746044
990102532
566948157
805660379
889565053
775845964
625103609
284886400
629676356
793707808
246146914
798221325
967443043
719601002
940223184
791058200
570913768
439211217
551101310
533160983
329891429
963021877
452325538
654025343
428810011
271634697
670214647
507698035
276188653
688700734
139726487
508575378
361047167
327470794
242907989
995672486
913193245
687596722
545107862
774010765
577875349
820484832
542210670
47722195
908522406
744596886
168057580
761588443
369691741
904841323
47668591
820400935
546573943
413581046
173725304
236932826
465821386
906742096
970354766
269388271
742123703
700976994
910203279
356398959
89354740
506941969
397804020
456993117
136866185
265054448
719727429
685055468
220383021
726027669
471370226
21667036
630828222
112347158
235149402
885354495
49945096
517554734
937238110
994932764
742906227
317889977
926660446
162190800
855833847
797257752
762474929
105737131
102655925
227607390
670308861
880658777
744954509
896934637
408454050
770644359
972712291
31712748
637542907
486886636
875424075
657065065
680079475
968041117
343106753
2667465
588436215
344110919
617287180
437791690
631761368
612550661
592692444
798194901
35964868
392928588
769384626
319479373
317953963
604821125
855732969
505416417
910721190
704736154
822700945
724531489
319544265
291023372
346461357
402232936
678571636
362436189
586661128
782970621
937353447
194717703
507227240
173417442
799584982
575674735
819214015
869050640
922609224
331460826
409119213
425354116
564178136
712856194
541554953
98502214
946401232
209575784
262944794
77992558
327150388
746064408
800856398
932783204
819799988
358445892
38082757
837901319
662962733
405864032
823066274
187881215
439943246
589746586
980878598
343233310
321575120
552559781
254444300
553750428
989276076
930785500
519740703
395988480
167204183
987556886
891263366
448585181
217691058
782135433
710462640
742034631
627282417
974289883
357410415
383267974
269683421
577314196
592570171
631751644
373158470
157251231
760130368
915487309
814966831
161423659
40214968
974237418
822913999
487478134
393358855
196535919
173496794
177133187
753260565
94763752
133477765
334186660
910987926
643993076
333764166
499227334
383152160
271583637
41814165
219432182
567393537
106847306
612895487
968919782
395297413
61442179
206412000
18135510
178555131
889205270
446558177
670996070
542580833
553510659
464341254
