431770181
392283169
326386266
912251971
131840023
834717822
662245845
301859973
279090292
75152308
972278544
171982033
950471929
953377887
601077651
701837672
434411398
105025274
179824140
961510561
882733927
413599569
339241458
20900830
763939379
186924176
565670477
507871122
130832220
299659951
640660830
743048524
796357209
551932337
356657812
37795267
49315937
250193799
746713274
609200477
717337196
533499566
482816522
791277877
300003121
484921950
258175122
202605967
31327355
53915147
391280207
501827141
921613784
294479703
52281432
744982553
797242146
633959834
963038399
34875642
953963892
234289575
863171653
304417850
420674715
5994885
978822176
697754079
475406785
990527246
943739064
963294242
427543004
658018291
276854262
610302124
467827153
574095194
656281196
559530663
482564415
149852076
879048082
46991576
96492373
186496839
316330504
932443774
120319338
443056589
626478794
287155952
315476533
809688548
122129624
865270636
257523478
970363660
694662700
339032668
495380909
140909848
700102692
825840107
210880357
707455094
566669394
150540686
249214752
853381882
355886205
796371310
736885756
256488275
322834032
345960275
435037268
323388276
227295085
719930893
820384990
674938770
912704015
552209245
512674606
654436912
234296456
115609548
216728211
838151622
307008104
896874992
110104880
175099965
310017259
782751589
62351518
103702069
741966631
907139429
246508406
308598578
605981553
508406137
667234121
909580780
626277107
162320371
349274499
596412257
285037921
844043390
649480659
123903310
410978182
677791801
727441356
851825084
816856584
696764248
569754224
977108881
807315823
692539033
34060500
917966717
61200269
702983677
439655632
565397052
835613664
311210414
521812507
280119328
628920533
978380249
468017326
344348437
405902312
148174255
267184513
136236178
901340951
803810927
331987487
71896834
296982212
251747758
606556390
785188311
826199268
861181819
204246313
957711777
175387496
294763763
900355034
327732831
896679349
385093616
129912257
648826457
480033178
410474568
897317847
862851361
581253118
388653985
822810599
236418607
689843671
796338042
329478903
346370764
279408477
700612158
363874751
518255023
466865859
510584660
34655687
948033604
113822767
348130695
200370553
515641387
309649718
379840511
766075762
911282787
755342657
547402819
543486348
74546809
692128719
304634626
901139434
386002877
224055133
600091812
491988990
242639217
988748045
907091441
718905157
164389422
664959189
286087164
81228549
157427853
794804208
945588912
889734500
316421739
288376397
289188567
867968597
651152125
630587986
306809783
324602952
138445328
431352006
536518798
916289048
911241325
655169919
371954721
725729266
451350784
382755177
799846393
42397436
232483865
890889473
149067404
15797611
152830023
203070685
764885909
664742021
127457595
963965700
144765162
120458257
663816812
635158600
545299790
996035243
287257986
711074755
617917467
57278026
683908123
222080550
505289554
820697858
111260013
328720855
589599423
114386638
211884745
576516024
251760569
840732155
591746816
659060112
938993413
348489834
504565905
236134039
46806338
948223312
69146202
579120691
66797687
91505359
269543271
843329978
499133887
967670190
501314736
366083025
868678429
705722566
636959771
552752418
14600679
171610647
830234117
7844793
682285672
824935354
512268536
636463183
159928714
457842838
763741462
578963329
18398422
567447180
530921771
644729755
10546420
658564915
882099710
896163159
176855514
175177082
871526688
220664641
887555554
673518183
436075477
248605761
600789371
365012062
783468314
400119912
993300258
784148313
13732705
659679912
628906369
107842474
224518229
227391075
748260243
771651948
218902622
661742400
574714003
286657420
671158289
277351804
152223628
72001099
912271917
377429098
437693130
690644688
738813472
343338396
688080430
44725938
79071909
330044950
57990476
980132837
767278631
69883082
48660884
178475781
351797452
571932232
932991231
820562108
49581500
54859370
29863220
715158705
86762438
259690724
795948423
876626775
629569959
531272943
734356143
459928806
92994705
392135687
288659910
610067960
266694966
137717148
116575374
8830637
26637375
622569649
452940530
901343023
173383922
636415323
523295289
385581056
336566190
202322465
3793759
580445932
660315117
744795672
464864398
248846568
941296951
42210296
443970112
876606632
483971556
134224270
639182791
522519278
980928731
12989119
829851312
215420066
309251685
276151290
723451745
383469130
410403419
397846189
604078974
298143292
587803897
975271792
982924680
278257789
725927193
131359544
730193356
732841622
689152738
296209931
229589617
602546267
764135730
274637129
558140198
506883758
831130905
985068746
26435812
295924792
513044593
435306695
789722998
954502266
702616099
643419254
369630370
176293000
664601355
536267480
767129800
669027111
180063965
306711107
577337975
769777477
971668487
800571141
129387471
953188273
833377781
26565918
791632438
563041417
687709720
3482054
827072244
617767783
755212481
955776901
748777322
421935712
469517624
61897193
712641285
68135359
347691730
604386203
17234582
448622208
144064939
234412061
918055541
617531788
402778500
3885346
652864578
464533560
772680759
325360349
768114198
670096934
155751060
67823101
203453339
619033218
411590345
533199015
124452309
606371966
349279787
934075296
568942163
601454898
530116517
115203501
876859542
596891905
317465345
400362732
345953934
804128341
224099624
661171740
215459816
562703301
62154121
571991794
931846794
799437247
787790262
268050372
207868036
274302921
416542611
79673723
948613190
879089616
126519673
506729722
776637753
852989959
228660895
912999643
525190680
447620044
114380802
682055560
885740431
321720565
648898519
589783565
321158178
210374960
987910434
880337821
510266406
726935078
567335319
602832693
26048991
33483424
122496280
361218855
552049487
207826095
385113370
166560251
809846290
169185430
435099422
398697978
891350637
975202690
686782414
684418216
548966869
475275148
956519996
57615743
148841184
705105654
750428486
287448390
122079375
541363998
208965679
129131556
94825625
218532036
133807916
884401295
846798672
870737227
968111341
937397300
875629056
357247278
440721800
149575698
410396833
303085019
507703603
34880524
592719272
591703754
849665607
28575381
806147435
583887967
929340253
119701258
928993990
468958449
769447765
161642962
721921776
216070858
25158641
785292745
242743507
586528654
219208341
846477637
992818346
522820906
752957054
429697139
280809777
362621891
674546912
762398245
746248853
428133198
684253266
89424338
284014933
687591791
66310239
825774824
77199680
314384386
905131308
92894551
325958199
790338330
728897203
767919291
24344034
904128957
30717560
735693106
298058339
801208669
948608890
487133340
444448355
653550727
682423693
357089363
464289744
72781028
262472694
981517732
253086881
610014228
90519057
323863880
133403014
460050395
260784660
605146321
441820133
903168130
32466690
901254497
843485253
832096657
966171793
187002960
809903864
838987735
337392945
969977535
233002027
730385062
684692030
332395726
664697942
616389342
551726934
852722837
927347175
451329210
667731779
563762209
577585172
519751144
545652503
577610370
268274075
619866076
793960089
397993354
322665575
932221217
410683827
349076983
180722384
278589945
711902163
337658952
971929375
921690877
425778148
751724015
223641738
124247527
89392721
915064003
792383348
745674382
147642037
893061981
180588184
4135619
933262923
177403437
773053439
537922065
616141264
302845563
490303645
113204849
385490949
576533554
641198108
174574549
431039178
924254989
425875957
535659868
610290010
712395295
719222016
751241720
488439962
238287102
166577735
40253308
344033662
15013879
206284784
597395919
524443557
450053483
413080169
239159184
346655878
302064289
63645794
526105239
677586119
565771526
756097837
404333610
623717743
68376348
289153213
345103209
827214556
368959299
651906165
942518163
257513524
938966457
800525002
295454607
117314575
466758205
676938651
948250989
732064263
635561471
334519210
428707631
731741258
21459436
31897867
803954301
81356359
441502114
66322638
16842662
15698476
552375956
454842986
599813138
272830011
303447290
785536858
934348138
858237454
973285881
560210410
942186039
556055318
542436186
112539894
717022699
112055829
251067058
816901353
310961578
144884704
665306220
812939816
122454374
64346117
490546472
556733236
841770542
548657117
993016013
673509175
360878229
914415444
495524166
270377885
812998535
403393672
204344197
19958086
734935183
200008495
258280491
304574803
346657809
212208086
814830504
242748663
573497252
302668582
864944091
116427583
257664793
177450804
717688374
708298100
184443978
654395121
911547653
363342756
646468470
412456042
765203394
387720063
500240906
476289770
234331999
534062531
63865201
233816458
769615932
842540086
193199672
525944302
143890979
682364558
823868876
220629049
508289004
424228767
494470060
789597281
720423088
235029938
54355705
105733280
720397586
733666792
588564640
422596288
723326287
631705946
105974649
21555937
92760495
747359295
958975961
34464365
401434792
344137695
767199577
358802288
335453646
791790305
735917986
264522011
193731821
34414195
177652343
915641237
354805980
714186169
37940352
680750622
876492995
960693523
405248138
894290338
879159283
785834825
634268725
718291694
80285731
37962524
52805030
343869165
21167716
892351504
912773456
12827355
914308084
459124027
795992563
211610237
511309311
305133424
211890028
619292895
759106027
250015087
567202014
64850066
742970575
86358004
753475880
119508145
338662278
595171003
385599980
91933993
605607390
936653153
562000865
967983841
350197978
612943647
270332198
591817842
850133998
602880147
847609443
344948632
353997837
265655263
330641847
134879751
427508349
812105037
491017253
479007429
197795984
107636775
483603232
2469655
792031896
290681571
415534775
421972582
688993578
639824103
856957903
80965094
555673302
788811133
5482274
60921130
914571088
283741647
75613679
67193267
915930307
559305341
756559750
911871810
468443185
826220289
2692849
365314880
443292320
34283540
135208522
772842980
284275164
906040330
540086238
596082638
740867239
898208396
238811690
780808463
178069044
576267638
730877469
296118659
96626974
840820113
210237938
334483298
573291115
42735896
60806823
133648690
46254823
817401727
211263531
159774906
457502784
789797155
871220431
26655434
39564862
162429839
907133869
24728474
424046502
145853185
94426817
884228210
238198927
463278801
923081393
708446704
817665117
252345971
938732435
18637019
646218089
627441171
114453573
103122413
640415178
668911359
155047314
754870342
8866228
298583263
555094754
131109088
541767216
366013582
246543652
518326033
823049152
54548601
544707081
616404495
254216390
798052265
110499433
80457654
370419073
567510371
193845508
600806148
676196060
341979631
133335234
546737855
292668452
946783886
972707270
867109576
542319625
822607126
461919355
901561650
952277240
132712048
579605215
923216745
209642910
6239240
561369401
974059937
282488508
749712413
237543946
570579131
352883836
881087743
952212070
909781664
269151341
855491009
654165727
943476137
80517280
90626862
191683547
198927346
942175179
1902058
328119968
443993640
6684693
322578803
42054523
230476583
360025866
634689238
198336654
487166267
536466284
696804096
984647116
675481669
968492037
48006412
150264247
260132130
49350530
347450200
355410387
984214667
787692608
540104725
978670170
117443021
127699472
907277380
455678499
663218108
867913073
349524883
868790270
98563681
458338852
31611088
31071339
662020109
240962901
348482391
81226717
601245012
501422267
442751579
591936311
448122058
233013672
963062847
169350940
53094777
373109583
73881105
706281993
102645230
805639590
771936160
676437301
790166337
284852872
856958927
593596561
314861502
629598426
335333014
199664410
718594250
406170457
425580010
849679419
600855819
623237850
929033893
703914129
182974601
725914729
588091389
30382170
91233663
677234852
494936932
367970878
30639837
356643268
791232083
888560000
913175659
412599585
108510654
604624506
325231693
314307254
497162555
514308811
469153508
979640949
722773594
482186757
782565403
430563530
636095135
662751743
801664163
973038731
859425112
561996169
384523371
701411812
804178663
38866195
986979972
306986384
136103270
750119908
929262315
360498258
465602814
752483802
265383747
253251186
622552164
948559628
570813790
240217296
106497792
308996329
849431105
912612199
715595733
720079440
718579483
860833441
352036238
921289873
575922184
236393782
308358700
125432864
524208548
206096232
242841653
143090201
901027035
410573985
161332362
370177417
326600535
929031821
462205976
407818618
530694236
816118863
303870886
663603337
979757953
796296398
264350876
708257794
185110196
493820268
566574455
145821264
657652325
133115125
638165674
1043856
263138544
474841388
234464306
158323086
97068873
286381098
949787050
601938363
801258026
288227354
752922035
990102760
410001906
720600109
562760666
674140420
290800971
817049696
417288427
341479096
32392156
594726878
801934024
981226651
296926061
528848938
565337470
159580135
903717180
199154704
673720726
556767223
120968626
990674905
99214853
778799357
115605425
702681190
391544405
244974491
251578352
563551153
67701748
834638557
985920720
311377724
927451387
792428460
804453478
208695952
428759409
70237835
777745125
199164878
238127671
231166223
858241081
958482929
29182215
496183150
105510667
957593959
447540386
853215818
939354973
834501584
59787549
728731322
837528780
951767308
248452626
356361601
509449456
993921142
202320011
993396102
931269996
678893929
415192611
632567741
573212166
583013091
451551242
212434964
851617287
771053741
754378031
846105192
161520714
465964389
330023361
33815363
13311784
794597046
769227743
258212724
915299521
385380992
74181775
159429819
683142884
817670214
865180326
457877686
747608992
223360616
887562232
135844995
642412607
113332272
728575243
768251231
14747573
25038076
535659278
432101555
127154865
610732881
382367452
204120525
570240792
980036773
536430387
14454591
743857528
312598862
74222406
93506720
131061701
936477261
357291231
587121837
286707622
583204041
442736381
395597212
501617469
129479224
66227920
968287306
589477465
784216214
696879758
367552476
860022170
258157395
765411295
568947342
77448899
686424040
783322356
34436359
965343634
396230047
677828630
841459360
421572997
104666690
269291762
397734676
879761809
939530582
91546887
336987228
382886719
715065629
366594199
869430408
899215379
142066097
448496605
79043720
70652747
656061582
852806809
470033343
282752921
761570608
300054930
618026884
346087297
468575890
402340995
838819490
788807264
582632593
577948910
7316663
574253662
870603731
122565424
553921036
637697593
550269954
558110261
305291107
346713177
851554744
350687660
358026901
215947587
199612366
301029275
775473759
275660412
394903654
773933050
897885499
409019992
935209149
66550979
117710157
787839435
756540271
282472230
985942110
352050332
46187248
35775474
312049015
553232409
922291861
532617494
592524269
152395147
654062083
709802995
104696735
976640688
284656465
561684733
87881667
125228716
986355216
624499276
307187491
126345170
53090258
895813609
140121197
204017564
902232502
140982452
526835641
504364449
628130789
266099375
436803715
713067723
146833061
129561090
410917433
524484235
256457653
705324665
714503285
192221303
811004618
731223428
462367314
65851010
100119135
703667894
789419954
455962271
639004073
198486456
168870273
982280167
904968267
811685163
303225102
195157140
774234894
850008153
471374499
503201911
194008631
150749461
167521974
578070616
299408320
688527187
727770210
449929605
92917068
172776148
386744022
229077827
484612096
78255798
690901228
892985812
601091685
771356952
600844414
872962569
242757012
81487292
754715707
842288790
352059767
668095597
948020217
523143499
990282402
993842371
614742569
528437336
752019048
758456452
566343215
276125979
503783305
873293452
912059036
22244210
452577913
751043746
996507650
496865490
637133541
324140639
321753645
309312573
392920906
809160012
913243991
731716892
510091824
193752826
482147185
940832199
630981907
408640875
308717360
946828029
621383383
567931748
733770477
317262271
107671135
460018750
798188133
849831868
42580006
397166647
45611208
92171632
11955840
950086812
166319289
449935207
65911399
351043504
38380680
726854989
583087060
592187852
900472717
168958189
585322154
106738090
250201584
878006811
350035233
63204298
404906033
394449016
275083255
229825751
154435590
968342036
231299516
775505362
121830928
122197303
930054826
819768677
611771288
367514730
491729351
106114319
253695021
481516870
335937502
428876914
760878357
621029534
130935515
456553248
50920926
191898314
238429337
722799629
914545528
353210586
824518736
11361740
437840236
120476650
159869235
129555382
725620299
843665013
678708529
538302650
577373278
358076701
995082354
692599889
51714277
469975239
675321454
400670761
162415367
103198407
491476408
980750421
601881644
501493684
620842395
25788822
892656071
734621071
48407722
978058544
901588608
808360820
579858713
890446469
432598957
692115607
919223358
58651148
648574720
704868580
442058008
327927214
188573971
743113632
745067688
355394428
49098438
384586274
110866268
651358372
108585574
711856498
842026158
384456653
170411099
631799296
262862457
788868208
688509066
941996341
965856684
689439916
574296175
437191356
24079213
448580982
699504663
395016094
60218453
358454185
707075556
754831524
886008405
864449310
768806221
260524975
97315364
946808164
797859045
354452942
689062488
423475177
99563187
430097057
572237441
374813038
360766506
566650766
619128708
625741879
436262999
965080040
400259451
811577890
897737264
589077190
567633675
830148885
410822323
95948222
777260152
731178950
878456606
843414007
731696674
933264982
438574325
872002600
613607115
580030732
42599910
570629383
451324666
698458697
920925513
216526802
419749765
391407356
379260124
5862755
252496080
991357378
138837397
884437288
488261267
517670496
58042542
821018263
222955367
525347822
249553203
255042737
642908978
303788547
337667050
48722564
465344698
436688310
98027730
461185707
242571110
16450217
762261732
596618644
199815468
608146217
14717437
159128451
654303606
634690418
102684301
668708831
451434114
26195171
885619016
862700310
138557183
381543599
910687103
978879900
608055395
12476321
858864795
399944398
919128079
902066668
217802840
93799145
969896434
282016581
1591791
572544022
245138696
620903313
97363157
526627001
420647491
179727554
390379999
550454124
13338049
484106130
318053655
622780082
353920542
626011725
464583150
146508319
496696010
908851411
837822381
726467585
974865861
277057889
222595729
652360003
277568152
609118195
688902657
621463596
139162145
482265912
122118858
378295375
940881893
44239704
749007798
982462118
281516322
718019925
856524082
155768983
200042879
636003965
957744993
583689973
131639378
506899422
753676201
983335247
71078935
798661193
745274101
212494754
97752272
330365340
493926684
7226209
761971912
574418543
703734643
866944263
251032152
808092549
231775425
698313215
369902390
1440781
510091042
683142630
769159765
435875270
43388315
404888859
356145397
832107486
108244579
75307057
453240386
993980222
101832916
572548060
625913987
970835001
452589188
104507015
350266750
243944998
849422560
60837860
590127419
23286338
631339141
956756309
734547881
700535502
487084826
176430650
617989234
318610055
776053561
920266382
164184194
668162337
602779193
132718938
540153682
491299810
802148757
255139102
711784364
982530847
31598008
479623548
89160104
876436183
87126198
910414924
364378215
643193903
513883208
857128665
852601972
905552623
378113225
975301597
976076972
405047892
847186505
951932394
407136908
551019824
111658707
15905761
931301881
816822418
854172441
329319122
822905673
941258873
996818611
444113530
595564719
787893063
378583047
640648847
23155974
363908436
68482419
746480068
796738578
877418640
649528389
648560548
320329112
386058956
333239269
864621683
827879329
321530490
293690550
771040868
405950463
601180407
275324150
455160868
559915912
112879000
142373542
97786908
787993909
523998867
882160612
34499952
672928194
190668131
698005569
209848121
417722378
275760912
300030564
67070205
384790488
408323142
867687818
195271880
914359834
120443365
922988776
894991123
639522442
760646363
213202340
907995270
640780444
321516484
792426722
879636303
954438241
446137625
27589737
192522016
548690528
345937146
209537914
428508440
625975731
961536504
143792117
819527161
173193022
742375188
508758135
393997924
657125253
4696280
322963410
824408111
790460338
834943688
891149448
614907194
403041866
43130866
714731182
976113422
835886926
730331582
630430238
243320645
831911666
863906861
588055982
659002224
471871891
252317659
238567361
203936327
909747351
256519804
439470164
852199107
527315937
790621091
126233910
190597503
962326404
363283199
849309567
593388410
36121996
217736258
537371843
490841838
219299334
197449109
195661033
592870332
467368870
364393428
669152108
624222202
355985744
485132332
919365224
991391372
456274104
658053858
329707593
679698235
71533654
713552157
317217995
422268842
339691564
157291697
347050470
435126205
813735264
45876418
482922584
246187476
964253580
337335514
255498493
239483444
286052979
890342635
291460140
479897325
388422868
758156905
690605882
610591951
157307220
210583509
88563898
308968053
165311044
187636272
623114520
842813193
264171625
924118304
366873827
978656109
888233668
463727900
383202522
988390833
277178535
46130778
457405057
441710758
215737986
606506114
985309376
166137364
80513953
658585755
487413279
379250104
230357096
399982641
172306321
652595862
387511681
29093638
595192629
489960827
79453856
374248949
387952965
129324702
353847216
216582188
990148581
712148287
600624234
10767243
495163074
802002433
498097925
942274543
324436614
443715594
382747075
593630434
260901358
927509197
943623353
402412732
52670487
923436591
353597542
367115765
263735487
592349181
245981574
625681310
603485731
830408384
412851075
99031022
643064859
135322488
315215024
330055280
959016239
106894141
484253967
889774064
596228886
181860479
594178917
512996110
421492211
496885441
931489450
533572449
223950042
401567769
820288943
394068216
923125253
560851443
655522343
123981703
48701442
977946743
868722841
590363162
232818865
917609896
331368204
186681698
387595139
181215513
523873961
357874288
310720915
124444340
936976310
694131364
759968439
485251831
341870431
308485281
874401117
86268078
931364605
199355172
196659326
989436791
955904062
765871098
915728853
144745735
108487842
899988161
758842428
460047195
400837680
64587665
397659283
996082098
151191905
674842211
225472951
393608403
124183529
144863387
249197836
595365308
532896274
692888634
592598223
931931770
761208293
114071173
78321740
845920061
890388981
825496558
355624028
832131026
557220496
412031882
446568019
436605162
931350572
774998620
407237680
517583295
623625810
136254582
271757648
758001473
300519861
858216134
270787615
813307124
205830598
372328290
283550007
910726010
28098834
440977326
702239232
641617546
703044035
326910616
527584499
363932567
408444672
880173375
16618097
497603376
763503349
384167712
797300475
523068902
940704273
773591591
675772555
515119265
731800673
681919915
244645457
875555536
441862053
258498794
643290817
890980257
748775468
317132739
155038015
600121209
935264293
922761082
108869546
135644486
38488148
596177827
829514726
401305146
815180524
26688725
201107640
138491871
810959973
773923945
259895906
812329356
880930696
565990981
375614258
809141965
995860317
968752265
125240583
52872198
519736467
260849574
459193589
162034554
536454336
379070896
338336905
715971060
966340299
34529083
514999042
583506336
785513166
529630321
142785509
791350513
556217510
929888169
580567672
484866604
847769950
992884219
112718052
259493284
980836429
140686453
160687957
590650622
876030526
292960395
177860577
764999175
116533423
683678276
49431832
879726955
847233187
485015492
824561513
833308535
173548949
659270880
817424443
161144129
114982989
723933846
886170500
53699417
587252856
366091713
832113052
173134549
468582277
419497186
17783612
393766761
653596552
580080120
163831767
268390865
534640465
17661950
486112076
580533349
361788346
909205606
9106842
548583535
367399624
90032469
603514045
641369278
158564339
813453370
615898672
668544522
554527555
316142514
12125253
618116415
841241193
128696434
834206003
945765618
931683149
728894246
630631253
930086091
130389647
490043141
291884766
917751875
547277283
648048047
478388781
162622022
810790623
427805634
56483732
311179803
733166486
818861967
438314176
447399472
594226696
440648971
201387685
600421620
492744546
445076214
163384046
595674331
902806614
850835770
501274307
138521057
80028097
488534190
589159529
218163372
286653412
41304772
100335243
582553303
50944718
565305408
495576880
730146249
92582660
881193720
19231180
689139408
769244362
997624622
813584862
531929917
932187814
745692137
787536729
173028238
295596704
913075810
920886574
776446481
561961597
159093817
464440721
692683244
65645736
327170944
577816263
307796376
588626697
411194925
113075884
554525268
953186208
984185252
108195994
409559859
517080230
95382141
979509525
405033671
764018999
379917450
413174984
304401818
77183712
211268558
36710644
466201007
969542677
786224351
145894181
477919994
657461117
945363610
91514174
381812168
519438561
193750259
867250603
462306056
237815290
690758785
671565174
77435511
184257227
444384124
415984657
527320117
249415926
606184617
169651281
528417297
770978423
818479709
168128954
202756937
207613227
222127168
293352767
492669451
90459484
797285722
57200777
876188292
303926860
966775639
275731400
524334622
503745217
539207921
617451973
460236492
230231572
193787368
653645873
99363495
393856363
994200988
669746151
762310129
283065013
322562781
317169777
882371873
580670831
385279904
558072977
72191062
701714402
639593456
251023043
877300642
908969759
64486809
14007214
101023499
117181920
308697284
907800999
510921874
643224370
229741285
609934821
64744672
450491324
635549039
285992410
864846860
89339042
932339139
266137756
892833375
731901529
802994298
569422429
294305993
930891847
86571359
158877145
886234993
323720351
150967500
663880906
227183309
965084155
432531951
135681788
722859421
376756497
276154808
130318723
715106655
977392799
298591819
586185858
763765556
743378814
280370745
303520969
839606367
645247576
653916545
209730890
557557926
122595498
965853523
524952292
833399165
253188963
324673400
795812355
377051335
734837617
315861460
941393734
466682982
210405501
204290750
792679327
81467978
195525200
814223587
912535160
703911899
390351812
908193254
112255322
965700914
992114168
913671199
724934047
299681339
828253267
756328181
713711190
934018566
596879536
478942490
181336852
894246360
881181985
73870149
44735181
463052847
272416703
574966713
275748984
442705642
423690306
19409692
692915738
593377518
813033173
225147910
848704654
839637695
561729392
641834111
72932936
705981397
464474792
27450796
815530297
437858478
933967771
464540010
897486677
259871998
128784154
219257300
954478658
311884913
861139976
85946561
929304268
650237057
252633500
472148149
910866931
92323527
902329852
348001611
447711993
153801127
80789184
278205755
654420910
80480757
600002287
381900892
234701936
596750599
588049795
171589845
697274996
260806622
54084959
141286904
701115721
942807076
190973845
96007906
192845603
49107195
773756937
291026144
743980785
690208909
147856940
651627959
499780195
843140667
128295448
410995721
280267853
873961375
111242870
234735490
710086421
543580963
560583430
275376241
193886255
334643949
867517696
230696971
233869352
103090130
720553265
703950643
817488322
731572822
1257552
460794137
404806790
820422794
220072728
179666360
70973479
389240171
793936409
996542018
621206022
899279488
409378575
824877029
244614445
225045831
328940997
716318751
65291827
192513165
608881845
974447140
757318516
888008080
102352082
60400868
858710560
134959256
465468362
261051926
301071562
749666949
494515121
930643804
433864495
963150339
408284359
842394481
754581560
45773720
209454937
836135288
610737491
942609530
137981702
872066072
925122445
78658550
548664322
269700225
567869284
717746388
68634597
495143849
232588513
884168162
91942960
148497309
403664900
766455120
419892502
392363567
568238008
393465733
638103941
500021093
529404930
53415300
952439763
261423531
895943809
480198979
121779565
24116906
881420149
481599251
374730325
352291012
177188715
22085981
848443265
126932167
324140536
461874908
978599016
908928495
969313726
730387788
42061292
323048537
938748782
255520060
478635182
809032486
254747572
191133914
144463698
148718254
793603885
86900531
876358123
136836068
146752040
355609451
860964158
710039954
653278706
414277538
579150540
26655993
836220839
229952717
72778874
662835186
500980885
313930590
860835388
737803681
967886495
854659893
38399810
972574160
81541150
257084841
528151721
170812000
700915032
546885804
674525493
475726845
26795235
65843969
628244237
676759417
216953992
212506337
431134440
341840813
764731657
457972555
942814825
711650145
817005841
840456742
255407204
102330962
298975342
314655537
123887412
458297068
903036262
263653742
200697806
934462516
442389681
783999701
582606743
457080929
22903236
842418298
680850375
648139673
336074341
942375582
148684221
950018626
933765537
936979825
751303569
961137208
301154791
847931332
173646310
45409659
392215464
378829677
409302555
155549857
506647062
768934509
208634531
621781225
449356687
44316174
482952702
782738244
971075345
668339501
958047426
805769482
829670073
79732888
958068606
562249565
211257160
126386073
56432590
401603029
740816526
868013316
482417723
59939516
733754607
329576022
115414154
814074831
813388898
549566640
232362060
524541598
84449699
823318237
568639165
354087706
78044627
96748208
832749797
905038171
69624591
526508560
516972503
281010112
908609918
479887705
987796847
453597257
71704622
932241508
54819735
194390982
925840220
850284118
347087093
693006141
773267677
347898036
309630497
995898273
348589305
901223044
67204619
748728059
70261419
65099970
997645150
538416703
100661355
141018688
961870180
528952830
911504183
924706686
580252238
375928484
692996738
747082814
362394140
912079508
628963019
988030908
180919344
971875738
464154879
770971895
730943977
739855890
941218084
877920161
833791200
381147694
765425208
682841690
241845151
110693138
179422037
676470727
966388754
553662857
262426831
185690169
707093326
775632623
930625126
94221213
936451756
64070234
246735835
97721337
761656761
748026989
268998580
300730077
803430043
960395529
594478986
95551906
751057637
570185530
538904480
686917416
312792087
780984204
804431536
856267919
668956352
616337163
170389616
349690134
100396308
753117853
43459136
802863715
875128062
18158859
359181828
158329139
840090019
78317301
184240665
173070663
490235045
782171363
334631416
159914676
398686927
308579324
218564233
921362124
872229171
717657915
333767759
809957469
17152140
489388368
802092800
428191484
338209059
495968671
941799178
966423565
535584064
456349982
545987797
708450595
328017281
71307903
1679773
491871034
324019924
31518490
393474345
842052405
477126003
330481483
242510051
155429720
316147162
491835871
106310049
254284157
512364783
520908216
129010235
434697107
759869082
452188788
755963074
885374155
288982037
64889685
993820829
54096019
459245097
380276043
912478384
534887054
370691709
282420707
786818664
307658454
576459390
401253520
378634025
997060874
54280623
827017265
283870177
970737927
585678029
326308248
391678499
297752169
859023091
901492577
67247337
914373504
60126692
498562945
610240314
257207303
830513964
622568008
377860157
52011525
332540079
824108592
527201987
826561985
65510908
751943707
731300882
609236870
376085411
355270988
641704050
199632660
563119893
301034960
539884929
458293261
99763189
418012896
79276013
773320689
831593320
377974008
601351496
361486275
334157924
425634718
837421140
18221674
581026714
928156675
106795879
502609863
949608544
318646225
195010832
742636862
138356785
168777471
473297079
205096613
114234904
935764866
68659736
616527210
122246078
80716210
913105666
601757720
123344108
567826196
617872846
956145945
620015967
455655598
195865448
130437413
183962904
78158371
30573045
272764415
606644531
581898852
754549383
436795480
149823781
159453603
168795400
244432786
156224454
823901076
460861407
850327130
442960628
736338963
381089665
739878520
452132392
937304726
828107274
143005139
46288718
690223927
928626491
939946092
123209989
360974797
741715783
762969956
234247976
52292305
755235707
925889209
688042142
496303560
651834723
323107817
901280118
162769120
349275678
68741011
536608654
478886242
335087495
567576870
77841271
531215690
41937544
92013297
718749936
816445284
230828782
365820578
956864612
951370107
780389637
47534981
692805817
876253954
609388546
675115340
272288638
452830888
842634170
12833381
13155284
869178217
798678114
41536706
508005317
419869778
926640661
886617850
703516020
756646381
893266156
49501902
805627541
978533867
299551606
39692875
885812840
777045841
281658330
249895669
984336327
263272598
178717609
565110578
928018094
211229602
840877279
270547269
651581651
194774704
876291444
535899996
961104541
129838224
590659867
926261040
569478997
192816788
707837607
17990254
973603827
101057074
181598138
618744638
222891508
782358265
694208622
274306067
44065478
597014750
174591285
85785304
830661915
68950175
391906483
77978680
778764505
60952612
386350564
795544391
437051950
283705991
736218318
522035818
201978081
575004156
286507090
170992727
895749258
798565560
890776
