868873071
876411246
786271581
345502160
598814862
261608395
648745918
472277356
193161113
732194181
57276716
121463889
605386224
877004010
776555722
763230033
935946267
553624715
171821015
198458636
40077411
533356914
434080661
97420714
289649758
952148837
820839077
839362172
496907729
469238957
176096882
426182752
295039739
518562579
335618503
785408344
380157340
118340750
604264135
660167264
594075007
153745905
338568820
51030821
342107688
492632726
534898145
617876050
633799798
917470473
560852501
365794873
162653728
191957276
903447446
220614707
874518950
606625582
908478315
594569060
433952732
380680141
141489595
216706686
495398107
852564077
202588878
643163205
669837087
464180449
38159390
966404602
216116333
844921067
538800011
879812689
422741381
661381901
988675162
109543487
544095409
12542475
623052980
82265051
848372981
982725302
819445176
729697527
531608171
465259724
284880814
132073332
976531450
620432472
463947749
367489157
600590289
858537961
242454409
849573838
690219355
599639453
974438069
566302310
152991629
793169473
310441110
830199881
808499727
339411847
530515463
665345828
229468105
389381876
687136414
569888421
369724195
949075063
563210211
428430044
272459300
203561051
214097774
14571971
504018997
504052052
969606053
444314794
544048814
787631693
332724743
548556471
865902481
765498291
207873910
222052192
557846505
373928591
124642981
517893574
477148796
79721117
176908265
469223166
431925023
879850791
584065472
43786050
450841551
852788618
632604322
200714612
499904376
641573566
620322779
922592898
211161554
187476459
334519059
857127735
279162881
88874363
104801992
549860575
426612455
827674861
415778608
321963274
770003641
698086473
705413879
226172207
574862252
642260623
255335701
443459117
172670869
920774800
532731221
784585933
958790246
767215775
654289950
577172175
775214926
148614707
987989690
638297492
804914747
256691847
752889408
405576369
314185932
263671228
770683233
339823817
871777734
913154597
838831369
106884776
146597257
357172311
557704446
980220134
685878599
660937228
745214967
176267357
789103855
756447826
21246765
80794135
489506068
787923489
417477547
470579639
844748006
802109137
470990355
273542614
478990277
111455571
157947612
337881633
486942976
243318315
101558443
239441626
465954456
942081711
849850835
896884648
634011354
664844795
872414828
692601024
190696855
811574327
712181931
709604709
314152001
743941044
765306638
417334575
927618785
409970566
118729334
886558802
934217557
202344865
655934147
880381407
380869583
566864126
715416230
310082368
686179668
889451480
278965435
8883820
948394069
595111419
880643781
347130396
515858717
669005137
725581654
107909209
848948723
33814128
344087458
597179241
358183402
195472081
698209339
420243893
866613821
424819696
314019100
283248826
397387518
477064129
709166629
38015552
256255317
192648501
758273515
983645828
91029430
255411472
965288383
202456269
761544091
729438881
693435530
238482310
980556826
687850241
810648977
453443440
164117231
898047763
738462685
287417402
360090004
852431228
680708070
412397334
204303884
51223825
603205151
184544640
782888026
835840266
376717836
844283782
824759742
825711049
119687473
254166640
74689506
882434369
82126437
301220781
98312918
955121982
514898883
767870440
800263395
334517937
227381067
326464829
72703761
529564856
930527110
848051062
851629671
350979091
686403718
581803300
549193084
504937562
456035695
234291789
16188830
321445319
932222147
328533565
859751440
666651255
340412638
755066272
172729712
600436746
490153334
166372127
8040338
657119509
18928708
329342291
242372342
465489159
13503901
530131203
235298792
587427195
439084493
878161872
134560300
995108217
718328551
854725755
426850320
298241495
94678646
567116705
460942605
782898888
902557278
156426154
475305714
834018632
293899123
559281600
91461829
617034833
982779458
180638085
382886269
359261812
616366615
407923469
231089648
675468147
430100456
137067079
513240108
399041002
452175866
857047812
466768115
975733387
560153645
645396262
333337009
391432663
938687536
821349598
996256696
486668063
541511069
905622112
389247454
55330056
138132806
853995284
321477814
800569436
363834463
951595284
343779083
927377862
96910101
466498733
396530457
912440139
852840896
780282522
354137318
712662364
337432182
419233054
38404980
969205259
719942284
731991911
809572907
182094518
967154491
596708331
669300794
187271003
963971836
189469984
966932573
822935380
247148658
340683754
497006445
785708292
155809530
942896129
892783639
223678729
917345277
451498917
249727286
575332172
284652513
109213496
823509319
533580959
174142969
132279542
217904770
322010904
196395927
165568794
253054116
481263015
379968954
55605813
285451781
797947876
409956058
170755164
821235129
849247959
686576163
304810608
364235650
24888720
1708524
811029412
266197862
634522297
436119126
669389941
489305487
892240277
676030797
588741038
101418680
867284102
935627585
260509190
445876012
342084586
613066357
760911992
62426819
943966118
239877676
377296596
948225524
495147011
347127245
776068048
345553424
738271967
350036775
142613787
552055923
627365846
750978898
633459250
646627728
791443014
91029595
911881743
278278385
266549759
200013415
630231232
311002883
350713871
228120711
368497095
451742417
525191158
67471232
990930973
303888484
269226577
536708942
382126843
94287997
796931517
710885570
378322479
585414398
401308532
87091230
364939273
724446823
129004611
118931019
564444263
479222492
62288347
788425658
839900792
695009133
431068979
26793890
213435100
819633109
25925991
567289940
135691769
759837469
231696261
676924353
724524794
389837557
930448977
117241336
737890432
640487259
545344498
174345669
127939165
764427058
699050
365426821
375111748
302844685
940188094
947466231
226227826
683850606
819652059
264420766
387373789
648254057
288653781
386761923
667936231
675491755
889045114
522408386
149779150
404410902
543793527
297225337
511677044
205830127
517417218
427418176
665077363
307384743
636108147
834150184
274703683
527638259
886559591
290486598
637454098
33222455
790586378
165932840
16978535
239314100
73747524
763493328
819351923
959428214
539198185
826663210
850876866
237359051
561299292
291161027
628445785
977644519
834659573
30660025
788927853
826937086
876134896
128649036
496225377
454577862
380924994
404618977
114163414
592329827
246241691
401252553
94901397
647538164
353467696
222407332
460671159
821195487
648215193
825073684
44807035
365513972
869116692
136261893
898175494
80247277
949856484
777396828
678475916
35034515
54481315
313265591
434775200
897268121
39771601
871661839
643513555
247299212
859964550
626873971
505962723
546451146
193126727
404937955
323306980
559433092
583409535
448864585
313638068
157059442
496655676
584212902
207901103
299161373
40752490
103421883
883691545
315642655
628147968
106398255
32630336
887207672
311083406
653607857
181006149
976318607
263723349
580705901
281756316
64252268
140379578
478688471
70445266
481025246
16101832
688837165
422065635
651624909
318177994
259493436
230460163
18210662
693131532
971796108
245884159
693852360
727596982
758551454
749284849
196232461
202872377
922652899
433972144
824992643
491955133
42472012
97093738
488791149
584972764
503455816
902893816
657432660
859427657
65469491
524131245
453134311
858733963
209469851
264465054
471572292
798913256
220163656
576802276
760181888
658740378
958688785
183038987
169673625
747767451
774777616
636362246
775753911
626223803
664584292
756485070
234987398
685257393
980622094
137930273
968027958
192071013
191240327
202696830
362078099
768803350
285568990
435850049
895608134
166956123
145970956
748836230
385327498
359598706
484978374
614427778
127795643
443832970
348791427
120715132
852326253
686357253
738109722
147635446
896570646
188048287
162721813
307413204
14644311
483753183
604296028
737184619
619141235
245037433
661988083
697635251
238110446
600804479
815487901
117233384
935466492
200165630
973604790
278069608
655983465
513712781
567988293
87285181
539324883
197834757
840859354
380329876
323220946
534115483
626032694
793599039
130949315
537679231
5437764
189527356
643572667
392577875
529463177
788111951
26195230
562715400
153711818
99804150
294013016
564035936
283349815
293791499
894393890
582633678
92179269
432226750
990627821
703491250
874696897
978792814
600703878
716123595
328971723
127496236
106847475
799869802
163704807
732785448
474361238
723745770
838549266
247751581
795981478
169942945
267573172
865129946
807194511
441544248
974087550
943180166
496979715
478251919
677189188
466569676
815876596
388291519
146717240
379777012
768233807
211562901
929285993
8066356
657340530
310348003
623242100
340574751
723642997
149707594
363737393
368965101
527460670
349612758
425265489
346864722
674258700
145257362
664033444
978213719
884936498
444343144
30898021
479406427
343251078
954442180
523098196
413521652
247177540
460879557
122684714
174150010
601371805
484898965
306934314
915333929
936628212
424596035
528590003
537729358
418183369
315174388
365109491
476190104
598815412
833804717
468000954
648672673
799079578
630948482
608222346
665178597
597089898
858117052
526797680
973000665
572893842
612754578
78570810
854340931
545606807
615441899
464014392
719266939
898827395
883517020
24579145
136302294
877200834
948568909
379234113
483930669
368683489
932104204
911578425
230113147
997981049
562548914
313322193
516839917
947284055
172705661
448951887
344161443
194837322
449757766
501688581
46841028
955586470
674392685
385931846
327401386
323608779
700167929
723677567
802802125
377924006
341039586
833729717
364251047
931704057
702372201
6790517
490511188
809484093
41894127
200033063
973000696
30978898
428212385
693419033
909673468
21919495
382982382
905524236
872455448
878117356
188828042
736228325
286145226
960130849
181212404
6914000
154375278
785457076
248961857
888558280
398761605
193160277
184151248
831588323
57319616
39073196
767803084
896121149
780117928
535373520
727938707
937019515
986693792
97831428
403108025
767612697
153152724
270993609
902412243
563065811
717731228
800793524
151761881
827466128
314337456
342747196
979658270
938524489
514980550
635516673
990766817
366888725
719381745
131584233
609312738
525956372
453938960
202672610
485644710
442511577
758668885
841633587
618538678
665546181
305373753
553544085
156980545
847015491
703037218
374052271
808328914
319430855
818997094
121245621
945412232
553345202
757979815
384833503
956781488
815801870
874286250
611190663
109935888
287884627
933312675
238409514
734961920
323708265
176743402
981427063
481247058
279004632
71931288
510979706
391843233
572424176
882096456
937993185
245102349
587457901
867239844
936602177
292541047
52257723
380495518
475835966
295004692
340345234
647587703
297465321
383667586
802164909
684790356
888917589
39173419
966534906
606114584
284010004
151883034
79231972
853068268
397005493
778673415
524084869
67525715
596316512
723408233
343221384
477403513
551553427
553383449
543168638
776135492
724656586
679891964
831900565
985351012
751158728
15208116
164951354
764071524
398837170
550248603
436467164
269341893
35929890
543225629
224558792
361627379
194358187
569921985
823736311
344211406
937411230
951159895
825286978
134032932
330320897
187556632
415887050
26931725
114124097
700930744
50844357
568705395
763404421
293530284
233856389
840479848
191242677
643502944
424285803
2369958
95467271
395491426
8655639
503436774
691718339
949101565
558079493
161984852
657813266
53433873
602030453
402511831
202338965
846545459
261217455
133729826
689474211
298089322
944631936
132471524
449978675
813345238
47913870
929710357
358006799
629122252
107752449
952646872
452887589
622176421
725809160
686688911
424007442
984306719
348772031
181914214
914268878
267705544
831380490
149416418
894199765
50551176
673893095
743802337
328205325
166506471
655525043
974305392
308450717
219493675
187686792
572168879
30551773
894212133
169797959
298922190
865189971
950481792
315061751
64471243
117967459
489812070
146152703
160796252
423059343
227162673
46878200
780655753
484781405
298949839
259448292
751810037
695645536
555268470
257995928
550948542
190257602
427255041
551778563
629798836
342252139
706938678
279885691
216749927
223945348
751875125
101872575
149648322
220035399
398103554
614323641
343225369
871519323
835643873
728051115
695250051
447484891
693075714
179224042
52246528
148137050
357647774
925401937
88959879
13470935
248989136
803776173
464499888
820574974
191448758
914517753
411569896
641660096
859848349
365698269
542583741
184381275
773460907
145013160
876015631
429232367
505851154
962525025
933126070
214666504
548769315
870183303
129452664
347850224
838254164
515387037
523736268
931809125
65986250
302972777
34866052
986351426
413984943
719746313
754209435
144158392
194828766
870444284
553855264
803948122
615213098
878038686
185648849
613699485
34748522
285307267
810312317
416781451
366618780
390273758
889615509
242522385
7443604
592361975
595276992
860277759
257254697
130185696
934914119
297595939
881004104
272974574
679658150
11135410
49535547
793486153
14578949
7989604
230061153
438934348
21816565
301965966
981974625
246375223
329903785
205097434
672423158
216529558
593029735
538660060
785949603
795435474
357705524
186046805
892688461
731310443
443153256
693043279
360540352
981689841
951723649
937319173
953425991
222696186
805849447
789283426
9680966
184555701
758485270
221011003
738448757
715104399
328689147
565019743
146465478
603764035
995937315
277164695
394293699
643179350
193468852
236599459
676903004
525542840
739110214
84177634
31770586
633829832
662323320
263441600
547586588
98834288
535706812
269526154
918005003
139357612
983754182
474772470
659128813
917475825
173518558
499805467
441194136
48369367
883640034
991808469
321151508
508456609
48060722
546815264
631440225
864921909
957830733
186884360
229178942
429453314
310555436
524207204
409476827
379077345
660225811
822642690
322698799
262949343
590612056
866519859
308877586
941266025
153020527
261440472
357970665
845261700
641606287
539042773
641026215
502194460
333210426
81067106
289493975
175074596
442669682
356433847
170579944
433713306
880908772
247162953
487247758
78355524
527393900
673538044
517698800
75960765
28873619
585899627
13216493
792730763
204306129
123027436
671460470
293924973
173040463
922268174
485556648
587777475
996729688
646667701
390246889
432655260
196848932
128477182
885508621
789863770
230107183
971758846
138793843
51537840
612210186
53459726
686865874
718435066
80653901
491099733
989373735
881337038
556715057
216679588
752041853
839548466
436064890
608330247
154349152
348947009
431395405
249375100
537473422
683941238
232845012
863739146
953408288
528348636
784868603
246267124
949821647
362969491
907051488
803800264
400914522
915034798
750531639
319262445
865824354
864109726
20295905
213234299
628744862
119136342
393966876
732724192
42545524
298156453
380963190
381195174
712615585
743790009
620871363
374167746
497054060
919395127
368213096
753386954
69010015
363317233
936493152
788583391
380640759
928836194
802319414
732414409
617201356
245405415
590124017
112381123
888261775
326340440
964167686
920384032
110505857
387819353
130513464
162049454
46577446
782197131
258358544
604541939
397846276
110953306
374544278
280182162
884582347
698228644
43264264
75594355
913495678
576917
848015150
715256224
892597580
910495011
468825205
675686179
165816731
831709784
754656300
194184390
601442397
964419864
366638627
16331437
699332687
451347371
917285557
756861584
700722178
929987201
321098246
794029899
984744775
907146429
296550217
87994725
813992353
763082124
287496990
27052256
466272917
287871771
971094469
245929591
301664712
925268182
733966622
936351987
427509386
601776632
926014390
283468664
299286182
266103810
858974588
402833091
277950962
572943874
614577558
173527214
733399238
582398176
76925757
957242423
542785287
896818531
498582447
362167296
376440529
728246348
543013575
745272487
953484609
143305753
990344377
26358089
789683677
365597938
493134506
92545716
91639984
175481600
115564377
469559018
814154510
392398349
859397198
975708
581570441
667838603
783346131
856395535
631761386
663010744
234708265
686150021
549628369
113623244
154888782
677293493
744731042
854662369
539807727
432643815
572367163
624203019
945561764
818493660
19065272
792463210
73958043
120644120
860282677
415868643
288456139
991735843
314293013
356217857
648426508
435853605
817788435
259070322
504887594
354365006
406588756
317464801
572791350
219582209
352103124
876680063
298086602
825012950
494457351
832117221
79394664
271449083
200443524
178450101
788655474
378936521
631893389
938849724
661497355
507800607
996435369
606523404
577339796
953418571
848268635
473771134
392348318
519275127
33063280
30751635
568687930
211324455
584336050
770993090
226753107
108456583
205658967
117607914
12765436
98308322
635854462
636639353
202086073
650759002
823852312
259482226
667601238
485868391
539285676
988265815
20590798
339593700
618111335
24179931
352193706
257983260
50006728
692571001
256610093
41685815
189699760
976544250
696238051
771597981
93561451
777613790
545447649
312333784
159170466
644995082
805037680
150045597
825997597
452534589
107656258
893198081
105353038
216033379
540121891
121883148
882141077
986539171
415565527
243248711
565402453
797505013
215850825
983399056
495324247
221263530
126506972
122327250
605356152
702891593
733691325
37294211
297336686
954803574
731791099
508996650
255942801
263729288
860205596
383255117
648185497
290601219
516098377
271733917
374132219
103918446
145705051
52932579
85762025
545948930
667934426
60957294
405242722
188700272
41969399
886137488
168092029
95909795
334842931
247791459
56044341
865338740
952005503
685765009
327224913
239527523
737844814
350585113
74645260
642324967
475126587
87144430
735903020
193684247
630761259
638818715
338112549
861724613
95394086
943529282
912173326
686697145
288279052
761363985
681076459
994913366
961882948
337877230
66931923
786773445
212608841
420545755
351306757
655383263
108637843
765657205
632484093
96161995
989112518
737110619
165538963
997631075
78974471
346682873
648702997
316992436
350278016
679463253
755784083
901360222
889237428
356353731
596924373
669223136
706189123
610268957
330346815
827094143
219352952
372022114
642546522
42513124
306507692
917103859
664550371
85095482
243297826
760392225
365100107
317967228
902496208
770970016
602581230
447942382
565862495
308427189
113879812
631330332
621037179
687672013
85015356
193026655
260620666
960999130
759678239
628170224
393759206
687974994
546651785
907336869
3068026
643216963
922670121
798401474
352596211
971751792
263281527
463886410
163769437
276880758
605165095
267065457
852191980
853820221
463899365
680667751
767696520
78370267
309630549
589770281
798810103
201004294
800812564
74455860
70556099
114703984
202358967
826972954
895151602
478176101
109683758
341800690
184186976
665062002
262160213
177465104
614504776
803622532
14007808
399980136
137639034
587736072
817177276
997742110
933373499
923921767
942025958
681904440
694221792
17400524
712909008
964445105
345422706
17586942
862719063
878353952
158595859
795738276
56504027
27852420
6950156
734227552
140263492
582093078
81972876
196700297
505968113
589445087
23513431
988653170
797860104
786625195
210182970
983294766
652753120
397635243
884443768
353155091
506656827
464150489
911342910
169026227
806247753
549219849
399308475
786136588
174324103
149447375
507347739
120162825
38168327
35827077
677550820
927137677
974367813
167073793
57670200
38620238
484083877
569753935
773946518
507150645
499416534
98425992
595179919
138080625
195360996
373205679
405121356
936508423
366284228
377225021
447043381
348163227
929017777
70037897
601683554
761130305
939116764
841740730
209236102
843203457
765892609
432641267
234533273
69942645
605083241
746763447
47421116
352958570
878781561
377218031
636440923
209581742
633873243
938459426
112344834
195673614
236512038
193163817
883336647
817164855
196826754
410063623
526481414
37753149
113341795
211866720
215520031
246122709
178670958
538411048
359938236
982022482
222648165
913513764
900378874
874581608
827504687
819010110
286268655
425741720
308870563
606497112
40549712
242725403
19510403
351087585
287922316
859271596
26044235
689910809
451339832
373314067
696223559
664106876
643417419
556602571
316232823
386823011
186987849
921473531
21671475
414217142
222183854
26293343
895992015
369049082
122716347
619233754
676348681
788794513
269155790
406200759
187459037
138243860
813360730
109756608
143572407
552807331
770427773
532826953
792735119
691318267
642367916
307219185
235811395
970494826
381906422
669436356
931859052
70564281
737234320
461992496
47333505
276038330
648165108
324153159
369279192
905938143
883397156
904444925
630666526
329899061
407499755
19282730
197288965
389848090
240012914
240258145
651160524
679444024
69569899
467516041
51363600
86760376
293712587
586221709
309791070
152201573
85679067
389134930
337719029
552976991
85756577
494563329
859331716
753758963
201071206
584879854
146686122
48160734
684269676
286108713
237372582
621880077
634044133
566799461
976521915
340669243
711324644
160436461
477676243
807606029
586543481
22370207
494542511
706854986
30121091
374570127
703766204
562208210
644015865
699528080
988634126
407033719
245383333
433762424
398959315
880362182
437323771
20585021
636823202
240337455
806335289
288678602
424074805
210817880
408023808
248282817
641096464
915365387
933650034
804275952
691949996
24986156
242014399
180193
533618989
44085999
910791925
668492308
364635517
113290962
108842776
878003315
851104843
248304250
200935890
241537136
877086755
292518233
194754252
749602864
333482998
146061870
465646440
404471474
860802934
577628430
601644246
210176713
360192107
862073243
663124733
181468678
604978488
426525626
807980963
683630667
940636937
846756971
861244705
179647757
282321345
688956126
824107159
213430563
48344850
852266606
143549691
425331113
757483381
965100288
855418181
776942684
253301728
213426622
190141764
894084660
551615416
486470593
61147276
813993077
648763843
88849718
926728203
650541808
764012279
827470996
533513050
132640283
866314692
286713154
548389212
662957042
906850770
156224958
663748088
518187957
803462940
996023967
514867774
541291606
529511950
81298592
912590713
959094087
673209019
609695878
143004793
930748927
239948028
221837451
454254510
155888829
875406328
709548016
977754488
654448016
714857454
454278597
63112098
625446110
59176622
663701208
649780116
563687545
542827198
834985334
644762483
137190783
904916752
364556999
232445079
132214672
509606319
380318979
860786476
4073230
728828362
231584701
594792013
775439227
708898390
677857186
822628353
355803129
29413191
523388568
552241119
835248513
633253499
40318806
164063204
937037995
343617595
508059468
247199170
882018665
426141931
899979999
900303546
43131189
840461141
880009247
88107673
717696981
474125363
837101557
953832884
219772453
58808442
442009240
39938205
731743790
433392324
83519583
395970285
486050719
733549112
331426397
513390051
589202344
663189057
492345027
601152992
646315335
876281413
962422595
468464066
625734373
622301884
329778350
407274463
287096389
194874158
178754612
756221448
746101980
699722262
737006872
345126136
666618623
362952299
434201653
179241321
931920818
904912107
813631764
615263242
714548850
833875208
637634588
546571039
821368933
946884804
502405178
798600780
76901866
748116677
772760220
943641859
648208053
641597871
281381501
476433083
265856850
797078119
802730941
51721439
407082176
791259828
241264346
385296693
241362348
636008838
768444250
732589628
789462461
561437797
201900884
379295338
530796204
936666674
1406853
48710989
508254790
807820094
259960613
919024165
868684442
742734704
653398566
130977388
939248701
41819977
440022088
82412469
808326814
684679214
456601443
202047480
675405798
407852419
785547774
894015180
253863642
56093157
336288559
576095853
393952615
94974062
286852508
761384562
756028440
950808535
230967587
757997048
14129575
943115732
789666763
768573448
623719159
35312266
839190447
134318197
321022486
346463339
825876851
355788984
827204228
500831857
115078965
944360786
826795827
72803958
584241264
19298108
66106887
218181462
646019897
906916482
619585843
178066636
143078447
670241891
778634797
379975951
9723302
751533125
285486350
225316348
868275378
889914294
237497045
824429107
379334327
815341674
186780983
598287164
612503887
96135330
235363502
686043800
111103067
54002447
877069233
791209939
791193393
360726974
151790893
103640915
181356356
824254010
203437543
516736781
983307099
132762716
124711017
673633759
651535842
660729822
586809249
722118158
886127167
283153287
559426047
68145434
547353532
670312985
98895308
845494836
353151474
202921043
823083258
2511166
2595817
921499951
13743119
299173196
262235670
479881459
367386167
114938790
345473207
286099042
690052298
307699959
227180407
337714480
721040971
217799168
904140853
638944459
959770844
168793196
241731618
148809349
368055663
173348402
380861619
976678506
654516267
131634658
895001948
123543745
969590984
709426953
174099766
769401100
957555197
604634290
629127032
116592739
215747940
280751856
833950488
245719104
831702304
911859913
304262282
988479174
543248186
83176155
891199455
850990299
639410181
727049209
517776344
389561954
708701517
719009139
27132240
456829886
231741527
716907050
873321541
936898470
173768766
373553884
588483001
501816401
186406373
745119548
310186763
644077827
985684760
774353520
979635159
27903972
3727662
509445296
684362987
604824426
932968816
169549652
20844734
371559892
538292451
105665934
767887091
333335847
57103473
339418825
503177774
424809996
531334331
569990180
724964921
945004288
892543293
367015568
682565688
197512186
906305859
401740956
549694444
998181357
469159653
488028039
22614222
453411754
951351352
449561960
176903324
213195668
113116080
531155299
742398852
117775167
318364613
274303569
720806249
950203923
485693909
858469716
985781733
584492649
822978799
633289244
759736343
151062596
835331839
11400609
343425417
591806543
307892367
354551343
118128405
285807601
393366050
720675180
827215271
40434874
542989962
754622584
900180525
544530404
231076918
142455982
381718082
397617165
128148812
383317442
825793495
560656259
441997305
574224351
839005755
418336866
846540074
165306376
357023715
625971826
862484386
521601571
953115424
364868457
334564340
839726381
459642811
634431887
664335652
574183783
222085593
234966366
612261733
659208114
837155265
556494464
409234491
793937763
648039763
841636054
390625288
916037792
164397575
549241142
390210188
332295372
636656616
795042809
47387010
121237721
705255738
318609919
135480499
265255428
858562402
29727440
798149525
992432027
316898431
713351795
884367063
141060603
843883824
153508316
13245567
858373916
391178967
367862653
337132089
337160932
50538064
760172328
731389904
497669832
422686743
293680992
276309848
568742359
291385649
878331138
134362432
528515458
233166751
437569117
341397674
801351679
830565035
856146657
960878189
168283717
155994901
2498751
902161416
785352852
239752966
696134132
149176758
325390325
372050862
437727702
241393006
739221548
905618040
237086710
420809405
853436640
925730760
98328462
794579035
562694075
104529823
81186686
655045101
127983990
425785708
506162763
539279082
545751711
970509785
187662823
669683927
120774546
551068281
11000690
662536738
549643308
899689965
28746861
43738174
571358773
806150798
134189204
887543148
722896593
504495387
943172434
693697744
957142193
125342143
106753178
293054720
219453780
164039681
378661938
826326496
24143857
402110966
768005805
872390215
360106008
951490095
185978086
967044059
723433717
736422541
245950399
295051251
645033561
810245908
316425360
737202762
712228330
206869046
257456547
795539617
932507404
922150038
841917112
936973242
176517710
250153607
624023164
864177607
202983315
777822984
973091403
825299209
236956477
219429621
429403127
983752642
606012070
163746958
480824964
559539884
204370350
331461745
904855052
981980914
760624460
517284066
955971764
849725493
795862066
226493909
168290166
748883139
80488634
761232320
85163139
262255756
584170378
929309723
597240909
966342397
882432790
164027766
543914450
145170505
493450295
490371598
583221618
508102410
4911759
646617248
928917328
47761036
786710698
362431600
346040485
894607149
573375647
102135479
336736318
130019428
926801059
767074700
59282502
614324425
737625946
2697334
232005986
538867233
731663151
469968289
522287920
743025800
274401351
359725952
11400361
467409331
540820192
123321682
418131090
442055175
722183468
575557460
242885921
329308234
553383585
4486559
711175518
164770818
345118950
252075244
352781717
84906236
757398132
554926104
372871876
131553474
488606953
491978515
165935629
932632406
367975523
275837918
686657263
222148520
254304095
497341208
973128671
436487466
360690323
368217746
401309387
273695045
228084544
570424015
260708465
564444172
187787606
196552899
243700867
874638718
508438531
918010656
230286447
854743944
462668345
587963788
486059456
346100294
12889632
409160828
754082945
239119734
453927070
271661170
628132422
900053029
620562756
73505380
279786252
810821214
609126889
624231270
984651326
976604367
62443107
98665250
683991778
703670556
335052488
482173571
813022475
961659571
577171469
117528640
456667565
910783898
458898193
469314030
909413854
633727840
563684088
667822470
16888995
452719626
109210528
562167406
461138667
285050788
532478128
587387320
651168482
473185893
697179925
742771594
877137025
930720140
355593996
290854820
60019100
96806593
942537296
267980113
141633058
877975588
783400101
355070211
69891485
123671420
390191925
841351020
202371053
247182484
20950493
810428323
179079637
490225732
574940114
221341965
904648219
59461864
269006144
735078656
108898457
106994798
438205137
682074955
698945709
196900560
393400906
420218100
135755329
694220979
260978849
761438576
83250129
871533634
644070385
354934274
551389326
725589810
553408269
550724925
854302568
948360205
147707138
620865987
111739910
862320032
192203836
609340273
24079369
155473092
519302891
870758616
95198211
888346840
153056856
183160737
932350356
379105215
932876255
964816353
835083379
541275862
798416224
135045494
374923416
686263274
916317428
747612651
683627219
549144563
116208381
882931
429668230
640511699
102463468
334816301
627708178
171310629
957321580
254795273
15130622
415557703
636580356
247265199
68196919
559413599
792222299
639392700
93658049
443742045
510336190
756604139
417960991
894212195
187675032
411381283
895767823
195220776
541268811
896652316
836248879
682441428
679948363
798562144
875785713
548549134
250809513
160498760
297870669
333076910
441939792
906365040
997512055
350998787
855627657
745921986
688194776
779187057
918054241
841552752
256709643
823488177
88253890
661849484
238803228
539530223
121389800
345014689
84417933
254661402
482087481
738821290
844188591
22404799
489379098
876812846
106317875
371470116
737918356
45552606
209598002
881611786
445235896
107422337
973219367
18258737
132706013
449632843
383230759
281386535
453876658
644381225
54070990
970974309
110085030
948714126
224338906
482429680
487774400
195044689
491803246
693128561
50622032
727909255
662069440
449481310
965516628
962326406
65647914
956777959
481971627
287036481
233760424
293183690
261965498
847259625
29684794
14725136
26819112
394088159
137690029
550840537
945121099
639471983
586610612
316073014
567353324
786306673
739066979
162792340
946143774
360522377
415823772
319624493
686457576
119788718
528437103
790827359
80069742
979174953
90141030
147237812
490279151
457230526
855849355
365451561
389488865
712956837
587511141
737828510
868591513
195019435
802322224
485129846
827163597
359876883
660438273
249234603
393684148
147944456
97176553
435673933
780886132
557471953
403953409
750626062
888448305
505298834
828624848
763751537
743960892
408592465
570557092
593552457
940039098
662255662
381872421
985463237
972013333
59048606
690086590
256887008
981465064
448163554
770060831
675256707
796080362
990881274
317877315
315193094
959786289
381192364
906630225
261017637
91969948
892474244
529284223
371893060
996030023
22361376
452521875
246811959
239677690
670981562
810700834
198419000
496189143
124621324
438759844
460127536
679866845
940130543
702944656
847207799
527385295
518654593
210351815
309079430
389616163
294768744
979858857
965084465
746917210
463909709
874715276
378709863
247770146
449570107
828104905
996862225
689601596
326827790
113152914
657852241
681772549
364889149
964115307
344491868
995682037
174076037
211104745
747221877
521340765
65041511
873844620
86371834
473840012
162866192
899855851
51002269
612320379
156349665
824627548
361985176
131662753
873452629
132500152
644208630
717750543
918419371
820252326
433088801
942464587
378090159
972963924
506386417
688577632
427016783
473806524
759393790
488187620
936021760
372609811
188077967
538062436
192901626
58256353
489326778
881312688
125468147
849567226
776971629
457783188
621147357
71731162
481964329
760715668
877136202
2370097
988387713
158720675
432727132
428314447
807097260
403475934
121174881
719954788
899699443
408791515
390268910
310512473
779215888
233753335
55411265
911211112
564887970
393755120
898732605
449197814
970763757
102891678
469871926
492632487
548862949
539649554
671254167
920625701
533031811
939589169
533183651
947052820
852193297
546234096
284330461
