69827514551
69818263862
69829062032
69843548902
69871938060
69909442371
69976746462
70049674479
70128987590
70216457531
70321857770
70435668532
70633978866
70896730835
71166043862
71463663353
71767538685
72089616585
72412918921
72799989209
73187771138
73594245063
74001347019
74413428188
74857473007
75314712033
75811196848
76330309880
76887555338
77454630847
78044949298
78675256143
79346851739
80024657676
80820261574
81636682471
82455496097
83278592882
84113123876
84961048872
85810119481
86691360337
87576054151
88465682000
89386234795
90316966836
91248652688
92198481281
93170702803
94145122081
95134766712
