166758234557
165807500498
164858773654
163928071903
163009954385
162123339717
161268751596
160439345759
159622624760
158810655019
158006346046
157228631007
156454430575
155702907291
154955358716
154223487853
153493236813
152767223135
152068709609
151372196070
150680939779
150008053626
149336971090
148672666755
148035084515
147397864148
146791056585
146191929191
145657662084
145125088795
144607355238
144097187729
143613149834
143141535902
142704381780
142319313608
141941975582
141570409411
141210792920
140909670504
140608917292
140391054601
140184570484
140001445144
139820667061
139654628490
139539772487
139459341300
139393357818
139329735349
139287164087
