167910696965
166936638568
165978427490
165033645649
164095181932
163177280650
162263503269
161365153744
160518726283
159673655400
158837638976
158023986170
157224795100
156456643039
155736459222
155027622340
154379855825
153764749657
153162093897
152561121063
151961122476
151366951569
150792493569
150228263415
149671335086
149117786670
148572912447
148038749713
147520384497
147030031087
146545372563
146090738030
145643607901
145201080192
144768500538
144421667762
144121084250
143826450330
143539618346
143305224901
143103327366
142911476049
142722529153
142549338885
142385425602
142222865227
142112423119
142019710001
141958092598
141915423056
141884039256
