70596141195
70586554158
70594694383
70610129935
70630695197
70664572044
70747361906
70843170058
70975134386
71114117309
71259997335
71425031346
71609819895
71803250606
72114795822
72431859895
72789052376
73157959563
73535405701
73913552181
74298772516
74684790044
75143503996
75628204535
76113198180
76624346994
77136748529
77689882080
78248761569
78809394330
79393754700
79983426738
80575226803
81167252219
81766296268
82374389541
82988226820
83655104110
84356393189
85058169335
85782495713
86570648385
87360163911
88153194207
88965851059
89794571531
90702513585
91612238092
92577367615
93554326078
94540089007
