0
0
0
0
2179512
2179512
0
23926
0
2179512
11872
22734
0
25460
0
2179512
0
11968
0
28530
0
0
5435
0
2179512
0
12932
2179512
0
2179512
0
2179512
0
0
0
0
2179512
5887
0
0
0
0
2179512
2173745
2179512
11717
23151
0
2179512
2
0
0
2179512
2179512
0
0
0
30012
0
2179512
2176358
4
2176358
2176358
2176358
0
23802
7575
9972
0
2176358
24033
0
2917
2176358
2176358
2176358
2176358
0
0
0
0
0
2176358
0
2176358
0
0
0
2176358
0
2176358
0
15897
17889
0
2176358
0
15109
2176358
2176358
0
0
31202
2176358
0
0
0
0
20107
2176358
5752
0
0
0
0
17635
0
2176358
2176358
2176358
2176358
22832
2176358
2176358
2176358
2176358
0
2176358
0
7036
0
2176358
15560
2176358
0
2176358
11280
2176358
2176358
0
2176358
2176358
4
17208
2176358
0
2176358
0
2176358
15527
2176358
30997
2176358
4
0
0
2176358
2176358
0
2176358
0
2176358
2176358
2176358
0
6
0
11827
0
2176358
0
13969
2176358
2176358
13181
0
18615
25088
0
2176358
2176358
0
2176358
0
2176358
2176358
0
0
2176358
2176358
2176358
